[2024-01-28T10:49:44.675+0000] {processor.py:161} INFO - Started process (PID=76) to work on /home/airflow/.local/lib/python3.8/site-packages/airflow/example_dags/example_python_operator.py
[2024-01-28T10:49:44.678+0000] {processor.py:830} INFO - Processing file /home/airflow/.local/lib/python3.8/site-packages/airflow/example_dags/example_python_operator.py for tasks to queue
[2024-01-28T10:49:44.685+0000] {logging_mixin.py:188} INFO - [2024-01-28T10:49:44.685+0000] {dagbag.py:538} INFO - Filling up the DagBag from /home/airflow/.local/lib/python3.8/site-packages/airflow/example_dags/example_python_operator.py
[2024-01-28T10:49:44.705+0000] {processor.py:840} INFO - DAG(s) 'example_python_operator' retrieved from /home/airflow/.local/lib/python3.8/site-packages/airflow/example_dags/example_python_operator.py
[2024-01-28T10:49:44.874+0000] {logging_mixin.py:188} INFO - [2024-01-28T10:49:44.873+0000] {dag.py:3036} INFO - Sync 1 DAGs
[2024-01-28T10:49:44.894+0000] {logging_mixin.py:188} INFO - [2024-01-28T10:49:44.893+0000] {dag.py:3823} INFO - Setting next_dagrun for example_python_operator to None, run_after=None
[2024-01-28T10:49:44.920+0000] {processor.py:183} INFO - Processing /home/airflow/.local/lib/python3.8/site-packages/airflow/example_dags/example_python_operator.py took 0.253 seconds
[2024-01-28T10:50:40.867+0000] {processor.py:161} INFO - Started process (PID=149) to work on /home/airflow/.local/lib/python3.8/site-packages/airflow/example_dags/example_python_operator.py
[2024-01-28T10:50:40.869+0000] {processor.py:830} INFO - Processing file /home/airflow/.local/lib/python3.8/site-packages/airflow/example_dags/example_python_operator.py for tasks to queue
[2024-01-28T10:50:40.873+0000] {logging_mixin.py:188} INFO - [2024-01-28T10:50:40.873+0000] {dagbag.py:538} INFO - Filling up the DagBag from /home/airflow/.local/lib/python3.8/site-packages/airflow/example_dags/example_python_operator.py
[2024-01-28T10:50:40.893+0000] {processor.py:840} INFO - DAG(s) 'example_python_operator' retrieved from /home/airflow/.local/lib/python3.8/site-packages/airflow/example_dags/example_python_operator.py
[2024-01-28T10:50:40.950+0000] {logging_mixin.py:188} INFO - [2024-01-28T10:50:40.950+0000] {dag.py:3036} INFO - Sync 1 DAGs
[2024-01-28T10:50:40.972+0000] {logging_mixin.py:188} INFO - [2024-01-28T10:50:40.972+0000] {dag.py:3823} INFO - Setting next_dagrun for example_python_operator to None, run_after=None
[2024-01-28T10:50:41.013+0000] {processor.py:183} INFO - Processing /home/airflow/.local/lib/python3.8/site-packages/airflow/example_dags/example_python_operator.py took 0.152 seconds
[2024-01-28T10:51:12.045+0000] {processor.py:161} INFO - Started process (PID=206) to work on /home/airflow/.local/lib/python3.8/site-packages/airflow/example_dags/example_python_operator.py
[2024-01-28T10:51:12.053+0000] {processor.py:830} INFO - Processing file /home/airflow/.local/lib/python3.8/site-packages/airflow/example_dags/example_python_operator.py for tasks to queue
[2024-01-28T10:51:12.058+0000] {logging_mixin.py:188} INFO - [2024-01-28T10:51:12.058+0000] {dagbag.py:538} INFO - Filling up the DagBag from /home/airflow/.local/lib/python3.8/site-packages/airflow/example_dags/example_python_operator.py
[2024-01-28T10:51:12.151+0000] {processor.py:840} INFO - DAG(s) 'example_python_operator' retrieved from /home/airflow/.local/lib/python3.8/site-packages/airflow/example_dags/example_python_operator.py
[2024-01-28T10:51:12.216+0000] {logging_mixin.py:188} INFO - [2024-01-28T10:51:12.214+0000] {dag.py:3036} INFO - Sync 1 DAGs
[2024-01-28T10:51:12.248+0000] {logging_mixin.py:188} INFO - [2024-01-28T10:51:12.248+0000] {dag.py:3823} INFO - Setting next_dagrun for example_python_operator to None, run_after=None
[2024-01-28T10:51:12.277+0000] {processor.py:183} INFO - Processing /home/airflow/.local/lib/python3.8/site-packages/airflow/example_dags/example_python_operator.py took 0.248 seconds
[2024-01-28T10:51:43.412+0000] {processor.py:161} INFO - Started process (PID=261) to work on /home/airflow/.local/lib/python3.8/site-packages/airflow/example_dags/example_python_operator.py
[2024-01-28T10:51:43.439+0000] {processor.py:830} INFO - Processing file /home/airflow/.local/lib/python3.8/site-packages/airflow/example_dags/example_python_operator.py for tasks to queue
[2024-01-28T10:51:43.449+0000] {logging_mixin.py:188} INFO - [2024-01-28T10:51:43.448+0000] {dagbag.py:538} INFO - Filling up the DagBag from /home/airflow/.local/lib/python3.8/site-packages/airflow/example_dags/example_python_operator.py
[2024-01-28T10:51:43.516+0000] {processor.py:840} INFO - DAG(s) 'example_python_operator' retrieved from /home/airflow/.local/lib/python3.8/site-packages/airflow/example_dags/example_python_operator.py
[2024-01-28T10:51:43.861+0000] {logging_mixin.py:188} INFO - [2024-01-28T10:51:43.860+0000] {dag.py:3036} INFO - Sync 1 DAGs
[2024-01-28T10:51:43.934+0000] {logging_mixin.py:188} INFO - [2024-01-28T10:51:43.934+0000] {dag.py:3823} INFO - Setting next_dagrun for example_python_operator to None, run_after=None
[2024-01-28T10:51:44.054+0000] {processor.py:183} INFO - Processing /home/airflow/.local/lib/python3.8/site-packages/airflow/example_dags/example_python_operator.py took 0.658 seconds
[2024-01-28T10:52:14.277+0000] {processor.py:161} INFO - Started process (PID=317) to work on /home/airflow/.local/lib/python3.8/site-packages/airflow/example_dags/example_python_operator.py
[2024-01-28T10:52:14.282+0000] {processor.py:830} INFO - Processing file /home/airflow/.local/lib/python3.8/site-packages/airflow/example_dags/example_python_operator.py for tasks to queue
[2024-01-28T10:52:14.290+0000] {logging_mixin.py:188} INFO - [2024-01-28T10:52:14.290+0000] {dagbag.py:538} INFO - Filling up the DagBag from /home/airflow/.local/lib/python3.8/site-packages/airflow/example_dags/example_python_operator.py
[2024-01-28T10:52:14.309+0000] {processor.py:840} INFO - DAG(s) 'example_python_operator' retrieved from /home/airflow/.local/lib/python3.8/site-packages/airflow/example_dags/example_python_operator.py
[2024-01-28T10:52:14.340+0000] {logging_mixin.py:188} INFO - [2024-01-28T10:52:14.340+0000] {dag.py:3036} INFO - Sync 1 DAGs
[2024-01-28T10:52:14.358+0000] {logging_mixin.py:188} INFO - [2024-01-28T10:52:14.357+0000] {dag.py:3823} INFO - Setting next_dagrun for example_python_operator to None, run_after=None
[2024-01-28T10:52:14.385+0000] {processor.py:183} INFO - Processing /home/airflow/.local/lib/python3.8/site-packages/airflow/example_dags/example_python_operator.py took 0.113 seconds
[2024-01-28T10:52:44.729+0000] {processor.py:161} INFO - Started process (PID=373) to work on /home/airflow/.local/lib/python3.8/site-packages/airflow/example_dags/example_python_operator.py
[2024-01-28T10:52:44.741+0000] {processor.py:830} INFO - Processing file /home/airflow/.local/lib/python3.8/site-packages/airflow/example_dags/example_python_operator.py for tasks to queue
[2024-01-28T10:52:44.753+0000] {logging_mixin.py:188} INFO - [2024-01-28T10:52:44.752+0000] {dagbag.py:538} INFO - Filling up the DagBag from /home/airflow/.local/lib/python3.8/site-packages/airflow/example_dags/example_python_operator.py
[2024-01-28T10:52:44.812+0000] {processor.py:840} INFO - DAG(s) 'example_python_operator' retrieved from /home/airflow/.local/lib/python3.8/site-packages/airflow/example_dags/example_python_operator.py
[2024-01-28T10:52:44.907+0000] {logging_mixin.py:188} INFO - [2024-01-28T10:52:44.907+0000] {dag.py:3036} INFO - Sync 1 DAGs
[2024-01-28T10:52:44.935+0000] {logging_mixin.py:188} INFO - [2024-01-28T10:52:44.935+0000] {dag.py:3823} INFO - Setting next_dagrun for example_python_operator to None, run_after=None
[2024-01-28T10:52:44.979+0000] {processor.py:183} INFO - Processing /home/airflow/.local/lib/python3.8/site-packages/airflow/example_dags/example_python_operator.py took 0.263 seconds
[2024-01-28T10:53:15.298+0000] {processor.py:161} INFO - Started process (PID=428) to work on /home/airflow/.local/lib/python3.8/site-packages/airflow/example_dags/example_python_operator.py
[2024-01-28T10:53:15.303+0000] {processor.py:830} INFO - Processing file /home/airflow/.local/lib/python3.8/site-packages/airflow/example_dags/example_python_operator.py for tasks to queue
[2024-01-28T10:53:15.308+0000] {logging_mixin.py:188} INFO - [2024-01-28T10:53:15.308+0000] {dagbag.py:538} INFO - Filling up the DagBag from /home/airflow/.local/lib/python3.8/site-packages/airflow/example_dags/example_python_operator.py
[2024-01-28T10:53:15.326+0000] {processor.py:840} INFO - DAG(s) 'example_python_operator' retrieved from /home/airflow/.local/lib/python3.8/site-packages/airflow/example_dags/example_python_operator.py
[2024-01-28T10:53:15.403+0000] {logging_mixin.py:188} INFO - [2024-01-28T10:53:15.403+0000] {dag.py:3036} INFO - Sync 1 DAGs
[2024-01-28T10:53:15.425+0000] {logging_mixin.py:188} INFO - [2024-01-28T10:53:15.425+0000] {dag.py:3823} INFO - Setting next_dagrun for example_python_operator to None, run_after=None
[2024-01-28T10:53:15.471+0000] {processor.py:183} INFO - Processing /home/airflow/.local/lib/python3.8/site-packages/airflow/example_dags/example_python_operator.py took 0.183 seconds
[2024-01-28T10:53:45.830+0000] {processor.py:161} INFO - Started process (PID=483) to work on /home/airflow/.local/lib/python3.8/site-packages/airflow/example_dags/example_python_operator.py
[2024-01-28T10:53:45.831+0000] {processor.py:830} INFO - Processing file /home/airflow/.local/lib/python3.8/site-packages/airflow/example_dags/example_python_operator.py for tasks to queue
[2024-01-28T10:53:45.834+0000] {logging_mixin.py:188} INFO - [2024-01-28T10:53:45.834+0000] {dagbag.py:538} INFO - Filling up the DagBag from /home/airflow/.local/lib/python3.8/site-packages/airflow/example_dags/example_python_operator.py
[2024-01-28T10:53:45.848+0000] {processor.py:840} INFO - DAG(s) 'example_python_operator' retrieved from /home/airflow/.local/lib/python3.8/site-packages/airflow/example_dags/example_python_operator.py
[2024-01-28T10:53:45.918+0000] {logging_mixin.py:188} INFO - [2024-01-28T10:53:45.918+0000] {dag.py:3036} INFO - Sync 1 DAGs
[2024-01-28T10:53:45.936+0000] {logging_mixin.py:188} INFO - [2024-01-28T10:53:45.936+0000] {dag.py:3823} INFO - Setting next_dagrun for example_python_operator to None, run_after=None
[2024-01-28T10:53:45.971+0000] {processor.py:183} INFO - Processing /home/airflow/.local/lib/python3.8/site-packages/airflow/example_dags/example_python_operator.py took 0.146 seconds
[2024-01-28T10:54:16.378+0000] {processor.py:161} INFO - Started process (PID=540) to work on /home/airflow/.local/lib/python3.8/site-packages/airflow/example_dags/example_python_operator.py
[2024-01-28T10:54:16.381+0000] {processor.py:830} INFO - Processing file /home/airflow/.local/lib/python3.8/site-packages/airflow/example_dags/example_python_operator.py for tasks to queue
[2024-01-28T10:54:16.386+0000] {logging_mixin.py:188} INFO - [2024-01-28T10:54:16.386+0000] {dagbag.py:538} INFO - Filling up the DagBag from /home/airflow/.local/lib/python3.8/site-packages/airflow/example_dags/example_python_operator.py
[2024-01-28T10:54:16.400+0000] {processor.py:840} INFO - DAG(s) 'example_python_operator' retrieved from /home/airflow/.local/lib/python3.8/site-packages/airflow/example_dags/example_python_operator.py
[2024-01-28T10:54:16.475+0000] {logging_mixin.py:188} INFO - [2024-01-28T10:54:16.474+0000] {dag.py:3036} INFO - Sync 1 DAGs
[2024-01-28T10:54:16.492+0000] {logging_mixin.py:188} INFO - [2024-01-28T10:54:16.492+0000] {dag.py:3823} INFO - Setting next_dagrun for example_python_operator to None, run_after=None
[2024-01-28T10:54:16.517+0000] {processor.py:183} INFO - Processing /home/airflow/.local/lib/python3.8/site-packages/airflow/example_dags/example_python_operator.py took 0.148 seconds
[2024-01-28T10:54:46.787+0000] {processor.py:161} INFO - Started process (PID=597) to work on /home/airflow/.local/lib/python3.8/site-packages/airflow/example_dags/example_python_operator.py
[2024-01-28T10:54:46.790+0000] {processor.py:830} INFO - Processing file /home/airflow/.local/lib/python3.8/site-packages/airflow/example_dags/example_python_operator.py for tasks to queue
[2024-01-28T10:54:46.798+0000] {logging_mixin.py:188} INFO - [2024-01-28T10:54:46.797+0000] {dagbag.py:538} INFO - Filling up the DagBag from /home/airflow/.local/lib/python3.8/site-packages/airflow/example_dags/example_python_operator.py
[2024-01-28T10:54:46.820+0000] {processor.py:840} INFO - DAG(s) 'example_python_operator' retrieved from /home/airflow/.local/lib/python3.8/site-packages/airflow/example_dags/example_python_operator.py
[2024-01-28T10:54:46.864+0000] {logging_mixin.py:188} INFO - [2024-01-28T10:54:46.864+0000] {dag.py:3036} INFO - Sync 1 DAGs
[2024-01-28T10:54:46.887+0000] {logging_mixin.py:188} INFO - [2024-01-28T10:54:46.887+0000] {dag.py:3823} INFO - Setting next_dagrun for example_python_operator to None, run_after=None
[2024-01-28T10:54:46.921+0000] {processor.py:183} INFO - Processing /home/airflow/.local/lib/python3.8/site-packages/airflow/example_dags/example_python_operator.py took 0.144 seconds
[2024-01-28T10:55:17.708+0000] {processor.py:161} INFO - Started process (PID=654) to work on /home/airflow/.local/lib/python3.8/site-packages/airflow/example_dags/example_python_operator.py
[2024-01-28T10:55:17.711+0000] {processor.py:830} INFO - Processing file /home/airflow/.local/lib/python3.8/site-packages/airflow/example_dags/example_python_operator.py for tasks to queue
[2024-01-28T10:55:17.715+0000] {logging_mixin.py:188} INFO - [2024-01-28T10:55:17.715+0000] {dagbag.py:538} INFO - Filling up the DagBag from /home/airflow/.local/lib/python3.8/site-packages/airflow/example_dags/example_python_operator.py
[2024-01-28T10:55:17.731+0000] {processor.py:840} INFO - DAG(s) 'example_python_operator' retrieved from /home/airflow/.local/lib/python3.8/site-packages/airflow/example_dags/example_python_operator.py
[2024-01-28T10:55:17.763+0000] {logging_mixin.py:188} INFO - [2024-01-28T10:55:17.763+0000] {dag.py:3036} INFO - Sync 1 DAGs
[2024-01-28T10:55:17.781+0000] {logging_mixin.py:188} INFO - [2024-01-28T10:55:17.781+0000] {dag.py:3823} INFO - Setting next_dagrun for example_python_operator to None, run_after=None
[2024-01-28T10:55:17.809+0000] {processor.py:183} INFO - Processing /home/airflow/.local/lib/python3.8/site-packages/airflow/example_dags/example_python_operator.py took 0.108 seconds
[2024-01-28T10:55:47.981+0000] {processor.py:161} INFO - Started process (PID=709) to work on /home/airflow/.local/lib/python3.8/site-packages/airflow/example_dags/example_python_operator.py
[2024-01-28T10:55:47.985+0000] {processor.py:830} INFO - Processing file /home/airflow/.local/lib/python3.8/site-packages/airflow/example_dags/example_python_operator.py for tasks to queue
[2024-01-28T10:55:47.990+0000] {logging_mixin.py:188} INFO - [2024-01-28T10:55:47.989+0000] {dagbag.py:538} INFO - Filling up the DagBag from /home/airflow/.local/lib/python3.8/site-packages/airflow/example_dags/example_python_operator.py
[2024-01-28T10:55:48.009+0000] {processor.py:840} INFO - DAG(s) 'example_python_operator' retrieved from /home/airflow/.local/lib/python3.8/site-packages/airflow/example_dags/example_python_operator.py
[2024-01-28T10:55:48.047+0000] {logging_mixin.py:188} INFO - [2024-01-28T10:55:48.046+0000] {dag.py:3036} INFO - Sync 1 DAGs
[2024-01-28T10:55:48.065+0000] {logging_mixin.py:188} INFO - [2024-01-28T10:55:48.065+0000] {dag.py:3823} INFO - Setting next_dagrun for example_python_operator to None, run_after=None
[2024-01-28T10:55:48.093+0000] {processor.py:183} INFO - Processing /home/airflow/.local/lib/python3.8/site-packages/airflow/example_dags/example_python_operator.py took 0.116 seconds
[2024-01-28T10:56:18.509+0000] {processor.py:161} INFO - Started process (PID=765) to work on /home/airflow/.local/lib/python3.8/site-packages/airflow/example_dags/example_python_operator.py
[2024-01-28T10:56:18.515+0000] {processor.py:830} INFO - Processing file /home/airflow/.local/lib/python3.8/site-packages/airflow/example_dags/example_python_operator.py for tasks to queue
[2024-01-28T10:56:18.518+0000] {logging_mixin.py:188} INFO - [2024-01-28T10:56:18.518+0000] {dagbag.py:538} INFO - Filling up the DagBag from /home/airflow/.local/lib/python3.8/site-packages/airflow/example_dags/example_python_operator.py
[2024-01-28T10:56:18.535+0000] {processor.py:840} INFO - DAG(s) 'example_python_operator' retrieved from /home/airflow/.local/lib/python3.8/site-packages/airflow/example_dags/example_python_operator.py
[2024-01-28T10:56:18.570+0000] {logging_mixin.py:188} INFO - [2024-01-28T10:56:18.569+0000] {dag.py:3036} INFO - Sync 1 DAGs
[2024-01-28T10:56:18.593+0000] {logging_mixin.py:188} INFO - [2024-01-28T10:56:18.593+0000] {dag.py:3823} INFO - Setting next_dagrun for example_python_operator to None, run_after=None
[2024-01-28T10:56:18.622+0000] {processor.py:183} INFO - Processing /home/airflow/.local/lib/python3.8/site-packages/airflow/example_dags/example_python_operator.py took 0.123 seconds
[2024-01-28T10:56:49.123+0000] {processor.py:161} INFO - Started process (PID=822) to work on /home/airflow/.local/lib/python3.8/site-packages/airflow/example_dags/example_python_operator.py
[2024-01-28T10:56:49.126+0000] {processor.py:830} INFO - Processing file /home/airflow/.local/lib/python3.8/site-packages/airflow/example_dags/example_python_operator.py for tasks to queue
[2024-01-28T10:56:49.129+0000] {logging_mixin.py:188} INFO - [2024-01-28T10:56:49.128+0000] {dagbag.py:538} INFO - Filling up the DagBag from /home/airflow/.local/lib/python3.8/site-packages/airflow/example_dags/example_python_operator.py
[2024-01-28T10:56:49.146+0000] {processor.py:840} INFO - DAG(s) 'example_python_operator' retrieved from /home/airflow/.local/lib/python3.8/site-packages/airflow/example_dags/example_python_operator.py
[2024-01-28T10:56:49.180+0000] {logging_mixin.py:188} INFO - [2024-01-28T10:56:49.180+0000] {dag.py:3036} INFO - Sync 1 DAGs
[2024-01-28T10:56:49.197+0000] {logging_mixin.py:188} INFO - [2024-01-28T10:56:49.197+0000] {dag.py:3823} INFO - Setting next_dagrun for example_python_operator to None, run_after=None
[2024-01-28T10:56:49.223+0000] {processor.py:183} INFO - Processing /home/airflow/.local/lib/python3.8/site-packages/airflow/example_dags/example_python_operator.py took 0.105 seconds
[2024-01-28T10:57:20.037+0000] {processor.py:161} INFO - Started process (PID=878) to work on /home/airflow/.local/lib/python3.8/site-packages/airflow/example_dags/example_python_operator.py
[2024-01-28T10:57:20.039+0000] {processor.py:830} INFO - Processing file /home/airflow/.local/lib/python3.8/site-packages/airflow/example_dags/example_python_operator.py for tasks to queue
[2024-01-28T10:57:20.042+0000] {logging_mixin.py:188} INFO - [2024-01-28T10:57:20.041+0000] {dagbag.py:538} INFO - Filling up the DagBag from /home/airflow/.local/lib/python3.8/site-packages/airflow/example_dags/example_python_operator.py
[2024-01-28T10:57:20.060+0000] {processor.py:840} INFO - DAG(s) 'example_python_operator' retrieved from /home/airflow/.local/lib/python3.8/site-packages/airflow/example_dags/example_python_operator.py
[2024-01-28T10:57:20.091+0000] {logging_mixin.py:188} INFO - [2024-01-28T10:57:20.091+0000] {dag.py:3036} INFO - Sync 1 DAGs
[2024-01-28T10:57:20.108+0000] {logging_mixin.py:188} INFO - [2024-01-28T10:57:20.108+0000] {dag.py:3823} INFO - Setting next_dagrun for example_python_operator to None, run_after=None
[2024-01-28T10:57:20.135+0000] {processor.py:183} INFO - Processing /home/airflow/.local/lib/python3.8/site-packages/airflow/example_dags/example_python_operator.py took 0.104 seconds
[2024-01-28T10:57:50.765+0000] {processor.py:161} INFO - Started process (PID=933) to work on /home/airflow/.local/lib/python3.8/site-packages/airflow/example_dags/example_python_operator.py
[2024-01-28T10:57:50.767+0000] {processor.py:830} INFO - Processing file /home/airflow/.local/lib/python3.8/site-packages/airflow/example_dags/example_python_operator.py for tasks to queue
[2024-01-28T10:57:50.770+0000] {logging_mixin.py:188} INFO - [2024-01-28T10:57:50.770+0000] {dagbag.py:538} INFO - Filling up the DagBag from /home/airflow/.local/lib/python3.8/site-packages/airflow/example_dags/example_python_operator.py
[2024-01-28T10:57:50.785+0000] {processor.py:840} INFO - DAG(s) 'example_python_operator' retrieved from /home/airflow/.local/lib/python3.8/site-packages/airflow/example_dags/example_python_operator.py
[2024-01-28T10:57:50.818+0000] {logging_mixin.py:188} INFO - [2024-01-28T10:57:50.818+0000] {dag.py:3036} INFO - Sync 1 DAGs
[2024-01-28T10:57:50.835+0000] {logging_mixin.py:188} INFO - [2024-01-28T10:57:50.835+0000] {dag.py:3823} INFO - Setting next_dagrun for example_python_operator to None, run_after=None
[2024-01-28T10:57:50.860+0000] {processor.py:183} INFO - Processing /home/airflow/.local/lib/python3.8/site-packages/airflow/example_dags/example_python_operator.py took 0.100 seconds
[2024-01-28T10:58:21.197+0000] {processor.py:161} INFO - Started process (PID=990) to work on /home/airflow/.local/lib/python3.8/site-packages/airflow/example_dags/example_python_operator.py
[2024-01-28T10:58:21.199+0000] {processor.py:830} INFO - Processing file /home/airflow/.local/lib/python3.8/site-packages/airflow/example_dags/example_python_operator.py for tasks to queue
[2024-01-28T10:58:21.203+0000] {logging_mixin.py:188} INFO - [2024-01-28T10:58:21.202+0000] {dagbag.py:538} INFO - Filling up the DagBag from /home/airflow/.local/lib/python3.8/site-packages/airflow/example_dags/example_python_operator.py
[2024-01-28T10:58:21.217+0000] {processor.py:840} INFO - DAG(s) 'example_python_operator' retrieved from /home/airflow/.local/lib/python3.8/site-packages/airflow/example_dags/example_python_operator.py
[2024-01-28T10:58:21.247+0000] {logging_mixin.py:188} INFO - [2024-01-28T10:58:21.247+0000] {dag.py:3036} INFO - Sync 1 DAGs
[2024-01-28T10:58:21.264+0000] {logging_mixin.py:188} INFO - [2024-01-28T10:58:21.264+0000] {dag.py:3823} INFO - Setting next_dagrun for example_python_operator to None, run_after=None
[2024-01-28T10:58:21.288+0000] {processor.py:183} INFO - Processing /home/airflow/.local/lib/python3.8/site-packages/airflow/example_dags/example_python_operator.py took 0.095 seconds
[2024-01-28T10:58:51.764+0000] {processor.py:161} INFO - Started process (PID=1047) to work on /home/airflow/.local/lib/python3.8/site-packages/airflow/example_dags/example_python_operator.py
[2024-01-28T10:58:51.767+0000] {processor.py:830} INFO - Processing file /home/airflow/.local/lib/python3.8/site-packages/airflow/example_dags/example_python_operator.py for tasks to queue
[2024-01-28T10:58:51.770+0000] {logging_mixin.py:188} INFO - [2024-01-28T10:58:51.770+0000] {dagbag.py:538} INFO - Filling up the DagBag from /home/airflow/.local/lib/python3.8/site-packages/airflow/example_dags/example_python_operator.py
[2024-01-28T10:58:51.785+0000] {processor.py:840} INFO - DAG(s) 'example_python_operator' retrieved from /home/airflow/.local/lib/python3.8/site-packages/airflow/example_dags/example_python_operator.py
[2024-01-28T10:58:51.825+0000] {logging_mixin.py:188} INFO - [2024-01-28T10:58:51.824+0000] {dag.py:3036} INFO - Sync 1 DAGs
[2024-01-28T10:58:51.841+0000] {logging_mixin.py:188} INFO - [2024-01-28T10:58:51.840+0000] {dag.py:3823} INFO - Setting next_dagrun for example_python_operator to None, run_after=None
[2024-01-28T10:58:51.869+0000] {processor.py:183} INFO - Processing /home/airflow/.local/lib/python3.8/site-packages/airflow/example_dags/example_python_operator.py took 0.108 seconds
[2024-01-28T10:59:22.092+0000] {processor.py:161} INFO - Started process (PID=1103) to work on /home/airflow/.local/lib/python3.8/site-packages/airflow/example_dags/example_python_operator.py
[2024-01-28T10:59:22.094+0000] {processor.py:830} INFO - Processing file /home/airflow/.local/lib/python3.8/site-packages/airflow/example_dags/example_python_operator.py for tasks to queue
[2024-01-28T10:59:22.097+0000] {logging_mixin.py:188} INFO - [2024-01-28T10:59:22.097+0000] {dagbag.py:538} INFO - Filling up the DagBag from /home/airflow/.local/lib/python3.8/site-packages/airflow/example_dags/example_python_operator.py
[2024-01-28T10:59:22.112+0000] {processor.py:840} INFO - DAG(s) 'example_python_operator' retrieved from /home/airflow/.local/lib/python3.8/site-packages/airflow/example_dags/example_python_operator.py
[2024-01-28T10:59:22.143+0000] {logging_mixin.py:188} INFO - [2024-01-28T10:59:22.143+0000] {dag.py:3036} INFO - Sync 1 DAGs
[2024-01-28T10:59:22.161+0000] {logging_mixin.py:188} INFO - [2024-01-28T10:59:22.160+0000] {dag.py:3823} INFO - Setting next_dagrun for example_python_operator to None, run_after=None
[2024-01-28T10:59:22.186+0000] {processor.py:183} INFO - Processing /home/airflow/.local/lib/python3.8/site-packages/airflow/example_dags/example_python_operator.py took 0.099 seconds
[2024-01-28T10:59:52.295+0000] {processor.py:161} INFO - Started process (PID=1158) to work on /home/airflow/.local/lib/python3.8/site-packages/airflow/example_dags/example_python_operator.py
[2024-01-28T10:59:52.297+0000] {processor.py:830} INFO - Processing file /home/airflow/.local/lib/python3.8/site-packages/airflow/example_dags/example_python_operator.py for tasks to queue
[2024-01-28T10:59:52.300+0000] {logging_mixin.py:188} INFO - [2024-01-28T10:59:52.300+0000] {dagbag.py:538} INFO - Filling up the DagBag from /home/airflow/.local/lib/python3.8/site-packages/airflow/example_dags/example_python_operator.py
[2024-01-28T10:59:52.315+0000] {processor.py:840} INFO - DAG(s) 'example_python_operator' retrieved from /home/airflow/.local/lib/python3.8/site-packages/airflow/example_dags/example_python_operator.py
[2024-01-28T10:59:52.352+0000] {logging_mixin.py:188} INFO - [2024-01-28T10:59:52.352+0000] {dag.py:3036} INFO - Sync 1 DAGs
[2024-01-28T10:59:52.368+0000] {logging_mixin.py:188} INFO - [2024-01-28T10:59:52.368+0000] {dag.py:3823} INFO - Setting next_dagrun for example_python_operator to None, run_after=None
[2024-01-28T10:59:52.392+0000] {processor.py:183} INFO - Processing /home/airflow/.local/lib/python3.8/site-packages/airflow/example_dags/example_python_operator.py took 0.102 seconds
[2024-01-28T11:00:22.806+0000] {processor.py:161} INFO - Started process (PID=1213) to work on /home/airflow/.local/lib/python3.8/site-packages/airflow/example_dags/example_python_operator.py
[2024-01-28T11:00:22.811+0000] {processor.py:830} INFO - Processing file /home/airflow/.local/lib/python3.8/site-packages/airflow/example_dags/example_python_operator.py for tasks to queue
[2024-01-28T11:00:22.814+0000] {logging_mixin.py:188} INFO - [2024-01-28T11:00:22.814+0000] {dagbag.py:538} INFO - Filling up the DagBag from /home/airflow/.local/lib/python3.8/site-packages/airflow/example_dags/example_python_operator.py
[2024-01-28T11:00:22.831+0000] {processor.py:840} INFO - DAG(s) 'example_python_operator' retrieved from /home/airflow/.local/lib/python3.8/site-packages/airflow/example_dags/example_python_operator.py
[2024-01-28T11:00:22.875+0000] {logging_mixin.py:188} INFO - [2024-01-28T11:00:22.875+0000] {dag.py:3036} INFO - Sync 1 DAGs
[2024-01-28T11:00:22.891+0000] {logging_mixin.py:188} INFO - [2024-01-28T11:00:22.891+0000] {dag.py:3823} INFO - Setting next_dagrun for example_python_operator to None, run_after=None
[2024-01-28T11:00:22.919+0000] {processor.py:183} INFO - Processing /home/airflow/.local/lib/python3.8/site-packages/airflow/example_dags/example_python_operator.py took 0.117 seconds
[2024-01-28T11:00:53.638+0000] {processor.py:161} INFO - Started process (PID=1270) to work on /home/airflow/.local/lib/python3.8/site-packages/airflow/example_dags/example_python_operator.py
[2024-01-28T11:00:53.643+0000] {processor.py:830} INFO - Processing file /home/airflow/.local/lib/python3.8/site-packages/airflow/example_dags/example_python_operator.py for tasks to queue
[2024-01-28T11:00:53.653+0000] {logging_mixin.py:188} INFO - [2024-01-28T11:00:53.652+0000] {dagbag.py:538} INFO - Filling up the DagBag from /home/airflow/.local/lib/python3.8/site-packages/airflow/example_dags/example_python_operator.py
[2024-01-28T11:00:53.684+0000] {processor.py:840} INFO - DAG(s) 'example_python_operator' retrieved from /home/airflow/.local/lib/python3.8/site-packages/airflow/example_dags/example_python_operator.py
[2024-01-28T11:00:53.746+0000] {logging_mixin.py:188} INFO - [2024-01-28T11:00:53.745+0000] {dag.py:3036} INFO - Sync 1 DAGs
[2024-01-28T11:00:53.793+0000] {logging_mixin.py:188} INFO - [2024-01-28T11:00:53.792+0000] {dag.py:3823} INFO - Setting next_dagrun for example_python_operator to None, run_after=None
[2024-01-28T11:00:53.882+0000] {processor.py:183} INFO - Processing /home/airflow/.local/lib/python3.8/site-packages/airflow/example_dags/example_python_operator.py took 0.250 seconds
[2024-01-28T11:01:24.039+0000] {processor.py:161} INFO - Started process (PID=1328) to work on /home/airflow/.local/lib/python3.8/site-packages/airflow/example_dags/example_python_operator.py
[2024-01-28T11:01:24.041+0000] {processor.py:830} INFO - Processing file /home/airflow/.local/lib/python3.8/site-packages/airflow/example_dags/example_python_operator.py for tasks to queue
[2024-01-28T11:01:24.044+0000] {logging_mixin.py:188} INFO - [2024-01-28T11:01:24.044+0000] {dagbag.py:538} INFO - Filling up the DagBag from /home/airflow/.local/lib/python3.8/site-packages/airflow/example_dags/example_python_operator.py
[2024-01-28T11:01:24.060+0000] {processor.py:840} INFO - DAG(s) 'example_python_operator' retrieved from /home/airflow/.local/lib/python3.8/site-packages/airflow/example_dags/example_python_operator.py
[2024-01-28T11:01:24.097+0000] {logging_mixin.py:188} INFO - [2024-01-28T11:01:24.097+0000] {dag.py:3036} INFO - Sync 1 DAGs
[2024-01-28T11:01:24.116+0000] {logging_mixin.py:188} INFO - [2024-01-28T11:01:24.116+0000] {dag.py:3823} INFO - Setting next_dagrun for example_python_operator to None, run_after=None
[2024-01-28T11:01:24.159+0000] {processor.py:183} INFO - Processing /home/airflow/.local/lib/python3.8/site-packages/airflow/example_dags/example_python_operator.py took 0.126 seconds
[2024-01-28T11:01:55.045+0000] {processor.py:161} INFO - Started process (PID=1384) to work on /home/airflow/.local/lib/python3.8/site-packages/airflow/example_dags/example_python_operator.py
[2024-01-28T11:01:55.047+0000] {processor.py:830} INFO - Processing file /home/airflow/.local/lib/python3.8/site-packages/airflow/example_dags/example_python_operator.py for tasks to queue
[2024-01-28T11:01:55.050+0000] {logging_mixin.py:188} INFO - [2024-01-28T11:01:55.050+0000] {dagbag.py:538} INFO - Filling up the DagBag from /home/airflow/.local/lib/python3.8/site-packages/airflow/example_dags/example_python_operator.py
[2024-01-28T11:01:55.065+0000] {processor.py:840} INFO - DAG(s) 'example_python_operator' retrieved from /home/airflow/.local/lib/python3.8/site-packages/airflow/example_dags/example_python_operator.py
[2024-01-28T11:01:55.100+0000] {logging_mixin.py:188} INFO - [2024-01-28T11:01:55.099+0000] {dag.py:3036} INFO - Sync 1 DAGs
[2024-01-28T11:01:55.116+0000] {logging_mixin.py:188} INFO - [2024-01-28T11:01:55.116+0000] {dag.py:3823} INFO - Setting next_dagrun for example_python_operator to None, run_after=None
[2024-01-28T11:01:55.145+0000] {processor.py:183} INFO - Processing /home/airflow/.local/lib/python3.8/site-packages/airflow/example_dags/example_python_operator.py took 0.106 seconds
[2024-01-28T11:02:25.564+0000] {processor.py:161} INFO - Started process (PID=1441) to work on /home/airflow/.local/lib/python3.8/site-packages/airflow/example_dags/example_python_operator.py
[2024-01-28T11:02:25.566+0000] {processor.py:830} INFO - Processing file /home/airflow/.local/lib/python3.8/site-packages/airflow/example_dags/example_python_operator.py for tasks to queue
[2024-01-28T11:02:25.571+0000] {logging_mixin.py:188} INFO - [2024-01-28T11:02:25.570+0000] {dagbag.py:538} INFO - Filling up the DagBag from /home/airflow/.local/lib/python3.8/site-packages/airflow/example_dags/example_python_operator.py
[2024-01-28T11:02:25.588+0000] {processor.py:840} INFO - DAG(s) 'example_python_operator' retrieved from /home/airflow/.local/lib/python3.8/site-packages/airflow/example_dags/example_python_operator.py
[2024-01-28T11:02:25.622+0000] {logging_mixin.py:188} INFO - [2024-01-28T11:02:25.621+0000] {dag.py:3036} INFO - Sync 1 DAGs
[2024-01-28T11:02:25.639+0000] {logging_mixin.py:188} INFO - [2024-01-28T11:02:25.639+0000] {dag.py:3823} INFO - Setting next_dagrun for example_python_operator to None, run_after=None
[2024-01-28T11:02:25.667+0000] {processor.py:183} INFO - Processing /home/airflow/.local/lib/python3.8/site-packages/airflow/example_dags/example_python_operator.py took 0.110 seconds
[2024-01-28T11:02:56.348+0000] {processor.py:161} INFO - Started process (PID=1497) to work on /home/airflow/.local/lib/python3.8/site-packages/airflow/example_dags/example_python_operator.py
[2024-01-28T11:02:56.350+0000] {processor.py:830} INFO - Processing file /home/airflow/.local/lib/python3.8/site-packages/airflow/example_dags/example_python_operator.py for tasks to queue
[2024-01-28T11:02:56.353+0000] {logging_mixin.py:188} INFO - [2024-01-28T11:02:56.352+0000] {dagbag.py:538} INFO - Filling up the DagBag from /home/airflow/.local/lib/python3.8/site-packages/airflow/example_dags/example_python_operator.py
[2024-01-28T11:02:56.373+0000] {processor.py:840} INFO - DAG(s) 'example_python_operator' retrieved from /home/airflow/.local/lib/python3.8/site-packages/airflow/example_dags/example_python_operator.py
[2024-01-28T11:02:56.427+0000] {logging_mixin.py:188} INFO - [2024-01-28T11:02:56.426+0000] {dag.py:3036} INFO - Sync 1 DAGs
[2024-01-28T11:02:56.446+0000] {logging_mixin.py:188} INFO - [2024-01-28T11:02:56.445+0000] {dag.py:3823} INFO - Setting next_dagrun for example_python_operator to None, run_after=None
[2024-01-28T11:02:56.477+0000] {processor.py:183} INFO - Processing /home/airflow/.local/lib/python3.8/site-packages/airflow/example_dags/example_python_operator.py took 0.135 seconds
[2024-01-28T11:03:26.908+0000] {processor.py:161} INFO - Started process (PID=1553) to work on /home/airflow/.local/lib/python3.8/site-packages/airflow/example_dags/example_python_operator.py
[2024-01-28T11:03:26.910+0000] {processor.py:830} INFO - Processing file /home/airflow/.local/lib/python3.8/site-packages/airflow/example_dags/example_python_operator.py for tasks to queue
[2024-01-28T11:03:26.913+0000] {logging_mixin.py:188} INFO - [2024-01-28T11:03:26.913+0000] {dagbag.py:538} INFO - Filling up the DagBag from /home/airflow/.local/lib/python3.8/site-packages/airflow/example_dags/example_python_operator.py
[2024-01-28T11:03:26.930+0000] {processor.py:840} INFO - DAG(s) 'example_python_operator' retrieved from /home/airflow/.local/lib/python3.8/site-packages/airflow/example_dags/example_python_operator.py
[2024-01-28T11:03:26.976+0000] {logging_mixin.py:188} INFO - [2024-01-28T11:03:26.975+0000] {dag.py:3036} INFO - Sync 1 DAGs
[2024-01-28T11:03:26.996+0000] {logging_mixin.py:188} INFO - [2024-01-28T11:03:26.995+0000] {dag.py:3823} INFO - Setting next_dagrun for example_python_operator to None, run_after=None
[2024-01-28T11:03:27.020+0000] {processor.py:183} INFO - Processing /home/airflow/.local/lib/python3.8/site-packages/airflow/example_dags/example_python_operator.py took 0.116 seconds
[2024-01-28T11:03:57.413+0000] {processor.py:161} INFO - Started process (PID=1609) to work on /home/airflow/.local/lib/python3.8/site-packages/airflow/example_dags/example_python_operator.py
[2024-01-28T11:03:57.416+0000] {processor.py:830} INFO - Processing file /home/airflow/.local/lib/python3.8/site-packages/airflow/example_dags/example_python_operator.py for tasks to queue
[2024-01-28T11:03:57.420+0000] {logging_mixin.py:188} INFO - [2024-01-28T11:03:57.419+0000] {dagbag.py:538} INFO - Filling up the DagBag from /home/airflow/.local/lib/python3.8/site-packages/airflow/example_dags/example_python_operator.py
[2024-01-28T11:03:57.434+0000] {processor.py:840} INFO - DAG(s) 'example_python_operator' retrieved from /home/airflow/.local/lib/python3.8/site-packages/airflow/example_dags/example_python_operator.py
[2024-01-28T11:03:57.467+0000] {logging_mixin.py:188} INFO - [2024-01-28T11:03:57.467+0000] {dag.py:3036} INFO - Sync 1 DAGs
[2024-01-28T11:03:57.487+0000] {logging_mixin.py:188} INFO - [2024-01-28T11:03:57.487+0000] {dag.py:3823} INFO - Setting next_dagrun for example_python_operator to None, run_after=None
[2024-01-28T11:03:57.513+0000] {processor.py:183} INFO - Processing /home/airflow/.local/lib/python3.8/site-packages/airflow/example_dags/example_python_operator.py took 0.104 seconds
[2024-01-28T11:04:28.094+0000] {processor.py:161} INFO - Started process (PID=1665) to work on /home/airflow/.local/lib/python3.8/site-packages/airflow/example_dags/example_python_operator.py
[2024-01-28T11:04:28.098+0000] {processor.py:830} INFO - Processing file /home/airflow/.local/lib/python3.8/site-packages/airflow/example_dags/example_python_operator.py for tasks to queue
[2024-01-28T11:04:28.102+0000] {logging_mixin.py:188} INFO - [2024-01-28T11:04:28.102+0000] {dagbag.py:538} INFO - Filling up the DagBag from /home/airflow/.local/lib/python3.8/site-packages/airflow/example_dags/example_python_operator.py
[2024-01-28T11:04:28.117+0000] {processor.py:840} INFO - DAG(s) 'example_python_operator' retrieved from /home/airflow/.local/lib/python3.8/site-packages/airflow/example_dags/example_python_operator.py
[2024-01-28T11:04:28.148+0000] {logging_mixin.py:188} INFO - [2024-01-28T11:04:28.148+0000] {dag.py:3036} INFO - Sync 1 DAGs
[2024-01-28T11:04:28.165+0000] {logging_mixin.py:188} INFO - [2024-01-28T11:04:28.165+0000] {dag.py:3823} INFO - Setting next_dagrun for example_python_operator to None, run_after=None
[2024-01-28T11:04:28.194+0000] {processor.py:183} INFO - Processing /home/airflow/.local/lib/python3.8/site-packages/airflow/example_dags/example_python_operator.py took 0.104 seconds
[2024-01-28T11:04:58.908+0000] {processor.py:161} INFO - Started process (PID=1719) to work on /home/airflow/.local/lib/python3.8/site-packages/airflow/example_dags/example_python_operator.py
[2024-01-28T11:04:58.910+0000] {processor.py:830} INFO - Processing file /home/airflow/.local/lib/python3.8/site-packages/airflow/example_dags/example_python_operator.py for tasks to queue
[2024-01-28T11:04:58.913+0000] {logging_mixin.py:188} INFO - [2024-01-28T11:04:58.913+0000] {dagbag.py:538} INFO - Filling up the DagBag from /home/airflow/.local/lib/python3.8/site-packages/airflow/example_dags/example_python_operator.py
[2024-01-28T11:04:58.928+0000] {processor.py:840} INFO - DAG(s) 'example_python_operator' retrieved from /home/airflow/.local/lib/python3.8/site-packages/airflow/example_dags/example_python_operator.py
[2024-01-28T11:04:58.957+0000] {logging_mixin.py:188} INFO - [2024-01-28T11:04:58.955+0000] {dag.py:3036} INFO - Sync 1 DAGs
[2024-01-28T11:04:58.986+0000] {logging_mixin.py:188} INFO - [2024-01-28T11:04:58.985+0000] {dag.py:3823} INFO - Setting next_dagrun for example_python_operator to None, run_after=None
[2024-01-28T11:04:59.007+0000] {processor.py:183} INFO - Processing /home/airflow/.local/lib/python3.8/site-packages/airflow/example_dags/example_python_operator.py took 0.106 seconds
[2024-01-28T11:05:29.473+0000] {processor.py:161} INFO - Started process (PID=1775) to work on /home/airflow/.local/lib/python3.8/site-packages/airflow/example_dags/example_python_operator.py
[2024-01-28T11:05:29.475+0000] {processor.py:830} INFO - Processing file /home/airflow/.local/lib/python3.8/site-packages/airflow/example_dags/example_python_operator.py for tasks to queue
[2024-01-28T11:05:29.479+0000] {logging_mixin.py:188} INFO - [2024-01-28T11:05:29.479+0000] {dagbag.py:538} INFO - Filling up the DagBag from /home/airflow/.local/lib/python3.8/site-packages/airflow/example_dags/example_python_operator.py
[2024-01-28T11:05:29.502+0000] {processor.py:840} INFO - DAG(s) 'example_python_operator' retrieved from /home/airflow/.local/lib/python3.8/site-packages/airflow/example_dags/example_python_operator.py
[2024-01-28T11:05:29.556+0000] {logging_mixin.py:188} INFO - [2024-01-28T11:05:29.556+0000] {dag.py:3036} INFO - Sync 1 DAGs
[2024-01-28T11:05:29.578+0000] {logging_mixin.py:188} INFO - [2024-01-28T11:05:29.578+0000] {dag.py:3823} INFO - Setting next_dagrun for example_python_operator to None, run_after=None
[2024-01-28T11:05:29.607+0000] {processor.py:183} INFO - Processing /home/airflow/.local/lib/python3.8/site-packages/airflow/example_dags/example_python_operator.py took 0.143 seconds
[2024-01-28T11:06:00.334+0000] {processor.py:161} INFO - Started process (PID=1831) to work on /home/airflow/.local/lib/python3.8/site-packages/airflow/example_dags/example_python_operator.py
[2024-01-28T11:06:00.337+0000] {processor.py:830} INFO - Processing file /home/airflow/.local/lib/python3.8/site-packages/airflow/example_dags/example_python_operator.py for tasks to queue
[2024-01-28T11:06:00.342+0000] {logging_mixin.py:188} INFO - [2024-01-28T11:06:00.342+0000] {dagbag.py:538} INFO - Filling up the DagBag from /home/airflow/.local/lib/python3.8/site-packages/airflow/example_dags/example_python_operator.py
[2024-01-28T11:06:00.366+0000] {processor.py:840} INFO - DAG(s) 'example_python_operator' retrieved from /home/airflow/.local/lib/python3.8/site-packages/airflow/example_dags/example_python_operator.py
[2024-01-28T11:06:00.411+0000] {logging_mixin.py:188} INFO - [2024-01-28T11:06:00.409+0000] {dag.py:3036} INFO - Sync 1 DAGs
[2024-01-28T11:06:00.436+0000] {logging_mixin.py:188} INFO - [2024-01-28T11:06:00.436+0000] {dag.py:3823} INFO - Setting next_dagrun for example_python_operator to None, run_after=None
[2024-01-28T11:06:00.469+0000] {processor.py:183} INFO - Processing /home/airflow/.local/lib/python3.8/site-packages/airflow/example_dags/example_python_operator.py took 0.140 seconds
[2024-01-28T11:06:30.707+0000] {processor.py:161} INFO - Started process (PID=1888) to work on /home/airflow/.local/lib/python3.8/site-packages/airflow/example_dags/example_python_operator.py
[2024-01-28T11:06:30.710+0000] {processor.py:830} INFO - Processing file /home/airflow/.local/lib/python3.8/site-packages/airflow/example_dags/example_python_operator.py for tasks to queue
[2024-01-28T11:06:30.714+0000] {logging_mixin.py:188} INFO - [2024-01-28T11:06:30.713+0000] {dagbag.py:538} INFO - Filling up the DagBag from /home/airflow/.local/lib/python3.8/site-packages/airflow/example_dags/example_python_operator.py
[2024-01-28T11:06:30.730+0000] {processor.py:840} INFO - DAG(s) 'example_python_operator' retrieved from /home/airflow/.local/lib/python3.8/site-packages/airflow/example_dags/example_python_operator.py
[2024-01-28T11:06:30.763+0000] {logging_mixin.py:188} INFO - [2024-01-28T11:06:30.762+0000] {dag.py:3036} INFO - Sync 1 DAGs
[2024-01-28T11:06:30.781+0000] {logging_mixin.py:188} INFO - [2024-01-28T11:06:30.781+0000] {dag.py:3823} INFO - Setting next_dagrun for example_python_operator to None, run_after=None
[2024-01-28T11:06:30.818+0000] {processor.py:183} INFO - Processing /home/airflow/.local/lib/python3.8/site-packages/airflow/example_dags/example_python_operator.py took 0.116 seconds
[2024-01-28T11:07:01.528+0000] {processor.py:161} INFO - Started process (PID=1943) to work on /home/airflow/.local/lib/python3.8/site-packages/airflow/example_dags/example_python_operator.py
[2024-01-28T11:07:01.530+0000] {processor.py:830} INFO - Processing file /home/airflow/.local/lib/python3.8/site-packages/airflow/example_dags/example_python_operator.py for tasks to queue
[2024-01-28T11:07:01.536+0000] {logging_mixin.py:188} INFO - [2024-01-28T11:07:01.536+0000] {dagbag.py:538} INFO - Filling up the DagBag from /home/airflow/.local/lib/python3.8/site-packages/airflow/example_dags/example_python_operator.py
[2024-01-28T11:07:01.556+0000] {processor.py:840} INFO - DAG(s) 'example_python_operator' retrieved from /home/airflow/.local/lib/python3.8/site-packages/airflow/example_dags/example_python_operator.py
[2024-01-28T11:07:01.603+0000] {logging_mixin.py:188} INFO - [2024-01-28T11:07:01.603+0000] {dag.py:3036} INFO - Sync 1 DAGs
[2024-01-28T11:07:01.621+0000] {logging_mixin.py:188} INFO - [2024-01-28T11:07:01.621+0000] {dag.py:3823} INFO - Setting next_dagrun for example_python_operator to None, run_after=None
[2024-01-28T11:07:01.674+0000] {processor.py:183} INFO - Processing /home/airflow/.local/lib/python3.8/site-packages/airflow/example_dags/example_python_operator.py took 0.151 seconds
[2024-01-28T11:07:31.813+0000] {processor.py:161} INFO - Started process (PID=2000) to work on /home/airflow/.local/lib/python3.8/site-packages/airflow/example_dags/example_python_operator.py
[2024-01-28T11:07:31.814+0000] {processor.py:830} INFO - Processing file /home/airflow/.local/lib/python3.8/site-packages/airflow/example_dags/example_python_operator.py for tasks to queue
[2024-01-28T11:07:31.818+0000] {logging_mixin.py:188} INFO - [2024-01-28T11:07:31.818+0000] {dagbag.py:538} INFO - Filling up the DagBag from /home/airflow/.local/lib/python3.8/site-packages/airflow/example_dags/example_python_operator.py
[2024-01-28T11:07:31.832+0000] {processor.py:840} INFO - DAG(s) 'example_python_operator' retrieved from /home/airflow/.local/lib/python3.8/site-packages/airflow/example_dags/example_python_operator.py
[2024-01-28T11:07:31.863+0000] {logging_mixin.py:188} INFO - [2024-01-28T11:07:31.863+0000] {dag.py:3036} INFO - Sync 1 DAGs
[2024-01-28T11:07:31.881+0000] {logging_mixin.py:188} INFO - [2024-01-28T11:07:31.881+0000] {dag.py:3823} INFO - Setting next_dagrun for example_python_operator to None, run_after=None
[2024-01-28T11:07:31.906+0000] {processor.py:183} INFO - Processing /home/airflow/.local/lib/python3.8/site-packages/airflow/example_dags/example_python_operator.py took 0.097 seconds
[2024-01-28T11:08:02.378+0000] {processor.py:161} INFO - Started process (PID=2056) to work on /home/airflow/.local/lib/python3.8/site-packages/airflow/example_dags/example_python_operator.py
[2024-01-28T11:08:02.383+0000] {processor.py:830} INFO - Processing file /home/airflow/.local/lib/python3.8/site-packages/airflow/example_dags/example_python_operator.py for tasks to queue
[2024-01-28T11:08:02.391+0000] {logging_mixin.py:188} INFO - [2024-01-28T11:08:02.391+0000] {dagbag.py:538} INFO - Filling up the DagBag from /home/airflow/.local/lib/python3.8/site-packages/airflow/example_dags/example_python_operator.py
[2024-01-28T11:08:02.416+0000] {processor.py:840} INFO - DAG(s) 'example_python_operator' retrieved from /home/airflow/.local/lib/python3.8/site-packages/airflow/example_dags/example_python_operator.py
[2024-01-28T11:08:02.476+0000] {logging_mixin.py:188} INFO - [2024-01-28T11:08:02.475+0000] {dag.py:3036} INFO - Sync 1 DAGs
[2024-01-28T11:08:02.524+0000] {logging_mixin.py:188} INFO - [2024-01-28T11:08:02.523+0000] {dag.py:3823} INFO - Setting next_dagrun for example_python_operator to None, run_after=None
[2024-01-28T11:08:02.601+0000] {processor.py:183} INFO - Processing /home/airflow/.local/lib/python3.8/site-packages/airflow/example_dags/example_python_operator.py took 0.232 seconds
[2024-01-28T11:08:32.986+0000] {processor.py:161} INFO - Started process (PID=2112) to work on /home/airflow/.local/lib/python3.8/site-packages/airflow/example_dags/example_python_operator.py
[2024-01-28T11:08:32.988+0000] {processor.py:830} INFO - Processing file /home/airflow/.local/lib/python3.8/site-packages/airflow/example_dags/example_python_operator.py for tasks to queue
[2024-01-28T11:08:32.995+0000] {logging_mixin.py:188} INFO - [2024-01-28T11:08:32.994+0000] {dagbag.py:538} INFO - Filling up the DagBag from /home/airflow/.local/lib/python3.8/site-packages/airflow/example_dags/example_python_operator.py
[2024-01-28T11:08:33.013+0000] {processor.py:840} INFO - DAG(s) 'example_python_operator' retrieved from /home/airflow/.local/lib/python3.8/site-packages/airflow/example_dags/example_python_operator.py
[2024-01-28T11:08:33.071+0000] {logging_mixin.py:188} INFO - [2024-01-28T11:08:33.071+0000] {dag.py:3036} INFO - Sync 1 DAGs
[2024-01-28T11:08:33.118+0000] {logging_mixin.py:188} INFO - [2024-01-28T11:08:33.117+0000] {dag.py:3823} INFO - Setting next_dagrun for example_python_operator to None, run_after=None
[2024-01-28T11:08:33.153+0000] {processor.py:183} INFO - Processing /home/airflow/.local/lib/python3.8/site-packages/airflow/example_dags/example_python_operator.py took 0.174 seconds
[2024-01-28T11:09:03.603+0000] {processor.py:161} INFO - Started process (PID=2168) to work on /home/airflow/.local/lib/python3.8/site-packages/airflow/example_dags/example_python_operator.py
[2024-01-28T11:09:03.641+0000] {processor.py:830} INFO - Processing file /home/airflow/.local/lib/python3.8/site-packages/airflow/example_dags/example_python_operator.py for tasks to queue
[2024-01-28T11:09:03.650+0000] {logging_mixin.py:188} INFO - [2024-01-28T11:09:03.649+0000] {dagbag.py:538} INFO - Filling up the DagBag from /home/airflow/.local/lib/python3.8/site-packages/airflow/example_dags/example_python_operator.py
[2024-01-28T11:09:03.675+0000] {processor.py:840} INFO - DAG(s) 'example_python_operator' retrieved from /home/airflow/.local/lib/python3.8/site-packages/airflow/example_dags/example_python_operator.py
[2024-01-28T11:09:03.743+0000] {logging_mixin.py:188} INFO - [2024-01-28T11:09:03.743+0000] {dag.py:3036} INFO - Sync 1 DAGs
[2024-01-28T11:09:03.786+0000] {logging_mixin.py:188} INFO - [2024-01-28T11:09:03.785+0000] {dag.py:3823} INFO - Setting next_dagrun for example_python_operator to None, run_after=None
[2024-01-28T11:09:03.833+0000] {processor.py:183} INFO - Processing /home/airflow/.local/lib/python3.8/site-packages/airflow/example_dags/example_python_operator.py took 0.258 seconds
[2024-01-28T11:09:34.371+0000] {processor.py:161} INFO - Started process (PID=2225) to work on /home/airflow/.local/lib/python3.8/site-packages/airflow/example_dags/example_python_operator.py
[2024-01-28T11:09:34.373+0000] {processor.py:830} INFO - Processing file /home/airflow/.local/lib/python3.8/site-packages/airflow/example_dags/example_python_operator.py for tasks to queue
[2024-01-28T11:09:34.377+0000] {logging_mixin.py:188} INFO - [2024-01-28T11:09:34.376+0000] {dagbag.py:538} INFO - Filling up the DagBag from /home/airflow/.local/lib/python3.8/site-packages/airflow/example_dags/example_python_operator.py
[2024-01-28T11:09:34.393+0000] {processor.py:840} INFO - DAG(s) 'example_python_operator' retrieved from /home/airflow/.local/lib/python3.8/site-packages/airflow/example_dags/example_python_operator.py
[2024-01-28T11:09:34.428+0000] {logging_mixin.py:188} INFO - [2024-01-28T11:09:34.428+0000] {dag.py:3036} INFO - Sync 1 DAGs
[2024-01-28T11:09:34.445+0000] {logging_mixin.py:188} INFO - [2024-01-28T11:09:34.445+0000] {dag.py:3823} INFO - Setting next_dagrun for example_python_operator to None, run_after=None
[2024-01-28T11:09:34.481+0000] {processor.py:183} INFO - Processing /home/airflow/.local/lib/python3.8/site-packages/airflow/example_dags/example_python_operator.py took 0.115 seconds
[2024-01-28T11:10:04.880+0000] {processor.py:161} INFO - Started process (PID=2281) to work on /home/airflow/.local/lib/python3.8/site-packages/airflow/example_dags/example_python_operator.py
[2024-01-28T11:10:04.885+0000] {processor.py:830} INFO - Processing file /home/airflow/.local/lib/python3.8/site-packages/airflow/example_dags/example_python_operator.py for tasks to queue
[2024-01-28T11:10:04.890+0000] {logging_mixin.py:188} INFO - [2024-01-28T11:10:04.889+0000] {dagbag.py:538} INFO - Filling up the DagBag from /home/airflow/.local/lib/python3.8/site-packages/airflow/example_dags/example_python_operator.py
[2024-01-28T11:10:04.905+0000] {processor.py:840} INFO - DAG(s) 'example_python_operator' retrieved from /home/airflow/.local/lib/python3.8/site-packages/airflow/example_dags/example_python_operator.py
[2024-01-28T11:10:04.944+0000] {logging_mixin.py:188} INFO - [2024-01-28T11:10:04.944+0000] {dag.py:3036} INFO - Sync 1 DAGs
[2024-01-28T11:10:04.961+0000] {logging_mixin.py:188} INFO - [2024-01-28T11:10:04.961+0000] {dag.py:3823} INFO - Setting next_dagrun for example_python_operator to None, run_after=None
[2024-01-28T11:10:04.987+0000] {processor.py:183} INFO - Processing /home/airflow/.local/lib/python3.8/site-packages/airflow/example_dags/example_python_operator.py took 0.115 seconds
[2024-01-28T11:10:35.602+0000] {processor.py:161} INFO - Started process (PID=2338) to work on /home/airflow/.local/lib/python3.8/site-packages/airflow/example_dags/example_python_operator.py
[2024-01-28T11:10:35.603+0000] {processor.py:830} INFO - Processing file /home/airflow/.local/lib/python3.8/site-packages/airflow/example_dags/example_python_operator.py for tasks to queue
[2024-01-28T11:10:35.606+0000] {logging_mixin.py:188} INFO - [2024-01-28T11:10:35.606+0000] {dagbag.py:538} INFO - Filling up the DagBag from /home/airflow/.local/lib/python3.8/site-packages/airflow/example_dags/example_python_operator.py
[2024-01-28T11:10:35.622+0000] {processor.py:840} INFO - DAG(s) 'example_python_operator' retrieved from /home/airflow/.local/lib/python3.8/site-packages/airflow/example_dags/example_python_operator.py
[2024-01-28T11:10:35.659+0000] {logging_mixin.py:188} INFO - [2024-01-28T11:10:35.658+0000] {dag.py:3036} INFO - Sync 1 DAGs
[2024-01-28T11:10:35.675+0000] {logging_mixin.py:188} INFO - [2024-01-28T11:10:35.675+0000] {dag.py:3823} INFO - Setting next_dagrun for example_python_operator to None, run_after=None
[2024-01-28T11:10:35.706+0000] {processor.py:183} INFO - Processing /home/airflow/.local/lib/python3.8/site-packages/airflow/example_dags/example_python_operator.py took 0.108 seconds
[2024-01-28T11:11:06.017+0000] {processor.py:161} INFO - Started process (PID=2395) to work on /home/airflow/.local/lib/python3.8/site-packages/airflow/example_dags/example_python_operator.py
[2024-01-28T11:11:06.020+0000] {processor.py:830} INFO - Processing file /home/airflow/.local/lib/python3.8/site-packages/airflow/example_dags/example_python_operator.py for tasks to queue
[2024-01-28T11:11:06.026+0000] {logging_mixin.py:188} INFO - [2024-01-28T11:11:06.025+0000] {dagbag.py:538} INFO - Filling up the DagBag from /home/airflow/.local/lib/python3.8/site-packages/airflow/example_dags/example_python_operator.py
[2024-01-28T11:11:06.060+0000] {processor.py:840} INFO - DAG(s) 'example_python_operator' retrieved from /home/airflow/.local/lib/python3.8/site-packages/airflow/example_dags/example_python_operator.py
[2024-01-28T11:11:06.113+0000] {logging_mixin.py:188} INFO - [2024-01-28T11:11:06.112+0000] {dag.py:3036} INFO - Sync 1 DAGs
[2024-01-28T11:11:06.137+0000] {logging_mixin.py:188} INFO - [2024-01-28T11:11:06.137+0000] {dag.py:3823} INFO - Setting next_dagrun for example_python_operator to None, run_after=None
[2024-01-28T11:11:06.166+0000] {processor.py:183} INFO - Processing /home/airflow/.local/lib/python3.8/site-packages/airflow/example_dags/example_python_operator.py took 0.155 seconds
[2024-01-28T11:11:36.584+0000] {processor.py:161} INFO - Started process (PID=2460) to work on /home/airflow/.local/lib/python3.8/site-packages/airflow/example_dags/example_python_operator.py
[2024-01-28T11:11:36.586+0000] {processor.py:830} INFO - Processing file /home/airflow/.local/lib/python3.8/site-packages/airflow/example_dags/example_python_operator.py for tasks to queue
[2024-01-28T11:11:36.589+0000] {logging_mixin.py:188} INFO - [2024-01-28T11:11:36.588+0000] {dagbag.py:538} INFO - Filling up the DagBag from /home/airflow/.local/lib/python3.8/site-packages/airflow/example_dags/example_python_operator.py
[2024-01-28T11:11:36.604+0000] {processor.py:840} INFO - DAG(s) 'example_python_operator' retrieved from /home/airflow/.local/lib/python3.8/site-packages/airflow/example_dags/example_python_operator.py
[2024-01-28T11:11:36.640+0000] {logging_mixin.py:188} INFO - [2024-01-28T11:11:36.640+0000] {dag.py:3036} INFO - Sync 1 DAGs
[2024-01-28T11:11:36.658+0000] {logging_mixin.py:188} INFO - [2024-01-28T11:11:36.657+0000] {dag.py:3823} INFO - Setting next_dagrun for example_python_operator to None, run_after=None
[2024-01-28T11:11:36.680+0000] {processor.py:183} INFO - Processing /home/airflow/.local/lib/python3.8/site-packages/airflow/example_dags/example_python_operator.py took 0.100 seconds
[2024-01-28T11:12:07.670+0000] {processor.py:161} INFO - Started process (PID=2517) to work on /home/airflow/.local/lib/python3.8/site-packages/airflow/example_dags/example_python_operator.py
[2024-01-28T11:12:07.675+0000] {processor.py:830} INFO - Processing file /home/airflow/.local/lib/python3.8/site-packages/airflow/example_dags/example_python_operator.py for tasks to queue
[2024-01-28T11:12:07.681+0000] {logging_mixin.py:188} INFO - [2024-01-28T11:12:07.680+0000] {dagbag.py:538} INFO - Filling up the DagBag from /home/airflow/.local/lib/python3.8/site-packages/airflow/example_dags/example_python_operator.py
[2024-01-28T11:12:07.716+0000] {processor.py:840} INFO - DAG(s) 'example_python_operator' retrieved from /home/airflow/.local/lib/python3.8/site-packages/airflow/example_dags/example_python_operator.py
[2024-01-28T11:12:07.786+0000] {logging_mixin.py:188} INFO - [2024-01-28T11:12:07.786+0000] {dag.py:3036} INFO - Sync 1 DAGs
[2024-01-28T11:12:07.818+0000] {logging_mixin.py:188} INFO - [2024-01-28T11:12:07.818+0000] {dag.py:3823} INFO - Setting next_dagrun for example_python_operator to None, run_after=None
[2024-01-28T11:12:07.852+0000] {processor.py:183} INFO - Processing /home/airflow/.local/lib/python3.8/site-packages/airflow/example_dags/example_python_operator.py took 0.189 seconds
[2024-01-28T11:12:38.511+0000] {processor.py:161} INFO - Started process (PID=2575) to work on /home/airflow/.local/lib/python3.8/site-packages/airflow/example_dags/example_python_operator.py
[2024-01-28T11:12:38.513+0000] {processor.py:830} INFO - Processing file /home/airflow/.local/lib/python3.8/site-packages/airflow/example_dags/example_python_operator.py for tasks to queue
[2024-01-28T11:12:38.516+0000] {logging_mixin.py:188} INFO - [2024-01-28T11:12:38.516+0000] {dagbag.py:538} INFO - Filling up the DagBag from /home/airflow/.local/lib/python3.8/site-packages/airflow/example_dags/example_python_operator.py
[2024-01-28T11:12:38.535+0000] {processor.py:840} INFO - DAG(s) 'example_python_operator' retrieved from /home/airflow/.local/lib/python3.8/site-packages/airflow/example_dags/example_python_operator.py
[2024-01-28T11:12:38.567+0000] {logging_mixin.py:188} INFO - [2024-01-28T11:12:38.567+0000] {dag.py:3036} INFO - Sync 1 DAGs
[2024-01-28T11:12:38.585+0000] {logging_mixin.py:188} INFO - [2024-01-28T11:12:38.584+0000] {dag.py:3823} INFO - Setting next_dagrun for example_python_operator to None, run_after=None
[2024-01-28T11:12:38.613+0000] {processor.py:183} INFO - Processing /home/airflow/.local/lib/python3.8/site-packages/airflow/example_dags/example_python_operator.py took 0.106 seconds
[2024-01-28T11:13:08.805+0000] {processor.py:161} INFO - Started process (PID=2632) to work on /home/airflow/.local/lib/python3.8/site-packages/airflow/example_dags/example_python_operator.py
[2024-01-28T11:13:08.808+0000] {processor.py:830} INFO - Processing file /home/airflow/.local/lib/python3.8/site-packages/airflow/example_dags/example_python_operator.py for tasks to queue
[2024-01-28T11:13:08.811+0000] {logging_mixin.py:188} INFO - [2024-01-28T11:13:08.811+0000] {dagbag.py:538} INFO - Filling up the DagBag from /home/airflow/.local/lib/python3.8/site-packages/airflow/example_dags/example_python_operator.py
[2024-01-28T11:13:08.828+0000] {processor.py:840} INFO - DAG(s) 'example_python_operator' retrieved from /home/airflow/.local/lib/python3.8/site-packages/airflow/example_dags/example_python_operator.py
[2024-01-28T11:13:08.868+0000] {logging_mixin.py:188} INFO - [2024-01-28T11:13:08.868+0000] {dag.py:3036} INFO - Sync 1 DAGs
[2024-01-28T11:13:08.885+0000] {logging_mixin.py:188} INFO - [2024-01-28T11:13:08.884+0000] {dag.py:3823} INFO - Setting next_dagrun for example_python_operator to None, run_after=None
[2024-01-28T11:13:08.911+0000] {processor.py:183} INFO - Processing /home/airflow/.local/lib/python3.8/site-packages/airflow/example_dags/example_python_operator.py took 0.110 seconds
[2024-01-28T11:13:39.319+0000] {processor.py:161} INFO - Started process (PID=2689) to work on /home/airflow/.local/lib/python3.8/site-packages/airflow/example_dags/example_python_operator.py
[2024-01-28T11:13:39.320+0000] {processor.py:830} INFO - Processing file /home/airflow/.local/lib/python3.8/site-packages/airflow/example_dags/example_python_operator.py for tasks to queue
[2024-01-28T11:13:39.326+0000] {logging_mixin.py:188} INFO - [2024-01-28T11:13:39.325+0000] {dagbag.py:538} INFO - Filling up the DagBag from /home/airflow/.local/lib/python3.8/site-packages/airflow/example_dags/example_python_operator.py
[2024-01-28T11:13:39.345+0000] {processor.py:840} INFO - DAG(s) 'example_python_operator' retrieved from /home/airflow/.local/lib/python3.8/site-packages/airflow/example_dags/example_python_operator.py
[2024-01-28T11:13:39.383+0000] {logging_mixin.py:188} INFO - [2024-01-28T11:13:39.383+0000] {dag.py:3036} INFO - Sync 1 DAGs
[2024-01-28T11:13:39.416+0000] {logging_mixin.py:188} INFO - [2024-01-28T11:13:39.415+0000] {dag.py:3823} INFO - Setting next_dagrun for example_python_operator to None, run_after=None
[2024-01-28T11:13:39.458+0000] {processor.py:183} INFO - Processing /home/airflow/.local/lib/python3.8/site-packages/airflow/example_dags/example_python_operator.py took 0.144 seconds
[2024-01-28T11:14:10.093+0000] {processor.py:161} INFO - Started process (PID=2746) to work on /home/airflow/.local/lib/python3.8/site-packages/airflow/example_dags/example_python_operator.py
[2024-01-28T11:14:10.095+0000] {processor.py:830} INFO - Processing file /home/airflow/.local/lib/python3.8/site-packages/airflow/example_dags/example_python_operator.py for tasks to queue
[2024-01-28T11:14:10.098+0000] {logging_mixin.py:188} INFO - [2024-01-28T11:14:10.097+0000] {dagbag.py:538} INFO - Filling up the DagBag from /home/airflow/.local/lib/python3.8/site-packages/airflow/example_dags/example_python_operator.py
[2024-01-28T11:14:10.113+0000] {processor.py:840} INFO - DAG(s) 'example_python_operator' retrieved from /home/airflow/.local/lib/python3.8/site-packages/airflow/example_dags/example_python_operator.py
[2024-01-28T11:14:10.147+0000] {logging_mixin.py:188} INFO - [2024-01-28T11:14:10.147+0000] {dag.py:3036} INFO - Sync 1 DAGs
[2024-01-28T11:14:10.169+0000] {logging_mixin.py:188} INFO - [2024-01-28T11:14:10.168+0000] {dag.py:3823} INFO - Setting next_dagrun for example_python_operator to None, run_after=None
[2024-01-28T11:14:10.195+0000] {processor.py:183} INFO - Processing /home/airflow/.local/lib/python3.8/site-packages/airflow/example_dags/example_python_operator.py took 0.107 seconds
[2024-01-28T11:14:41.082+0000] {processor.py:161} INFO - Started process (PID=2804) to work on /home/airflow/.local/lib/python3.8/site-packages/airflow/example_dags/example_python_operator.py
[2024-01-28T11:14:41.085+0000] {processor.py:830} INFO - Processing file /home/airflow/.local/lib/python3.8/site-packages/airflow/example_dags/example_python_operator.py for tasks to queue
[2024-01-28T11:14:41.089+0000] {logging_mixin.py:188} INFO - [2024-01-28T11:14:41.089+0000] {dagbag.py:538} INFO - Filling up the DagBag from /home/airflow/.local/lib/python3.8/site-packages/airflow/example_dags/example_python_operator.py
[2024-01-28T11:14:41.111+0000] {processor.py:840} INFO - DAG(s) 'example_python_operator' retrieved from /home/airflow/.local/lib/python3.8/site-packages/airflow/example_dags/example_python_operator.py
[2024-01-28T11:14:41.170+0000] {logging_mixin.py:188} INFO - [2024-01-28T11:14:41.170+0000] {dag.py:3036} INFO - Sync 1 DAGs
[2024-01-28T11:14:41.192+0000] {logging_mixin.py:188} INFO - [2024-01-28T11:14:41.191+0000] {dag.py:3823} INFO - Setting next_dagrun for example_python_operator to None, run_after=None
[2024-01-28T11:14:41.218+0000] {processor.py:183} INFO - Processing /home/airflow/.local/lib/python3.8/site-packages/airflow/example_dags/example_python_operator.py took 0.142 seconds
[2024-01-28T11:15:12.623+0000] {processor.py:161} INFO - Started process (PID=2861) to work on /home/airflow/.local/lib/python3.8/site-packages/airflow/example_dags/example_python_operator.py
[2024-01-28T11:15:12.632+0000] {processor.py:830} INFO - Processing file /home/airflow/.local/lib/python3.8/site-packages/airflow/example_dags/example_python_operator.py for tasks to queue
[2024-01-28T11:15:12.642+0000] {logging_mixin.py:188} INFO - [2024-01-28T11:15:12.640+0000] {dagbag.py:538} INFO - Filling up the DagBag from /home/airflow/.local/lib/python3.8/site-packages/airflow/example_dags/example_python_operator.py
[2024-01-28T11:15:12.673+0000] {processor.py:840} INFO - DAG(s) 'example_python_operator' retrieved from /home/airflow/.local/lib/python3.8/site-packages/airflow/example_dags/example_python_operator.py
[2024-01-28T11:15:12.738+0000] {logging_mixin.py:188} INFO - [2024-01-28T11:15:12.738+0000] {dag.py:3036} INFO - Sync 1 DAGs
[2024-01-28T11:15:12.768+0000] {logging_mixin.py:188} INFO - [2024-01-28T11:15:12.768+0000] {dag.py:3823} INFO - Setting next_dagrun for example_python_operator to None, run_after=None
[2024-01-28T11:15:13.062+0000] {processor.py:183} INFO - Processing /home/airflow/.local/lib/python3.8/site-packages/airflow/example_dags/example_python_operator.py took 0.446 seconds
[2024-01-28T11:15:43.300+0000] {processor.py:161} INFO - Started process (PID=2917) to work on /home/airflow/.local/lib/python3.8/site-packages/airflow/example_dags/example_python_operator.py
[2024-01-28T11:15:43.303+0000] {processor.py:830} INFO - Processing file /home/airflow/.local/lib/python3.8/site-packages/airflow/example_dags/example_python_operator.py for tasks to queue
[2024-01-28T11:15:43.308+0000] {logging_mixin.py:188} INFO - [2024-01-28T11:15:43.307+0000] {dagbag.py:538} INFO - Filling up the DagBag from /home/airflow/.local/lib/python3.8/site-packages/airflow/example_dags/example_python_operator.py
[2024-01-28T11:15:43.338+0000] {processor.py:840} INFO - DAG(s) 'example_python_operator' retrieved from /home/airflow/.local/lib/python3.8/site-packages/airflow/example_dags/example_python_operator.py
[2024-01-28T11:15:43.390+0000] {logging_mixin.py:188} INFO - [2024-01-28T11:15:43.390+0000] {dag.py:3036} INFO - Sync 1 DAGs
[2024-01-28T11:15:43.418+0000] {logging_mixin.py:188} INFO - [2024-01-28T11:15:43.417+0000] {dag.py:3823} INFO - Setting next_dagrun for example_python_operator to None, run_after=None
[2024-01-28T11:15:43.460+0000] {processor.py:183} INFO - Processing /home/airflow/.local/lib/python3.8/site-packages/airflow/example_dags/example_python_operator.py took 0.165 seconds
[2024-01-28T11:16:14.193+0000] {processor.py:161} INFO - Started process (PID=2974) to work on /home/airflow/.local/lib/python3.8/site-packages/airflow/example_dags/example_python_operator.py
[2024-01-28T11:16:14.198+0000] {processor.py:830} INFO - Processing file /home/airflow/.local/lib/python3.8/site-packages/airflow/example_dags/example_python_operator.py for tasks to queue
[2024-01-28T11:16:14.212+0000] {logging_mixin.py:188} INFO - [2024-01-28T11:16:14.210+0000] {dagbag.py:538} INFO - Filling up the DagBag from /home/airflow/.local/lib/python3.8/site-packages/airflow/example_dags/example_python_operator.py
[2024-01-28T11:16:14.242+0000] {processor.py:840} INFO - DAG(s) 'example_python_operator' retrieved from /home/airflow/.local/lib/python3.8/site-packages/airflow/example_dags/example_python_operator.py
[2024-01-28T11:16:14.309+0000] {logging_mixin.py:188} INFO - [2024-01-28T11:16:14.308+0000] {dag.py:3036} INFO - Sync 1 DAGs
[2024-01-28T11:16:14.338+0000] {logging_mixin.py:188} INFO - [2024-01-28T11:16:14.338+0000] {dag.py:3823} INFO - Setting next_dagrun for example_python_operator to None, run_after=None
[2024-01-28T11:16:14.379+0000] {processor.py:183} INFO - Processing /home/airflow/.local/lib/python3.8/site-packages/airflow/example_dags/example_python_operator.py took 0.196 seconds
[2024-01-28T11:16:44.544+0000] {processor.py:161} INFO - Started process (PID=3031) to work on /home/airflow/.local/lib/python3.8/site-packages/airflow/example_dags/example_python_operator.py
[2024-01-28T11:16:44.549+0000] {processor.py:830} INFO - Processing file /home/airflow/.local/lib/python3.8/site-packages/airflow/example_dags/example_python_operator.py for tasks to queue
[2024-01-28T11:16:44.554+0000] {logging_mixin.py:188} INFO - [2024-01-28T11:16:44.553+0000] {dagbag.py:538} INFO - Filling up the DagBag from /home/airflow/.local/lib/python3.8/site-packages/airflow/example_dags/example_python_operator.py
[2024-01-28T11:16:44.578+0000] {processor.py:840} INFO - DAG(s) 'example_python_operator' retrieved from /home/airflow/.local/lib/python3.8/site-packages/airflow/example_dags/example_python_operator.py
[2024-01-28T11:16:44.646+0000] {logging_mixin.py:188} INFO - [2024-01-28T11:16:44.645+0000] {dag.py:3036} INFO - Sync 1 DAGs
[2024-01-28T11:16:44.684+0000] {logging_mixin.py:188} INFO - [2024-01-28T11:16:44.684+0000] {dag.py:3823} INFO - Setting next_dagrun for example_python_operator to None, run_after=None
[2024-01-28T11:16:44.735+0000] {processor.py:183} INFO - Processing /home/airflow/.local/lib/python3.8/site-packages/airflow/example_dags/example_python_operator.py took 0.199 seconds
[2024-01-28T11:17:15.431+0000] {processor.py:161} INFO - Started process (PID=3089) to work on /home/airflow/.local/lib/python3.8/site-packages/airflow/example_dags/example_python_operator.py
[2024-01-28T11:17:15.438+0000] {processor.py:830} INFO - Processing file /home/airflow/.local/lib/python3.8/site-packages/airflow/example_dags/example_python_operator.py for tasks to queue
[2024-01-28T11:17:15.442+0000] {logging_mixin.py:188} INFO - [2024-01-28T11:17:15.441+0000] {dagbag.py:538} INFO - Filling up the DagBag from /home/airflow/.local/lib/python3.8/site-packages/airflow/example_dags/example_python_operator.py
[2024-01-28T11:17:15.456+0000] {processor.py:840} INFO - DAG(s) 'example_python_operator' retrieved from /home/airflow/.local/lib/python3.8/site-packages/airflow/example_dags/example_python_operator.py
[2024-01-28T11:17:15.649+0000] {logging_mixin.py:188} INFO - [2024-01-28T11:17:15.649+0000] {dag.py:3036} INFO - Sync 1 DAGs
[2024-01-28T11:17:15.665+0000] {logging_mixin.py:188} INFO - [2024-01-28T11:17:15.665+0000] {dag.py:3823} INFO - Setting next_dagrun for example_python_operator to None, run_after=None
[2024-01-28T11:17:15.689+0000] {processor.py:183} INFO - Processing /home/airflow/.local/lib/python3.8/site-packages/airflow/example_dags/example_python_operator.py took 0.265 seconds
[2024-01-28T11:17:46.139+0000] {processor.py:161} INFO - Started process (PID=3146) to work on /home/airflow/.local/lib/python3.8/site-packages/airflow/example_dags/example_python_operator.py
[2024-01-28T11:17:46.142+0000] {processor.py:830} INFO - Processing file /home/airflow/.local/lib/python3.8/site-packages/airflow/example_dags/example_python_operator.py for tasks to queue
[2024-01-28T11:17:46.146+0000] {logging_mixin.py:188} INFO - [2024-01-28T11:17:46.145+0000] {dagbag.py:538} INFO - Filling up the DagBag from /home/airflow/.local/lib/python3.8/site-packages/airflow/example_dags/example_python_operator.py
[2024-01-28T11:17:46.171+0000] {processor.py:840} INFO - DAG(s) 'example_python_operator' retrieved from /home/airflow/.local/lib/python3.8/site-packages/airflow/example_dags/example_python_operator.py
[2024-01-28T11:17:46.217+0000] {logging_mixin.py:188} INFO - [2024-01-28T11:17:46.217+0000] {dag.py:3036} INFO - Sync 1 DAGs
[2024-01-28T11:17:46.462+0000] {logging_mixin.py:188} INFO - [2024-01-28T11:17:46.461+0000] {dag.py:3823} INFO - Setting next_dagrun for example_python_operator to None, run_after=None
[2024-01-28T11:17:46.502+0000] {processor.py:183} INFO - Processing /home/airflow/.local/lib/python3.8/site-packages/airflow/example_dags/example_python_operator.py took 0.369 seconds
[2024-01-28T11:18:17.203+0000] {processor.py:161} INFO - Started process (PID=3204) to work on /home/airflow/.local/lib/python3.8/site-packages/airflow/example_dags/example_python_operator.py
[2024-01-28T11:18:17.205+0000] {processor.py:830} INFO - Processing file /home/airflow/.local/lib/python3.8/site-packages/airflow/example_dags/example_python_operator.py for tasks to queue
[2024-01-28T11:18:17.211+0000] {logging_mixin.py:188} INFO - [2024-01-28T11:18:17.210+0000] {dagbag.py:538} INFO - Filling up the DagBag from /home/airflow/.local/lib/python3.8/site-packages/airflow/example_dags/example_python_operator.py
[2024-01-28T11:18:17.231+0000] {processor.py:840} INFO - DAG(s) 'example_python_operator' retrieved from /home/airflow/.local/lib/python3.8/site-packages/airflow/example_dags/example_python_operator.py
[2024-01-28T11:18:17.266+0000] {logging_mixin.py:188} INFO - [2024-01-28T11:18:17.266+0000] {dag.py:3036} INFO - Sync 1 DAGs
[2024-01-28T11:18:17.283+0000] {logging_mixin.py:188} INFO - [2024-01-28T11:18:17.283+0000] {dag.py:3823} INFO - Setting next_dagrun for example_python_operator to None, run_after=None
[2024-01-28T11:18:17.328+0000] {processor.py:183} INFO - Processing /home/airflow/.local/lib/python3.8/site-packages/airflow/example_dags/example_python_operator.py took 0.130 seconds
[2024-01-28T11:18:48.043+0000] {processor.py:161} INFO - Started process (PID=3260) to work on /home/airflow/.local/lib/python3.8/site-packages/airflow/example_dags/example_python_operator.py
[2024-01-28T11:18:48.046+0000] {processor.py:830} INFO - Processing file /home/airflow/.local/lib/python3.8/site-packages/airflow/example_dags/example_python_operator.py for tasks to queue
[2024-01-28T11:18:48.049+0000] {logging_mixin.py:188} INFO - [2024-01-28T11:18:48.049+0000] {dagbag.py:538} INFO - Filling up the DagBag from /home/airflow/.local/lib/python3.8/site-packages/airflow/example_dags/example_python_operator.py
[2024-01-28T11:18:48.066+0000] {processor.py:840} INFO - DAG(s) 'example_python_operator' retrieved from /home/airflow/.local/lib/python3.8/site-packages/airflow/example_dags/example_python_operator.py
[2024-01-28T11:18:48.104+0000] {logging_mixin.py:188} INFO - [2024-01-28T11:18:48.103+0000] {dag.py:3036} INFO - Sync 1 DAGs
[2024-01-28T11:18:48.123+0000] {logging_mixin.py:188} INFO - [2024-01-28T11:18:48.123+0000] {dag.py:3823} INFO - Setting next_dagrun for example_python_operator to None, run_after=None
[2024-01-28T11:18:48.155+0000] {processor.py:183} INFO - Processing /home/airflow/.local/lib/python3.8/site-packages/airflow/example_dags/example_python_operator.py took 0.118 seconds
[2024-01-28T11:19:18.976+0000] {processor.py:161} INFO - Started process (PID=3316) to work on /home/airflow/.local/lib/python3.8/site-packages/airflow/example_dags/example_python_operator.py
[2024-01-28T11:19:18.979+0000] {processor.py:830} INFO - Processing file /home/airflow/.local/lib/python3.8/site-packages/airflow/example_dags/example_python_operator.py for tasks to queue
[2024-01-28T11:19:18.984+0000] {logging_mixin.py:188} INFO - [2024-01-28T11:19:18.983+0000] {dagbag.py:538} INFO - Filling up the DagBag from /home/airflow/.local/lib/python3.8/site-packages/airflow/example_dags/example_python_operator.py
[2024-01-28T11:19:19.030+0000] {processor.py:840} INFO - DAG(s) 'example_python_operator' retrieved from /home/airflow/.local/lib/python3.8/site-packages/airflow/example_dags/example_python_operator.py
[2024-01-28T11:19:19.102+0000] {logging_mixin.py:188} INFO - [2024-01-28T11:19:19.102+0000] {dag.py:3036} INFO - Sync 1 DAGs
[2024-01-28T11:19:19.130+0000] {logging_mixin.py:188} INFO - [2024-01-28T11:19:19.130+0000] {dag.py:3823} INFO - Setting next_dagrun for example_python_operator to None, run_after=None
[2024-01-28T11:19:19.173+0000] {processor.py:183} INFO - Processing /home/airflow/.local/lib/python3.8/site-packages/airflow/example_dags/example_python_operator.py took 0.203 seconds
[2024-01-28T11:19:49.398+0000] {processor.py:161} INFO - Started process (PID=3374) to work on /home/airflow/.local/lib/python3.8/site-packages/airflow/example_dags/example_python_operator.py
[2024-01-28T11:19:49.401+0000] {processor.py:830} INFO - Processing file /home/airflow/.local/lib/python3.8/site-packages/airflow/example_dags/example_python_operator.py for tasks to queue
[2024-01-28T11:19:49.404+0000] {logging_mixin.py:188} INFO - [2024-01-28T11:19:49.404+0000] {dagbag.py:538} INFO - Filling up the DagBag from /home/airflow/.local/lib/python3.8/site-packages/airflow/example_dags/example_python_operator.py
[2024-01-28T11:19:49.423+0000] {processor.py:840} INFO - DAG(s) 'example_python_operator' retrieved from /home/airflow/.local/lib/python3.8/site-packages/airflow/example_dags/example_python_operator.py
[2024-01-28T11:19:49.469+0000] {logging_mixin.py:188} INFO - [2024-01-28T11:19:49.469+0000] {dag.py:3036} INFO - Sync 1 DAGs
[2024-01-28T11:19:49.488+0000] {logging_mixin.py:188} INFO - [2024-01-28T11:19:49.487+0000] {dag.py:3823} INFO - Setting next_dagrun for example_python_operator to None, run_after=None
[2024-01-28T11:19:49.519+0000] {processor.py:183} INFO - Processing /home/airflow/.local/lib/python3.8/site-packages/airflow/example_dags/example_python_operator.py took 0.127 seconds
[2024-01-28T11:20:19.976+0000] {processor.py:161} INFO - Started process (PID=3431) to work on /home/airflow/.local/lib/python3.8/site-packages/airflow/example_dags/example_python_operator.py
[2024-01-28T11:20:19.978+0000] {processor.py:830} INFO - Processing file /home/airflow/.local/lib/python3.8/site-packages/airflow/example_dags/example_python_operator.py for tasks to queue
[2024-01-28T11:20:19.983+0000] {logging_mixin.py:188} INFO - [2024-01-28T11:20:19.983+0000] {dagbag.py:538} INFO - Filling up the DagBag from /home/airflow/.local/lib/python3.8/site-packages/airflow/example_dags/example_python_operator.py
[2024-01-28T11:20:20.006+0000] {processor.py:840} INFO - DAG(s) 'example_python_operator' retrieved from /home/airflow/.local/lib/python3.8/site-packages/airflow/example_dags/example_python_operator.py
[2024-01-28T11:20:20.100+0000] {logging_mixin.py:188} INFO - [2024-01-28T11:20:20.100+0000] {dag.py:3036} INFO - Sync 1 DAGs
[2024-01-28T11:20:20.140+0000] {logging_mixin.py:188} INFO - [2024-01-28T11:20:20.139+0000] {dag.py:3823} INFO - Setting next_dagrun for example_python_operator to None, run_after=None
[2024-01-28T11:20:20.171+0000] {processor.py:183} INFO - Processing /home/airflow/.local/lib/python3.8/site-packages/airflow/example_dags/example_python_operator.py took 0.200 seconds
[2024-01-28T11:20:50.370+0000] {processor.py:161} INFO - Started process (PID=3489) to work on /home/airflow/.local/lib/python3.8/site-packages/airflow/example_dags/example_python_operator.py
[2024-01-28T11:20:50.372+0000] {processor.py:830} INFO - Processing file /home/airflow/.local/lib/python3.8/site-packages/airflow/example_dags/example_python_operator.py for tasks to queue
[2024-01-28T11:20:50.376+0000] {logging_mixin.py:188} INFO - [2024-01-28T11:20:50.375+0000] {dagbag.py:538} INFO - Filling up the DagBag from /home/airflow/.local/lib/python3.8/site-packages/airflow/example_dags/example_python_operator.py
[2024-01-28T11:20:50.391+0000] {processor.py:840} INFO - DAG(s) 'example_python_operator' retrieved from /home/airflow/.local/lib/python3.8/site-packages/airflow/example_dags/example_python_operator.py
[2024-01-28T11:20:50.426+0000] {logging_mixin.py:188} INFO - [2024-01-28T11:20:50.425+0000] {dag.py:3036} INFO - Sync 1 DAGs
[2024-01-28T11:20:50.443+0000] {logging_mixin.py:188} INFO - [2024-01-28T11:20:50.442+0000] {dag.py:3823} INFO - Setting next_dagrun for example_python_operator to None, run_after=None
[2024-01-28T11:20:50.471+0000] {processor.py:183} INFO - Processing /home/airflow/.local/lib/python3.8/site-packages/airflow/example_dags/example_python_operator.py took 0.105 seconds
[2024-01-28T11:21:21.154+0000] {processor.py:161} INFO - Started process (PID=3547) to work on /home/airflow/.local/lib/python3.8/site-packages/airflow/example_dags/example_python_operator.py
[2024-01-28T11:21:21.156+0000] {processor.py:830} INFO - Processing file /home/airflow/.local/lib/python3.8/site-packages/airflow/example_dags/example_python_operator.py for tasks to queue
[2024-01-28T11:21:21.159+0000] {logging_mixin.py:188} INFO - [2024-01-28T11:21:21.158+0000] {dagbag.py:538} INFO - Filling up the DagBag from /home/airflow/.local/lib/python3.8/site-packages/airflow/example_dags/example_python_operator.py
[2024-01-28T11:21:21.174+0000] {processor.py:840} INFO - DAG(s) 'example_python_operator' retrieved from /home/airflow/.local/lib/python3.8/site-packages/airflow/example_dags/example_python_operator.py
[2024-01-28T11:21:21.222+0000] {logging_mixin.py:188} INFO - [2024-01-28T11:21:21.222+0000] {dag.py:3036} INFO - Sync 1 DAGs
[2024-01-28T11:21:21.239+0000] {logging_mixin.py:188} INFO - [2024-01-28T11:21:21.238+0000] {dag.py:3823} INFO - Setting next_dagrun for example_python_operator to None, run_after=None
[2024-01-28T11:21:21.271+0000] {processor.py:183} INFO - Processing /home/airflow/.local/lib/python3.8/site-packages/airflow/example_dags/example_python_operator.py took 0.122 seconds
[2024-01-28T11:21:51.624+0000] {processor.py:161} INFO - Started process (PID=3605) to work on /home/airflow/.local/lib/python3.8/site-packages/airflow/example_dags/example_python_operator.py
[2024-01-28T11:21:51.626+0000] {processor.py:830} INFO - Processing file /home/airflow/.local/lib/python3.8/site-packages/airflow/example_dags/example_python_operator.py for tasks to queue
[2024-01-28T11:21:51.631+0000] {logging_mixin.py:188} INFO - [2024-01-28T11:21:51.630+0000] {dagbag.py:538} INFO - Filling up the DagBag from /home/airflow/.local/lib/python3.8/site-packages/airflow/example_dags/example_python_operator.py
[2024-01-28T11:21:51.648+0000] {processor.py:840} INFO - DAG(s) 'example_python_operator' retrieved from /home/airflow/.local/lib/python3.8/site-packages/airflow/example_dags/example_python_operator.py
[2024-01-28T11:21:51.683+0000] {logging_mixin.py:188} INFO - [2024-01-28T11:21:51.683+0000] {dag.py:3036} INFO - Sync 1 DAGs
[2024-01-28T11:21:51.715+0000] {logging_mixin.py:188} INFO - [2024-01-28T11:21:51.714+0000] {dag.py:3823} INFO - Setting next_dagrun for example_python_operator to None, run_after=None
[2024-01-28T11:21:51.752+0000] {processor.py:183} INFO - Processing /home/airflow/.local/lib/python3.8/site-packages/airflow/example_dags/example_python_operator.py took 0.133 seconds
[2024-01-28T11:22:22.385+0000] {processor.py:161} INFO - Started process (PID=3663) to work on /home/airflow/.local/lib/python3.8/site-packages/airflow/example_dags/example_python_operator.py
[2024-01-28T11:22:22.388+0000] {processor.py:830} INFO - Processing file /home/airflow/.local/lib/python3.8/site-packages/airflow/example_dags/example_python_operator.py for tasks to queue
[2024-01-28T11:22:22.391+0000] {logging_mixin.py:188} INFO - [2024-01-28T11:22:22.391+0000] {dagbag.py:538} INFO - Filling up the DagBag from /home/airflow/.local/lib/python3.8/site-packages/airflow/example_dags/example_python_operator.py
[2024-01-28T11:22:22.406+0000] {processor.py:840} INFO - DAG(s) 'example_python_operator' retrieved from /home/airflow/.local/lib/python3.8/site-packages/airflow/example_dags/example_python_operator.py
[2024-01-28T11:22:22.441+0000] {logging_mixin.py:188} INFO - [2024-01-28T11:22:22.441+0000] {dag.py:3036} INFO - Sync 1 DAGs
[2024-01-28T11:22:22.457+0000] {logging_mixin.py:188} INFO - [2024-01-28T11:22:22.457+0000] {dag.py:3823} INFO - Setting next_dagrun for example_python_operator to None, run_after=None
[2024-01-28T11:22:22.486+0000] {processor.py:183} INFO - Processing /home/airflow/.local/lib/python3.8/site-packages/airflow/example_dags/example_python_operator.py took 0.105 seconds
[2024-01-28T11:22:52.657+0000] {processor.py:161} INFO - Started process (PID=3721) to work on /home/airflow/.local/lib/python3.8/site-packages/airflow/example_dags/example_python_operator.py
[2024-01-28T11:22:52.659+0000] {processor.py:830} INFO - Processing file /home/airflow/.local/lib/python3.8/site-packages/airflow/example_dags/example_python_operator.py for tasks to queue
[2024-01-28T11:22:52.663+0000] {logging_mixin.py:188} INFO - [2024-01-28T11:22:52.662+0000] {dagbag.py:538} INFO - Filling up the DagBag from /home/airflow/.local/lib/python3.8/site-packages/airflow/example_dags/example_python_operator.py
[2024-01-28T11:22:52.677+0000] {processor.py:840} INFO - DAG(s) 'example_python_operator' retrieved from /home/airflow/.local/lib/python3.8/site-packages/airflow/example_dags/example_python_operator.py
[2024-01-28T11:22:52.716+0000] {logging_mixin.py:188} INFO - [2024-01-28T11:22:52.716+0000] {dag.py:3036} INFO - Sync 1 DAGs
[2024-01-28T11:22:52.732+0000] {logging_mixin.py:188} INFO - [2024-01-28T11:22:52.731+0000] {dag.py:3823} INFO - Setting next_dagrun for example_python_operator to None, run_after=None
[2024-01-28T11:22:52.754+0000] {processor.py:183} INFO - Processing /home/airflow/.local/lib/python3.8/site-packages/airflow/example_dags/example_python_operator.py took 0.101 seconds
[2024-01-28T11:23:23.170+0000] {processor.py:161} INFO - Started process (PID=3777) to work on /home/airflow/.local/lib/python3.8/site-packages/airflow/example_dags/example_python_operator.py
[2024-01-28T11:23:23.174+0000] {processor.py:830} INFO - Processing file /home/airflow/.local/lib/python3.8/site-packages/airflow/example_dags/example_python_operator.py for tasks to queue
[2024-01-28T11:23:23.177+0000] {logging_mixin.py:188} INFO - [2024-01-28T11:23:23.176+0000] {dagbag.py:538} INFO - Filling up the DagBag from /home/airflow/.local/lib/python3.8/site-packages/airflow/example_dags/example_python_operator.py
[2024-01-28T11:23:23.195+0000] {processor.py:840} INFO - DAG(s) 'example_python_operator' retrieved from /home/airflow/.local/lib/python3.8/site-packages/airflow/example_dags/example_python_operator.py
[2024-01-28T11:23:23.234+0000] {logging_mixin.py:188} INFO - [2024-01-28T11:23:23.234+0000] {dag.py:3036} INFO - Sync 1 DAGs
[2024-01-28T11:23:23.252+0000] {logging_mixin.py:188} INFO - [2024-01-28T11:23:23.251+0000] {dag.py:3823} INFO - Setting next_dagrun for example_python_operator to None, run_after=None
[2024-01-28T11:23:23.277+0000] {processor.py:183} INFO - Processing /home/airflow/.local/lib/python3.8/site-packages/airflow/example_dags/example_python_operator.py took 0.115 seconds
[2024-01-28T11:23:53.896+0000] {processor.py:161} INFO - Started process (PID=3835) to work on /home/airflow/.local/lib/python3.8/site-packages/airflow/example_dags/example_python_operator.py
[2024-01-28T11:23:53.898+0000] {processor.py:830} INFO - Processing file /home/airflow/.local/lib/python3.8/site-packages/airflow/example_dags/example_python_operator.py for tasks to queue
[2024-01-28T11:23:53.903+0000] {logging_mixin.py:188} INFO - [2024-01-28T11:23:53.901+0000] {dagbag.py:538} INFO - Filling up the DagBag from /home/airflow/.local/lib/python3.8/site-packages/airflow/example_dags/example_python_operator.py
[2024-01-28T11:23:53.918+0000] {processor.py:840} INFO - DAG(s) 'example_python_operator' retrieved from /home/airflow/.local/lib/python3.8/site-packages/airflow/example_dags/example_python_operator.py
[2024-01-28T11:23:53.967+0000] {logging_mixin.py:188} INFO - [2024-01-28T11:23:53.967+0000] {dag.py:3036} INFO - Sync 1 DAGs
[2024-01-28T11:23:53.986+0000] {logging_mixin.py:188} INFO - [2024-01-28T11:23:53.985+0000] {dag.py:3823} INFO - Setting next_dagrun for example_python_operator to None, run_after=None
[2024-01-28T11:23:54.014+0000] {processor.py:183} INFO - Processing /home/airflow/.local/lib/python3.8/site-packages/airflow/example_dags/example_python_operator.py took 0.129 seconds
[2024-01-28T11:24:24.997+0000] {processor.py:161} INFO - Started process (PID=3891) to work on /home/airflow/.local/lib/python3.8/site-packages/airflow/example_dags/example_python_operator.py
[2024-01-28T11:24:25.000+0000] {processor.py:830} INFO - Processing file /home/airflow/.local/lib/python3.8/site-packages/airflow/example_dags/example_python_operator.py for tasks to queue
[2024-01-28T11:24:25.009+0000] {logging_mixin.py:188} INFO - [2024-01-28T11:24:25.008+0000] {dagbag.py:538} INFO - Filling up the DagBag from /home/airflow/.local/lib/python3.8/site-packages/airflow/example_dags/example_python_operator.py
[2024-01-28T11:24:25.057+0000] {processor.py:840} INFO - DAG(s) 'example_python_operator' retrieved from /home/airflow/.local/lib/python3.8/site-packages/airflow/example_dags/example_python_operator.py
[2024-01-28T11:24:25.152+0000] {logging_mixin.py:188} INFO - [2024-01-28T11:24:25.151+0000] {dag.py:3036} INFO - Sync 1 DAGs
[2024-01-28T11:24:25.225+0000] {logging_mixin.py:188} INFO - [2024-01-28T11:24:25.224+0000] {dag.py:3823} INFO - Setting next_dagrun for example_python_operator to None, run_after=None
[2024-01-28T11:24:25.320+0000] {processor.py:183} INFO - Processing /home/airflow/.local/lib/python3.8/site-packages/airflow/example_dags/example_python_operator.py took 0.329 seconds
[2024-01-28T11:24:55.425+0000] {processor.py:161} INFO - Started process (PID=3949) to work on /home/airflow/.local/lib/python3.8/site-packages/airflow/example_dags/example_python_operator.py
[2024-01-28T11:24:55.428+0000] {processor.py:830} INFO - Processing file /home/airflow/.local/lib/python3.8/site-packages/airflow/example_dags/example_python_operator.py for tasks to queue
[2024-01-28T11:24:55.433+0000] {logging_mixin.py:188} INFO - [2024-01-28T11:24:55.433+0000] {dagbag.py:538} INFO - Filling up the DagBag from /home/airflow/.local/lib/python3.8/site-packages/airflow/example_dags/example_python_operator.py
[2024-01-28T11:24:55.453+0000] {processor.py:840} INFO - DAG(s) 'example_python_operator' retrieved from /home/airflow/.local/lib/python3.8/site-packages/airflow/example_dags/example_python_operator.py
[2024-01-28T11:24:55.494+0000] {logging_mixin.py:188} INFO - [2024-01-28T11:24:55.493+0000] {dag.py:3036} INFO - Sync 1 DAGs
[2024-01-28T11:24:55.516+0000] {logging_mixin.py:188} INFO - [2024-01-28T11:24:55.516+0000] {dag.py:3823} INFO - Setting next_dagrun for example_python_operator to None, run_after=None
[2024-01-28T11:24:55.544+0000] {processor.py:183} INFO - Processing /home/airflow/.local/lib/python3.8/site-packages/airflow/example_dags/example_python_operator.py took 0.124 seconds
[2024-01-28T11:25:25.692+0000] {processor.py:161} INFO - Started process (PID=4005) to work on /home/airflow/.local/lib/python3.8/site-packages/airflow/example_dags/example_python_operator.py
[2024-01-28T11:25:25.696+0000] {processor.py:830} INFO - Processing file /home/airflow/.local/lib/python3.8/site-packages/airflow/example_dags/example_python_operator.py for tasks to queue
[2024-01-28T11:25:25.700+0000] {logging_mixin.py:188} INFO - [2024-01-28T11:25:25.699+0000] {dagbag.py:538} INFO - Filling up the DagBag from /home/airflow/.local/lib/python3.8/site-packages/airflow/example_dags/example_python_operator.py
[2024-01-28T11:25:25.717+0000] {processor.py:840} INFO - DAG(s) 'example_python_operator' retrieved from /home/airflow/.local/lib/python3.8/site-packages/airflow/example_dags/example_python_operator.py
[2024-01-28T11:25:25.755+0000] {logging_mixin.py:188} INFO - [2024-01-28T11:25:25.754+0000] {dag.py:3036} INFO - Sync 1 DAGs
[2024-01-28T11:25:25.773+0000] {logging_mixin.py:188} INFO - [2024-01-28T11:25:25.772+0000] {dag.py:3823} INFO - Setting next_dagrun for example_python_operator to None, run_after=None
[2024-01-28T11:25:25.807+0000] {processor.py:183} INFO - Processing /home/airflow/.local/lib/python3.8/site-packages/airflow/example_dags/example_python_operator.py took 0.122 seconds
[2024-01-28T11:25:55.968+0000] {processor.py:161} INFO - Started process (PID=4063) to work on /home/airflow/.local/lib/python3.8/site-packages/airflow/example_dags/example_python_operator.py
[2024-01-28T11:25:55.971+0000] {processor.py:830} INFO - Processing file /home/airflow/.local/lib/python3.8/site-packages/airflow/example_dags/example_python_operator.py for tasks to queue
[2024-01-28T11:25:55.975+0000] {logging_mixin.py:188} INFO - [2024-01-28T11:25:55.974+0000] {dagbag.py:538} INFO - Filling up the DagBag from /home/airflow/.local/lib/python3.8/site-packages/airflow/example_dags/example_python_operator.py
[2024-01-28T11:25:55.994+0000] {processor.py:840} INFO - DAG(s) 'example_python_operator' retrieved from /home/airflow/.local/lib/python3.8/site-packages/airflow/example_dags/example_python_operator.py
[2024-01-28T11:25:56.032+0000] {logging_mixin.py:188} INFO - [2024-01-28T11:25:56.032+0000] {dag.py:3036} INFO - Sync 1 DAGs
[2024-01-28T11:25:56.050+0000] {logging_mixin.py:188} INFO - [2024-01-28T11:25:56.050+0000] {dag.py:3823} INFO - Setting next_dagrun for example_python_operator to None, run_after=None
[2024-01-28T11:25:56.080+0000] {processor.py:183} INFO - Processing /home/airflow/.local/lib/python3.8/site-packages/airflow/example_dags/example_python_operator.py took 0.118 seconds
[2024-01-28T11:26:26.787+0000] {processor.py:161} INFO - Started process (PID=4120) to work on /home/airflow/.local/lib/python3.8/site-packages/airflow/example_dags/example_python_operator.py
[2024-01-28T11:26:26.789+0000] {processor.py:830} INFO - Processing file /home/airflow/.local/lib/python3.8/site-packages/airflow/example_dags/example_python_operator.py for tasks to queue
[2024-01-28T11:26:26.793+0000] {logging_mixin.py:188} INFO - [2024-01-28T11:26:26.792+0000] {dagbag.py:538} INFO - Filling up the DagBag from /home/airflow/.local/lib/python3.8/site-packages/airflow/example_dags/example_python_operator.py
[2024-01-28T11:26:26.808+0000] {processor.py:840} INFO - DAG(s) 'example_python_operator' retrieved from /home/airflow/.local/lib/python3.8/site-packages/airflow/example_dags/example_python_operator.py
[2024-01-28T11:26:26.850+0000] {logging_mixin.py:188} INFO - [2024-01-28T11:26:26.849+0000] {dag.py:3036} INFO - Sync 1 DAGs
[2024-01-28T11:26:26.866+0000] {logging_mixin.py:188} INFO - [2024-01-28T11:26:26.866+0000] {dag.py:3823} INFO - Setting next_dagrun for example_python_operator to None, run_after=None
[2024-01-28T11:26:26.890+0000] {processor.py:183} INFO - Processing /home/airflow/.local/lib/python3.8/site-packages/airflow/example_dags/example_python_operator.py took 0.108 seconds
[2024-01-28T11:26:57.123+0000] {processor.py:161} INFO - Started process (PID=4179) to work on /home/airflow/.local/lib/python3.8/site-packages/airflow/example_dags/example_python_operator.py
[2024-01-28T11:26:57.127+0000] {processor.py:830} INFO - Processing file /home/airflow/.local/lib/python3.8/site-packages/airflow/example_dags/example_python_operator.py for tasks to queue
[2024-01-28T11:26:57.134+0000] {logging_mixin.py:188} INFO - [2024-01-28T11:26:57.130+0000] {dagbag.py:538} INFO - Filling up the DagBag from /home/airflow/.local/lib/python3.8/site-packages/airflow/example_dags/example_python_operator.py
[2024-01-28T11:26:57.158+0000] {processor.py:840} INFO - DAG(s) 'example_python_operator' retrieved from /home/airflow/.local/lib/python3.8/site-packages/airflow/example_dags/example_python_operator.py
[2024-01-28T11:26:57.188+0000] {logging_mixin.py:188} INFO - [2024-01-28T11:26:57.188+0000] {dag.py:3036} INFO - Sync 1 DAGs
[2024-01-28T11:26:57.206+0000] {logging_mixin.py:188} INFO - [2024-01-28T11:26:57.205+0000] {dag.py:3823} INFO - Setting next_dagrun for example_python_operator to None, run_after=None
[2024-01-28T11:26:57.240+0000] {processor.py:183} INFO - Processing /home/airflow/.local/lib/python3.8/site-packages/airflow/example_dags/example_python_operator.py took 0.121 seconds
[2024-01-28T11:27:27.283+0000] {processor.py:161} INFO - Started process (PID=4236) to work on /home/airflow/.local/lib/python3.8/site-packages/airflow/example_dags/example_python_operator.py
[2024-01-28T11:27:27.284+0000] {processor.py:830} INFO - Processing file /home/airflow/.local/lib/python3.8/site-packages/airflow/example_dags/example_python_operator.py for tasks to queue
[2024-01-28T11:27:27.288+0000] {logging_mixin.py:188} INFO - [2024-01-28T11:27:27.287+0000] {dagbag.py:538} INFO - Filling up the DagBag from /home/airflow/.local/lib/python3.8/site-packages/airflow/example_dags/example_python_operator.py
[2024-01-28T11:27:27.303+0000] {processor.py:840} INFO - DAG(s) 'example_python_operator' retrieved from /home/airflow/.local/lib/python3.8/site-packages/airflow/example_dags/example_python_operator.py
[2024-01-28T11:27:27.337+0000] {logging_mixin.py:188} INFO - [2024-01-28T11:27:27.337+0000] {dag.py:3036} INFO - Sync 1 DAGs
[2024-01-28T11:27:27.354+0000] {logging_mixin.py:188} INFO - [2024-01-28T11:27:27.354+0000] {dag.py:3823} INFO - Setting next_dagrun for example_python_operator to None, run_after=None
[2024-01-28T11:27:27.384+0000] {processor.py:183} INFO - Processing /home/airflow/.local/lib/python3.8/site-packages/airflow/example_dags/example_python_operator.py took 0.106 seconds
[2024-01-28T11:27:57.562+0000] {processor.py:161} INFO - Started process (PID=4294) to work on /home/airflow/.local/lib/python3.8/site-packages/airflow/example_dags/example_python_operator.py
[2024-01-28T11:27:57.564+0000] {processor.py:830} INFO - Processing file /home/airflow/.local/lib/python3.8/site-packages/airflow/example_dags/example_python_operator.py for tasks to queue
[2024-01-28T11:27:57.568+0000] {logging_mixin.py:188} INFO - [2024-01-28T11:27:57.567+0000] {dagbag.py:538} INFO - Filling up the DagBag from /home/airflow/.local/lib/python3.8/site-packages/airflow/example_dags/example_python_operator.py
[2024-01-28T11:27:57.588+0000] {processor.py:840} INFO - DAG(s) 'example_python_operator' retrieved from /home/airflow/.local/lib/python3.8/site-packages/airflow/example_dags/example_python_operator.py
[2024-01-28T11:27:57.636+0000] {logging_mixin.py:188} INFO - [2024-01-28T11:27:57.635+0000] {dag.py:3036} INFO - Sync 1 DAGs
[2024-01-28T11:27:57.662+0000] {logging_mixin.py:188} INFO - [2024-01-28T11:27:57.662+0000] {dag.py:3823} INFO - Setting next_dagrun for example_python_operator to None, run_after=None
[2024-01-28T11:27:57.699+0000] {processor.py:183} INFO - Processing /home/airflow/.local/lib/python3.8/site-packages/airflow/example_dags/example_python_operator.py took 0.144 seconds
[2024-01-28T11:28:28.394+0000] {processor.py:161} INFO - Started process (PID=4350) to work on /home/airflow/.local/lib/python3.8/site-packages/airflow/example_dags/example_python_operator.py
[2024-01-28T11:28:28.397+0000] {processor.py:830} INFO - Processing file /home/airflow/.local/lib/python3.8/site-packages/airflow/example_dags/example_python_operator.py for tasks to queue
[2024-01-28T11:28:28.401+0000] {logging_mixin.py:188} INFO - [2024-01-28T11:28:28.400+0000] {dagbag.py:538} INFO - Filling up the DagBag from /home/airflow/.local/lib/python3.8/site-packages/airflow/example_dags/example_python_operator.py
[2024-01-28T11:28:28.423+0000] {processor.py:840} INFO - DAG(s) 'example_python_operator' retrieved from /home/airflow/.local/lib/python3.8/site-packages/airflow/example_dags/example_python_operator.py
[2024-01-28T11:28:28.469+0000] {logging_mixin.py:188} INFO - [2024-01-28T11:28:28.469+0000] {dag.py:3036} INFO - Sync 1 DAGs
[2024-01-28T11:28:28.516+0000] {logging_mixin.py:188} INFO - [2024-01-28T11:28:28.515+0000] {dag.py:3823} INFO - Setting next_dagrun for example_python_operator to None, run_after=None
[2024-01-28T11:28:28.601+0000] {processor.py:183} INFO - Processing /home/airflow/.local/lib/python3.8/site-packages/airflow/example_dags/example_python_operator.py took 0.212 seconds
