[2024-01-28T10:49:41.987+0000] {processor.py:161} INFO - Started process (PID=68) to work on /home/airflow/.local/lib/python3.8/site-packages/airflow/example_dags/example_sensors.py
[2024-01-28T10:49:41.991+0000] {processor.py:830} INFO - Processing file /home/airflow/.local/lib/python3.8/site-packages/airflow/example_dags/example_sensors.py for tasks to queue
[2024-01-28T10:49:41.996+0000] {logging_mixin.py:188} INFO - [2024-01-28T10:49:41.996+0000] {dagbag.py:538} INFO - Filling up the DagBag from /home/airflow/.local/lib/python3.8/site-packages/airflow/example_dags/example_sensors.py
[2024-01-28T10:49:42.017+0000] {processor.py:840} INFO - DAG(s) 'example_sensors' retrieved from /home/airflow/.local/lib/python3.8/site-packages/airflow/example_dags/example_sensors.py
[2024-01-28T10:49:42.307+0000] {logging_mixin.py:188} INFO - [2024-01-28T10:49:42.307+0000] {dag.py:3036} INFO - Sync 1 DAGs
[2024-01-28T10:49:42.352+0000] {logging_mixin.py:188} INFO - [2024-01-28T10:49:42.352+0000] {dag.py:3823} INFO - Setting next_dagrun for example_sensors to None, run_after=None
[2024-01-28T10:49:42.400+0000] {processor.py:183} INFO - Processing /home/airflow/.local/lib/python3.8/site-packages/airflow/example_dags/example_sensors.py took 0.433 seconds
[2024-01-28T10:50:12.797+0000] {processor.py:161} INFO - Started process (PID=126) to work on /home/airflow/.local/lib/python3.8/site-packages/airflow/example_dags/example_sensors.py
[2024-01-28T10:50:12.803+0000] {processor.py:830} INFO - Processing file /home/airflow/.local/lib/python3.8/site-packages/airflow/example_dags/example_sensors.py for tasks to queue
[2024-01-28T10:50:12.812+0000] {logging_mixin.py:188} INFO - [2024-01-28T10:50:12.810+0000] {dagbag.py:538} INFO - Filling up the DagBag from /home/airflow/.local/lib/python3.8/site-packages/airflow/example_dags/example_sensors.py
[2024-01-28T10:50:12.833+0000] {processor.py:840} INFO - DAG(s) 'example_sensors' retrieved from /home/airflow/.local/lib/python3.8/site-packages/airflow/example_dags/example_sensors.py
[2024-01-28T10:50:12.897+0000] {logging_mixin.py:188} INFO - [2024-01-28T10:50:12.896+0000] {dag.py:3036} INFO - Sync 1 DAGs
[2024-01-28T10:50:12.925+0000] {logging_mixin.py:188} INFO - [2024-01-28T10:50:12.924+0000] {dag.py:3823} INFO - Setting next_dagrun for example_sensors to None, run_after=None
[2024-01-28T10:50:12.960+0000] {processor.py:183} INFO - Processing /home/airflow/.local/lib/python3.8/site-packages/airflow/example_dags/example_sensors.py took 0.174 seconds
[2024-01-28T10:50:53.508+0000] {processor.py:161} INFO - Started process (PID=182) to work on /home/airflow/.local/lib/python3.8/site-packages/airflow/example_dags/example_sensors.py
[2024-01-28T10:50:53.513+0000] {processor.py:830} INFO - Processing file /home/airflow/.local/lib/python3.8/site-packages/airflow/example_dags/example_sensors.py for tasks to queue
[2024-01-28T10:50:53.520+0000] {logging_mixin.py:188} INFO - [2024-01-28T10:50:53.519+0000] {dagbag.py:538} INFO - Filling up the DagBag from /home/airflow/.local/lib/python3.8/site-packages/airflow/example_dags/example_sensors.py
[2024-01-28T10:50:53.548+0000] {processor.py:840} INFO - DAG(s) 'example_sensors' retrieved from /home/airflow/.local/lib/python3.8/site-packages/airflow/example_dags/example_sensors.py
[2024-01-28T10:50:53.655+0000] {logging_mixin.py:188} INFO - [2024-01-28T10:50:53.655+0000] {dag.py:3036} INFO - Sync 1 DAGs
[2024-01-28T10:50:53.704+0000] {logging_mixin.py:188} INFO - [2024-01-28T10:50:53.703+0000] {dag.py:3823} INFO - Setting next_dagrun for example_sensors to None, run_after=None
[2024-01-28T10:50:53.771+0000] {processor.py:183} INFO - Processing /home/airflow/.local/lib/python3.8/site-packages/airflow/example_dags/example_sensors.py took 0.275 seconds
[2024-01-28T10:51:28.690+0000] {processor.py:161} INFO - Started process (PID=245) to work on /home/airflow/.local/lib/python3.8/site-packages/airflow/example_dags/example_sensors.py
[2024-01-28T10:51:28.692+0000] {processor.py:830} INFO - Processing file /home/airflow/.local/lib/python3.8/site-packages/airflow/example_dags/example_sensors.py for tasks to queue
[2024-01-28T10:51:28.699+0000] {logging_mixin.py:188} INFO - [2024-01-28T10:51:28.698+0000] {dagbag.py:538} INFO - Filling up the DagBag from /home/airflow/.local/lib/python3.8/site-packages/airflow/example_dags/example_sensors.py
[2024-01-28T10:51:28.721+0000] {processor.py:840} INFO - DAG(s) 'example_sensors' retrieved from /home/airflow/.local/lib/python3.8/site-packages/airflow/example_dags/example_sensors.py
[2024-01-28T10:51:28.769+0000] {logging_mixin.py:188} INFO - [2024-01-28T10:51:28.768+0000] {dag.py:3036} INFO - Sync 1 DAGs
[2024-01-28T10:51:28.790+0000] {logging_mixin.py:188} INFO - [2024-01-28T10:51:28.790+0000] {dag.py:3823} INFO - Setting next_dagrun for example_sensors to None, run_after=None
[2024-01-28T10:51:28.821+0000] {processor.py:183} INFO - Processing /home/airflow/.local/lib/python3.8/site-packages/airflow/example_dags/example_sensors.py took 0.136 seconds
[2024-01-28T10:52:00.696+0000] {processor.py:161} INFO - Started process (PID=301) to work on /home/airflow/.local/lib/python3.8/site-packages/airflow/example_dags/example_sensors.py
[2024-01-28T10:52:00.700+0000] {processor.py:830} INFO - Processing file /home/airflow/.local/lib/python3.8/site-packages/airflow/example_dags/example_sensors.py for tasks to queue
[2024-01-28T10:52:00.710+0000] {logging_mixin.py:188} INFO - [2024-01-28T10:52:00.708+0000] {dagbag.py:538} INFO - Filling up the DagBag from /home/airflow/.local/lib/python3.8/site-packages/airflow/example_dags/example_sensors.py
[2024-01-28T10:52:00.733+0000] {processor.py:840} INFO - DAG(s) 'example_sensors' retrieved from /home/airflow/.local/lib/python3.8/site-packages/airflow/example_dags/example_sensors.py
[2024-01-28T10:52:00.787+0000] {logging_mixin.py:188} INFO - [2024-01-28T10:52:00.787+0000] {dag.py:3036} INFO - Sync 1 DAGs
[2024-01-28T10:52:00.821+0000] {logging_mixin.py:188} INFO - [2024-01-28T10:52:00.820+0000] {dag.py:3823} INFO - Setting next_dagrun for example_sensors to None, run_after=None
[2024-01-28T10:52:00.886+0000] {processor.py:183} INFO - Processing /home/airflow/.local/lib/python3.8/site-packages/airflow/example_dags/example_sensors.py took 0.199 seconds
[2024-01-28T10:52:32.779+0000] {processor.py:161} INFO - Started process (PID=357) to work on /home/airflow/.local/lib/python3.8/site-packages/airflow/example_dags/example_sensors.py
[2024-01-28T10:52:32.791+0000] {processor.py:830} INFO - Processing file /home/airflow/.local/lib/python3.8/site-packages/airflow/example_dags/example_sensors.py for tasks to queue
[2024-01-28T10:52:32.797+0000] {logging_mixin.py:188} INFO - [2024-01-28T10:52:32.796+0000] {dagbag.py:538} INFO - Filling up the DagBag from /home/airflow/.local/lib/python3.8/site-packages/airflow/example_dags/example_sensors.py
[2024-01-28T10:52:32.858+0000] {processor.py:840} INFO - DAG(s) 'example_sensors' retrieved from /home/airflow/.local/lib/python3.8/site-packages/airflow/example_dags/example_sensors.py
[2024-01-28T10:52:33.415+0000] {logging_mixin.py:188} INFO - [2024-01-28T10:52:33.411+0000] {dag.py:3036} INFO - Sync 1 DAGs
[2024-01-28T10:52:33.772+0000] {logging_mixin.py:188} INFO - [2024-01-28T10:52:33.767+0000] {dag.py:3823} INFO - Setting next_dagrun for example_sensors to None, run_after=None
[2024-01-28T10:52:34.024+0000] {processor.py:183} INFO - Processing /home/airflow/.local/lib/python3.8/site-packages/airflow/example_dags/example_sensors.py took 1.254 seconds
[2024-01-28T10:53:04.442+0000] {processor.py:161} INFO - Started process (PID=412) to work on /home/airflow/.local/lib/python3.8/site-packages/airflow/example_dags/example_sensors.py
[2024-01-28T10:53:04.444+0000] {processor.py:830} INFO - Processing file /home/airflow/.local/lib/python3.8/site-packages/airflow/example_dags/example_sensors.py for tasks to queue
[2024-01-28T10:53:04.449+0000] {logging_mixin.py:188} INFO - [2024-01-28T10:53:04.448+0000] {dagbag.py:538} INFO - Filling up the DagBag from /home/airflow/.local/lib/python3.8/site-packages/airflow/example_dags/example_sensors.py
[2024-01-28T10:53:04.530+0000] {processor.py:840} INFO - DAG(s) 'example_sensors' retrieved from /home/airflow/.local/lib/python3.8/site-packages/airflow/example_dags/example_sensors.py
[2024-01-28T10:53:04.612+0000] {logging_mixin.py:188} INFO - [2024-01-28T10:53:04.612+0000] {dag.py:3036} INFO - Sync 1 DAGs
[2024-01-28T10:53:04.642+0000] {logging_mixin.py:188} INFO - [2024-01-28T10:53:04.641+0000] {dag.py:3823} INFO - Setting next_dagrun for example_sensors to None, run_after=None
[2024-01-28T10:53:04.693+0000] {processor.py:183} INFO - Processing /home/airflow/.local/lib/python3.8/site-packages/airflow/example_dags/example_sensors.py took 0.258 seconds
[2024-01-28T10:53:34.870+0000] {processor.py:161} INFO - Started process (PID=467) to work on /home/airflow/.local/lib/python3.8/site-packages/airflow/example_dags/example_sensors.py
[2024-01-28T10:53:34.872+0000] {processor.py:830} INFO - Processing file /home/airflow/.local/lib/python3.8/site-packages/airflow/example_dags/example_sensors.py for tasks to queue
[2024-01-28T10:53:34.875+0000] {logging_mixin.py:188} INFO - [2024-01-28T10:53:34.875+0000] {dagbag.py:538} INFO - Filling up the DagBag from /home/airflow/.local/lib/python3.8/site-packages/airflow/example_dags/example_sensors.py
[2024-01-28T10:53:34.888+0000] {processor.py:840} INFO - DAG(s) 'example_sensors' retrieved from /home/airflow/.local/lib/python3.8/site-packages/airflow/example_dags/example_sensors.py
[2024-01-28T10:53:34.923+0000] {logging_mixin.py:188} INFO - [2024-01-28T10:53:34.923+0000] {dag.py:3036} INFO - Sync 1 DAGs
[2024-01-28T10:53:34.941+0000] {logging_mixin.py:188} INFO - [2024-01-28T10:53:34.941+0000] {dag.py:3823} INFO - Setting next_dagrun for example_sensors to None, run_after=None
[2024-01-28T10:53:34.968+0000] {processor.py:183} INFO - Processing /home/airflow/.local/lib/python3.8/site-packages/airflow/example_dags/example_sensors.py took 0.102 seconds
[2024-01-28T10:54:05.250+0000] {processor.py:161} INFO - Started process (PID=524) to work on /home/airflow/.local/lib/python3.8/site-packages/airflow/example_dags/example_sensors.py
[2024-01-28T10:54:05.252+0000] {processor.py:830} INFO - Processing file /home/airflow/.local/lib/python3.8/site-packages/airflow/example_dags/example_sensors.py for tasks to queue
[2024-01-28T10:54:05.255+0000] {logging_mixin.py:188} INFO - [2024-01-28T10:54:05.255+0000] {dagbag.py:538} INFO - Filling up the DagBag from /home/airflow/.local/lib/python3.8/site-packages/airflow/example_dags/example_sensors.py
[2024-01-28T10:54:05.274+0000] {processor.py:840} INFO - DAG(s) 'example_sensors' retrieved from /home/airflow/.local/lib/python3.8/site-packages/airflow/example_dags/example_sensors.py
[2024-01-28T10:54:05.338+0000] {logging_mixin.py:188} INFO - [2024-01-28T10:54:05.338+0000] {dag.py:3036} INFO - Sync 1 DAGs
[2024-01-28T10:54:05.365+0000] {logging_mixin.py:188} INFO - [2024-01-28T10:54:05.364+0000] {dag.py:3823} INFO - Setting next_dagrun for example_sensors to None, run_after=None
[2024-01-28T10:54:05.397+0000] {processor.py:183} INFO - Processing /home/airflow/.local/lib/python3.8/site-packages/airflow/example_dags/example_sensors.py took 0.152 seconds
[2024-01-28T10:54:35.518+0000] {processor.py:161} INFO - Started process (PID=581) to work on /home/airflow/.local/lib/python3.8/site-packages/airflow/example_dags/example_sensors.py
[2024-01-28T10:54:35.520+0000] {processor.py:830} INFO - Processing file /home/airflow/.local/lib/python3.8/site-packages/airflow/example_dags/example_sensors.py for tasks to queue
[2024-01-28T10:54:35.523+0000] {logging_mixin.py:188} INFO - [2024-01-28T10:54:35.523+0000] {dagbag.py:538} INFO - Filling up the DagBag from /home/airflow/.local/lib/python3.8/site-packages/airflow/example_dags/example_sensors.py
[2024-01-28T10:54:35.541+0000] {processor.py:840} INFO - DAG(s) 'example_sensors' retrieved from /home/airflow/.local/lib/python3.8/site-packages/airflow/example_dags/example_sensors.py
[2024-01-28T10:54:35.598+0000] {logging_mixin.py:188} INFO - [2024-01-28T10:54:35.598+0000] {dag.py:3036} INFO - Sync 1 DAGs
[2024-01-28T10:54:35.651+0000] {logging_mixin.py:188} INFO - [2024-01-28T10:54:35.651+0000] {dag.py:3823} INFO - Setting next_dagrun for example_sensors to None, run_after=None
[2024-01-28T10:54:35.688+0000] {processor.py:183} INFO - Processing /home/airflow/.local/lib/python3.8/site-packages/airflow/example_dags/example_sensors.py took 0.175 seconds
[2024-01-28T10:55:06.312+0000] {processor.py:161} INFO - Started process (PID=638) to work on /home/airflow/.local/lib/python3.8/site-packages/airflow/example_dags/example_sensors.py
[2024-01-28T10:55:06.315+0000] {processor.py:830} INFO - Processing file /home/airflow/.local/lib/python3.8/site-packages/airflow/example_dags/example_sensors.py for tasks to queue
[2024-01-28T10:55:06.321+0000] {logging_mixin.py:188} INFO - [2024-01-28T10:55:06.320+0000] {dagbag.py:538} INFO - Filling up the DagBag from /home/airflow/.local/lib/python3.8/site-packages/airflow/example_dags/example_sensors.py
[2024-01-28T10:55:06.344+0000] {processor.py:840} INFO - DAG(s) 'example_sensors' retrieved from /home/airflow/.local/lib/python3.8/site-packages/airflow/example_dags/example_sensors.py
[2024-01-28T10:55:06.410+0000] {logging_mixin.py:188} INFO - [2024-01-28T10:55:06.410+0000] {dag.py:3036} INFO - Sync 1 DAGs
[2024-01-28T10:55:06.449+0000] {logging_mixin.py:188} INFO - [2024-01-28T10:55:06.448+0000] {dag.py:3823} INFO - Setting next_dagrun for example_sensors to None, run_after=None
[2024-01-28T10:55:06.480+0000] {processor.py:183} INFO - Processing /home/airflow/.local/lib/python3.8/site-packages/airflow/example_dags/example_sensors.py took 0.175 seconds
[2024-01-28T10:55:36.553+0000] {processor.py:161} INFO - Started process (PID=693) to work on /home/airflow/.local/lib/python3.8/site-packages/airflow/example_dags/example_sensors.py
[2024-01-28T10:55:36.555+0000] {processor.py:830} INFO - Processing file /home/airflow/.local/lib/python3.8/site-packages/airflow/example_dags/example_sensors.py for tasks to queue
[2024-01-28T10:55:36.559+0000] {logging_mixin.py:188} INFO - [2024-01-28T10:55:36.558+0000] {dagbag.py:538} INFO - Filling up the DagBag from /home/airflow/.local/lib/python3.8/site-packages/airflow/example_dags/example_sensors.py
[2024-01-28T10:55:36.575+0000] {processor.py:840} INFO - DAG(s) 'example_sensors' retrieved from /home/airflow/.local/lib/python3.8/site-packages/airflow/example_dags/example_sensors.py
[2024-01-28T10:55:36.617+0000] {logging_mixin.py:188} INFO - [2024-01-28T10:55:36.617+0000] {dag.py:3036} INFO - Sync 1 DAGs
[2024-01-28T10:55:36.637+0000] {logging_mixin.py:188} INFO - [2024-01-28T10:55:36.636+0000] {dag.py:3823} INFO - Setting next_dagrun for example_sensors to None, run_after=None
[2024-01-28T10:55:36.664+0000] {processor.py:183} INFO - Processing /home/airflow/.local/lib/python3.8/site-packages/airflow/example_dags/example_sensors.py took 0.116 seconds
[2024-01-28T10:56:07.711+0000] {processor.py:161} INFO - Started process (PID=749) to work on /home/airflow/.local/lib/python3.8/site-packages/airflow/example_dags/example_sensors.py
[2024-01-28T10:56:07.722+0000] {processor.py:830} INFO - Processing file /home/airflow/.local/lib/python3.8/site-packages/airflow/example_dags/example_sensors.py for tasks to queue
[2024-01-28T10:56:07.729+0000] {logging_mixin.py:188} INFO - [2024-01-28T10:56:07.728+0000] {dagbag.py:538} INFO - Filling up the DagBag from /home/airflow/.local/lib/python3.8/site-packages/airflow/example_dags/example_sensors.py
[2024-01-28T10:56:07.765+0000] {processor.py:840} INFO - DAG(s) 'example_sensors' retrieved from /home/airflow/.local/lib/python3.8/site-packages/airflow/example_dags/example_sensors.py
[2024-01-28T10:56:07.882+0000] {logging_mixin.py:188} INFO - [2024-01-28T10:56:07.881+0000] {dag.py:3036} INFO - Sync 1 DAGs
[2024-01-28T10:56:07.926+0000] {logging_mixin.py:188} INFO - [2024-01-28T10:56:07.925+0000] {dag.py:3823} INFO - Setting next_dagrun for example_sensors to None, run_after=None
[2024-01-28T10:56:08.012+0000] {processor.py:183} INFO - Processing /home/airflow/.local/lib/python3.8/site-packages/airflow/example_dags/example_sensors.py took 0.312 seconds
[2024-01-28T10:56:38.842+0000] {processor.py:161} INFO - Started process (PID=806) to work on /home/airflow/.local/lib/python3.8/site-packages/airflow/example_dags/example_sensors.py
[2024-01-28T10:56:38.845+0000] {processor.py:830} INFO - Processing file /home/airflow/.local/lib/python3.8/site-packages/airflow/example_dags/example_sensors.py for tasks to queue
[2024-01-28T10:56:38.848+0000] {logging_mixin.py:188} INFO - [2024-01-28T10:56:38.848+0000] {dagbag.py:538} INFO - Filling up the DagBag from /home/airflow/.local/lib/python3.8/site-packages/airflow/example_dags/example_sensors.py
[2024-01-28T10:56:38.861+0000] {processor.py:840} INFO - DAG(s) 'example_sensors' retrieved from /home/airflow/.local/lib/python3.8/site-packages/airflow/example_dags/example_sensors.py
[2024-01-28T10:56:38.900+0000] {logging_mixin.py:188} INFO - [2024-01-28T10:56:38.900+0000] {dag.py:3036} INFO - Sync 1 DAGs
[2024-01-28T10:56:38.918+0000] {logging_mixin.py:188} INFO - [2024-01-28T10:56:38.918+0000] {dag.py:3823} INFO - Setting next_dagrun for example_sensors to None, run_after=None
[2024-01-28T10:56:38.949+0000] {processor.py:183} INFO - Processing /home/airflow/.local/lib/python3.8/site-packages/airflow/example_dags/example_sensors.py took 0.112 seconds
[2024-01-28T10:57:09.273+0000] {processor.py:161} INFO - Started process (PID=862) to work on /home/airflow/.local/lib/python3.8/site-packages/airflow/example_dags/example_sensors.py
[2024-01-28T10:57:09.277+0000] {processor.py:830} INFO - Processing file /home/airflow/.local/lib/python3.8/site-packages/airflow/example_dags/example_sensors.py for tasks to queue
[2024-01-28T10:57:09.283+0000] {logging_mixin.py:188} INFO - [2024-01-28T10:57:09.283+0000] {dagbag.py:538} INFO - Filling up the DagBag from /home/airflow/.local/lib/python3.8/site-packages/airflow/example_dags/example_sensors.py
[2024-01-28T10:57:09.308+0000] {processor.py:840} INFO - DAG(s) 'example_sensors' retrieved from /home/airflow/.local/lib/python3.8/site-packages/airflow/example_dags/example_sensors.py
[2024-01-28T10:57:09.362+0000] {logging_mixin.py:188} INFO - [2024-01-28T10:57:09.361+0000] {dag.py:3036} INFO - Sync 1 DAGs
[2024-01-28T10:57:09.387+0000] {logging_mixin.py:188} INFO - [2024-01-28T10:57:09.387+0000] {dag.py:3823} INFO - Setting next_dagrun for example_sensors to None, run_after=None
[2024-01-28T10:57:09.419+0000] {processor.py:183} INFO - Processing /home/airflow/.local/lib/python3.8/site-packages/airflow/example_dags/example_sensors.py took 0.157 seconds
[2024-01-28T10:57:39.567+0000] {processor.py:161} INFO - Started process (PID=915) to work on /home/airflow/.local/lib/python3.8/site-packages/airflow/example_dags/example_sensors.py
[2024-01-28T10:57:39.571+0000] {processor.py:830} INFO - Processing file /home/airflow/.local/lib/python3.8/site-packages/airflow/example_dags/example_sensors.py for tasks to queue
[2024-01-28T10:57:39.575+0000] {logging_mixin.py:188} INFO - [2024-01-28T10:57:39.574+0000] {dagbag.py:538} INFO - Filling up the DagBag from /home/airflow/.local/lib/python3.8/site-packages/airflow/example_dags/example_sensors.py
[2024-01-28T10:57:39.592+0000] {processor.py:840} INFO - DAG(s) 'example_sensors' retrieved from /home/airflow/.local/lib/python3.8/site-packages/airflow/example_dags/example_sensors.py
[2024-01-28T10:57:39.663+0000] {logging_mixin.py:188} INFO - [2024-01-28T10:57:39.662+0000] {dag.py:3036} INFO - Sync 1 DAGs
[2024-01-28T10:57:39.681+0000] {logging_mixin.py:188} INFO - [2024-01-28T10:57:39.681+0000] {dag.py:3823} INFO - Setting next_dagrun for example_sensors to None, run_after=None
[2024-01-28T10:57:39.708+0000] {processor.py:183} INFO - Processing /home/airflow/.local/lib/python3.8/site-packages/airflow/example_dags/example_sensors.py took 0.146 seconds
[2024-01-28T10:58:10.508+0000] {processor.py:161} INFO - Started process (PID=972) to work on /home/airflow/.local/lib/python3.8/site-packages/airflow/example_dags/example_sensors.py
[2024-01-28T10:58:10.511+0000] {processor.py:830} INFO - Processing file /home/airflow/.local/lib/python3.8/site-packages/airflow/example_dags/example_sensors.py for tasks to queue
[2024-01-28T10:58:10.518+0000] {logging_mixin.py:188} INFO - [2024-01-28T10:58:10.517+0000] {dagbag.py:538} INFO - Filling up the DagBag from /home/airflow/.local/lib/python3.8/site-packages/airflow/example_dags/example_sensors.py
[2024-01-28T10:58:10.543+0000] {processor.py:840} INFO - DAG(s) 'example_sensors' retrieved from /home/airflow/.local/lib/python3.8/site-packages/airflow/example_dags/example_sensors.py
[2024-01-28T10:58:10.624+0000] {logging_mixin.py:188} INFO - [2024-01-28T10:58:10.623+0000] {dag.py:3036} INFO - Sync 1 DAGs
[2024-01-28T10:58:10.664+0000] {logging_mixin.py:188} INFO - [2024-01-28T10:58:10.663+0000] {dag.py:3823} INFO - Setting next_dagrun for example_sensors to None, run_after=None
[2024-01-28T10:58:10.718+0000] {processor.py:183} INFO - Processing /home/airflow/.local/lib/python3.8/site-packages/airflow/example_dags/example_sensors.py took 0.227 seconds
[2024-01-28T10:58:40.817+0000] {processor.py:161} INFO - Started process (PID=1029) to work on /home/airflow/.local/lib/python3.8/site-packages/airflow/example_dags/example_sensors.py
[2024-01-28T10:58:40.819+0000] {processor.py:830} INFO - Processing file /home/airflow/.local/lib/python3.8/site-packages/airflow/example_dags/example_sensors.py for tasks to queue
[2024-01-28T10:58:40.822+0000] {logging_mixin.py:188} INFO - [2024-01-28T10:58:40.822+0000] {dagbag.py:538} INFO - Filling up the DagBag from /home/airflow/.local/lib/python3.8/site-packages/airflow/example_dags/example_sensors.py
[2024-01-28T10:58:40.835+0000] {processor.py:840} INFO - DAG(s) 'example_sensors' retrieved from /home/airflow/.local/lib/python3.8/site-packages/airflow/example_dags/example_sensors.py
[2024-01-28T10:58:40.871+0000] {logging_mixin.py:188} INFO - [2024-01-28T10:58:40.871+0000] {dag.py:3036} INFO - Sync 1 DAGs
[2024-01-28T10:58:40.888+0000] {logging_mixin.py:188} INFO - [2024-01-28T10:58:40.888+0000] {dag.py:3823} INFO - Setting next_dagrun for example_sensors to None, run_after=None
[2024-01-28T10:58:40.916+0000] {processor.py:183} INFO - Processing /home/airflow/.local/lib/python3.8/site-packages/airflow/example_dags/example_sensors.py took 0.103 seconds
[2024-01-28T10:59:11.158+0000] {processor.py:161} INFO - Started process (PID=1085) to work on /home/airflow/.local/lib/python3.8/site-packages/airflow/example_dags/example_sensors.py
[2024-01-28T10:59:11.160+0000] {processor.py:830} INFO - Processing file /home/airflow/.local/lib/python3.8/site-packages/airflow/example_dags/example_sensors.py for tasks to queue
[2024-01-28T10:59:11.167+0000] {logging_mixin.py:188} INFO - [2024-01-28T10:59:11.166+0000] {dagbag.py:538} INFO - Filling up the DagBag from /home/airflow/.local/lib/python3.8/site-packages/airflow/example_dags/example_sensors.py
[2024-01-28T10:59:11.182+0000] {processor.py:840} INFO - DAG(s) 'example_sensors' retrieved from /home/airflow/.local/lib/python3.8/site-packages/airflow/example_dags/example_sensors.py
[2024-01-28T10:59:11.228+0000] {logging_mixin.py:188} INFO - [2024-01-28T10:59:11.226+0000] {dag.py:3036} INFO - Sync 1 DAGs
[2024-01-28T10:59:11.246+0000] {logging_mixin.py:188} INFO - [2024-01-28T10:59:11.245+0000] {dag.py:3823} INFO - Setting next_dagrun for example_sensors to None, run_after=None
[2024-01-28T10:59:11.294+0000] {processor.py:183} INFO - Processing /home/airflow/.local/lib/python3.8/site-packages/airflow/example_dags/example_sensors.py took 0.142 seconds
[2024-01-28T10:59:41.539+0000] {processor.py:161} INFO - Started process (PID=1140) to work on /home/airflow/.local/lib/python3.8/site-packages/airflow/example_dags/example_sensors.py
[2024-01-28T10:59:41.540+0000] {processor.py:830} INFO - Processing file /home/airflow/.local/lib/python3.8/site-packages/airflow/example_dags/example_sensors.py for tasks to queue
[2024-01-28T10:59:41.544+0000] {logging_mixin.py:188} INFO - [2024-01-28T10:59:41.543+0000] {dagbag.py:538} INFO - Filling up the DagBag from /home/airflow/.local/lib/python3.8/site-packages/airflow/example_dags/example_sensors.py
[2024-01-28T10:59:41.556+0000] {processor.py:840} INFO - DAG(s) 'example_sensors' retrieved from /home/airflow/.local/lib/python3.8/site-packages/airflow/example_dags/example_sensors.py
[2024-01-28T10:59:41.609+0000] {logging_mixin.py:188} INFO - [2024-01-28T10:59:41.608+0000] {dag.py:3036} INFO - Sync 1 DAGs
[2024-01-28T10:59:41.629+0000] {logging_mixin.py:188} INFO - [2024-01-28T10:59:41.629+0000] {dag.py:3823} INFO - Setting next_dagrun for example_sensors to None, run_after=None
[2024-01-28T10:59:41.656+0000] {processor.py:183} INFO - Processing /home/airflow/.local/lib/python3.8/site-packages/airflow/example_dags/example_sensors.py took 0.122 seconds
[2024-01-28T11:00:11.921+0000] {processor.py:161} INFO - Started process (PID=1195) to work on /home/airflow/.local/lib/python3.8/site-packages/airflow/example_dags/example_sensors.py
[2024-01-28T11:00:11.923+0000] {processor.py:830} INFO - Processing file /home/airflow/.local/lib/python3.8/site-packages/airflow/example_dags/example_sensors.py for tasks to queue
[2024-01-28T11:00:11.926+0000] {logging_mixin.py:188} INFO - [2024-01-28T11:00:11.926+0000] {dagbag.py:538} INFO - Filling up the DagBag from /home/airflow/.local/lib/python3.8/site-packages/airflow/example_dags/example_sensors.py
[2024-01-28T11:00:11.939+0000] {processor.py:840} INFO - DAG(s) 'example_sensors' retrieved from /home/airflow/.local/lib/python3.8/site-packages/airflow/example_dags/example_sensors.py
[2024-01-28T11:00:11.948+0000] {logging_mixin.py:188} INFO - [2024-01-28T11:00:11.948+0000] {dag.py:3036} INFO - Sync 1 DAGs
[2024-01-28T11:00:11.974+0000] {logging_mixin.py:188} INFO - [2024-01-28T11:00:11.974+0000] {dag.py:3823} INFO - Setting next_dagrun for example_sensors to None, run_after=None
[2024-01-28T11:00:12.005+0000] {processor.py:183} INFO - Processing /home/airflow/.local/lib/python3.8/site-packages/airflow/example_dags/example_sensors.py took 0.124 seconds
[2024-01-28T11:00:42.094+0000] {processor.py:161} INFO - Started process (PID=1252) to work on /home/airflow/.local/lib/python3.8/site-packages/airflow/example_dags/example_sensors.py
[2024-01-28T11:00:42.096+0000] {processor.py:830} INFO - Processing file /home/airflow/.local/lib/python3.8/site-packages/airflow/example_dags/example_sensors.py for tasks to queue
[2024-01-28T11:00:42.100+0000] {logging_mixin.py:188} INFO - [2024-01-28T11:00:42.099+0000] {dagbag.py:538} INFO - Filling up the DagBag from /home/airflow/.local/lib/python3.8/site-packages/airflow/example_dags/example_sensors.py
[2024-01-28T11:00:42.115+0000] {processor.py:840} INFO - DAG(s) 'example_sensors' retrieved from /home/airflow/.local/lib/python3.8/site-packages/airflow/example_dags/example_sensors.py
[2024-01-28T11:00:42.161+0000] {logging_mixin.py:188} INFO - [2024-01-28T11:00:42.161+0000] {dag.py:3036} INFO - Sync 1 DAGs
[2024-01-28T11:00:42.179+0000] {logging_mixin.py:188} INFO - [2024-01-28T11:00:42.179+0000] {dag.py:3823} INFO - Setting next_dagrun for example_sensors to None, run_after=None
[2024-01-28T11:00:42.228+0000] {processor.py:183} INFO - Processing /home/airflow/.local/lib/python3.8/site-packages/airflow/example_dags/example_sensors.py took 0.140 seconds
[2024-01-28T11:01:12.333+0000] {processor.py:161} INFO - Started process (PID=1309) to work on /home/airflow/.local/lib/python3.8/site-packages/airflow/example_dags/example_sensors.py
[2024-01-28T11:01:12.335+0000] {processor.py:830} INFO - Processing file /home/airflow/.local/lib/python3.8/site-packages/airflow/example_dags/example_sensors.py for tasks to queue
[2024-01-28T11:01:12.338+0000] {logging_mixin.py:188} INFO - [2024-01-28T11:01:12.338+0000] {dagbag.py:538} INFO - Filling up the DagBag from /home/airflow/.local/lib/python3.8/site-packages/airflow/example_dags/example_sensors.py
[2024-01-28T11:01:12.353+0000] {processor.py:840} INFO - DAG(s) 'example_sensors' retrieved from /home/airflow/.local/lib/python3.8/site-packages/airflow/example_dags/example_sensors.py
[2024-01-28T11:01:12.405+0000] {logging_mixin.py:188} INFO - [2024-01-28T11:01:12.405+0000] {dag.py:3036} INFO - Sync 1 DAGs
[2024-01-28T11:01:12.428+0000] {logging_mixin.py:188} INFO - [2024-01-28T11:01:12.428+0000] {dag.py:3823} INFO - Setting next_dagrun for example_sensors to None, run_after=None
[2024-01-28T11:01:12.456+0000] {processor.py:183} INFO - Processing /home/airflow/.local/lib/python3.8/site-packages/airflow/example_dags/example_sensors.py took 0.129 seconds
[2024-01-28T11:01:42.769+0000] {processor.py:161} INFO - Started process (PID=1365) to work on /home/airflow/.local/lib/python3.8/site-packages/airflow/example_dags/example_sensors.py
[2024-01-28T11:01:42.772+0000] {processor.py:830} INFO - Processing file /home/airflow/.local/lib/python3.8/site-packages/airflow/example_dags/example_sensors.py for tasks to queue
[2024-01-28T11:01:42.779+0000] {logging_mixin.py:188} INFO - [2024-01-28T11:01:42.779+0000] {dagbag.py:538} INFO - Filling up the DagBag from /home/airflow/.local/lib/python3.8/site-packages/airflow/example_dags/example_sensors.py
[2024-01-28T11:01:42.795+0000] {processor.py:840} INFO - DAG(s) 'example_sensors' retrieved from /home/airflow/.local/lib/python3.8/site-packages/airflow/example_dags/example_sensors.py
[2024-01-28T11:01:42.840+0000] {logging_mixin.py:188} INFO - [2024-01-28T11:01:42.840+0000] {dag.py:3036} INFO - Sync 1 DAGs
[2024-01-28T11:01:42.862+0000] {logging_mixin.py:188} INFO - [2024-01-28T11:01:42.861+0000] {dag.py:3823} INFO - Setting next_dagrun for example_sensors to None, run_after=None
[2024-01-28T11:01:42.896+0000] {processor.py:183} INFO - Processing /home/airflow/.local/lib/python3.8/site-packages/airflow/example_dags/example_sensors.py took 0.134 seconds
[2024-01-28T11:02:13.313+0000] {processor.py:161} INFO - Started process (PID=1422) to work on /home/airflow/.local/lib/python3.8/site-packages/airflow/example_dags/example_sensors.py
[2024-01-28T11:02:13.315+0000] {processor.py:830} INFO - Processing file /home/airflow/.local/lib/python3.8/site-packages/airflow/example_dags/example_sensors.py for tasks to queue
[2024-01-28T11:02:13.318+0000] {logging_mixin.py:188} INFO - [2024-01-28T11:02:13.317+0000] {dagbag.py:538} INFO - Filling up the DagBag from /home/airflow/.local/lib/python3.8/site-packages/airflow/example_dags/example_sensors.py
[2024-01-28T11:02:13.331+0000] {processor.py:840} INFO - DAG(s) 'example_sensors' retrieved from /home/airflow/.local/lib/python3.8/site-packages/airflow/example_dags/example_sensors.py
[2024-01-28T11:02:13.368+0000] {logging_mixin.py:188} INFO - [2024-01-28T11:02:13.368+0000] {dag.py:3036} INFO - Sync 1 DAGs
[2024-01-28T11:02:13.388+0000] {logging_mixin.py:188} INFO - [2024-01-28T11:02:13.388+0000] {dag.py:3823} INFO - Setting next_dagrun for example_sensors to None, run_after=None
[2024-01-28T11:02:13.416+0000] {processor.py:183} INFO - Processing /home/airflow/.local/lib/python3.8/site-packages/airflow/example_dags/example_sensors.py took 0.108 seconds
[2024-01-28T11:02:45.233+0000] {processor.py:161} INFO - Started process (PID=1478) to work on /home/airflow/.local/lib/python3.8/site-packages/airflow/example_dags/example_sensors.py
[2024-01-28T11:02:45.236+0000] {processor.py:830} INFO - Processing file /home/airflow/.local/lib/python3.8/site-packages/airflow/example_dags/example_sensors.py for tasks to queue
[2024-01-28T11:02:45.240+0000] {logging_mixin.py:188} INFO - [2024-01-28T11:02:45.239+0000] {dagbag.py:538} INFO - Filling up the DagBag from /home/airflow/.local/lib/python3.8/site-packages/airflow/example_dags/example_sensors.py
[2024-01-28T11:02:45.258+0000] {processor.py:840} INFO - DAG(s) 'example_sensors' retrieved from /home/airflow/.local/lib/python3.8/site-packages/airflow/example_dags/example_sensors.py
[2024-01-28T11:02:45.346+0000] {logging_mixin.py:188} INFO - [2024-01-28T11:02:45.346+0000] {dag.py:3036} INFO - Sync 1 DAGs
[2024-01-28T11:02:45.369+0000] {logging_mixin.py:188} INFO - [2024-01-28T11:02:45.368+0000] {dag.py:3823} INFO - Setting next_dagrun for example_sensors to None, run_after=None
[2024-01-28T11:02:45.408+0000] {processor.py:183} INFO - Processing /home/airflow/.local/lib/python3.8/site-packages/airflow/example_dags/example_sensors.py took 0.181 seconds
[2024-01-28T11:03:16.112+0000] {processor.py:161} INFO - Started process (PID=1534) to work on /home/airflow/.local/lib/python3.8/site-packages/airflow/example_dags/example_sensors.py
[2024-01-28T11:03:16.116+0000] {processor.py:830} INFO - Processing file /home/airflow/.local/lib/python3.8/site-packages/airflow/example_dags/example_sensors.py for tasks to queue
[2024-01-28T11:03:16.120+0000] {logging_mixin.py:188} INFO - [2024-01-28T11:03:16.120+0000] {dagbag.py:538} INFO - Filling up the DagBag from /home/airflow/.local/lib/python3.8/site-packages/airflow/example_dags/example_sensors.py
[2024-01-28T11:03:16.138+0000] {processor.py:840} INFO - DAG(s) 'example_sensors' retrieved from /home/airflow/.local/lib/python3.8/site-packages/airflow/example_dags/example_sensors.py
[2024-01-28T11:03:16.187+0000] {logging_mixin.py:188} INFO - [2024-01-28T11:03:16.186+0000] {dag.py:3036} INFO - Sync 1 DAGs
[2024-01-28T11:03:16.209+0000] {logging_mixin.py:188} INFO - [2024-01-28T11:03:16.209+0000] {dag.py:3823} INFO - Setting next_dagrun for example_sensors to None, run_after=None
[2024-01-28T11:03:16.241+0000] {processor.py:183} INFO - Processing /home/airflow/.local/lib/python3.8/site-packages/airflow/example_dags/example_sensors.py took 0.139 seconds
[2024-01-28T11:03:46.662+0000] {processor.py:161} INFO - Started process (PID=1590) to work on /home/airflow/.local/lib/python3.8/site-packages/airflow/example_dags/example_sensors.py
[2024-01-28T11:03:46.665+0000] {processor.py:830} INFO - Processing file /home/airflow/.local/lib/python3.8/site-packages/airflow/example_dags/example_sensors.py for tasks to queue
[2024-01-28T11:03:46.674+0000] {logging_mixin.py:188} INFO - [2024-01-28T11:03:46.673+0000] {dagbag.py:538} INFO - Filling up the DagBag from /home/airflow/.local/lib/python3.8/site-packages/airflow/example_dags/example_sensors.py
[2024-01-28T11:03:46.696+0000] {processor.py:840} INFO - DAG(s) 'example_sensors' retrieved from /home/airflow/.local/lib/python3.8/site-packages/airflow/example_dags/example_sensors.py
[2024-01-28T11:03:46.742+0000] {logging_mixin.py:188} INFO - [2024-01-28T11:03:46.742+0000] {dag.py:3036} INFO - Sync 1 DAGs
[2024-01-28T11:03:46.759+0000] {logging_mixin.py:188} INFO - [2024-01-28T11:03:46.759+0000] {dag.py:3823} INFO - Setting next_dagrun for example_sensors to None, run_after=None
[2024-01-28T11:03:46.789+0000] {processor.py:183} INFO - Processing /home/airflow/.local/lib/python3.8/site-packages/airflow/example_dags/example_sensors.py took 0.135 seconds
[2024-01-28T11:04:16.944+0000] {processor.py:161} INFO - Started process (PID=1646) to work on /home/airflow/.local/lib/python3.8/site-packages/airflow/example_dags/example_sensors.py
[2024-01-28T11:04:16.948+0000] {processor.py:830} INFO - Processing file /home/airflow/.local/lib/python3.8/site-packages/airflow/example_dags/example_sensors.py for tasks to queue
[2024-01-28T11:04:16.951+0000] {logging_mixin.py:188} INFO - [2024-01-28T11:04:16.950+0000] {dagbag.py:538} INFO - Filling up the DagBag from /home/airflow/.local/lib/python3.8/site-packages/airflow/example_dags/example_sensors.py
[2024-01-28T11:04:16.968+0000] {processor.py:840} INFO - DAG(s) 'example_sensors' retrieved from /home/airflow/.local/lib/python3.8/site-packages/airflow/example_dags/example_sensors.py
[2024-01-28T11:04:17.019+0000] {logging_mixin.py:188} INFO - [2024-01-28T11:04:17.018+0000] {dag.py:3036} INFO - Sync 1 DAGs
[2024-01-28T11:04:17.042+0000] {logging_mixin.py:188} INFO - [2024-01-28T11:04:17.041+0000] {dag.py:3823} INFO - Setting next_dagrun for example_sensors to None, run_after=None
[2024-01-28T11:04:17.074+0000] {processor.py:183} INFO - Processing /home/airflow/.local/lib/python3.8/site-packages/airflow/example_dags/example_sensors.py took 0.140 seconds
[2024-01-28T11:04:47.298+0000] {processor.py:161} INFO - Started process (PID=1702) to work on /home/airflow/.local/lib/python3.8/site-packages/airflow/example_dags/example_sensors.py
[2024-01-28T11:04:47.301+0000] {processor.py:830} INFO - Processing file /home/airflow/.local/lib/python3.8/site-packages/airflow/example_dags/example_sensors.py for tasks to queue
[2024-01-28T11:04:47.305+0000] {logging_mixin.py:188} INFO - [2024-01-28T11:04:47.304+0000] {dagbag.py:538} INFO - Filling up the DagBag from /home/airflow/.local/lib/python3.8/site-packages/airflow/example_dags/example_sensors.py
[2024-01-28T11:04:47.319+0000] {processor.py:840} INFO - DAG(s) 'example_sensors' retrieved from /home/airflow/.local/lib/python3.8/site-packages/airflow/example_dags/example_sensors.py
[2024-01-28T11:04:47.353+0000] {logging_mixin.py:188} INFO - [2024-01-28T11:04:47.353+0000] {dag.py:3036} INFO - Sync 1 DAGs
[2024-01-28T11:04:47.370+0000] {logging_mixin.py:188} INFO - [2024-01-28T11:04:47.370+0000] {dag.py:3823} INFO - Setting next_dagrun for example_sensors to None, run_after=None
[2024-01-28T11:04:47.397+0000] {processor.py:183} INFO - Processing /home/airflow/.local/lib/python3.8/site-packages/airflow/example_dags/example_sensors.py took 0.103 seconds
[2024-01-28T11:05:17.842+0000] {processor.py:161} INFO - Started process (PID=1758) to work on /home/airflow/.local/lib/python3.8/site-packages/airflow/example_dags/example_sensors.py
[2024-01-28T11:05:17.845+0000] {processor.py:830} INFO - Processing file /home/airflow/.local/lib/python3.8/site-packages/airflow/example_dags/example_sensors.py for tasks to queue
[2024-01-28T11:05:17.848+0000] {logging_mixin.py:188} INFO - [2024-01-28T11:05:17.848+0000] {dagbag.py:538} INFO - Filling up the DagBag from /home/airflow/.local/lib/python3.8/site-packages/airflow/example_dags/example_sensors.py
[2024-01-28T11:05:17.861+0000] {processor.py:840} INFO - DAG(s) 'example_sensors' retrieved from /home/airflow/.local/lib/python3.8/site-packages/airflow/example_dags/example_sensors.py
[2024-01-28T11:05:17.918+0000] {logging_mixin.py:188} INFO - [2024-01-28T11:05:17.917+0000] {dag.py:3036} INFO - Sync 1 DAGs
[2024-01-28T11:05:17.935+0000] {logging_mixin.py:188} INFO - [2024-01-28T11:05:17.934+0000] {dag.py:3823} INFO - Setting next_dagrun for example_sensors to None, run_after=None
[2024-01-28T11:05:17.960+0000] {processor.py:183} INFO - Processing /home/airflow/.local/lib/python3.8/site-packages/airflow/example_dags/example_sensors.py took 0.123 seconds
[2024-01-28T11:05:48.721+0000] {processor.py:161} INFO - Started process (PID=1814) to work on /home/airflow/.local/lib/python3.8/site-packages/airflow/example_dags/example_sensors.py
[2024-01-28T11:05:48.723+0000] {processor.py:830} INFO - Processing file /home/airflow/.local/lib/python3.8/site-packages/airflow/example_dags/example_sensors.py for tasks to queue
[2024-01-28T11:05:48.726+0000] {logging_mixin.py:188} INFO - [2024-01-28T11:05:48.725+0000] {dagbag.py:538} INFO - Filling up the DagBag from /home/airflow/.local/lib/python3.8/site-packages/airflow/example_dags/example_sensors.py
[2024-01-28T11:05:48.738+0000] {processor.py:840} INFO - DAG(s) 'example_sensors' retrieved from /home/airflow/.local/lib/python3.8/site-packages/airflow/example_dags/example_sensors.py
[2024-01-28T11:05:48.774+0000] {logging_mixin.py:188} INFO - [2024-01-28T11:05:48.774+0000] {dag.py:3036} INFO - Sync 1 DAGs
[2024-01-28T11:05:48.791+0000] {logging_mixin.py:188} INFO - [2024-01-28T11:05:48.791+0000] {dag.py:3823} INFO - Setting next_dagrun for example_sensors to None, run_after=None
[2024-01-28T11:05:48.817+0000] {processor.py:183} INFO - Processing /home/airflow/.local/lib/python3.8/site-packages/airflow/example_dags/example_sensors.py took 0.101 seconds
[2024-01-28T11:06:19.061+0000] {processor.py:161} INFO - Started process (PID=1871) to work on /home/airflow/.local/lib/python3.8/site-packages/airflow/example_dags/example_sensors.py
[2024-01-28T11:06:19.063+0000] {processor.py:830} INFO - Processing file /home/airflow/.local/lib/python3.8/site-packages/airflow/example_dags/example_sensors.py for tasks to queue
[2024-01-28T11:06:19.066+0000] {logging_mixin.py:188} INFO - [2024-01-28T11:06:19.066+0000] {dagbag.py:538} INFO - Filling up the DagBag from /home/airflow/.local/lib/python3.8/site-packages/airflow/example_dags/example_sensors.py
[2024-01-28T11:06:19.079+0000] {processor.py:840} INFO - DAG(s) 'example_sensors' retrieved from /home/airflow/.local/lib/python3.8/site-packages/airflow/example_dags/example_sensors.py
[2024-01-28T11:06:19.116+0000] {logging_mixin.py:188} INFO - [2024-01-28T11:06:19.116+0000] {dag.py:3036} INFO - Sync 1 DAGs
[2024-01-28T11:06:19.133+0000] {logging_mixin.py:188} INFO - [2024-01-28T11:06:19.133+0000] {dag.py:3823} INFO - Setting next_dagrun for example_sensors to None, run_after=None
[2024-01-28T11:06:19.162+0000] {processor.py:183} INFO - Processing /home/airflow/.local/lib/python3.8/site-packages/airflow/example_dags/example_sensors.py took 0.105 seconds
[2024-01-28T11:06:49.684+0000] {processor.py:161} INFO - Started process (PID=1926) to work on /home/airflow/.local/lib/python3.8/site-packages/airflow/example_dags/example_sensors.py
[2024-01-28T11:06:49.686+0000] {processor.py:830} INFO - Processing file /home/airflow/.local/lib/python3.8/site-packages/airflow/example_dags/example_sensors.py for tasks to queue
[2024-01-28T11:06:49.689+0000] {logging_mixin.py:188} INFO - [2024-01-28T11:06:49.688+0000] {dagbag.py:538} INFO - Filling up the DagBag from /home/airflow/.local/lib/python3.8/site-packages/airflow/example_dags/example_sensors.py
[2024-01-28T11:06:49.702+0000] {processor.py:840} INFO - DAG(s) 'example_sensors' retrieved from /home/airflow/.local/lib/python3.8/site-packages/airflow/example_dags/example_sensors.py
[2024-01-28T11:06:49.742+0000] {logging_mixin.py:188} INFO - [2024-01-28T11:06:49.742+0000] {dag.py:3036} INFO - Sync 1 DAGs
[2024-01-28T11:06:49.775+0000] {logging_mixin.py:188} INFO - [2024-01-28T11:06:49.774+0000] {dag.py:3823} INFO - Setting next_dagrun for example_sensors to None, run_after=None
[2024-01-28T11:06:49.813+0000] {processor.py:183} INFO - Processing /home/airflow/.local/lib/python3.8/site-packages/airflow/example_dags/example_sensors.py took 0.135 seconds
[2024-01-28T11:07:20.199+0000] {processor.py:161} INFO - Started process (PID=1983) to work on /home/airflow/.local/lib/python3.8/site-packages/airflow/example_dags/example_sensors.py
[2024-01-28T11:07:20.202+0000] {processor.py:830} INFO - Processing file /home/airflow/.local/lib/python3.8/site-packages/airflow/example_dags/example_sensors.py for tasks to queue
[2024-01-28T11:07:20.205+0000] {logging_mixin.py:188} INFO - [2024-01-28T11:07:20.205+0000] {dagbag.py:538} INFO - Filling up the DagBag from /home/airflow/.local/lib/python3.8/site-packages/airflow/example_dags/example_sensors.py
[2024-01-28T11:07:20.217+0000] {processor.py:840} INFO - DAG(s) 'example_sensors' retrieved from /home/airflow/.local/lib/python3.8/site-packages/airflow/example_dags/example_sensors.py
[2024-01-28T11:07:20.262+0000] {logging_mixin.py:188} INFO - [2024-01-28T11:07:20.262+0000] {dag.py:3036} INFO - Sync 1 DAGs
[2024-01-28T11:07:20.278+0000] {logging_mixin.py:188} INFO - [2024-01-28T11:07:20.278+0000] {dag.py:3823} INFO - Setting next_dagrun for example_sensors to None, run_after=None
[2024-01-28T11:07:20.308+0000] {processor.py:183} INFO - Processing /home/airflow/.local/lib/python3.8/site-packages/airflow/example_dags/example_sensors.py took 0.113 seconds
[2024-01-28T11:07:52.105+0000] {processor.py:161} INFO - Started process (PID=2039) to work on /home/airflow/.local/lib/python3.8/site-packages/airflow/example_dags/example_sensors.py
[2024-01-28T11:07:52.107+0000] {processor.py:830} INFO - Processing file /home/airflow/.local/lib/python3.8/site-packages/airflow/example_dags/example_sensors.py for tasks to queue
[2024-01-28T11:07:52.114+0000] {logging_mixin.py:188} INFO - [2024-01-28T11:07:52.113+0000] {dagbag.py:538} INFO - Filling up the DagBag from /home/airflow/.local/lib/python3.8/site-packages/airflow/example_dags/example_sensors.py
[2024-01-28T11:07:52.141+0000] {processor.py:840} INFO - DAG(s) 'example_sensors' retrieved from /home/airflow/.local/lib/python3.8/site-packages/airflow/example_dags/example_sensors.py
[2024-01-28T11:07:52.240+0000] {logging_mixin.py:188} INFO - [2024-01-28T11:07:52.240+0000] {dag.py:3036} INFO - Sync 1 DAGs
[2024-01-28T11:07:52.259+0000] {logging_mixin.py:188} INFO - [2024-01-28T11:07:52.259+0000] {dag.py:3823} INFO - Setting next_dagrun for example_sensors to None, run_after=None
[2024-01-28T11:07:52.292+0000] {processor.py:183} INFO - Processing /home/airflow/.local/lib/python3.8/site-packages/airflow/example_dags/example_sensors.py took 0.196 seconds
[2024-01-28T11:08:22.679+0000] {processor.py:161} INFO - Started process (PID=2095) to work on /home/airflow/.local/lib/python3.8/site-packages/airflow/example_dags/example_sensors.py
[2024-01-28T11:08:22.681+0000] {processor.py:830} INFO - Processing file /home/airflow/.local/lib/python3.8/site-packages/airflow/example_dags/example_sensors.py for tasks to queue
[2024-01-28T11:08:22.684+0000] {logging_mixin.py:188} INFO - [2024-01-28T11:08:22.684+0000] {dagbag.py:538} INFO - Filling up the DagBag from /home/airflow/.local/lib/python3.8/site-packages/airflow/example_dags/example_sensors.py
[2024-01-28T11:08:22.697+0000] {processor.py:840} INFO - DAG(s) 'example_sensors' retrieved from /home/airflow/.local/lib/python3.8/site-packages/airflow/example_dags/example_sensors.py
[2024-01-28T11:08:22.756+0000] {logging_mixin.py:188} INFO - [2024-01-28T11:08:22.755+0000] {dag.py:3036} INFO - Sync 1 DAGs
[2024-01-28T11:08:22.774+0000] {logging_mixin.py:188} INFO - [2024-01-28T11:08:22.773+0000] {dag.py:3823} INFO - Setting next_dagrun for example_sensors to None, run_after=None
[2024-01-28T11:08:22.802+0000] {processor.py:183} INFO - Processing /home/airflow/.local/lib/python3.8/site-packages/airflow/example_dags/example_sensors.py took 0.127 seconds
[2024-01-28T11:08:53.024+0000] {processor.py:161} INFO - Started process (PID=2151) to work on /home/airflow/.local/lib/python3.8/site-packages/airflow/example_dags/example_sensors.py
[2024-01-28T11:08:53.027+0000] {processor.py:830} INFO - Processing file /home/airflow/.local/lib/python3.8/site-packages/airflow/example_dags/example_sensors.py for tasks to queue
[2024-01-28T11:08:53.033+0000] {logging_mixin.py:188} INFO - [2024-01-28T11:08:53.032+0000] {dagbag.py:538} INFO - Filling up the DagBag from /home/airflow/.local/lib/python3.8/site-packages/airflow/example_dags/example_sensors.py
[2024-01-28T11:08:53.048+0000] {processor.py:840} INFO - DAG(s) 'example_sensors' retrieved from /home/airflow/.local/lib/python3.8/site-packages/airflow/example_dags/example_sensors.py
[2024-01-28T11:08:53.086+0000] {logging_mixin.py:188} INFO - [2024-01-28T11:08:53.085+0000] {dag.py:3036} INFO - Sync 1 DAGs
[2024-01-28T11:08:53.101+0000] {logging_mixin.py:188} INFO - [2024-01-28T11:08:53.101+0000] {dag.py:3823} INFO - Setting next_dagrun for example_sensors to None, run_after=None
[2024-01-28T11:08:53.127+0000] {processor.py:183} INFO - Processing /home/airflow/.local/lib/python3.8/site-packages/airflow/example_dags/example_sensors.py took 0.115 seconds
[2024-01-28T11:09:23.969+0000] {processor.py:161} INFO - Started process (PID=2209) to work on /home/airflow/.local/lib/python3.8/site-packages/airflow/example_dags/example_sensors.py
[2024-01-28T11:09:23.972+0000] {processor.py:830} INFO - Processing file /home/airflow/.local/lib/python3.8/site-packages/airflow/example_dags/example_sensors.py for tasks to queue
[2024-01-28T11:09:23.975+0000] {logging_mixin.py:188} INFO - [2024-01-28T11:09:23.975+0000] {dagbag.py:538} INFO - Filling up the DagBag from /home/airflow/.local/lib/python3.8/site-packages/airflow/example_dags/example_sensors.py
[2024-01-28T11:09:24.000+0000] {processor.py:840} INFO - DAG(s) 'example_sensors' retrieved from /home/airflow/.local/lib/python3.8/site-packages/airflow/example_dags/example_sensors.py
[2024-01-28T11:09:24.050+0000] {logging_mixin.py:188} INFO - [2024-01-28T11:09:24.050+0000] {dag.py:3036} INFO - Sync 1 DAGs
[2024-01-28T11:09:24.070+0000] {logging_mixin.py:188} INFO - [2024-01-28T11:09:24.070+0000] {dag.py:3823} INFO - Setting next_dagrun for example_sensors to None, run_after=None
[2024-01-28T11:09:24.120+0000] {processor.py:183} INFO - Processing /home/airflow/.local/lib/python3.8/site-packages/airflow/example_dags/example_sensors.py took 0.156 seconds
[2024-01-28T11:09:54.235+0000] {processor.py:161} INFO - Started process (PID=2265) to work on /home/airflow/.local/lib/python3.8/site-packages/airflow/example_dags/example_sensors.py
[2024-01-28T11:09:54.238+0000] {processor.py:830} INFO - Processing file /home/airflow/.local/lib/python3.8/site-packages/airflow/example_dags/example_sensors.py for tasks to queue
[2024-01-28T11:09:54.242+0000] {logging_mixin.py:188} INFO - [2024-01-28T11:09:54.241+0000] {dagbag.py:538} INFO - Filling up the DagBag from /home/airflow/.local/lib/python3.8/site-packages/airflow/example_dags/example_sensors.py
[2024-01-28T11:09:54.254+0000] {processor.py:840} INFO - DAG(s) 'example_sensors' retrieved from /home/airflow/.local/lib/python3.8/site-packages/airflow/example_dags/example_sensors.py
[2024-01-28T11:09:54.296+0000] {logging_mixin.py:188} INFO - [2024-01-28T11:09:54.296+0000] {dag.py:3036} INFO - Sync 1 DAGs
[2024-01-28T11:09:54.316+0000] {logging_mixin.py:188} INFO - [2024-01-28T11:09:54.315+0000] {dag.py:3823} INFO - Setting next_dagrun for example_sensors to None, run_after=None
[2024-01-28T11:09:54.349+0000] {processor.py:183} INFO - Processing /home/airflow/.local/lib/python3.8/site-packages/airflow/example_dags/example_sensors.py took 0.118 seconds
[2024-01-28T11:10:24.843+0000] {processor.py:161} INFO - Started process (PID=2322) to work on /home/airflow/.local/lib/python3.8/site-packages/airflow/example_dags/example_sensors.py
[2024-01-28T11:10:24.846+0000] {processor.py:830} INFO - Processing file /home/airflow/.local/lib/python3.8/site-packages/airflow/example_dags/example_sensors.py for tasks to queue
[2024-01-28T11:10:24.849+0000] {logging_mixin.py:188} INFO - [2024-01-28T11:10:24.849+0000] {dagbag.py:538} INFO - Filling up the DagBag from /home/airflow/.local/lib/python3.8/site-packages/airflow/example_dags/example_sensors.py
[2024-01-28T11:10:24.861+0000] {processor.py:840} INFO - DAG(s) 'example_sensors' retrieved from /home/airflow/.local/lib/python3.8/site-packages/airflow/example_dags/example_sensors.py
[2024-01-28T11:10:24.899+0000] {logging_mixin.py:188} INFO - [2024-01-28T11:10:24.899+0000] {dag.py:3036} INFO - Sync 1 DAGs
[2024-01-28T11:10:24.919+0000] {logging_mixin.py:188} INFO - [2024-01-28T11:10:24.919+0000] {dag.py:3823} INFO - Setting next_dagrun for example_sensors to None, run_after=None
[2024-01-28T11:10:24.950+0000] {processor.py:183} INFO - Processing /home/airflow/.local/lib/python3.8/site-packages/airflow/example_dags/example_sensors.py took 0.111 seconds
[2024-01-28T11:10:55.010+0000] {processor.py:161} INFO - Started process (PID=2379) to work on /home/airflow/.local/lib/python3.8/site-packages/airflow/example_dags/example_sensors.py
[2024-01-28T11:10:55.012+0000] {processor.py:830} INFO - Processing file /home/airflow/.local/lib/python3.8/site-packages/airflow/example_dags/example_sensors.py for tasks to queue
[2024-01-28T11:10:55.015+0000] {logging_mixin.py:188} INFO - [2024-01-28T11:10:55.015+0000] {dagbag.py:538} INFO - Filling up the DagBag from /home/airflow/.local/lib/python3.8/site-packages/airflow/example_dags/example_sensors.py
[2024-01-28T11:10:55.028+0000] {processor.py:840} INFO - DAG(s) 'example_sensors' retrieved from /home/airflow/.local/lib/python3.8/site-packages/airflow/example_dags/example_sensors.py
[2024-01-28T11:10:55.063+0000] {logging_mixin.py:188} INFO - [2024-01-28T11:10:55.063+0000] {dag.py:3036} INFO - Sync 1 DAGs
[2024-01-28T11:10:55.080+0000] {logging_mixin.py:188} INFO - [2024-01-28T11:10:55.079+0000] {dag.py:3823} INFO - Setting next_dagrun for example_sensors to None, run_after=None
[2024-01-28T11:10:55.109+0000] {processor.py:183} INFO - Processing /home/airflow/.local/lib/python3.8/site-packages/airflow/example_dags/example_sensors.py took 0.104 seconds
[2024-01-28T11:11:25.190+0000] {processor.py:161} INFO - Started process (PID=2437) to work on /home/airflow/.local/lib/python3.8/site-packages/airflow/example_dags/example_sensors.py
[2024-01-28T11:11:25.192+0000] {processor.py:830} INFO - Processing file /home/airflow/.local/lib/python3.8/site-packages/airflow/example_dags/example_sensors.py for tasks to queue
[2024-01-28T11:11:25.197+0000] {logging_mixin.py:188} INFO - [2024-01-28T11:11:25.196+0000] {dagbag.py:538} INFO - Filling up the DagBag from /home/airflow/.local/lib/python3.8/site-packages/airflow/example_dags/example_sensors.py
[2024-01-28T11:11:25.209+0000] {processor.py:840} INFO - DAG(s) 'example_sensors' retrieved from /home/airflow/.local/lib/python3.8/site-packages/airflow/example_dags/example_sensors.py
[2024-01-28T11:11:25.253+0000] {logging_mixin.py:188} INFO - [2024-01-28T11:11:25.252+0000] {dag.py:3036} INFO - Sync 1 DAGs
[2024-01-28T11:11:25.278+0000] {logging_mixin.py:188} INFO - [2024-01-28T11:11:25.278+0000] {dag.py:3823} INFO - Setting next_dagrun for example_sensors to None, run_after=None
[2024-01-28T11:11:25.305+0000] {processor.py:183} INFO - Processing /home/airflow/.local/lib/python3.8/site-packages/airflow/example_dags/example_sensors.py took 0.120 seconds
[2024-01-28T11:11:55.791+0000] {processor.py:161} INFO - Started process (PID=2494) to work on /home/airflow/.local/lib/python3.8/site-packages/airflow/example_dags/example_sensors.py
[2024-01-28T11:11:55.794+0000] {processor.py:830} INFO - Processing file /home/airflow/.local/lib/python3.8/site-packages/airflow/example_dags/example_sensors.py for tasks to queue
[2024-01-28T11:11:55.797+0000] {logging_mixin.py:188} INFO - [2024-01-28T11:11:55.797+0000] {dagbag.py:538} INFO - Filling up the DagBag from /home/airflow/.local/lib/python3.8/site-packages/airflow/example_dags/example_sensors.py
[2024-01-28T11:11:55.812+0000] {processor.py:840} INFO - DAG(s) 'example_sensors' retrieved from /home/airflow/.local/lib/python3.8/site-packages/airflow/example_dags/example_sensors.py
[2024-01-28T11:11:55.849+0000] {logging_mixin.py:188} INFO - [2024-01-28T11:11:55.848+0000] {dag.py:3036} INFO - Sync 1 DAGs
[2024-01-28T11:11:55.866+0000] {logging_mixin.py:188} INFO - [2024-01-28T11:11:55.865+0000] {dag.py:3823} INFO - Setting next_dagrun for example_sensors to None, run_after=None
[2024-01-28T11:11:55.892+0000] {processor.py:183} INFO - Processing /home/airflow/.local/lib/python3.8/site-packages/airflow/example_dags/example_sensors.py took 0.106 seconds
[2024-01-28T11:12:26.199+0000] {processor.py:161} INFO - Started process (PID=2551) to work on /home/airflow/.local/lib/python3.8/site-packages/airflow/example_dags/example_sensors.py
[2024-01-28T11:12:26.202+0000] {processor.py:830} INFO - Processing file /home/airflow/.local/lib/python3.8/site-packages/airflow/example_dags/example_sensors.py for tasks to queue
[2024-01-28T11:12:26.205+0000] {logging_mixin.py:188} INFO - [2024-01-28T11:12:26.205+0000] {dagbag.py:538} INFO - Filling up the DagBag from /home/airflow/.local/lib/python3.8/site-packages/airflow/example_dags/example_sensors.py
[2024-01-28T11:12:26.220+0000] {processor.py:840} INFO - DAG(s) 'example_sensors' retrieved from /home/airflow/.local/lib/python3.8/site-packages/airflow/example_dags/example_sensors.py
[2024-01-28T11:12:26.278+0000] {logging_mixin.py:188} INFO - [2024-01-28T11:12:26.277+0000] {dag.py:3036} INFO - Sync 1 DAGs
[2024-01-28T11:12:26.311+0000] {logging_mixin.py:188} INFO - [2024-01-28T11:12:26.311+0000] {dag.py:3823} INFO - Setting next_dagrun for example_sensors to None, run_after=None
[2024-01-28T11:12:26.343+0000] {processor.py:183} INFO - Processing /home/airflow/.local/lib/python3.8/site-packages/airflow/example_dags/example_sensors.py took 0.151 seconds
[2024-01-28T11:12:57.300+0000] {processor.py:161} INFO - Started process (PID=2609) to work on /home/airflow/.local/lib/python3.8/site-packages/airflow/example_dags/example_sensors.py
[2024-01-28T11:12:57.302+0000] {processor.py:830} INFO - Processing file /home/airflow/.local/lib/python3.8/site-packages/airflow/example_dags/example_sensors.py for tasks to queue
[2024-01-28T11:12:57.305+0000] {logging_mixin.py:188} INFO - [2024-01-28T11:12:57.305+0000] {dagbag.py:538} INFO - Filling up the DagBag from /home/airflow/.local/lib/python3.8/site-packages/airflow/example_dags/example_sensors.py
[2024-01-28T11:12:57.318+0000] {processor.py:840} INFO - DAG(s) 'example_sensors' retrieved from /home/airflow/.local/lib/python3.8/site-packages/airflow/example_dags/example_sensors.py
[2024-01-28T11:12:57.356+0000] {logging_mixin.py:188} INFO - [2024-01-28T11:12:57.356+0000] {dag.py:3036} INFO - Sync 1 DAGs
[2024-01-28T11:12:57.373+0000] {logging_mixin.py:188} INFO - [2024-01-28T11:12:57.373+0000] {dag.py:3823} INFO - Setting next_dagrun for example_sensors to None, run_after=None
[2024-01-28T11:12:57.401+0000] {processor.py:183} INFO - Processing /home/airflow/.local/lib/python3.8/site-packages/airflow/example_dags/example_sensors.py took 0.106 seconds
[2024-01-28T11:13:27.646+0000] {processor.py:161} INFO - Started process (PID=2666) to work on /home/airflow/.local/lib/python3.8/site-packages/airflow/example_dags/example_sensors.py
[2024-01-28T11:13:27.647+0000] {processor.py:830} INFO - Processing file /home/airflow/.local/lib/python3.8/site-packages/airflow/example_dags/example_sensors.py for tasks to queue
[2024-01-28T11:13:27.650+0000] {logging_mixin.py:188} INFO - [2024-01-28T11:13:27.650+0000] {dagbag.py:538} INFO - Filling up the DagBag from /home/airflow/.local/lib/python3.8/site-packages/airflow/example_dags/example_sensors.py
[2024-01-28T11:13:27.664+0000] {processor.py:840} INFO - DAG(s) 'example_sensors' retrieved from /home/airflow/.local/lib/python3.8/site-packages/airflow/example_dags/example_sensors.py
[2024-01-28T11:13:27.704+0000] {logging_mixin.py:188} INFO - [2024-01-28T11:13:27.704+0000] {dag.py:3036} INFO - Sync 1 DAGs
[2024-01-28T11:13:27.722+0000] {logging_mixin.py:188} INFO - [2024-01-28T11:13:27.722+0000] {dag.py:3823} INFO - Setting next_dagrun for example_sensors to None, run_after=None
[2024-01-28T11:13:27.750+0000] {processor.py:183} INFO - Processing /home/airflow/.local/lib/python3.8/site-packages/airflow/example_dags/example_sensors.py took 0.109 seconds
[2024-01-28T11:13:58.211+0000] {processor.py:161} INFO - Started process (PID=2723) to work on /home/airflow/.local/lib/python3.8/site-packages/airflow/example_dags/example_sensors.py
[2024-01-28T11:13:58.227+0000] {processor.py:830} INFO - Processing file /home/airflow/.local/lib/python3.8/site-packages/airflow/example_dags/example_sensors.py for tasks to queue
[2024-01-28T11:13:58.244+0000] {logging_mixin.py:188} INFO - [2024-01-28T11:13:58.243+0000] {dagbag.py:538} INFO - Filling up the DagBag from /home/airflow/.local/lib/python3.8/site-packages/airflow/example_dags/example_sensors.py
[2024-01-28T11:13:58.271+0000] {processor.py:840} INFO - DAG(s) 'example_sensors' retrieved from /home/airflow/.local/lib/python3.8/site-packages/airflow/example_dags/example_sensors.py
[2024-01-28T11:13:58.435+0000] {logging_mixin.py:188} INFO - [2024-01-28T11:13:58.434+0000] {dag.py:3036} INFO - Sync 1 DAGs
[2024-01-28T11:13:58.474+0000] {logging_mixin.py:188} INFO - [2024-01-28T11:13:58.474+0000] {dag.py:3823} INFO - Setting next_dagrun for example_sensors to None, run_after=None
[2024-01-28T11:13:58.536+0000] {processor.py:183} INFO - Processing /home/airflow/.local/lib/python3.8/site-packages/airflow/example_dags/example_sensors.py took 0.329 seconds
[2024-01-28T11:14:28.574+0000] {processor.py:161} INFO - Started process (PID=2779) to work on /home/airflow/.local/lib/python3.8/site-packages/airflow/example_dags/example_sensors.py
[2024-01-28T11:14:28.576+0000] {processor.py:830} INFO - Processing file /home/airflow/.local/lib/python3.8/site-packages/airflow/example_dags/example_sensors.py for tasks to queue
[2024-01-28T11:14:28.579+0000] {logging_mixin.py:188} INFO - [2024-01-28T11:14:28.578+0000] {dagbag.py:538} INFO - Filling up the DagBag from /home/airflow/.local/lib/python3.8/site-packages/airflow/example_dags/example_sensors.py
[2024-01-28T11:14:28.591+0000] {processor.py:840} INFO - DAG(s) 'example_sensors' retrieved from /home/airflow/.local/lib/python3.8/site-packages/airflow/example_dags/example_sensors.py
[2024-01-28T11:14:28.638+0000] {logging_mixin.py:188} INFO - [2024-01-28T11:14:28.637+0000] {dag.py:3036} INFO - Sync 1 DAGs
[2024-01-28T11:14:28.655+0000] {logging_mixin.py:188} INFO - [2024-01-28T11:14:28.655+0000] {dag.py:3823} INFO - Setting next_dagrun for example_sensors to None, run_after=None
[2024-01-28T11:14:28.685+0000] {processor.py:183} INFO - Processing /home/airflow/.local/lib/python3.8/site-packages/airflow/example_dags/example_sensors.py took 0.115 seconds
[2024-01-28T11:14:59.226+0000] {processor.py:161} INFO - Started process (PID=2837) to work on /home/airflow/.local/lib/python3.8/site-packages/airflow/example_dags/example_sensors.py
[2024-01-28T11:14:59.231+0000] {processor.py:830} INFO - Processing file /home/airflow/.local/lib/python3.8/site-packages/airflow/example_dags/example_sensors.py for tasks to queue
[2024-01-28T11:14:59.238+0000] {logging_mixin.py:188} INFO - [2024-01-28T11:14:59.237+0000] {dagbag.py:538} INFO - Filling up the DagBag from /home/airflow/.local/lib/python3.8/site-packages/airflow/example_dags/example_sensors.py
[2024-01-28T11:14:59.263+0000] {processor.py:840} INFO - DAG(s) 'example_sensors' retrieved from /home/airflow/.local/lib/python3.8/site-packages/airflow/example_dags/example_sensors.py
[2024-01-28T11:14:59.354+0000] {logging_mixin.py:188} INFO - [2024-01-28T11:14:59.350+0000] {dag.py:3036} INFO - Sync 1 DAGs
[2024-01-28T11:14:59.383+0000] {logging_mixin.py:188} INFO - [2024-01-28T11:14:59.382+0000] {dag.py:3823} INFO - Setting next_dagrun for example_sensors to None, run_after=None
[2024-01-28T11:14:59.426+0000] {processor.py:183} INFO - Processing /home/airflow/.local/lib/python3.8/site-packages/airflow/example_dags/example_sensors.py took 0.207 seconds
[2024-01-28T11:15:29.725+0000] {processor.py:161} INFO - Started process (PID=2894) to work on /home/airflow/.local/lib/python3.8/site-packages/airflow/example_dags/example_sensors.py
[2024-01-28T11:15:29.729+0000] {processor.py:830} INFO - Processing file /home/airflow/.local/lib/python3.8/site-packages/airflow/example_dags/example_sensors.py for tasks to queue
[2024-01-28T11:15:29.739+0000] {logging_mixin.py:188} INFO - [2024-01-28T11:15:29.739+0000] {dagbag.py:538} INFO - Filling up the DagBag from /home/airflow/.local/lib/python3.8/site-packages/airflow/example_dags/example_sensors.py
[2024-01-28T11:15:29.772+0000] {processor.py:840} INFO - DAG(s) 'example_sensors' retrieved from /home/airflow/.local/lib/python3.8/site-packages/airflow/example_dags/example_sensors.py
[2024-01-28T11:15:29.864+0000] {logging_mixin.py:188} INFO - [2024-01-28T11:15:29.863+0000] {dag.py:3036} INFO - Sync 1 DAGs
[2024-01-28T11:15:29.892+0000] {logging_mixin.py:188} INFO - [2024-01-28T11:15:29.892+0000] {dag.py:3823} INFO - Setting next_dagrun for example_sensors to None, run_after=None
[2024-01-28T11:15:29.932+0000] {processor.py:183} INFO - Processing /home/airflow/.local/lib/python3.8/site-packages/airflow/example_dags/example_sensors.py took 0.218 seconds
[2024-01-28T11:16:00.465+0000] {processor.py:161} INFO - Started process (PID=2950) to work on /home/airflow/.local/lib/python3.8/site-packages/airflow/example_dags/example_sensors.py
[2024-01-28T11:16:00.469+0000] {processor.py:830} INFO - Processing file /home/airflow/.local/lib/python3.8/site-packages/airflow/example_dags/example_sensors.py for tasks to queue
[2024-01-28T11:16:00.480+0000] {logging_mixin.py:188} INFO - [2024-01-28T11:16:00.479+0000] {dagbag.py:538} INFO - Filling up the DagBag from /home/airflow/.local/lib/python3.8/site-packages/airflow/example_dags/example_sensors.py
[2024-01-28T11:16:00.517+0000] {processor.py:840} INFO - DAG(s) 'example_sensors' retrieved from /home/airflow/.local/lib/python3.8/site-packages/airflow/example_dags/example_sensors.py
[2024-01-28T11:16:00.587+0000] {logging_mixin.py:188} INFO - [2024-01-28T11:16:00.587+0000] {dag.py:3036} INFO - Sync 1 DAGs
[2024-01-28T11:16:00.624+0000] {logging_mixin.py:188} INFO - [2024-01-28T11:16:00.624+0000] {dag.py:3823} INFO - Setting next_dagrun for example_sensors to None, run_after=None
[2024-01-28T11:16:00.683+0000] {processor.py:183} INFO - Processing /home/airflow/.local/lib/python3.8/site-packages/airflow/example_dags/example_sensors.py took 0.233 seconds
[2024-01-28T11:16:32.435+0000] {processor.py:161} INFO - Started process (PID=3008) to work on /home/airflow/.local/lib/python3.8/site-packages/airflow/example_dags/example_sensors.py
[2024-01-28T11:16:32.438+0000] {processor.py:830} INFO - Processing file /home/airflow/.local/lib/python3.8/site-packages/airflow/example_dags/example_sensors.py for tasks to queue
[2024-01-28T11:16:32.445+0000] {logging_mixin.py:188} INFO - [2024-01-28T11:16:32.444+0000] {dagbag.py:538} INFO - Filling up the DagBag from /home/airflow/.local/lib/python3.8/site-packages/airflow/example_dags/example_sensors.py
[2024-01-28T11:16:32.463+0000] {processor.py:840} INFO - DAG(s) 'example_sensors' retrieved from /home/airflow/.local/lib/python3.8/site-packages/airflow/example_dags/example_sensors.py
[2024-01-28T11:16:32.508+0000] {logging_mixin.py:188} INFO - [2024-01-28T11:16:32.507+0000] {dag.py:3036} INFO - Sync 1 DAGs
[2024-01-28T11:16:32.773+0000] {logging_mixin.py:188} INFO - [2024-01-28T11:16:32.772+0000] {dag.py:3823} INFO - Setting next_dagrun for example_sensors to None, run_after=None
[2024-01-28T11:16:32.801+0000] {processor.py:183} INFO - Processing /home/airflow/.local/lib/python3.8/site-packages/airflow/example_dags/example_sensors.py took 0.371 seconds
[2024-01-28T11:17:03.726+0000] {processor.py:161} INFO - Started process (PID=3065) to work on /home/airflow/.local/lib/python3.8/site-packages/airflow/example_dags/example_sensors.py
[2024-01-28T11:17:03.732+0000] {processor.py:830} INFO - Processing file /home/airflow/.local/lib/python3.8/site-packages/airflow/example_dags/example_sensors.py for tasks to queue
[2024-01-28T11:17:03.738+0000] {logging_mixin.py:188} INFO - [2024-01-28T11:17:03.737+0000] {dagbag.py:538} INFO - Filling up the DagBag from /home/airflow/.local/lib/python3.8/site-packages/airflow/example_dags/example_sensors.py
[2024-01-28T11:17:03.762+0000] {processor.py:840} INFO - DAG(s) 'example_sensors' retrieved from /home/airflow/.local/lib/python3.8/site-packages/airflow/example_dags/example_sensors.py
[2024-01-28T11:17:03.841+0000] {logging_mixin.py:188} INFO - [2024-01-28T11:17:03.841+0000] {dag.py:3036} INFO - Sync 1 DAGs
[2024-01-28T11:17:03.873+0000] {logging_mixin.py:188} INFO - [2024-01-28T11:17:03.872+0000] {dag.py:3823} INFO - Setting next_dagrun for example_sensors to None, run_after=None
[2024-01-28T11:17:04.200+0000] {processor.py:183} INFO - Processing /home/airflow/.local/lib/python3.8/site-packages/airflow/example_dags/example_sensors.py took 0.483 seconds
[2024-01-28T11:17:34.955+0000] {processor.py:161} INFO - Started process (PID=3123) to work on /home/airflow/.local/lib/python3.8/site-packages/airflow/example_dags/example_sensors.py
[2024-01-28T11:17:34.959+0000] {processor.py:830} INFO - Processing file /home/airflow/.local/lib/python3.8/site-packages/airflow/example_dags/example_sensors.py for tasks to queue
[2024-01-28T11:17:34.967+0000] {logging_mixin.py:188} INFO - [2024-01-28T11:17:34.965+0000] {dagbag.py:538} INFO - Filling up the DagBag from /home/airflow/.local/lib/python3.8/site-packages/airflow/example_dags/example_sensors.py
[2024-01-28T11:17:35.001+0000] {processor.py:840} INFO - DAG(s) 'example_sensors' retrieved from /home/airflow/.local/lib/python3.8/site-packages/airflow/example_dags/example_sensors.py
[2024-01-28T11:17:35.091+0000] {logging_mixin.py:188} INFO - [2024-01-28T11:17:35.091+0000] {dag.py:3036} INFO - Sync 1 DAGs
[2024-01-28T11:17:35.120+0000] {logging_mixin.py:188} INFO - [2024-01-28T11:17:35.119+0000] {dag.py:3823} INFO - Setting next_dagrun for example_sensors to None, run_after=None
[2024-01-28T11:17:35.170+0000] {processor.py:183} INFO - Processing /home/airflow/.local/lib/python3.8/site-packages/airflow/example_dags/example_sensors.py took 0.227 seconds
[2024-01-28T11:18:05.815+0000] {processor.py:161} INFO - Started process (PID=3180) to work on /home/airflow/.local/lib/python3.8/site-packages/airflow/example_dags/example_sensors.py
[2024-01-28T11:18:05.817+0000] {processor.py:830} INFO - Processing file /home/airflow/.local/lib/python3.8/site-packages/airflow/example_dags/example_sensors.py for tasks to queue
[2024-01-28T11:18:05.821+0000] {logging_mixin.py:188} INFO - [2024-01-28T11:18:05.820+0000] {dagbag.py:538} INFO - Filling up the DagBag from /home/airflow/.local/lib/python3.8/site-packages/airflow/example_dags/example_sensors.py
[2024-01-28T11:18:05.838+0000] {processor.py:840} INFO - DAG(s) 'example_sensors' retrieved from /home/airflow/.local/lib/python3.8/site-packages/airflow/example_dags/example_sensors.py
[2024-01-28T11:18:05.878+0000] {logging_mixin.py:188} INFO - [2024-01-28T11:18:05.878+0000] {dag.py:3036} INFO - Sync 1 DAGs
[2024-01-28T11:18:05.895+0000] {logging_mixin.py:188} INFO - [2024-01-28T11:18:05.895+0000] {dag.py:3823} INFO - Setting next_dagrun for example_sensors to None, run_after=None
[2024-01-28T11:18:05.921+0000] {processor.py:183} INFO - Processing /home/airflow/.local/lib/python3.8/site-packages/airflow/example_dags/example_sensors.py took 0.110 seconds
[2024-01-28T11:18:36.904+0000] {processor.py:161} INFO - Started process (PID=3240) to work on /home/airflow/.local/lib/python3.8/site-packages/airflow/example_dags/example_sensors.py
[2024-01-28T11:18:36.908+0000] {processor.py:830} INFO - Processing file /home/airflow/.local/lib/python3.8/site-packages/airflow/example_dags/example_sensors.py for tasks to queue
[2024-01-28T11:18:36.914+0000] {logging_mixin.py:188} INFO - [2024-01-28T11:18:36.913+0000] {dagbag.py:538} INFO - Filling up the DagBag from /home/airflow/.local/lib/python3.8/site-packages/airflow/example_dags/example_sensors.py
[2024-01-28T11:18:36.929+0000] {processor.py:840} INFO - DAG(s) 'example_sensors' retrieved from /home/airflow/.local/lib/python3.8/site-packages/airflow/example_dags/example_sensors.py
[2024-01-28T11:18:36.975+0000] {logging_mixin.py:188} INFO - [2024-01-28T11:18:36.974+0000] {dag.py:3036} INFO - Sync 1 DAGs
[2024-01-28T11:18:36.991+0000] {logging_mixin.py:188} INFO - [2024-01-28T11:18:36.991+0000] {dag.py:3823} INFO - Setting next_dagrun for example_sensors to None, run_after=None
[2024-01-28T11:18:37.023+0000] {processor.py:183} INFO - Processing /home/airflow/.local/lib/python3.8/site-packages/airflow/example_dags/example_sensors.py took 0.125 seconds
[2024-01-28T11:19:07.954+0000] {processor.py:161} INFO - Started process (PID=3302) to work on /home/airflow/.local/lib/python3.8/site-packages/airflow/example_dags/example_sensors.py
[2024-01-28T11:19:07.957+0000] {processor.py:830} INFO - Processing file /home/airflow/.local/lib/python3.8/site-packages/airflow/example_dags/example_sensors.py for tasks to queue
[2024-01-28T11:19:07.962+0000] {logging_mixin.py:188} INFO - [2024-01-28T11:19:07.962+0000] {dagbag.py:538} INFO - Filling up the DagBag from /home/airflow/.local/lib/python3.8/site-packages/airflow/example_dags/example_sensors.py
[2024-01-28T11:19:07.988+0000] {processor.py:840} INFO - DAG(s) 'example_sensors' retrieved from /home/airflow/.local/lib/python3.8/site-packages/airflow/example_dags/example_sensors.py
[2024-01-28T11:19:08.039+0000] {logging_mixin.py:188} INFO - [2024-01-28T11:19:08.039+0000] {dag.py:3036} INFO - Sync 1 DAGs
[2024-01-28T11:19:08.060+0000] {logging_mixin.py:188} INFO - [2024-01-28T11:19:08.060+0000] {dag.py:3823} INFO - Setting next_dagrun for example_sensors to None, run_after=None
[2024-01-28T11:19:08.099+0000] {processor.py:183} INFO - Processing /home/airflow/.local/lib/python3.8/site-packages/airflow/example_dags/example_sensors.py took 0.157 seconds
[2024-01-28T11:19:38.569+0000] {processor.py:161} INFO - Started process (PID=3360) to work on /home/airflow/.local/lib/python3.8/site-packages/airflow/example_dags/example_sensors.py
[2024-01-28T11:19:38.571+0000] {processor.py:830} INFO - Processing file /home/airflow/.local/lib/python3.8/site-packages/airflow/example_dags/example_sensors.py for tasks to queue
[2024-01-28T11:19:38.574+0000] {logging_mixin.py:188} INFO - [2024-01-28T11:19:38.574+0000] {dagbag.py:538} INFO - Filling up the DagBag from /home/airflow/.local/lib/python3.8/site-packages/airflow/example_dags/example_sensors.py
[2024-01-28T11:19:38.588+0000] {processor.py:840} INFO - DAG(s) 'example_sensors' retrieved from /home/airflow/.local/lib/python3.8/site-packages/airflow/example_dags/example_sensors.py
[2024-01-28T11:19:38.632+0000] {logging_mixin.py:188} INFO - [2024-01-28T11:19:38.631+0000] {dag.py:3036} INFO - Sync 1 DAGs
[2024-01-28T11:19:38.651+0000] {logging_mixin.py:188} INFO - [2024-01-28T11:19:38.650+0000] {dag.py:3823} INFO - Setting next_dagrun for example_sensors to None, run_after=None
[2024-01-28T11:19:38.683+0000] {processor.py:183} INFO - Processing /home/airflow/.local/lib/python3.8/site-packages/airflow/example_dags/example_sensors.py took 0.118 seconds
[2024-01-28T11:20:09.345+0000] {processor.py:161} INFO - Started process (PID=3417) to work on /home/airflow/.local/lib/python3.8/site-packages/airflow/example_dags/example_sensors.py
[2024-01-28T11:20:09.347+0000] {processor.py:830} INFO - Processing file /home/airflow/.local/lib/python3.8/site-packages/airflow/example_dags/example_sensors.py for tasks to queue
[2024-01-28T11:20:09.352+0000] {logging_mixin.py:188} INFO - [2024-01-28T11:20:09.351+0000] {dagbag.py:538} INFO - Filling up the DagBag from /home/airflow/.local/lib/python3.8/site-packages/airflow/example_dags/example_sensors.py
[2024-01-28T11:20:09.368+0000] {processor.py:840} INFO - DAG(s) 'example_sensors' retrieved from /home/airflow/.local/lib/python3.8/site-packages/airflow/example_dags/example_sensors.py
[2024-01-28T11:20:09.411+0000] {logging_mixin.py:188} INFO - [2024-01-28T11:20:09.410+0000] {dag.py:3036} INFO - Sync 1 DAGs
[2024-01-28T11:20:09.434+0000] {logging_mixin.py:188} INFO - [2024-01-28T11:20:09.434+0000] {dag.py:3823} INFO - Setting next_dagrun for example_sensors to None, run_after=None
[2024-01-28T11:20:09.469+0000] {processor.py:183} INFO - Processing /home/airflow/.local/lib/python3.8/site-packages/airflow/example_dags/example_sensors.py took 0.130 seconds
[2024-01-28T11:20:40.085+0000] {processor.py:161} INFO - Started process (PID=3475) to work on /home/airflow/.local/lib/python3.8/site-packages/airflow/example_dags/example_sensors.py
[2024-01-28T11:20:40.087+0000] {processor.py:830} INFO - Processing file /home/airflow/.local/lib/python3.8/site-packages/airflow/example_dags/example_sensors.py for tasks to queue
[2024-01-28T11:20:40.092+0000] {logging_mixin.py:188} INFO - [2024-01-28T11:20:40.091+0000] {dagbag.py:538} INFO - Filling up the DagBag from /home/airflow/.local/lib/python3.8/site-packages/airflow/example_dags/example_sensors.py
[2024-01-28T11:20:40.107+0000] {processor.py:840} INFO - DAG(s) 'example_sensors' retrieved from /home/airflow/.local/lib/python3.8/site-packages/airflow/example_dags/example_sensors.py
[2024-01-28T11:20:40.158+0000] {logging_mixin.py:188} INFO - [2024-01-28T11:20:40.157+0000] {dag.py:3036} INFO - Sync 1 DAGs
[2024-01-28T11:20:40.174+0000] {logging_mixin.py:188} INFO - [2024-01-28T11:20:40.173+0000] {dag.py:3823} INFO - Setting next_dagrun for example_sensors to None, run_after=None
[2024-01-28T11:20:40.199+0000] {processor.py:183} INFO - Processing /home/airflow/.local/lib/python3.8/site-packages/airflow/example_dags/example_sensors.py took 0.118 seconds
[2024-01-28T11:21:10.904+0000] {processor.py:161} INFO - Started process (PID=3533) to work on /home/airflow/.local/lib/python3.8/site-packages/airflow/example_dags/example_sensors.py
[2024-01-28T11:21:10.906+0000] {processor.py:830} INFO - Processing file /home/airflow/.local/lib/python3.8/site-packages/airflow/example_dags/example_sensors.py for tasks to queue
[2024-01-28T11:21:10.910+0000] {logging_mixin.py:188} INFO - [2024-01-28T11:21:10.909+0000] {dagbag.py:538} INFO - Filling up the DagBag from /home/airflow/.local/lib/python3.8/site-packages/airflow/example_dags/example_sensors.py
[2024-01-28T11:21:10.924+0000] {processor.py:840} INFO - DAG(s) 'example_sensors' retrieved from /home/airflow/.local/lib/python3.8/site-packages/airflow/example_dags/example_sensors.py
[2024-01-28T11:21:10.963+0000] {logging_mixin.py:188} INFO - [2024-01-28T11:21:10.962+0000] {dag.py:3036} INFO - Sync 1 DAGs
[2024-01-28T11:21:10.980+0000] {logging_mixin.py:188} INFO - [2024-01-28T11:21:10.980+0000] {dag.py:3823} INFO - Setting next_dagrun for example_sensors to None, run_after=None
[2024-01-28T11:21:11.007+0000] {processor.py:183} INFO - Processing /home/airflow/.local/lib/python3.8/site-packages/airflow/example_dags/example_sensors.py took 0.108 seconds
[2024-01-28T11:21:41.305+0000] {processor.py:161} INFO - Started process (PID=3591) to work on /home/airflow/.local/lib/python3.8/site-packages/airflow/example_dags/example_sensors.py
[2024-01-28T11:21:41.308+0000] {processor.py:830} INFO - Processing file /home/airflow/.local/lib/python3.8/site-packages/airflow/example_dags/example_sensors.py for tasks to queue
[2024-01-28T11:21:41.311+0000] {logging_mixin.py:188} INFO - [2024-01-28T11:21:41.311+0000] {dagbag.py:538} INFO - Filling up the DagBag from /home/airflow/.local/lib/python3.8/site-packages/airflow/example_dags/example_sensors.py
[2024-01-28T11:21:41.324+0000] {processor.py:840} INFO - DAG(s) 'example_sensors' retrieved from /home/airflow/.local/lib/python3.8/site-packages/airflow/example_dags/example_sensors.py
[2024-01-28T11:21:41.362+0000] {logging_mixin.py:188} INFO - [2024-01-28T11:21:41.361+0000] {dag.py:3036} INFO - Sync 1 DAGs
[2024-01-28T11:21:41.377+0000] {logging_mixin.py:188} INFO - [2024-01-28T11:21:41.377+0000] {dag.py:3823} INFO - Setting next_dagrun for example_sensors to None, run_after=None
[2024-01-28T11:21:41.418+0000] {processor.py:183} INFO - Processing /home/airflow/.local/lib/python3.8/site-packages/airflow/example_dags/example_sensors.py took 0.118 seconds
[2024-01-28T11:22:12.061+0000] {processor.py:161} INFO - Started process (PID=3649) to work on /home/airflow/.local/lib/python3.8/site-packages/airflow/example_dags/example_sensors.py
[2024-01-28T11:22:12.063+0000] {processor.py:830} INFO - Processing file /home/airflow/.local/lib/python3.8/site-packages/airflow/example_dags/example_sensors.py for tasks to queue
[2024-01-28T11:22:12.067+0000] {logging_mixin.py:188} INFO - [2024-01-28T11:22:12.066+0000] {dagbag.py:538} INFO - Filling up the DagBag from /home/airflow/.local/lib/python3.8/site-packages/airflow/example_dags/example_sensors.py
[2024-01-28T11:22:12.086+0000] {processor.py:840} INFO - DAG(s) 'example_sensors' retrieved from /home/airflow/.local/lib/python3.8/site-packages/airflow/example_dags/example_sensors.py
[2024-01-28T11:22:12.141+0000] {logging_mixin.py:188} INFO - [2024-01-28T11:22:12.140+0000] {dag.py:3036} INFO - Sync 1 DAGs
[2024-01-28T11:22:12.165+0000] {logging_mixin.py:188} INFO - [2024-01-28T11:22:12.165+0000] {dag.py:3823} INFO - Setting next_dagrun for example_sensors to None, run_after=None
[2024-01-28T11:22:12.225+0000] {processor.py:183} INFO - Processing /home/airflow/.local/lib/python3.8/site-packages/airflow/example_dags/example_sensors.py took 0.170 seconds
[2024-01-28T11:22:42.989+0000] {processor.py:161} INFO - Started process (PID=3707) to work on /home/airflow/.local/lib/python3.8/site-packages/airflow/example_dags/example_sensors.py
[2024-01-28T11:22:42.991+0000] {processor.py:830} INFO - Processing file /home/airflow/.local/lib/python3.8/site-packages/airflow/example_dags/example_sensors.py for tasks to queue
[2024-01-28T11:22:42.995+0000] {logging_mixin.py:188} INFO - [2024-01-28T11:22:42.994+0000] {dagbag.py:538} INFO - Filling up the DagBag from /home/airflow/.local/lib/python3.8/site-packages/airflow/example_dags/example_sensors.py
[2024-01-28T11:22:43.014+0000] {processor.py:840} INFO - DAG(s) 'example_sensors' retrieved from /home/airflow/.local/lib/python3.8/site-packages/airflow/example_dags/example_sensors.py
[2024-01-28T11:22:43.061+0000] {logging_mixin.py:188} INFO - [2024-01-28T11:22:43.061+0000] {dag.py:3036} INFO - Sync 1 DAGs
[2024-01-28T11:22:43.082+0000] {logging_mixin.py:188} INFO - [2024-01-28T11:22:43.081+0000] {dag.py:3823} INFO - Setting next_dagrun for example_sensors to None, run_after=None
[2024-01-28T11:22:43.115+0000] {processor.py:183} INFO - Processing /home/airflow/.local/lib/python3.8/site-packages/airflow/example_dags/example_sensors.py took 0.132 seconds
[2024-01-28T11:23:13.250+0000] {processor.py:161} INFO - Started process (PID=3763) to work on /home/airflow/.local/lib/python3.8/site-packages/airflow/example_dags/example_sensors.py
[2024-01-28T11:23:13.255+0000] {processor.py:830} INFO - Processing file /home/airflow/.local/lib/python3.8/site-packages/airflow/example_dags/example_sensors.py for tasks to queue
[2024-01-28T11:23:13.260+0000] {logging_mixin.py:188} INFO - [2024-01-28T11:23:13.260+0000] {dagbag.py:538} INFO - Filling up the DagBag from /home/airflow/.local/lib/python3.8/site-packages/airflow/example_dags/example_sensors.py
[2024-01-28T11:23:13.281+0000] {processor.py:840} INFO - DAG(s) 'example_sensors' retrieved from /home/airflow/.local/lib/python3.8/site-packages/airflow/example_dags/example_sensors.py
[2024-01-28T11:23:13.408+0000] {logging_mixin.py:188} INFO - [2024-01-28T11:23:13.407+0000] {dag.py:3036} INFO - Sync 1 DAGs
[2024-01-28T11:23:13.443+0000] {logging_mixin.py:188} INFO - [2024-01-28T11:23:13.443+0000] {dag.py:3823} INFO - Setting next_dagrun for example_sensors to None, run_after=None
[2024-01-28T11:23:13.505+0000] {processor.py:183} INFO - Processing /home/airflow/.local/lib/python3.8/site-packages/airflow/example_dags/example_sensors.py took 0.263 seconds
[2024-01-28T11:23:43.703+0000] {processor.py:161} INFO - Started process (PID=3821) to work on /home/airflow/.local/lib/python3.8/site-packages/airflow/example_dags/example_sensors.py
[2024-01-28T11:23:43.705+0000] {processor.py:830} INFO - Processing file /home/airflow/.local/lib/python3.8/site-packages/airflow/example_dags/example_sensors.py for tasks to queue
[2024-01-28T11:23:43.708+0000] {logging_mixin.py:188} INFO - [2024-01-28T11:23:43.708+0000] {dagbag.py:538} INFO - Filling up the DagBag from /home/airflow/.local/lib/python3.8/site-packages/airflow/example_dags/example_sensors.py
[2024-01-28T11:23:43.731+0000] {processor.py:840} INFO - DAG(s) 'example_sensors' retrieved from /home/airflow/.local/lib/python3.8/site-packages/airflow/example_dags/example_sensors.py
[2024-01-28T11:23:43.774+0000] {logging_mixin.py:188} INFO - [2024-01-28T11:23:43.774+0000] {dag.py:3036} INFO - Sync 1 DAGs
[2024-01-28T11:23:43.791+0000] {logging_mixin.py:188} INFO - [2024-01-28T11:23:43.791+0000] {dag.py:3823} INFO - Setting next_dagrun for example_sensors to None, run_after=None
[2024-01-28T11:23:43.818+0000] {processor.py:183} INFO - Processing /home/airflow/.local/lib/python3.8/site-packages/airflow/example_dags/example_sensors.py took 0.120 seconds
[2024-01-28T11:24:14.164+0000] {processor.py:161} INFO - Started process (PID=3877) to work on /home/airflow/.local/lib/python3.8/site-packages/airflow/example_dags/example_sensors.py
[2024-01-28T11:24:14.167+0000] {processor.py:830} INFO - Processing file /home/airflow/.local/lib/python3.8/site-packages/airflow/example_dags/example_sensors.py for tasks to queue
[2024-01-28T11:24:14.171+0000] {logging_mixin.py:188} INFO - [2024-01-28T11:24:14.170+0000] {dagbag.py:538} INFO - Filling up the DagBag from /home/airflow/.local/lib/python3.8/site-packages/airflow/example_dags/example_sensors.py
[2024-01-28T11:24:14.186+0000] {processor.py:840} INFO - DAG(s) 'example_sensors' retrieved from /home/airflow/.local/lib/python3.8/site-packages/airflow/example_dags/example_sensors.py
[2024-01-28T11:24:14.234+0000] {logging_mixin.py:188} INFO - [2024-01-28T11:24:14.234+0000] {dag.py:3036} INFO - Sync 1 DAGs
[2024-01-28T11:24:14.263+0000] {logging_mixin.py:188} INFO - [2024-01-28T11:24:14.263+0000] {dag.py:3823} INFO - Setting next_dagrun for example_sensors to None, run_after=None
[2024-01-28T11:24:14.292+0000] {processor.py:183} INFO - Processing /home/airflow/.local/lib/python3.8/site-packages/airflow/example_dags/example_sensors.py took 0.134 seconds
[2024-01-28T11:24:44.956+0000] {processor.py:161} INFO - Started process (PID=3935) to work on /home/airflow/.local/lib/python3.8/site-packages/airflow/example_dags/example_sensors.py
[2024-01-28T11:24:44.958+0000] {processor.py:830} INFO - Processing file /home/airflow/.local/lib/python3.8/site-packages/airflow/example_dags/example_sensors.py for tasks to queue
[2024-01-28T11:24:44.964+0000] {logging_mixin.py:188} INFO - [2024-01-28T11:24:44.963+0000] {dagbag.py:538} INFO - Filling up the DagBag from /home/airflow/.local/lib/python3.8/site-packages/airflow/example_dags/example_sensors.py
[2024-01-28T11:24:44.986+0000] {processor.py:840} INFO - DAG(s) 'example_sensors' retrieved from /home/airflow/.local/lib/python3.8/site-packages/airflow/example_dags/example_sensors.py
[2024-01-28T11:24:45.047+0000] {logging_mixin.py:188} INFO - [2024-01-28T11:24:45.047+0000] {dag.py:3036} INFO - Sync 1 DAGs
[2024-01-28T11:24:45.075+0000] {logging_mixin.py:188} INFO - [2024-01-28T11:24:45.074+0000] {dag.py:3823} INFO - Setting next_dagrun for example_sensors to None, run_after=None
[2024-01-28T11:24:45.169+0000] {processor.py:183} INFO - Processing /home/airflow/.local/lib/python3.8/site-packages/airflow/example_dags/example_sensors.py took 0.222 seconds
[2024-01-28T11:25:15.478+0000] {processor.py:161} INFO - Started process (PID=3991) to work on /home/airflow/.local/lib/python3.8/site-packages/airflow/example_dags/example_sensors.py
[2024-01-28T11:25:15.482+0000] {processor.py:830} INFO - Processing file /home/airflow/.local/lib/python3.8/site-packages/airflow/example_dags/example_sensors.py for tasks to queue
[2024-01-28T11:25:15.486+0000] {logging_mixin.py:188} INFO - [2024-01-28T11:25:15.485+0000] {dagbag.py:538} INFO - Filling up the DagBag from /home/airflow/.local/lib/python3.8/site-packages/airflow/example_dags/example_sensors.py
[2024-01-28T11:25:15.503+0000] {processor.py:840} INFO - DAG(s) 'example_sensors' retrieved from /home/airflow/.local/lib/python3.8/site-packages/airflow/example_dags/example_sensors.py
[2024-01-28T11:25:15.548+0000] {logging_mixin.py:188} INFO - [2024-01-28T11:25:15.548+0000] {dag.py:3036} INFO - Sync 1 DAGs
[2024-01-28T11:25:15.568+0000] {logging_mixin.py:188} INFO - [2024-01-28T11:25:15.568+0000] {dag.py:3823} INFO - Setting next_dagrun for example_sensors to None, run_after=None
[2024-01-28T11:25:15.593+0000] {processor.py:183} INFO - Processing /home/airflow/.local/lib/python3.8/site-packages/airflow/example_dags/example_sensors.py took 0.121 seconds
[2024-01-28T11:25:45.714+0000] {processor.py:161} INFO - Started process (PID=4048) to work on /home/airflow/.local/lib/python3.8/site-packages/airflow/example_dags/example_sensors.py
[2024-01-28T11:25:45.719+0000] {processor.py:830} INFO - Processing file /home/airflow/.local/lib/python3.8/site-packages/airflow/example_dags/example_sensors.py for tasks to queue
[2024-01-28T11:25:45.722+0000] {logging_mixin.py:188} INFO - [2024-01-28T11:25:45.722+0000] {dagbag.py:538} INFO - Filling up the DagBag from /home/airflow/.local/lib/python3.8/site-packages/airflow/example_dags/example_sensors.py
[2024-01-28T11:25:45.764+0000] {processor.py:840} INFO - DAG(s) 'example_sensors' retrieved from /home/airflow/.local/lib/python3.8/site-packages/airflow/example_dags/example_sensors.py
[2024-01-28T11:25:45.822+0000] {logging_mixin.py:188} INFO - [2024-01-28T11:25:45.821+0000] {dag.py:3036} INFO - Sync 1 DAGs
[2024-01-28T11:25:45.846+0000] {logging_mixin.py:188} INFO - [2024-01-28T11:25:45.845+0000] {dag.py:3823} INFO - Setting next_dagrun for example_sensors to None, run_after=None
[2024-01-28T11:25:45.891+0000] {processor.py:183} INFO - Processing /home/airflow/.local/lib/python3.8/site-packages/airflow/example_dags/example_sensors.py took 0.183 seconds
[2024-01-28T11:26:16.067+0000] {processor.py:161} INFO - Started process (PID=4104) to work on /home/airflow/.local/lib/python3.8/site-packages/airflow/example_dags/example_sensors.py
[2024-01-28T11:26:16.069+0000] {processor.py:830} INFO - Processing file /home/airflow/.local/lib/python3.8/site-packages/airflow/example_dags/example_sensors.py for tasks to queue
[2024-01-28T11:26:16.072+0000] {logging_mixin.py:188} INFO - [2024-01-28T11:26:16.071+0000] {dagbag.py:538} INFO - Filling up the DagBag from /home/airflow/.local/lib/python3.8/site-packages/airflow/example_dags/example_sensors.py
[2024-01-28T11:26:16.085+0000] {processor.py:840} INFO - DAG(s) 'example_sensors' retrieved from /home/airflow/.local/lib/python3.8/site-packages/airflow/example_dags/example_sensors.py
[2024-01-28T11:26:16.124+0000] {logging_mixin.py:188} INFO - [2024-01-28T11:26:16.124+0000] {dag.py:3036} INFO - Sync 1 DAGs
[2024-01-28T11:26:16.141+0000] {logging_mixin.py:188} INFO - [2024-01-28T11:26:16.141+0000] {dag.py:3823} INFO - Setting next_dagrun for example_sensors to None, run_after=None
[2024-01-28T11:26:16.168+0000] {processor.py:183} INFO - Processing /home/airflow/.local/lib/python3.8/site-packages/airflow/example_dags/example_sensors.py took 0.108 seconds
[2024-01-28T11:26:46.541+0000] {processor.py:161} INFO - Started process (PID=4164) to work on /home/airflow/.local/lib/python3.8/site-packages/airflow/example_dags/example_sensors.py
[2024-01-28T11:26:46.545+0000] {processor.py:830} INFO - Processing file /home/airflow/.local/lib/python3.8/site-packages/airflow/example_dags/example_sensors.py for tasks to queue
[2024-01-28T11:26:46.551+0000] {logging_mixin.py:188} INFO - [2024-01-28T11:26:46.550+0000] {dagbag.py:538} INFO - Filling up the DagBag from /home/airflow/.local/lib/python3.8/site-packages/airflow/example_dags/example_sensors.py
[2024-01-28T11:26:46.587+0000] {processor.py:840} INFO - DAG(s) 'example_sensors' retrieved from /home/airflow/.local/lib/python3.8/site-packages/airflow/example_dags/example_sensors.py
[2024-01-28T11:26:46.684+0000] {logging_mixin.py:188} INFO - [2024-01-28T11:26:46.683+0000] {dag.py:3036} INFO - Sync 1 DAGs
[2024-01-28T11:26:46.743+0000] {logging_mixin.py:188} INFO - [2024-01-28T11:26:46.742+0000] {dag.py:3823} INFO - Setting next_dagrun for example_sensors to None, run_after=None
[2024-01-28T11:26:46.836+0000] {processor.py:183} INFO - Processing /home/airflow/.local/lib/python3.8/site-packages/airflow/example_dags/example_sensors.py took 0.306 seconds
[2024-01-28T11:27:17.864+0000] {processor.py:161} INFO - Started process (PID=4221) to work on /home/airflow/.local/lib/python3.8/site-packages/airflow/example_dags/example_sensors.py
[2024-01-28T11:27:17.866+0000] {processor.py:830} INFO - Processing file /home/airflow/.local/lib/python3.8/site-packages/airflow/example_dags/example_sensors.py for tasks to queue
[2024-01-28T11:27:17.869+0000] {logging_mixin.py:188} INFO - [2024-01-28T11:27:17.868+0000] {dagbag.py:538} INFO - Filling up the DagBag from /home/airflow/.local/lib/python3.8/site-packages/airflow/example_dags/example_sensors.py
[2024-01-28T11:27:17.881+0000] {processor.py:840} INFO - DAG(s) 'example_sensors' retrieved from /home/airflow/.local/lib/python3.8/site-packages/airflow/example_dags/example_sensors.py
[2024-01-28T11:27:17.921+0000] {logging_mixin.py:188} INFO - [2024-01-28T11:27:17.920+0000] {dag.py:3036} INFO - Sync 1 DAGs
[2024-01-28T11:27:17.936+0000] {logging_mixin.py:188} INFO - [2024-01-28T11:27:17.935+0000] {dag.py:3823} INFO - Setting next_dagrun for example_sensors to None, run_after=None
[2024-01-28T11:27:17.964+0000] {processor.py:183} INFO - Processing /home/airflow/.local/lib/python3.8/site-packages/airflow/example_dags/example_sensors.py took 0.105 seconds
[2024-01-28T11:27:48.119+0000] {processor.py:161} INFO - Started process (PID=4279) to work on /home/airflow/.local/lib/python3.8/site-packages/airflow/example_dags/example_sensors.py
[2024-01-28T11:27:48.125+0000] {processor.py:830} INFO - Processing file /home/airflow/.local/lib/python3.8/site-packages/airflow/example_dags/example_sensors.py for tasks to queue
[2024-01-28T11:27:48.130+0000] {logging_mixin.py:188} INFO - [2024-01-28T11:27:48.130+0000] {dagbag.py:538} INFO - Filling up the DagBag from /home/airflow/.local/lib/python3.8/site-packages/airflow/example_dags/example_sensors.py
[2024-01-28T11:27:48.163+0000] {processor.py:840} INFO - DAG(s) 'example_sensors' retrieved from /home/airflow/.local/lib/python3.8/site-packages/airflow/example_dags/example_sensors.py
[2024-01-28T11:27:48.208+0000] {logging_mixin.py:188} INFO - [2024-01-28T11:27:48.208+0000] {dag.py:3036} INFO - Sync 1 DAGs
[2024-01-28T11:27:48.231+0000] {logging_mixin.py:188} INFO - [2024-01-28T11:27:48.231+0000] {dag.py:3823} INFO - Setting next_dagrun for example_sensors to None, run_after=None
[2024-01-28T11:27:48.260+0000] {processor.py:183} INFO - Processing /home/airflow/.local/lib/python3.8/site-packages/airflow/example_dags/example_sensors.py took 0.153 seconds
[2024-01-28T11:28:18.580+0000] {processor.py:161} INFO - Started process (PID=4335) to work on /home/airflow/.local/lib/python3.8/site-packages/airflow/example_dags/example_sensors.py
[2024-01-28T11:28:18.584+0000] {processor.py:830} INFO - Processing file /home/airflow/.local/lib/python3.8/site-packages/airflow/example_dags/example_sensors.py for tasks to queue
[2024-01-28T11:28:18.641+0000] {logging_mixin.py:188} INFO - [2024-01-28T11:28:18.640+0000] {dagbag.py:538} INFO - Filling up the DagBag from /home/airflow/.local/lib/python3.8/site-packages/airflow/example_dags/example_sensors.py
[2024-01-28T11:28:18.672+0000] {processor.py:840} INFO - DAG(s) 'example_sensors' retrieved from /home/airflow/.local/lib/python3.8/site-packages/airflow/example_dags/example_sensors.py
[2024-01-28T11:28:18.771+0000] {logging_mixin.py:188} INFO - [2024-01-28T11:28:18.770+0000] {dag.py:3036} INFO - Sync 1 DAGs
[2024-01-28T11:28:18.801+0000] {logging_mixin.py:188} INFO - [2024-01-28T11:28:18.801+0000] {dag.py:3823} INFO - Setting next_dagrun for example_sensors to None, run_after=None
[2024-01-28T11:28:18.851+0000] {processor.py:183} INFO - Processing /home/airflow/.local/lib/python3.8/site-packages/airflow/example_dags/example_sensors.py took 0.280 seconds
