[2024-01-28T10:49:31.537+0000] {processor.py:161} INFO - Started process (PID=50) to work on /home/airflow/.local/lib/python3.8/site-packages/airflow/example_dags/example_complex.py
[2024-01-28T10:49:31.547+0000] {processor.py:830} INFO - Processing file /home/airflow/.local/lib/python3.8/site-packages/airflow/example_dags/example_complex.py for tasks to queue
[2024-01-28T10:49:31.555+0000] {logging_mixin.py:188} INFO - [2024-01-28T10:49:31.551+0000] {dagbag.py:538} INFO - Filling up the DagBag from /home/airflow/.local/lib/python3.8/site-packages/airflow/example_dags/example_complex.py
[2024-01-28T10:49:31.620+0000] {processor.py:840} INFO - DAG(s) 'example_complex' retrieved from /home/airflow/.local/lib/python3.8/site-packages/airflow/example_dags/example_complex.py
[2024-01-28T10:49:32.232+0000] {logging_mixin.py:188} INFO - [2024-01-28T10:49:32.231+0000] {dag.py:3036} INFO - Sync 1 DAGs
[2024-01-28T10:49:32.567+0000] {logging_mixin.py:188} INFO - [2024-01-28T10:49:32.561+0000] {dag.py:3823} INFO - Setting next_dagrun for example_complex to None, run_after=None
[2024-01-28T10:49:32.902+0000] {processor.py:183} INFO - Processing /home/airflow/.local/lib/python3.8/site-packages/airflow/example_dags/example_complex.py took 1.374 seconds
[2024-01-28T10:50:03.423+0000] {processor.py:161} INFO - Started process (PID=108) to work on /home/airflow/.local/lib/python3.8/site-packages/airflow/example_dags/example_complex.py
[2024-01-28T10:50:03.427+0000] {processor.py:830} INFO - Processing file /home/airflow/.local/lib/python3.8/site-packages/airflow/example_dags/example_complex.py for tasks to queue
[2024-01-28T10:50:03.437+0000] {logging_mixin.py:188} INFO - [2024-01-28T10:50:03.436+0000] {dagbag.py:538} INFO - Filling up the DagBag from /home/airflow/.local/lib/python3.8/site-packages/airflow/example_dags/example_complex.py
[2024-01-28T10:50:03.468+0000] {processor.py:840} INFO - DAG(s) 'example_complex' retrieved from /home/airflow/.local/lib/python3.8/site-packages/airflow/example_dags/example_complex.py
[2024-01-28T10:50:03.535+0000] {logging_mixin.py:188} INFO - [2024-01-28T10:50:03.534+0000] {dag.py:3036} INFO - Sync 1 DAGs
[2024-01-28T10:50:03.559+0000] {logging_mixin.py:188} INFO - [2024-01-28T10:50:03.559+0000] {dag.py:3823} INFO - Setting next_dagrun for example_complex to None, run_after=None
[2024-01-28T10:50:03.620+0000] {processor.py:183} INFO - Processing /home/airflow/.local/lib/python3.8/site-packages/airflow/example_dags/example_complex.py took 0.208 seconds
[2024-01-28T10:50:47.952+0000] {processor.py:161} INFO - Started process (PID=164) to work on /home/airflow/.local/lib/python3.8/site-packages/airflow/example_dags/example_complex.py
[2024-01-28T10:50:47.957+0000] {processor.py:830} INFO - Processing file /home/airflow/.local/lib/python3.8/site-packages/airflow/example_dags/example_complex.py for tasks to queue
[2024-01-28T10:50:47.964+0000] {logging_mixin.py:188} INFO - [2024-01-28T10:50:47.963+0000] {dagbag.py:538} INFO - Filling up the DagBag from /home/airflow/.local/lib/python3.8/site-packages/airflow/example_dags/example_complex.py
[2024-01-28T10:50:48.006+0000] {processor.py:840} INFO - DAG(s) 'example_complex' retrieved from /home/airflow/.local/lib/python3.8/site-packages/airflow/example_dags/example_complex.py
[2024-01-28T10:50:48.150+0000] {logging_mixin.py:188} INFO - [2024-01-28T10:50:48.150+0000] {dag.py:3036} INFO - Sync 1 DAGs
[2024-01-28T10:50:48.196+0000] {logging_mixin.py:188} INFO - [2024-01-28T10:50:48.196+0000] {dag.py:3823} INFO - Setting next_dagrun for example_complex to None, run_after=None
[2024-01-28T10:50:48.236+0000] {processor.py:183} INFO - Processing /home/airflow/.local/lib/python3.8/site-packages/airflow/example_dags/example_complex.py took 0.298 seconds
[2024-01-28T10:51:19.617+0000] {processor.py:161} INFO - Started process (PID=219) to work on /home/airflow/.local/lib/python3.8/site-packages/airflow/example_dags/example_complex.py
[2024-01-28T10:51:19.653+0000] {processor.py:830} INFO - Processing file /home/airflow/.local/lib/python3.8/site-packages/airflow/example_dags/example_complex.py for tasks to queue
[2024-01-28T10:51:19.672+0000] {logging_mixin.py:188} INFO - [2024-01-28T10:51:19.668+0000] {dagbag.py:538} INFO - Filling up the DagBag from /home/airflow/.local/lib/python3.8/site-packages/airflow/example_dags/example_complex.py
[2024-01-28T10:51:19.712+0000] {processor.py:840} INFO - DAG(s) 'example_complex' retrieved from /home/airflow/.local/lib/python3.8/site-packages/airflow/example_dags/example_complex.py
[2024-01-28T10:51:19.835+0000] {logging_mixin.py:188} INFO - [2024-01-28T10:51:19.835+0000] {dag.py:3036} INFO - Sync 1 DAGs
[2024-01-28T10:51:19.892+0000] {logging_mixin.py:188} INFO - [2024-01-28T10:51:19.892+0000] {dag.py:3823} INFO - Setting next_dagrun for example_complex to None, run_after=None
[2024-01-28T10:51:19.979+0000] {processor.py:183} INFO - Processing /home/airflow/.local/lib/python3.8/site-packages/airflow/example_dags/example_complex.py took 0.383 seconds
[2024-01-28T10:51:50.888+0000] {processor.py:161} INFO - Started process (PID=274) to work on /home/airflow/.local/lib/python3.8/site-packages/airflow/example_dags/example_complex.py
[2024-01-28T10:51:50.891+0000] {processor.py:830} INFO - Processing file /home/airflow/.local/lib/python3.8/site-packages/airflow/example_dags/example_complex.py for tasks to queue
[2024-01-28T10:51:50.899+0000] {logging_mixin.py:188} INFO - [2024-01-28T10:51:50.898+0000] {dagbag.py:538} INFO - Filling up the DagBag from /home/airflow/.local/lib/python3.8/site-packages/airflow/example_dags/example_complex.py
[2024-01-28T10:51:50.929+0000] {processor.py:840} INFO - DAG(s) 'example_complex' retrieved from /home/airflow/.local/lib/python3.8/site-packages/airflow/example_dags/example_complex.py
[2024-01-28T10:51:51.016+0000] {logging_mixin.py:188} INFO - [2024-01-28T10:51:51.016+0000] {dag.py:3036} INFO - Sync 1 DAGs
[2024-01-28T10:51:51.038+0000] {logging_mixin.py:188} INFO - [2024-01-28T10:51:51.038+0000] {dag.py:3823} INFO - Setting next_dagrun for example_complex to None, run_after=None
[2024-01-28T10:51:51.083+0000] {processor.py:183} INFO - Processing /home/airflow/.local/lib/python3.8/site-packages/airflow/example_dags/example_complex.py took 0.204 seconds
[2024-01-28T10:52:21.237+0000] {processor.py:161} INFO - Started process (PID=330) to work on /home/airflow/.local/lib/python3.8/site-packages/airflow/example_dags/example_complex.py
[2024-01-28T10:52:21.241+0000] {processor.py:830} INFO - Processing file /home/airflow/.local/lib/python3.8/site-packages/airflow/example_dags/example_complex.py for tasks to queue
[2024-01-28T10:52:21.245+0000] {logging_mixin.py:188} INFO - [2024-01-28T10:52:21.245+0000] {dagbag.py:538} INFO - Filling up the DagBag from /home/airflow/.local/lib/python3.8/site-packages/airflow/example_dags/example_complex.py
[2024-01-28T10:52:21.270+0000] {processor.py:840} INFO - DAG(s) 'example_complex' retrieved from /home/airflow/.local/lib/python3.8/site-packages/airflow/example_dags/example_complex.py
[2024-01-28T10:52:21.328+0000] {logging_mixin.py:188} INFO - [2024-01-28T10:52:21.328+0000] {dag.py:3036} INFO - Sync 1 DAGs
[2024-01-28T10:52:21.345+0000] {logging_mixin.py:188} INFO - [2024-01-28T10:52:21.345+0000] {dag.py:3823} INFO - Setting next_dagrun for example_complex to None, run_after=None
[2024-01-28T10:52:21.383+0000] {processor.py:183} INFO - Processing /home/airflow/.local/lib/python3.8/site-packages/airflow/example_dags/example_complex.py took 0.159 seconds
[2024-01-28T10:52:51.940+0000] {processor.py:161} INFO - Started process (PID=386) to work on /home/airflow/.local/lib/python3.8/site-packages/airflow/example_dags/example_complex.py
[2024-01-28T10:52:51.963+0000] {processor.py:830} INFO - Processing file /home/airflow/.local/lib/python3.8/site-packages/airflow/example_dags/example_complex.py for tasks to queue
[2024-01-28T10:52:51.990+0000] {logging_mixin.py:188} INFO - [2024-01-28T10:52:51.985+0000] {dagbag.py:538} INFO - Filling up the DagBag from /home/airflow/.local/lib/python3.8/site-packages/airflow/example_dags/example_complex.py
[2024-01-28T10:52:52.099+0000] {processor.py:840} INFO - DAG(s) 'example_complex' retrieved from /home/airflow/.local/lib/python3.8/site-packages/airflow/example_dags/example_complex.py
[2024-01-28T10:52:52.295+0000] {logging_mixin.py:188} INFO - [2024-01-28T10:52:52.294+0000] {dag.py:3036} INFO - Sync 1 DAGs
[2024-01-28T10:52:52.343+0000] {logging_mixin.py:188} INFO - [2024-01-28T10:52:52.343+0000] {dag.py:3823} INFO - Setting next_dagrun for example_complex to None, run_after=None
[2024-01-28T10:52:52.395+0000] {processor.py:183} INFO - Processing /home/airflow/.local/lib/python3.8/site-packages/airflow/example_dags/example_complex.py took 0.481 seconds
[2024-01-28T10:53:23.211+0000] {processor.py:161} INFO - Started process (PID=441) to work on /home/airflow/.local/lib/python3.8/site-packages/airflow/example_dags/example_complex.py
[2024-01-28T10:53:23.213+0000] {processor.py:830} INFO - Processing file /home/airflow/.local/lib/python3.8/site-packages/airflow/example_dags/example_complex.py for tasks to queue
[2024-01-28T10:53:23.216+0000] {logging_mixin.py:188} INFO - [2024-01-28T10:53:23.215+0000] {dagbag.py:538} INFO - Filling up the DagBag from /home/airflow/.local/lib/python3.8/site-packages/airflow/example_dags/example_complex.py
[2024-01-28T10:53:23.236+0000] {processor.py:840} INFO - DAG(s) 'example_complex' retrieved from /home/airflow/.local/lib/python3.8/site-packages/airflow/example_dags/example_complex.py
[2024-01-28T10:53:23.296+0000] {logging_mixin.py:188} INFO - [2024-01-28T10:53:23.296+0000] {dag.py:3036} INFO - Sync 1 DAGs
[2024-01-28T10:53:23.318+0000] {logging_mixin.py:188} INFO - [2024-01-28T10:53:23.318+0000] {dag.py:3823} INFO - Setting next_dagrun for example_complex to None, run_after=None
[2024-01-28T10:53:23.349+0000] {processor.py:183} INFO - Processing /home/airflow/.local/lib/python3.8/site-packages/airflow/example_dags/example_complex.py took 0.145 seconds
[2024-01-28T10:53:53.842+0000] {processor.py:161} INFO - Started process (PID=496) to work on /home/airflow/.local/lib/python3.8/site-packages/airflow/example_dags/example_complex.py
[2024-01-28T10:53:53.844+0000] {processor.py:830} INFO - Processing file /home/airflow/.local/lib/python3.8/site-packages/airflow/example_dags/example_complex.py for tasks to queue
[2024-01-28T10:53:53.847+0000] {logging_mixin.py:188} INFO - [2024-01-28T10:53:53.847+0000] {dagbag.py:538} INFO - Filling up the DagBag from /home/airflow/.local/lib/python3.8/site-packages/airflow/example_dags/example_complex.py
[2024-01-28T10:53:53.865+0000] {processor.py:840} INFO - DAG(s) 'example_complex' retrieved from /home/airflow/.local/lib/python3.8/site-packages/airflow/example_dags/example_complex.py
[2024-01-28T10:53:53.910+0000] {logging_mixin.py:188} INFO - [2024-01-28T10:53:53.910+0000] {dag.py:3036} INFO - Sync 1 DAGs
[2024-01-28T10:53:53.928+0000] {logging_mixin.py:188} INFO - [2024-01-28T10:53:53.928+0000] {dag.py:3823} INFO - Setting next_dagrun for example_complex to None, run_after=None
[2024-01-28T10:53:53.959+0000] {processor.py:183} INFO - Processing /home/airflow/.local/lib/python3.8/site-packages/airflow/example_dags/example_complex.py took 0.122 seconds
[2024-01-28T10:54:24.050+0000] {processor.py:161} INFO - Started process (PID=553) to work on /home/airflow/.local/lib/python3.8/site-packages/airflow/example_dags/example_complex.py
[2024-01-28T10:54:24.052+0000] {processor.py:830} INFO - Processing file /home/airflow/.local/lib/python3.8/site-packages/airflow/example_dags/example_complex.py for tasks to queue
[2024-01-28T10:54:24.056+0000] {logging_mixin.py:188} INFO - [2024-01-28T10:54:24.056+0000] {dagbag.py:538} INFO - Filling up the DagBag from /home/airflow/.local/lib/python3.8/site-packages/airflow/example_dags/example_complex.py
[2024-01-28T10:54:24.075+0000] {processor.py:840} INFO - DAG(s) 'example_complex' retrieved from /home/airflow/.local/lib/python3.8/site-packages/airflow/example_dags/example_complex.py
[2024-01-28T10:54:24.125+0000] {logging_mixin.py:188} INFO - [2024-01-28T10:54:24.124+0000] {dag.py:3036} INFO - Sync 1 DAGs
[2024-01-28T10:54:24.148+0000] {logging_mixin.py:188} INFO - [2024-01-28T10:54:24.148+0000] {dag.py:3823} INFO - Setting next_dagrun for example_complex to None, run_after=None
[2024-01-28T10:54:24.178+0000] {processor.py:183} INFO - Processing /home/airflow/.local/lib/python3.8/site-packages/airflow/example_dags/example_complex.py took 0.134 seconds
[2024-01-28T10:54:54.458+0000] {processor.py:161} INFO - Started process (PID=611) to work on /home/airflow/.local/lib/python3.8/site-packages/airflow/example_dags/example_complex.py
[2024-01-28T10:54:54.460+0000] {processor.py:830} INFO - Processing file /home/airflow/.local/lib/python3.8/site-packages/airflow/example_dags/example_complex.py for tasks to queue
[2024-01-28T10:54:54.464+0000] {logging_mixin.py:188} INFO - [2024-01-28T10:54:54.463+0000] {dagbag.py:538} INFO - Filling up the DagBag from /home/airflow/.local/lib/python3.8/site-packages/airflow/example_dags/example_complex.py
[2024-01-28T10:54:54.483+0000] {processor.py:840} INFO - DAG(s) 'example_complex' retrieved from /home/airflow/.local/lib/python3.8/site-packages/airflow/example_dags/example_complex.py
[2024-01-28T10:54:54.580+0000] {logging_mixin.py:188} INFO - [2024-01-28T10:54:54.579+0000] {dag.py:3036} INFO - Sync 1 DAGs
[2024-01-28T10:54:54.615+0000] {logging_mixin.py:188} INFO - [2024-01-28T10:54:54.615+0000] {dag.py:3823} INFO - Setting next_dagrun for example_complex to None, run_after=None
[2024-01-28T10:54:54.660+0000] {processor.py:183} INFO - Processing /home/airflow/.local/lib/python3.8/site-packages/airflow/example_dags/example_complex.py took 0.209 seconds
[2024-01-28T10:55:25.117+0000] {processor.py:161} INFO - Started process (PID=668) to work on /home/airflow/.local/lib/python3.8/site-packages/airflow/example_dags/example_complex.py
[2024-01-28T10:55:25.119+0000] {processor.py:830} INFO - Processing file /home/airflow/.local/lib/python3.8/site-packages/airflow/example_dags/example_complex.py for tasks to queue
[2024-01-28T10:55:25.123+0000] {logging_mixin.py:188} INFO - [2024-01-28T10:55:25.123+0000] {dagbag.py:538} INFO - Filling up the DagBag from /home/airflow/.local/lib/python3.8/site-packages/airflow/example_dags/example_complex.py
[2024-01-28T10:55:25.142+0000] {processor.py:840} INFO - DAG(s) 'example_complex' retrieved from /home/airflow/.local/lib/python3.8/site-packages/airflow/example_dags/example_complex.py
[2024-01-28T10:55:25.191+0000] {logging_mixin.py:188} INFO - [2024-01-28T10:55:25.190+0000] {dag.py:3036} INFO - Sync 1 DAGs
[2024-01-28T10:55:25.213+0000] {logging_mixin.py:188} INFO - [2024-01-28T10:55:25.212+0000] {dag.py:3823} INFO - Setting next_dagrun for example_complex to None, run_after=None
[2024-01-28T10:55:25.241+0000] {processor.py:183} INFO - Processing /home/airflow/.local/lib/python3.8/site-packages/airflow/example_dags/example_complex.py took 0.129 seconds
[2024-01-28T10:55:55.288+0000] {processor.py:161} INFO - Started process (PID=722) to work on /home/airflow/.local/lib/python3.8/site-packages/airflow/example_dags/example_complex.py
[2024-01-28T10:55:55.290+0000] {processor.py:830} INFO - Processing file /home/airflow/.local/lib/python3.8/site-packages/airflow/example_dags/example_complex.py for tasks to queue
[2024-01-28T10:55:55.294+0000] {logging_mixin.py:188} INFO - [2024-01-28T10:55:55.294+0000] {dagbag.py:538} INFO - Filling up the DagBag from /home/airflow/.local/lib/python3.8/site-packages/airflow/example_dags/example_complex.py
[2024-01-28T10:55:55.315+0000] {processor.py:840} INFO - DAG(s) 'example_complex' retrieved from /home/airflow/.local/lib/python3.8/site-packages/airflow/example_dags/example_complex.py
[2024-01-28T10:55:55.412+0000] {logging_mixin.py:188} INFO - [2024-01-28T10:55:55.411+0000] {dag.py:3036} INFO - Sync 1 DAGs
[2024-01-28T10:55:55.435+0000] {logging_mixin.py:188} INFO - [2024-01-28T10:55:55.434+0000] {dag.py:3823} INFO - Setting next_dagrun for example_complex to None, run_after=None
[2024-01-28T10:55:55.466+0000] {processor.py:183} INFO - Processing /home/airflow/.local/lib/python3.8/site-packages/airflow/example_dags/example_complex.py took 0.182 seconds
[2024-01-28T10:56:25.826+0000] {processor.py:161} INFO - Started process (PID=778) to work on /home/airflow/.local/lib/python3.8/site-packages/airflow/example_dags/example_complex.py
[2024-01-28T10:56:25.836+0000] {processor.py:830} INFO - Processing file /home/airflow/.local/lib/python3.8/site-packages/airflow/example_dags/example_complex.py for tasks to queue
[2024-01-28T10:56:25.845+0000] {logging_mixin.py:188} INFO - [2024-01-28T10:56:25.844+0000] {dagbag.py:538} INFO - Filling up the DagBag from /home/airflow/.local/lib/python3.8/site-packages/airflow/example_dags/example_complex.py
[2024-01-28T10:56:25.885+0000] {processor.py:840} INFO - DAG(s) 'example_complex' retrieved from /home/airflow/.local/lib/python3.8/site-packages/airflow/example_dags/example_complex.py
[2024-01-28T10:56:25.956+0000] {logging_mixin.py:188} INFO - [2024-01-28T10:56:25.956+0000] {dag.py:3036} INFO - Sync 1 DAGs
[2024-01-28T10:56:25.979+0000] {logging_mixin.py:188} INFO - [2024-01-28T10:56:25.979+0000] {dag.py:3823} INFO - Setting next_dagrun for example_complex to None, run_after=None
[2024-01-28T10:56:26.015+0000] {processor.py:183} INFO - Processing /home/airflow/.local/lib/python3.8/site-packages/airflow/example_dags/example_complex.py took 0.195 seconds
[2024-01-28T10:56:56.282+0000] {processor.py:161} INFO - Started process (PID=835) to work on /home/airflow/.local/lib/python3.8/site-packages/airflow/example_dags/example_complex.py
[2024-01-28T10:56:56.288+0000] {processor.py:830} INFO - Processing file /home/airflow/.local/lib/python3.8/site-packages/airflow/example_dags/example_complex.py for tasks to queue
[2024-01-28T10:56:56.292+0000] {logging_mixin.py:188} INFO - [2024-01-28T10:56:56.292+0000] {dagbag.py:538} INFO - Filling up the DagBag from /home/airflow/.local/lib/python3.8/site-packages/airflow/example_dags/example_complex.py
[2024-01-28T10:56:56.337+0000] {processor.py:840} INFO - DAG(s) 'example_complex' retrieved from /home/airflow/.local/lib/python3.8/site-packages/airflow/example_dags/example_complex.py
[2024-01-28T10:56:56.446+0000] {logging_mixin.py:188} INFO - [2024-01-28T10:56:56.446+0000] {dag.py:3036} INFO - Sync 1 DAGs
[2024-01-28T10:56:56.466+0000] {logging_mixin.py:188} INFO - [2024-01-28T10:56:56.466+0000] {dag.py:3823} INFO - Setting next_dagrun for example_complex to None, run_after=None
[2024-01-28T10:56:56.496+0000] {processor.py:183} INFO - Processing /home/airflow/.local/lib/python3.8/site-packages/airflow/example_dags/example_complex.py took 0.222 seconds
[2024-01-28T10:57:27.393+0000] {processor.py:161} INFO - Started process (PID=891) to work on /home/airflow/.local/lib/python3.8/site-packages/airflow/example_dags/example_complex.py
[2024-01-28T10:57:27.401+0000] {processor.py:830} INFO - Processing file /home/airflow/.local/lib/python3.8/site-packages/airflow/example_dags/example_complex.py for tasks to queue
[2024-01-28T10:57:27.408+0000] {logging_mixin.py:188} INFO - [2024-01-28T10:57:27.406+0000] {dagbag.py:538} INFO - Filling up the DagBag from /home/airflow/.local/lib/python3.8/site-packages/airflow/example_dags/example_complex.py
[2024-01-28T10:57:27.435+0000] {processor.py:840} INFO - DAG(s) 'example_complex' retrieved from /home/airflow/.local/lib/python3.8/site-packages/airflow/example_dags/example_complex.py
[2024-01-28T10:57:27.480+0000] {logging_mixin.py:188} INFO - [2024-01-28T10:57:27.480+0000] {dag.py:3036} INFO - Sync 1 DAGs
[2024-01-28T10:57:27.503+0000] {logging_mixin.py:188} INFO - [2024-01-28T10:57:27.502+0000] {dag.py:3823} INFO - Setting next_dagrun for example_complex to None, run_after=None
[2024-01-28T10:57:27.539+0000] {processor.py:183} INFO - Processing /home/airflow/.local/lib/python3.8/site-packages/airflow/example_dags/example_complex.py took 0.156 seconds
[2024-01-28T10:57:57.656+0000] {processor.py:161} INFO - Started process (PID=946) to work on /home/airflow/.local/lib/python3.8/site-packages/airflow/example_dags/example_complex.py
[2024-01-28T10:57:57.658+0000] {processor.py:830} INFO - Processing file /home/airflow/.local/lib/python3.8/site-packages/airflow/example_dags/example_complex.py for tasks to queue
[2024-01-28T10:57:57.662+0000] {logging_mixin.py:188} INFO - [2024-01-28T10:57:57.661+0000] {dagbag.py:538} INFO - Filling up the DagBag from /home/airflow/.local/lib/python3.8/site-packages/airflow/example_dags/example_complex.py
[2024-01-28T10:57:57.679+0000] {processor.py:840} INFO - DAG(s) 'example_complex' retrieved from /home/airflow/.local/lib/python3.8/site-packages/airflow/example_dags/example_complex.py
[2024-01-28T10:57:57.723+0000] {logging_mixin.py:188} INFO - [2024-01-28T10:57:57.723+0000] {dag.py:3036} INFO - Sync 1 DAGs
[2024-01-28T10:57:57.740+0000] {logging_mixin.py:188} INFO - [2024-01-28T10:57:57.740+0000] {dag.py:3823} INFO - Setting next_dagrun for example_complex to None, run_after=None
[2024-01-28T10:57:57.768+0000] {processor.py:183} INFO - Processing /home/airflow/.local/lib/python3.8/site-packages/airflow/example_dags/example_complex.py took 0.118 seconds
[2024-01-28T10:58:27.969+0000] {processor.py:161} INFO - Started process (PID=1003) to work on /home/airflow/.local/lib/python3.8/site-packages/airflow/example_dags/example_complex.py
[2024-01-28T10:58:27.970+0000] {processor.py:830} INFO - Processing file /home/airflow/.local/lib/python3.8/site-packages/airflow/example_dags/example_complex.py for tasks to queue
[2024-01-28T10:58:27.973+0000] {logging_mixin.py:188} INFO - [2024-01-28T10:58:27.973+0000] {dagbag.py:538} INFO - Filling up the DagBag from /home/airflow/.local/lib/python3.8/site-packages/airflow/example_dags/example_complex.py
[2024-01-28T10:58:27.988+0000] {processor.py:840} INFO - DAG(s) 'example_complex' retrieved from /home/airflow/.local/lib/python3.8/site-packages/airflow/example_dags/example_complex.py
[2024-01-28T10:58:28.032+0000] {logging_mixin.py:188} INFO - [2024-01-28T10:58:28.032+0000] {dag.py:3036} INFO - Sync 1 DAGs
[2024-01-28T10:58:28.048+0000] {logging_mixin.py:188} INFO - [2024-01-28T10:58:28.048+0000] {dag.py:3823} INFO - Setting next_dagrun for example_complex to None, run_after=None
[2024-01-28T10:58:28.079+0000] {processor.py:183} INFO - Processing /home/airflow/.local/lib/python3.8/site-packages/airflow/example_dags/example_complex.py took 0.114 seconds
[2024-01-28T10:58:58.689+0000] {processor.py:161} INFO - Started process (PID=1060) to work on /home/airflow/.local/lib/python3.8/site-packages/airflow/example_dags/example_complex.py
[2024-01-28T10:58:58.690+0000] {processor.py:830} INFO - Processing file /home/airflow/.local/lib/python3.8/site-packages/airflow/example_dags/example_complex.py for tasks to queue
[2024-01-28T10:58:58.693+0000] {logging_mixin.py:188} INFO - [2024-01-28T10:58:58.693+0000] {dagbag.py:538} INFO - Filling up the DagBag from /home/airflow/.local/lib/python3.8/site-packages/airflow/example_dags/example_complex.py
[2024-01-28T10:58:58.712+0000] {processor.py:840} INFO - DAG(s) 'example_complex' retrieved from /home/airflow/.local/lib/python3.8/site-packages/airflow/example_dags/example_complex.py
[2024-01-28T10:58:58.755+0000] {logging_mixin.py:188} INFO - [2024-01-28T10:58:58.754+0000] {dag.py:3036} INFO - Sync 1 DAGs
[2024-01-28T10:58:58.772+0000] {logging_mixin.py:188} INFO - [2024-01-28T10:58:58.771+0000] {dag.py:3823} INFO - Setting next_dagrun for example_complex to None, run_after=None
[2024-01-28T10:58:58.818+0000] {processor.py:183} INFO - Processing /home/airflow/.local/lib/python3.8/site-packages/airflow/example_dags/example_complex.py took 0.133 seconds
[2024-01-28T10:59:29.134+0000] {processor.py:161} INFO - Started process (PID=1116) to work on /home/airflow/.local/lib/python3.8/site-packages/airflow/example_dags/example_complex.py
[2024-01-28T10:59:29.136+0000] {processor.py:830} INFO - Processing file /home/airflow/.local/lib/python3.8/site-packages/airflow/example_dags/example_complex.py for tasks to queue
[2024-01-28T10:59:29.139+0000] {logging_mixin.py:188} INFO - [2024-01-28T10:59:29.139+0000] {dagbag.py:538} INFO - Filling up the DagBag from /home/airflow/.local/lib/python3.8/site-packages/airflow/example_dags/example_complex.py
[2024-01-28T10:59:29.154+0000] {processor.py:840} INFO - DAG(s) 'example_complex' retrieved from /home/airflow/.local/lib/python3.8/site-packages/airflow/example_dags/example_complex.py
[2024-01-28T10:59:29.198+0000] {logging_mixin.py:188} INFO - [2024-01-28T10:59:29.197+0000] {dag.py:3036} INFO - Sync 1 DAGs
[2024-01-28T10:59:29.216+0000] {logging_mixin.py:188} INFO - [2024-01-28T10:59:29.216+0000] {dag.py:3823} INFO - Setting next_dagrun for example_complex to None, run_after=None
[2024-01-28T10:59:29.243+0000] {processor.py:183} INFO - Processing /home/airflow/.local/lib/python3.8/site-packages/airflow/example_dags/example_complex.py took 0.114 seconds
[2024-01-28T10:59:59.313+0000] {processor.py:161} INFO - Started process (PID=1171) to work on /home/airflow/.local/lib/python3.8/site-packages/airflow/example_dags/example_complex.py
[2024-01-28T10:59:59.315+0000] {processor.py:830} INFO - Processing file /home/airflow/.local/lib/python3.8/site-packages/airflow/example_dags/example_complex.py for tasks to queue
[2024-01-28T10:59:59.318+0000] {logging_mixin.py:188} INFO - [2024-01-28T10:59:59.318+0000] {dagbag.py:538} INFO - Filling up the DagBag from /home/airflow/.local/lib/python3.8/site-packages/airflow/example_dags/example_complex.py
[2024-01-28T10:59:59.333+0000] {processor.py:840} INFO - DAG(s) 'example_complex' retrieved from /home/airflow/.local/lib/python3.8/site-packages/airflow/example_dags/example_complex.py
[2024-01-28T10:59:59.378+0000] {logging_mixin.py:188} INFO - [2024-01-28T10:59:59.378+0000] {dag.py:3036} INFO - Sync 1 DAGs
[2024-01-28T10:59:59.395+0000] {logging_mixin.py:188} INFO - [2024-01-28T10:59:59.395+0000] {dag.py:3823} INFO - Setting next_dagrun for example_complex to None, run_after=None
[2024-01-28T10:59:59.429+0000] {processor.py:183} INFO - Processing /home/airflow/.local/lib/python3.8/site-packages/airflow/example_dags/example_complex.py took 0.120 seconds
[2024-01-28T11:00:30.822+0000] {processor.py:161} INFO - Started process (PID=1234) to work on /home/airflow/.local/lib/python3.8/site-packages/airflow/example_dags/example_complex.py
[2024-01-28T11:00:30.838+0000] {processor.py:830} INFO - Processing file /home/airflow/.local/lib/python3.8/site-packages/airflow/example_dags/example_complex.py for tasks to queue
[2024-01-28T11:00:30.844+0000] {logging_mixin.py:188} INFO - [2024-01-28T11:00:30.843+0000] {dagbag.py:538} INFO - Filling up the DagBag from /home/airflow/.local/lib/python3.8/site-packages/airflow/example_dags/example_complex.py
[2024-01-28T11:00:30.902+0000] {processor.py:840} INFO - DAG(s) 'example_complex' retrieved from /home/airflow/.local/lib/python3.8/site-packages/airflow/example_dags/example_complex.py
[2024-01-28T11:00:31.040+0000] {logging_mixin.py:188} INFO - [2024-01-28T11:00:31.039+0000] {dag.py:3036} INFO - Sync 1 DAGs
[2024-01-28T11:00:31.077+0000] {logging_mixin.py:188} INFO - [2024-01-28T11:00:31.076+0000] {dag.py:3823} INFO - Setting next_dagrun for example_complex to None, run_after=None
[2024-01-28T11:00:31.124+0000] {processor.py:183} INFO - Processing /home/airflow/.local/lib/python3.8/site-packages/airflow/example_dags/example_complex.py took 0.308 seconds
[2024-01-28T11:01:02.221+0000] {processor.py:161} INFO - Started process (PID=1292) to work on /home/airflow/.local/lib/python3.8/site-packages/airflow/example_dags/example_complex.py
[2024-01-28T11:01:02.239+0000] {processor.py:830} INFO - Processing file /home/airflow/.local/lib/python3.8/site-packages/airflow/example_dags/example_complex.py for tasks to queue
[2024-01-28T11:01:02.268+0000] {logging_mixin.py:188} INFO - [2024-01-28T11:01:02.267+0000] {dagbag.py:538} INFO - Filling up the DagBag from /home/airflow/.local/lib/python3.8/site-packages/airflow/example_dags/example_complex.py
[2024-01-28T11:01:02.326+0000] {processor.py:840} INFO - DAG(s) 'example_complex' retrieved from /home/airflow/.local/lib/python3.8/site-packages/airflow/example_dags/example_complex.py
[2024-01-28T11:01:02.449+0000] {logging_mixin.py:188} INFO - [2024-01-28T11:01:02.449+0000] {dag.py:3036} INFO - Sync 1 DAGs
[2024-01-28T11:01:02.522+0000] {logging_mixin.py:188} INFO - [2024-01-28T11:01:02.521+0000] {dag.py:3823} INFO - Setting next_dagrun for example_complex to None, run_after=None
[2024-01-28T11:01:02.589+0000] {processor.py:183} INFO - Processing /home/airflow/.local/lib/python3.8/site-packages/airflow/example_dags/example_complex.py took 0.376 seconds
[2024-01-28T11:01:33.241+0000] {processor.py:161} INFO - Started process (PID=1348) to work on /home/airflow/.local/lib/python3.8/site-packages/airflow/example_dags/example_complex.py
[2024-01-28T11:01:33.247+0000] {processor.py:830} INFO - Processing file /home/airflow/.local/lib/python3.8/site-packages/airflow/example_dags/example_complex.py for tasks to queue
[2024-01-28T11:01:33.262+0000] {logging_mixin.py:188} INFO - [2024-01-28T11:01:33.261+0000] {dagbag.py:538} INFO - Filling up the DagBag from /home/airflow/.local/lib/python3.8/site-packages/airflow/example_dags/example_complex.py
[2024-01-28T11:01:33.287+0000] {processor.py:840} INFO - DAG(s) 'example_complex' retrieved from /home/airflow/.local/lib/python3.8/site-packages/airflow/example_dags/example_complex.py
[2024-01-28T11:01:33.335+0000] {logging_mixin.py:188} INFO - [2024-01-28T11:01:33.335+0000] {dag.py:3036} INFO - Sync 1 DAGs
[2024-01-28T11:01:33.354+0000] {logging_mixin.py:188} INFO - [2024-01-28T11:01:33.354+0000] {dag.py:3823} INFO - Setting next_dagrun for example_complex to None, run_after=None
[2024-01-28T11:01:33.382+0000] {processor.py:183} INFO - Processing /home/airflow/.local/lib/python3.8/site-packages/airflow/example_dags/example_complex.py took 0.145 seconds
[2024-01-28T11:02:03.992+0000] {processor.py:161} INFO - Started process (PID=1405) to work on /home/airflow/.local/lib/python3.8/site-packages/airflow/example_dags/example_complex.py
[2024-01-28T11:02:03.994+0000] {processor.py:830} INFO - Processing file /home/airflow/.local/lib/python3.8/site-packages/airflow/example_dags/example_complex.py for tasks to queue
[2024-01-28T11:02:03.998+0000] {logging_mixin.py:188} INFO - [2024-01-28T11:02:03.997+0000] {dagbag.py:538} INFO - Filling up the DagBag from /home/airflow/.local/lib/python3.8/site-packages/airflow/example_dags/example_complex.py
[2024-01-28T11:02:04.013+0000] {processor.py:840} INFO - DAG(s) 'example_complex' retrieved from /home/airflow/.local/lib/python3.8/site-packages/airflow/example_dags/example_complex.py
[2024-01-28T11:02:04.066+0000] {logging_mixin.py:188} INFO - [2024-01-28T11:02:04.066+0000] {dag.py:3036} INFO - Sync 1 DAGs
[2024-01-28T11:02:04.098+0000] {logging_mixin.py:188} INFO - [2024-01-28T11:02:04.098+0000] {dag.py:3823} INFO - Setting next_dagrun for example_complex to None, run_after=None
[2024-01-28T11:02:04.129+0000] {processor.py:183} INFO - Processing /home/airflow/.local/lib/python3.8/site-packages/airflow/example_dags/example_complex.py took 0.144 seconds
[2024-01-28T11:02:34.629+0000] {processor.py:161} INFO - Started process (PID=1461) to work on /home/airflow/.local/lib/python3.8/site-packages/airflow/example_dags/example_complex.py
[2024-01-28T11:02:34.631+0000] {processor.py:830} INFO - Processing file /home/airflow/.local/lib/python3.8/site-packages/airflow/example_dags/example_complex.py for tasks to queue
[2024-01-28T11:02:34.634+0000] {logging_mixin.py:188} INFO - [2024-01-28T11:02:34.634+0000] {dagbag.py:538} INFO - Filling up the DagBag from /home/airflow/.local/lib/python3.8/site-packages/airflow/example_dags/example_complex.py
[2024-01-28T11:02:34.649+0000] {processor.py:840} INFO - DAG(s) 'example_complex' retrieved from /home/airflow/.local/lib/python3.8/site-packages/airflow/example_dags/example_complex.py
[2024-01-28T11:02:34.696+0000] {logging_mixin.py:188} INFO - [2024-01-28T11:02:34.695+0000] {dag.py:3036} INFO - Sync 1 DAGs
[2024-01-28T11:02:34.711+0000] {logging_mixin.py:188} INFO - [2024-01-28T11:02:34.711+0000] {dag.py:3823} INFO - Setting next_dagrun for example_complex to None, run_after=None
[2024-01-28T11:02:34.737+0000] {processor.py:183} INFO - Processing /home/airflow/.local/lib/python3.8/site-packages/airflow/example_dags/example_complex.py took 0.112 seconds
[2024-01-28T11:03:05.199+0000] {processor.py:161} INFO - Started process (PID=1517) to work on /home/airflow/.local/lib/python3.8/site-packages/airflow/example_dags/example_complex.py
[2024-01-28T11:03:05.206+0000] {processor.py:830} INFO - Processing file /home/airflow/.local/lib/python3.8/site-packages/airflow/example_dags/example_complex.py for tasks to queue
[2024-01-28T11:03:05.213+0000] {logging_mixin.py:188} INFO - [2024-01-28T11:03:05.212+0000] {dagbag.py:538} INFO - Filling up the DagBag from /home/airflow/.local/lib/python3.8/site-packages/airflow/example_dags/example_complex.py
[2024-01-28T11:03:05.265+0000] {processor.py:840} INFO - DAG(s) 'example_complex' retrieved from /home/airflow/.local/lib/python3.8/site-packages/airflow/example_dags/example_complex.py
[2024-01-28T11:03:05.333+0000] {logging_mixin.py:188} INFO - [2024-01-28T11:03:05.333+0000] {dag.py:3036} INFO - Sync 1 DAGs
[2024-01-28T11:03:05.352+0000] {logging_mixin.py:188} INFO - [2024-01-28T11:03:05.351+0000] {dag.py:3823} INFO - Setting next_dagrun for example_complex to None, run_after=None
[2024-01-28T11:03:05.383+0000] {processor.py:183} INFO - Processing /home/airflow/.local/lib/python3.8/site-packages/airflow/example_dags/example_complex.py took 0.192 seconds
[2024-01-28T11:03:36.010+0000] {processor.py:161} INFO - Started process (PID=1573) to work on /home/airflow/.local/lib/python3.8/site-packages/airflow/example_dags/example_complex.py
[2024-01-28T11:03:36.012+0000] {processor.py:830} INFO - Processing file /home/airflow/.local/lib/python3.8/site-packages/airflow/example_dags/example_complex.py for tasks to queue
[2024-01-28T11:03:36.016+0000] {logging_mixin.py:188} INFO - [2024-01-28T11:03:36.016+0000] {dagbag.py:538} INFO - Filling up the DagBag from /home/airflow/.local/lib/python3.8/site-packages/airflow/example_dags/example_complex.py
[2024-01-28T11:03:36.037+0000] {processor.py:840} INFO - DAG(s) 'example_complex' retrieved from /home/airflow/.local/lib/python3.8/site-packages/airflow/example_dags/example_complex.py
[2024-01-28T11:03:36.093+0000] {logging_mixin.py:188} INFO - [2024-01-28T11:03:36.093+0000] {dag.py:3036} INFO - Sync 1 DAGs
[2024-01-28T11:03:36.108+0000] {logging_mixin.py:188} INFO - [2024-01-28T11:03:36.108+0000] {dag.py:3823} INFO - Setting next_dagrun for example_complex to None, run_after=None
[2024-01-28T11:03:36.135+0000] {processor.py:183} INFO - Processing /home/airflow/.local/lib/python3.8/site-packages/airflow/example_dags/example_complex.py took 0.133 seconds
[2024-01-28T11:04:06.407+0000] {processor.py:161} INFO - Started process (PID=1629) to work on /home/airflow/.local/lib/python3.8/site-packages/airflow/example_dags/example_complex.py
[2024-01-28T11:04:06.409+0000] {processor.py:830} INFO - Processing file /home/airflow/.local/lib/python3.8/site-packages/airflow/example_dags/example_complex.py for tasks to queue
[2024-01-28T11:04:06.412+0000] {logging_mixin.py:188} INFO - [2024-01-28T11:04:06.412+0000] {dagbag.py:538} INFO - Filling up the DagBag from /home/airflow/.local/lib/python3.8/site-packages/airflow/example_dags/example_complex.py
[2024-01-28T11:04:06.427+0000] {processor.py:840} INFO - DAG(s) 'example_complex' retrieved from /home/airflow/.local/lib/python3.8/site-packages/airflow/example_dags/example_complex.py
[2024-01-28T11:04:06.471+0000] {logging_mixin.py:188} INFO - [2024-01-28T11:04:06.471+0000] {dag.py:3036} INFO - Sync 1 DAGs
[2024-01-28T11:04:06.493+0000] {logging_mixin.py:188} INFO - [2024-01-28T11:04:06.493+0000] {dag.py:3823} INFO - Setting next_dagrun for example_complex to None, run_after=None
[2024-01-28T11:04:06.524+0000] {processor.py:183} INFO - Processing /home/airflow/.local/lib/python3.8/site-packages/airflow/example_dags/example_complex.py took 0.127 seconds
[2024-01-28T11:04:37.018+0000] {processor.py:161} INFO - Started process (PID=1685) to work on /home/airflow/.local/lib/python3.8/site-packages/airflow/example_dags/example_complex.py
[2024-01-28T11:04:37.020+0000] {processor.py:830} INFO - Processing file /home/airflow/.local/lib/python3.8/site-packages/airflow/example_dags/example_complex.py for tasks to queue
[2024-01-28T11:04:37.024+0000] {logging_mixin.py:188} INFO - [2024-01-28T11:04:37.024+0000] {dagbag.py:538} INFO - Filling up the DagBag from /home/airflow/.local/lib/python3.8/site-packages/airflow/example_dags/example_complex.py
[2024-01-28T11:04:37.040+0000] {processor.py:840} INFO - DAG(s) 'example_complex' retrieved from /home/airflow/.local/lib/python3.8/site-packages/airflow/example_dags/example_complex.py
[2024-01-28T11:04:37.083+0000] {logging_mixin.py:188} INFO - [2024-01-28T11:04:37.083+0000] {dag.py:3036} INFO - Sync 1 DAGs
[2024-01-28T11:04:37.107+0000] {logging_mixin.py:188} INFO - [2024-01-28T11:04:37.106+0000] {dag.py:3823} INFO - Setting next_dagrun for example_complex to None, run_after=None
[2024-01-28T11:04:37.138+0000] {processor.py:183} INFO - Processing /home/airflow/.local/lib/python3.8/site-packages/airflow/example_dags/example_complex.py took 0.124 seconds
[2024-01-28T11:05:07.514+0000] {processor.py:161} INFO - Started process (PID=1741) to work on /home/airflow/.local/lib/python3.8/site-packages/airflow/example_dags/example_complex.py
[2024-01-28T11:05:07.516+0000] {processor.py:830} INFO - Processing file /home/airflow/.local/lib/python3.8/site-packages/airflow/example_dags/example_complex.py for tasks to queue
[2024-01-28T11:05:07.519+0000] {logging_mixin.py:188} INFO - [2024-01-28T11:05:07.519+0000] {dagbag.py:538} INFO - Filling up the DagBag from /home/airflow/.local/lib/python3.8/site-packages/airflow/example_dags/example_complex.py
[2024-01-28T11:05:07.535+0000] {processor.py:840} INFO - DAG(s) 'example_complex' retrieved from /home/airflow/.local/lib/python3.8/site-packages/airflow/example_dags/example_complex.py
[2024-01-28T11:05:07.589+0000] {logging_mixin.py:188} INFO - [2024-01-28T11:05:07.589+0000] {dag.py:3036} INFO - Sync 1 DAGs
[2024-01-28T11:05:07.608+0000] {logging_mixin.py:188} INFO - [2024-01-28T11:05:07.607+0000] {dag.py:3823} INFO - Setting next_dagrun for example_complex to None, run_after=None
[2024-01-28T11:05:07.633+0000] {processor.py:183} INFO - Processing /home/airflow/.local/lib/python3.8/site-packages/airflow/example_dags/example_complex.py took 0.124 seconds
[2024-01-28T11:05:38.212+0000] {processor.py:161} INFO - Started process (PID=1797) to work on /home/airflow/.local/lib/python3.8/site-packages/airflow/example_dags/example_complex.py
[2024-01-28T11:05:38.214+0000] {processor.py:830} INFO - Processing file /home/airflow/.local/lib/python3.8/site-packages/airflow/example_dags/example_complex.py for tasks to queue
[2024-01-28T11:05:38.217+0000] {logging_mixin.py:188} INFO - [2024-01-28T11:05:38.217+0000] {dagbag.py:538} INFO - Filling up the DagBag from /home/airflow/.local/lib/python3.8/site-packages/airflow/example_dags/example_complex.py
[2024-01-28T11:05:38.232+0000] {processor.py:840} INFO - DAG(s) 'example_complex' retrieved from /home/airflow/.local/lib/python3.8/site-packages/airflow/example_dags/example_complex.py
[2024-01-28T11:05:38.282+0000] {logging_mixin.py:188} INFO - [2024-01-28T11:05:38.282+0000] {dag.py:3036} INFO - Sync 1 DAGs
[2024-01-28T11:05:38.299+0000] {logging_mixin.py:188} INFO - [2024-01-28T11:05:38.298+0000] {dag.py:3823} INFO - Setting next_dagrun for example_complex to None, run_after=None
[2024-01-28T11:05:38.340+0000] {processor.py:183} INFO - Processing /home/airflow/.local/lib/python3.8/site-packages/airflow/example_dags/example_complex.py took 0.132 seconds
[2024-01-28T11:06:08.573+0000] {processor.py:161} INFO - Started process (PID=1854) to work on /home/airflow/.local/lib/python3.8/site-packages/airflow/example_dags/example_complex.py
[2024-01-28T11:06:08.575+0000] {processor.py:830} INFO - Processing file /home/airflow/.local/lib/python3.8/site-packages/airflow/example_dags/example_complex.py for tasks to queue
[2024-01-28T11:06:08.579+0000] {logging_mixin.py:188} INFO - [2024-01-28T11:06:08.578+0000] {dagbag.py:538} INFO - Filling up the DagBag from /home/airflow/.local/lib/python3.8/site-packages/airflow/example_dags/example_complex.py
[2024-01-28T11:06:08.597+0000] {processor.py:840} INFO - DAG(s) 'example_complex' retrieved from /home/airflow/.local/lib/python3.8/site-packages/airflow/example_dags/example_complex.py
[2024-01-28T11:06:08.662+0000] {logging_mixin.py:188} INFO - [2024-01-28T11:06:08.661+0000] {dag.py:3036} INFO - Sync 1 DAGs
[2024-01-28T11:06:08.680+0000] {logging_mixin.py:188} INFO - [2024-01-28T11:06:08.679+0000] {dag.py:3823} INFO - Setting next_dagrun for example_complex to None, run_after=None
[2024-01-28T11:06:08.708+0000] {processor.py:183} INFO - Processing /home/airflow/.local/lib/python3.8/site-packages/airflow/example_dags/example_complex.py took 0.142 seconds
[2024-01-28T11:06:39.170+0000] {processor.py:161} INFO - Started process (PID=1909) to work on /home/airflow/.local/lib/python3.8/site-packages/airflow/example_dags/example_complex.py
[2024-01-28T11:06:39.174+0000] {processor.py:830} INFO - Processing file /home/airflow/.local/lib/python3.8/site-packages/airflow/example_dags/example_complex.py for tasks to queue
[2024-01-28T11:06:39.190+0000] {logging_mixin.py:188} INFO - [2024-01-28T11:06:39.188+0000] {dagbag.py:538} INFO - Filling up the DagBag from /home/airflow/.local/lib/python3.8/site-packages/airflow/example_dags/example_complex.py
[2024-01-28T11:06:39.231+0000] {processor.py:840} INFO - DAG(s) 'example_complex' retrieved from /home/airflow/.local/lib/python3.8/site-packages/airflow/example_dags/example_complex.py
[2024-01-28T11:06:39.288+0000] {logging_mixin.py:188} INFO - [2024-01-28T11:06:39.288+0000] {dag.py:3036} INFO - Sync 1 DAGs
[2024-01-28T11:06:39.309+0000] {logging_mixin.py:188} INFO - [2024-01-28T11:06:39.308+0000] {dag.py:3823} INFO - Setting next_dagrun for example_complex to None, run_after=None
[2024-01-28T11:06:39.337+0000] {processor.py:183} INFO - Processing /home/airflow/.local/lib/python3.8/site-packages/airflow/example_dags/example_complex.py took 0.174 seconds
[2024-01-28T11:07:09.670+0000] {processor.py:161} INFO - Started process (PID=1966) to work on /home/airflow/.local/lib/python3.8/site-packages/airflow/example_dags/example_complex.py
[2024-01-28T11:07:09.674+0000] {processor.py:830} INFO - Processing file /home/airflow/.local/lib/python3.8/site-packages/airflow/example_dags/example_complex.py for tasks to queue
[2024-01-28T11:07:09.679+0000] {logging_mixin.py:188} INFO - [2024-01-28T11:07:09.678+0000] {dagbag.py:538} INFO - Filling up the DagBag from /home/airflow/.local/lib/python3.8/site-packages/airflow/example_dags/example_complex.py
[2024-01-28T11:07:09.701+0000] {processor.py:840} INFO - DAG(s) 'example_complex' retrieved from /home/airflow/.local/lib/python3.8/site-packages/airflow/example_dags/example_complex.py
[2024-01-28T11:07:09.780+0000] {logging_mixin.py:188} INFO - [2024-01-28T11:07:09.780+0000] {dag.py:3036} INFO - Sync 1 DAGs
[2024-01-28T11:07:09.801+0000] {logging_mixin.py:188} INFO - [2024-01-28T11:07:09.801+0000] {dag.py:3823} INFO - Setting next_dagrun for example_complex to None, run_after=None
[2024-01-28T11:07:09.833+0000] {processor.py:183} INFO - Processing /home/airflow/.local/lib/python3.8/site-packages/airflow/example_dags/example_complex.py took 0.170 seconds
[2024-01-28T11:07:40.736+0000] {processor.py:161} INFO - Started process (PID=2022) to work on /home/airflow/.local/lib/python3.8/site-packages/airflow/example_dags/example_complex.py
[2024-01-28T11:07:40.738+0000] {processor.py:830} INFO - Processing file /home/airflow/.local/lib/python3.8/site-packages/airflow/example_dags/example_complex.py for tasks to queue
[2024-01-28T11:07:40.741+0000] {logging_mixin.py:188} INFO - [2024-01-28T11:07:40.741+0000] {dagbag.py:538} INFO - Filling up the DagBag from /home/airflow/.local/lib/python3.8/site-packages/airflow/example_dags/example_complex.py
[2024-01-28T11:07:40.756+0000] {processor.py:840} INFO - DAG(s) 'example_complex' retrieved from /home/airflow/.local/lib/python3.8/site-packages/airflow/example_dags/example_complex.py
[2024-01-28T11:07:40.800+0000] {logging_mixin.py:188} INFO - [2024-01-28T11:07:40.799+0000] {dag.py:3036} INFO - Sync 1 DAGs
[2024-01-28T11:07:40.840+0000] {logging_mixin.py:188} INFO - [2024-01-28T11:07:40.839+0000] {dag.py:3823} INFO - Setting next_dagrun for example_complex to None, run_after=None
[2024-01-28T11:07:40.879+0000] {processor.py:183} INFO - Processing /home/airflow/.local/lib/python3.8/site-packages/airflow/example_dags/example_complex.py took 0.148 seconds
[2024-01-28T11:08:11.086+0000] {processor.py:161} INFO - Started process (PID=2078) to work on /home/airflow/.local/lib/python3.8/site-packages/airflow/example_dags/example_complex.py
[2024-01-28T11:08:11.088+0000] {processor.py:830} INFO - Processing file /home/airflow/.local/lib/python3.8/site-packages/airflow/example_dags/example_complex.py for tasks to queue
[2024-01-28T11:08:11.091+0000] {logging_mixin.py:188} INFO - [2024-01-28T11:08:11.091+0000] {dagbag.py:538} INFO - Filling up the DagBag from /home/airflow/.local/lib/python3.8/site-packages/airflow/example_dags/example_complex.py
[2024-01-28T11:08:11.111+0000] {processor.py:840} INFO - DAG(s) 'example_complex' retrieved from /home/airflow/.local/lib/python3.8/site-packages/airflow/example_dags/example_complex.py
[2024-01-28T11:08:11.169+0000] {logging_mixin.py:188} INFO - [2024-01-28T11:08:11.169+0000] {dag.py:3036} INFO - Sync 1 DAGs
[2024-01-28T11:08:11.185+0000] {logging_mixin.py:188} INFO - [2024-01-28T11:08:11.184+0000] {dag.py:3823} INFO - Setting next_dagrun for example_complex to None, run_after=None
[2024-01-28T11:08:11.210+0000] {processor.py:183} INFO - Processing /home/airflow/.local/lib/python3.8/site-packages/airflow/example_dags/example_complex.py took 0.128 seconds
[2024-01-28T11:08:41.634+0000] {processor.py:161} INFO - Started process (PID=2134) to work on /home/airflow/.local/lib/python3.8/site-packages/airflow/example_dags/example_complex.py
[2024-01-28T11:08:41.637+0000] {processor.py:830} INFO - Processing file /home/airflow/.local/lib/python3.8/site-packages/airflow/example_dags/example_complex.py for tasks to queue
[2024-01-28T11:08:41.642+0000] {logging_mixin.py:188} INFO - [2024-01-28T11:08:41.642+0000] {dagbag.py:538} INFO - Filling up the DagBag from /home/airflow/.local/lib/python3.8/site-packages/airflow/example_dags/example_complex.py
[2024-01-28T11:08:41.665+0000] {processor.py:840} INFO - DAG(s) 'example_complex' retrieved from /home/airflow/.local/lib/python3.8/site-packages/airflow/example_dags/example_complex.py
[2024-01-28T11:08:41.748+0000] {logging_mixin.py:188} INFO - [2024-01-28T11:08:41.748+0000] {dag.py:3036} INFO - Sync 1 DAGs
[2024-01-28T11:08:41.766+0000] {logging_mixin.py:188} INFO - [2024-01-28T11:08:41.765+0000] {dag.py:3823} INFO - Setting next_dagrun for example_complex to None, run_after=None
[2024-01-28T11:08:41.793+0000] {processor.py:183} INFO - Processing /home/airflow/.local/lib/python3.8/site-packages/airflow/example_dags/example_complex.py took 0.167 seconds
[2024-01-28T11:09:12.193+0000] {processor.py:161} INFO - Started process (PID=2190) to work on /home/airflow/.local/lib/python3.8/site-packages/airflow/example_dags/example_complex.py
[2024-01-28T11:09:12.195+0000] {processor.py:830} INFO - Processing file /home/airflow/.local/lib/python3.8/site-packages/airflow/example_dags/example_complex.py for tasks to queue
[2024-01-28T11:09:12.198+0000] {logging_mixin.py:188} INFO - [2024-01-28T11:09:12.197+0000] {dagbag.py:538} INFO - Filling up the DagBag from /home/airflow/.local/lib/python3.8/site-packages/airflow/example_dags/example_complex.py
[2024-01-28T11:09:12.229+0000] {processor.py:840} INFO - DAG(s) 'example_complex' retrieved from /home/airflow/.local/lib/python3.8/site-packages/airflow/example_dags/example_complex.py
[2024-01-28T11:09:12.271+0000] {logging_mixin.py:188} INFO - [2024-01-28T11:09:12.270+0000] {dag.py:3036} INFO - Sync 1 DAGs
[2024-01-28T11:09:12.287+0000] {logging_mixin.py:188} INFO - [2024-01-28T11:09:12.287+0000] {dag.py:3823} INFO - Setting next_dagrun for example_complex to None, run_after=None
[2024-01-28T11:09:12.318+0000] {processor.py:183} INFO - Processing /home/airflow/.local/lib/python3.8/site-packages/airflow/example_dags/example_complex.py took 0.129 seconds
[2024-01-28T11:09:42.889+0000] {processor.py:161} INFO - Started process (PID=2246) to work on /home/airflow/.local/lib/python3.8/site-packages/airflow/example_dags/example_complex.py
[2024-01-28T11:09:42.895+0000] {processor.py:830} INFO - Processing file /home/airflow/.local/lib/python3.8/site-packages/airflow/example_dags/example_complex.py for tasks to queue
[2024-01-28T11:09:42.902+0000] {logging_mixin.py:188} INFO - [2024-01-28T11:09:42.901+0000] {dagbag.py:538} INFO - Filling up the DagBag from /home/airflow/.local/lib/python3.8/site-packages/airflow/example_dags/example_complex.py
[2024-01-28T11:09:42.941+0000] {processor.py:840} INFO - DAG(s) 'example_complex' retrieved from /home/airflow/.local/lib/python3.8/site-packages/airflow/example_dags/example_complex.py
[2024-01-28T11:09:43.000+0000] {logging_mixin.py:188} INFO - [2024-01-28T11:09:43.000+0000] {dag.py:3036} INFO - Sync 1 DAGs
[2024-01-28T11:09:43.018+0000] {logging_mixin.py:188} INFO - [2024-01-28T11:09:43.017+0000] {dag.py:3823} INFO - Setting next_dagrun for example_complex to None, run_after=None
[2024-01-28T11:09:43.048+0000] {processor.py:183} INFO - Processing /home/airflow/.local/lib/python3.8/site-packages/airflow/example_dags/example_complex.py took 0.166 seconds
[2024-01-28T11:10:13.979+0000] {processor.py:161} INFO - Started process (PID=2303) to work on /home/airflow/.local/lib/python3.8/site-packages/airflow/example_dags/example_complex.py
[2024-01-28T11:10:13.981+0000] {processor.py:830} INFO - Processing file /home/airflow/.local/lib/python3.8/site-packages/airflow/example_dags/example_complex.py for tasks to queue
[2024-01-28T11:10:13.984+0000] {logging_mixin.py:188} INFO - [2024-01-28T11:10:13.984+0000] {dagbag.py:538} INFO - Filling up the DagBag from /home/airflow/.local/lib/python3.8/site-packages/airflow/example_dags/example_complex.py
[2024-01-28T11:10:14.001+0000] {processor.py:840} INFO - DAG(s) 'example_complex' retrieved from /home/airflow/.local/lib/python3.8/site-packages/airflow/example_dags/example_complex.py
[2024-01-28T11:10:14.048+0000] {logging_mixin.py:188} INFO - [2024-01-28T11:10:14.048+0000] {dag.py:3036} INFO - Sync 1 DAGs
[2024-01-28T11:10:14.065+0000] {logging_mixin.py:188} INFO - [2024-01-28T11:10:14.065+0000] {dag.py:3823} INFO - Setting next_dagrun for example_complex to None, run_after=None
[2024-01-28T11:10:14.096+0000] {processor.py:183} INFO - Processing /home/airflow/.local/lib/python3.8/site-packages/airflow/example_dags/example_complex.py took 0.121 seconds
[2024-01-28T11:10:44.402+0000] {processor.py:161} INFO - Started process (PID=2360) to work on /home/airflow/.local/lib/python3.8/site-packages/airflow/example_dags/example_complex.py
[2024-01-28T11:10:44.405+0000] {processor.py:830} INFO - Processing file /home/airflow/.local/lib/python3.8/site-packages/airflow/example_dags/example_complex.py for tasks to queue
[2024-01-28T11:10:44.408+0000] {logging_mixin.py:188} INFO - [2024-01-28T11:10:44.407+0000] {dagbag.py:538} INFO - Filling up the DagBag from /home/airflow/.local/lib/python3.8/site-packages/airflow/example_dags/example_complex.py
[2024-01-28T11:10:44.423+0000] {processor.py:840} INFO - DAG(s) 'example_complex' retrieved from /home/airflow/.local/lib/python3.8/site-packages/airflow/example_dags/example_complex.py
[2024-01-28T11:10:44.469+0000] {logging_mixin.py:188} INFO - [2024-01-28T11:10:44.469+0000] {dag.py:3036} INFO - Sync 1 DAGs
[2024-01-28T11:10:44.487+0000] {logging_mixin.py:188} INFO - [2024-01-28T11:10:44.486+0000] {dag.py:3823} INFO - Setting next_dagrun for example_complex to None, run_after=None
[2024-01-28T11:10:44.515+0000] {processor.py:183} INFO - Processing /home/airflow/.local/lib/python3.8/site-packages/airflow/example_dags/example_complex.py took 0.117 seconds
[2024-01-28T11:11:15.013+0000] {processor.py:161} INFO - Started process (PID=2418) to work on /home/airflow/.local/lib/python3.8/site-packages/airflow/example_dags/example_complex.py
[2024-01-28T11:11:15.016+0000] {processor.py:830} INFO - Processing file /home/airflow/.local/lib/python3.8/site-packages/airflow/example_dags/example_complex.py for tasks to queue
[2024-01-28T11:11:15.021+0000] {logging_mixin.py:188} INFO - [2024-01-28T11:11:15.020+0000] {dagbag.py:538} INFO - Filling up the DagBag from /home/airflow/.local/lib/python3.8/site-packages/airflow/example_dags/example_complex.py
[2024-01-28T11:11:15.037+0000] {processor.py:840} INFO - DAG(s) 'example_complex' retrieved from /home/airflow/.local/lib/python3.8/site-packages/airflow/example_dags/example_complex.py
[2024-01-28T11:11:15.083+0000] {logging_mixin.py:188} INFO - [2024-01-28T11:11:15.083+0000] {dag.py:3036} INFO - Sync 1 DAGs
[2024-01-28T11:11:15.106+0000] {logging_mixin.py:188} INFO - [2024-01-28T11:11:15.106+0000] {dag.py:3823} INFO - Setting next_dagrun for example_complex to None, run_after=None
[2024-01-28T11:11:15.137+0000] {processor.py:183} INFO - Processing /home/airflow/.local/lib/python3.8/site-packages/airflow/example_dags/example_complex.py took 0.129 seconds
[2024-01-28T11:11:46.066+0000] {processor.py:161} INFO - Started process (PID=2475) to work on /home/airflow/.local/lib/python3.8/site-packages/airflow/example_dags/example_complex.py
[2024-01-28T11:11:46.069+0000] {processor.py:830} INFO - Processing file /home/airflow/.local/lib/python3.8/site-packages/airflow/example_dags/example_complex.py for tasks to queue
[2024-01-28T11:11:46.078+0000] {logging_mixin.py:188} INFO - [2024-01-28T11:11:46.077+0000] {dagbag.py:538} INFO - Filling up the DagBag from /home/airflow/.local/lib/python3.8/site-packages/airflow/example_dags/example_complex.py
[2024-01-28T11:11:46.110+0000] {processor.py:840} INFO - DAG(s) 'example_complex' retrieved from /home/airflow/.local/lib/python3.8/site-packages/airflow/example_dags/example_complex.py
[2024-01-28T11:11:46.164+0000] {logging_mixin.py:188} INFO - [2024-01-28T11:11:46.163+0000] {dag.py:3036} INFO - Sync 1 DAGs
[2024-01-28T11:11:46.184+0000] {logging_mixin.py:188} INFO - [2024-01-28T11:11:46.184+0000] {dag.py:3823} INFO - Setting next_dagrun for example_complex to None, run_after=None
[2024-01-28T11:11:46.224+0000] {processor.py:183} INFO - Processing /home/airflow/.local/lib/python3.8/site-packages/airflow/example_dags/example_complex.py took 0.173 seconds
[2024-01-28T11:12:16.428+0000] {processor.py:161} INFO - Started process (PID=2532) to work on /home/airflow/.local/lib/python3.8/site-packages/airflow/example_dags/example_complex.py
[2024-01-28T11:12:16.430+0000] {processor.py:830} INFO - Processing file /home/airflow/.local/lib/python3.8/site-packages/airflow/example_dags/example_complex.py for tasks to queue
[2024-01-28T11:12:16.433+0000] {logging_mixin.py:188} INFO - [2024-01-28T11:12:16.433+0000] {dagbag.py:538} INFO - Filling up the DagBag from /home/airflow/.local/lib/python3.8/site-packages/airflow/example_dags/example_complex.py
[2024-01-28T11:12:16.449+0000] {processor.py:840} INFO - DAG(s) 'example_complex' retrieved from /home/airflow/.local/lib/python3.8/site-packages/airflow/example_dags/example_complex.py
[2024-01-28T11:12:16.507+0000] {logging_mixin.py:188} INFO - [2024-01-28T11:12:16.507+0000] {dag.py:3036} INFO - Sync 1 DAGs
[2024-01-28T11:12:16.525+0000] {logging_mixin.py:188} INFO - [2024-01-28T11:12:16.525+0000] {dag.py:3823} INFO - Setting next_dagrun for example_complex to None, run_after=None
[2024-01-28T11:12:16.565+0000] {processor.py:183} INFO - Processing /home/airflow/.local/lib/python3.8/site-packages/airflow/example_dags/example_complex.py took 0.141 seconds
[2024-01-28T11:12:46.866+0000] {processor.py:161} INFO - Started process (PID=2591) to work on /home/airflow/.local/lib/python3.8/site-packages/airflow/example_dags/example_complex.py
[2024-01-28T11:12:46.868+0000] {processor.py:830} INFO - Processing file /home/airflow/.local/lib/python3.8/site-packages/airflow/example_dags/example_complex.py for tasks to queue
[2024-01-28T11:12:46.871+0000] {logging_mixin.py:188} INFO - [2024-01-28T11:12:46.870+0000] {dagbag.py:538} INFO - Filling up the DagBag from /home/airflow/.local/lib/python3.8/site-packages/airflow/example_dags/example_complex.py
[2024-01-28T11:12:46.887+0000] {processor.py:840} INFO - DAG(s) 'example_complex' retrieved from /home/airflow/.local/lib/python3.8/site-packages/airflow/example_dags/example_complex.py
[2024-01-28T11:12:46.932+0000] {logging_mixin.py:188} INFO - [2024-01-28T11:12:46.932+0000] {dag.py:3036} INFO - Sync 1 DAGs
[2024-01-28T11:12:46.948+0000] {logging_mixin.py:188} INFO - [2024-01-28T11:12:46.948+0000] {dag.py:3823} INFO - Setting next_dagrun for example_complex to None, run_after=None
[2024-01-28T11:12:46.972+0000] {processor.py:183} INFO - Processing /home/airflow/.local/lib/python3.8/site-packages/airflow/example_dags/example_complex.py took 0.112 seconds
[2024-01-28T11:13:17.238+0000] {processor.py:161} INFO - Started process (PID=2645) to work on /home/airflow/.local/lib/python3.8/site-packages/airflow/example_dags/example_complex.py
[2024-01-28T11:13:17.240+0000] {processor.py:830} INFO - Processing file /home/airflow/.local/lib/python3.8/site-packages/airflow/example_dags/example_complex.py for tasks to queue
[2024-01-28T11:13:17.243+0000] {logging_mixin.py:188} INFO - [2024-01-28T11:13:17.242+0000] {dagbag.py:538} INFO - Filling up the DagBag from /home/airflow/.local/lib/python3.8/site-packages/airflow/example_dags/example_complex.py
[2024-01-28T11:13:17.258+0000] {processor.py:840} INFO - DAG(s) 'example_complex' retrieved from /home/airflow/.local/lib/python3.8/site-packages/airflow/example_dags/example_complex.py
[2024-01-28T11:13:17.301+0000] {logging_mixin.py:188} INFO - [2024-01-28T11:13:17.300+0000] {dag.py:3036} INFO - Sync 1 DAGs
[2024-01-28T11:13:17.318+0000] {logging_mixin.py:188} INFO - [2024-01-28T11:13:17.317+0000] {dag.py:3823} INFO - Setting next_dagrun for example_complex to None, run_after=None
[2024-01-28T11:13:17.344+0000] {processor.py:183} INFO - Processing /home/airflow/.local/lib/python3.8/site-packages/airflow/example_dags/example_complex.py took 0.110 seconds
[2024-01-28T11:13:48.222+0000] {processor.py:161} INFO - Started process (PID=2702) to work on /home/airflow/.local/lib/python3.8/site-packages/airflow/example_dags/example_complex.py
[2024-01-28T11:13:48.224+0000] {processor.py:830} INFO - Processing file /home/airflow/.local/lib/python3.8/site-packages/airflow/example_dags/example_complex.py for tasks to queue
[2024-01-28T11:13:48.227+0000] {logging_mixin.py:188} INFO - [2024-01-28T11:13:48.227+0000] {dagbag.py:538} INFO - Filling up the DagBag from /home/airflow/.local/lib/python3.8/site-packages/airflow/example_dags/example_complex.py
[2024-01-28T11:13:48.245+0000] {processor.py:840} INFO - DAG(s) 'example_complex' retrieved from /home/airflow/.local/lib/python3.8/site-packages/airflow/example_dags/example_complex.py
[2024-01-28T11:13:48.292+0000] {logging_mixin.py:188} INFO - [2024-01-28T11:13:48.292+0000] {dag.py:3036} INFO - Sync 1 DAGs
[2024-01-28T11:13:48.309+0000] {logging_mixin.py:188} INFO - [2024-01-28T11:13:48.309+0000] {dag.py:3823} INFO - Setting next_dagrun for example_complex to None, run_after=None
[2024-01-28T11:13:48.341+0000] {processor.py:183} INFO - Processing /home/airflow/.local/lib/python3.8/site-packages/airflow/example_dags/example_complex.py took 0.125 seconds
[2024-01-28T11:14:18.865+0000] {processor.py:161} INFO - Started process (PID=2759) to work on /home/airflow/.local/lib/python3.8/site-packages/airflow/example_dags/example_complex.py
[2024-01-28T11:14:18.866+0000] {processor.py:830} INFO - Processing file /home/airflow/.local/lib/python3.8/site-packages/airflow/example_dags/example_complex.py for tasks to queue
[2024-01-28T11:14:18.870+0000] {logging_mixin.py:188} INFO - [2024-01-28T11:14:18.870+0000] {dagbag.py:538} INFO - Filling up the DagBag from /home/airflow/.local/lib/python3.8/site-packages/airflow/example_dags/example_complex.py
[2024-01-28T11:14:18.886+0000] {processor.py:840} INFO - DAG(s) 'example_complex' retrieved from /home/airflow/.local/lib/python3.8/site-packages/airflow/example_dags/example_complex.py
[2024-01-28T11:14:18.929+0000] {logging_mixin.py:188} INFO - [2024-01-28T11:14:18.929+0000] {dag.py:3036} INFO - Sync 1 DAGs
[2024-01-28T11:14:18.946+0000] {logging_mixin.py:188} INFO - [2024-01-28T11:14:18.946+0000] {dag.py:3823} INFO - Setting next_dagrun for example_complex to None, run_after=None
[2024-01-28T11:14:18.974+0000] {processor.py:183} INFO - Processing /home/airflow/.local/lib/python3.8/site-packages/airflow/example_dags/example_complex.py took 0.114 seconds
[2024-01-28T11:14:49.064+0000] {processor.py:161} INFO - Started process (PID=2817) to work on /home/airflow/.local/lib/python3.8/site-packages/airflow/example_dags/example_complex.py
[2024-01-28T11:14:49.066+0000] {processor.py:830} INFO - Processing file /home/airflow/.local/lib/python3.8/site-packages/airflow/example_dags/example_complex.py for tasks to queue
[2024-01-28T11:14:49.069+0000] {logging_mixin.py:188} INFO - [2024-01-28T11:14:49.069+0000] {dagbag.py:538} INFO - Filling up the DagBag from /home/airflow/.local/lib/python3.8/site-packages/airflow/example_dags/example_complex.py
[2024-01-28T11:14:49.086+0000] {processor.py:840} INFO - DAG(s) 'example_complex' retrieved from /home/airflow/.local/lib/python3.8/site-packages/airflow/example_dags/example_complex.py
[2024-01-28T11:14:49.134+0000] {logging_mixin.py:188} INFO - [2024-01-28T11:14:49.133+0000] {dag.py:3036} INFO - Sync 1 DAGs
[2024-01-28T11:14:49.151+0000] {logging_mixin.py:188} INFO - [2024-01-28T11:14:49.151+0000] {dag.py:3823} INFO - Setting next_dagrun for example_complex to None, run_after=None
[2024-01-28T11:14:49.181+0000] {processor.py:183} INFO - Processing /home/airflow/.local/lib/python3.8/site-packages/airflow/example_dags/example_complex.py took 0.122 seconds
[2024-01-28T11:15:19.552+0000] {processor.py:161} INFO - Started process (PID=2874) to work on /home/airflow/.local/lib/python3.8/site-packages/airflow/example_dags/example_complex.py
[2024-01-28T11:15:19.555+0000] {processor.py:830} INFO - Processing file /home/airflow/.local/lib/python3.8/site-packages/airflow/example_dags/example_complex.py for tasks to queue
[2024-01-28T11:15:19.559+0000] {logging_mixin.py:188} INFO - [2024-01-28T11:15:19.558+0000] {dagbag.py:538} INFO - Filling up the DagBag from /home/airflow/.local/lib/python3.8/site-packages/airflow/example_dags/example_complex.py
[2024-01-28T11:15:19.584+0000] {processor.py:840} INFO - DAG(s) 'example_complex' retrieved from /home/airflow/.local/lib/python3.8/site-packages/airflow/example_dags/example_complex.py
[2024-01-28T11:15:19.646+0000] {logging_mixin.py:188} INFO - [2024-01-28T11:15:19.646+0000] {dag.py:3036} INFO - Sync 1 DAGs
[2024-01-28T11:15:19.674+0000] {logging_mixin.py:188} INFO - [2024-01-28T11:15:19.674+0000] {dag.py:3823} INFO - Setting next_dagrun for example_complex to None, run_after=None
[2024-01-28T11:15:19.847+0000] {processor.py:183} INFO - Processing /home/airflow/.local/lib/python3.8/site-packages/airflow/example_dags/example_complex.py took 0.306 seconds
[2024-01-28T11:15:50.469+0000] {processor.py:161} INFO - Started process (PID=2930) to work on /home/airflow/.local/lib/python3.8/site-packages/airflow/example_dags/example_complex.py
[2024-01-28T11:15:50.473+0000] {processor.py:830} INFO - Processing file /home/airflow/.local/lib/python3.8/site-packages/airflow/example_dags/example_complex.py for tasks to queue
[2024-01-28T11:15:50.483+0000] {logging_mixin.py:188} INFO - [2024-01-28T11:15:50.482+0000] {dagbag.py:538} INFO - Filling up the DagBag from /home/airflow/.local/lib/python3.8/site-packages/airflow/example_dags/example_complex.py
[2024-01-28T11:15:50.508+0000] {processor.py:840} INFO - DAG(s) 'example_complex' retrieved from /home/airflow/.local/lib/python3.8/site-packages/airflow/example_dags/example_complex.py
[2024-01-28T11:15:50.602+0000] {logging_mixin.py:188} INFO - [2024-01-28T11:15:50.601+0000] {dag.py:3036} INFO - Sync 1 DAGs
[2024-01-28T11:15:50.901+0000] {logging_mixin.py:188} INFO - [2024-01-28T11:15:50.901+0000] {dag.py:3823} INFO - Setting next_dagrun for example_complex to None, run_after=None
[2024-01-28T11:15:50.931+0000] {processor.py:183} INFO - Processing /home/airflow/.local/lib/python3.8/site-packages/airflow/example_dags/example_complex.py took 0.469 seconds
[2024-01-28T11:16:21.051+0000] {processor.py:161} INFO - Started process (PID=2987) to work on /home/airflow/.local/lib/python3.8/site-packages/airflow/example_dags/example_complex.py
[2024-01-28T11:16:21.055+0000] {processor.py:830} INFO - Processing file /home/airflow/.local/lib/python3.8/site-packages/airflow/example_dags/example_complex.py for tasks to queue
[2024-01-28T11:16:21.065+0000] {logging_mixin.py:188} INFO - [2024-01-28T11:16:21.064+0000] {dagbag.py:538} INFO - Filling up the DagBag from /home/airflow/.local/lib/python3.8/site-packages/airflow/example_dags/example_complex.py
[2024-01-28T11:16:21.089+0000] {processor.py:840} INFO - DAG(s) 'example_complex' retrieved from /home/airflow/.local/lib/python3.8/site-packages/airflow/example_dags/example_complex.py
[2024-01-28T11:16:21.156+0000] {logging_mixin.py:188} INFO - [2024-01-28T11:16:21.155+0000] {dag.py:3036} INFO - Sync 1 DAGs
[2024-01-28T11:16:21.183+0000] {logging_mixin.py:188} INFO - [2024-01-28T11:16:21.183+0000] {dag.py:3823} INFO - Setting next_dagrun for example_complex to None, run_after=None
[2024-01-28T11:16:21.232+0000] {processor.py:183} INFO - Processing /home/airflow/.local/lib/python3.8/site-packages/airflow/example_dags/example_complex.py took 0.192 seconds
[2024-01-28T11:16:51.552+0000] {processor.py:161} INFO - Started process (PID=3044) to work on /home/airflow/.local/lib/python3.8/site-packages/airflow/example_dags/example_complex.py
[2024-01-28T11:16:51.566+0000] {processor.py:830} INFO - Processing file /home/airflow/.local/lib/python3.8/site-packages/airflow/example_dags/example_complex.py for tasks to queue
[2024-01-28T11:16:51.577+0000] {logging_mixin.py:188} INFO - [2024-01-28T11:16:51.577+0000] {dagbag.py:538} INFO - Filling up the DagBag from /home/airflow/.local/lib/python3.8/site-packages/airflow/example_dags/example_complex.py
[2024-01-28T11:16:51.609+0000] {processor.py:840} INFO - DAG(s) 'example_complex' retrieved from /home/airflow/.local/lib/python3.8/site-packages/airflow/example_dags/example_complex.py
[2024-01-28T11:16:51.693+0000] {logging_mixin.py:188} INFO - [2024-01-28T11:16:51.692+0000] {dag.py:3036} INFO - Sync 1 DAGs
[2024-01-28T11:16:51.722+0000] {logging_mixin.py:188} INFO - [2024-01-28T11:16:51.722+0000] {dag.py:3823} INFO - Setting next_dagrun for example_complex to None, run_after=None
[2024-01-28T11:16:51.761+0000] {processor.py:183} INFO - Processing /home/airflow/.local/lib/python3.8/site-packages/airflow/example_dags/example_complex.py took 0.219 seconds
[2024-01-28T11:17:22.328+0000] {processor.py:161} INFO - Started process (PID=3102) to work on /home/airflow/.local/lib/python3.8/site-packages/airflow/example_dags/example_complex.py
[2024-01-28T11:17:22.332+0000] {processor.py:830} INFO - Processing file /home/airflow/.local/lib/python3.8/site-packages/airflow/example_dags/example_complex.py for tasks to queue
[2024-01-28T11:17:22.341+0000] {logging_mixin.py:188} INFO - [2024-01-28T11:17:22.340+0000] {dagbag.py:538} INFO - Filling up the DagBag from /home/airflow/.local/lib/python3.8/site-packages/airflow/example_dags/example_complex.py
[2024-01-28T11:17:22.379+0000] {processor.py:840} INFO - DAG(s) 'example_complex' retrieved from /home/airflow/.local/lib/python3.8/site-packages/airflow/example_dags/example_complex.py
[2024-01-28T11:17:22.503+0000] {logging_mixin.py:188} INFO - [2024-01-28T11:17:22.503+0000] {dag.py:3036} INFO - Sync 1 DAGs
[2024-01-28T11:17:22.525+0000] {logging_mixin.py:188} INFO - [2024-01-28T11:17:22.525+0000] {dag.py:3823} INFO - Setting next_dagrun for example_complex to None, run_after=None
[2024-01-28T11:17:22.569+0000] {processor.py:183} INFO - Processing /home/airflow/.local/lib/python3.8/site-packages/airflow/example_dags/example_complex.py took 0.249 seconds
[2024-01-28T11:17:52.813+0000] {processor.py:161} INFO - Started process (PID=3159) to work on /home/airflow/.local/lib/python3.8/site-packages/airflow/example_dags/example_complex.py
[2024-01-28T11:17:52.816+0000] {processor.py:830} INFO - Processing file /home/airflow/.local/lib/python3.8/site-packages/airflow/example_dags/example_complex.py for tasks to queue
[2024-01-28T11:17:52.820+0000] {logging_mixin.py:188} INFO - [2024-01-28T11:17:52.819+0000] {dagbag.py:538} INFO - Filling up the DagBag from /home/airflow/.local/lib/python3.8/site-packages/airflow/example_dags/example_complex.py
[2024-01-28T11:17:52.836+0000] {processor.py:840} INFO - DAG(s) 'example_complex' retrieved from /home/airflow/.local/lib/python3.8/site-packages/airflow/example_dags/example_complex.py
[2024-01-28T11:17:53.059+0000] {logging_mixin.py:188} INFO - [2024-01-28T11:17:53.059+0000] {dag.py:3036} INFO - Sync 1 DAGs
[2024-01-28T11:17:53.073+0000] {logging_mixin.py:188} INFO - [2024-01-28T11:17:53.073+0000] {dag.py:3823} INFO - Setting next_dagrun for example_complex to None, run_after=None
[2024-01-28T11:17:53.107+0000] {processor.py:183} INFO - Processing /home/airflow/.local/lib/python3.8/site-packages/airflow/example_dags/example_complex.py took 0.301 seconds
[2024-01-28T11:18:23.195+0000] {processor.py:161} INFO - Started process (PID=3217) to work on /home/airflow/.local/lib/python3.8/site-packages/airflow/example_dags/example_complex.py
[2024-01-28T11:18:23.198+0000] {processor.py:830} INFO - Processing file /home/airflow/.local/lib/python3.8/site-packages/airflow/example_dags/example_complex.py for tasks to queue
[2024-01-28T11:18:23.201+0000] {logging_mixin.py:188} INFO - [2024-01-28T11:18:23.200+0000] {dagbag.py:538} INFO - Filling up the DagBag from /home/airflow/.local/lib/python3.8/site-packages/airflow/example_dags/example_complex.py
[2024-01-28T11:18:23.219+0000] {processor.py:840} INFO - DAG(s) 'example_complex' retrieved from /home/airflow/.local/lib/python3.8/site-packages/airflow/example_dags/example_complex.py
[2024-01-28T11:18:23.275+0000] {logging_mixin.py:188} INFO - [2024-01-28T11:18:23.275+0000] {dag.py:3036} INFO - Sync 1 DAGs
[2024-01-28T11:18:23.295+0000] {logging_mixin.py:188} INFO - [2024-01-28T11:18:23.294+0000] {dag.py:3823} INFO - Setting next_dagrun for example_complex to None, run_after=None
[2024-01-28T11:18:23.333+0000] {processor.py:183} INFO - Processing /home/airflow/.local/lib/python3.8/site-packages/airflow/example_dags/example_complex.py took 0.142 seconds
[2024-01-28T11:18:54.070+0000] {processor.py:161} INFO - Started process (PID=3273) to work on /home/airflow/.local/lib/python3.8/site-packages/airflow/example_dags/example_complex.py
[2024-01-28T11:18:54.072+0000] {processor.py:830} INFO - Processing file /home/airflow/.local/lib/python3.8/site-packages/airflow/example_dags/example_complex.py for tasks to queue
[2024-01-28T11:18:54.075+0000] {logging_mixin.py:188} INFO - [2024-01-28T11:18:54.075+0000] {dagbag.py:538} INFO - Filling up the DagBag from /home/airflow/.local/lib/python3.8/site-packages/airflow/example_dags/example_complex.py
[2024-01-28T11:18:54.092+0000] {processor.py:840} INFO - DAG(s) 'example_complex' retrieved from /home/airflow/.local/lib/python3.8/site-packages/airflow/example_dags/example_complex.py
[2024-01-28T11:18:54.136+0000] {logging_mixin.py:188} INFO - [2024-01-28T11:18:54.136+0000] {dag.py:3036} INFO - Sync 1 DAGs
[2024-01-28T11:18:54.152+0000] {logging_mixin.py:188} INFO - [2024-01-28T11:18:54.152+0000] {dag.py:3823} INFO - Setting next_dagrun for example_complex to None, run_after=None
[2024-01-28T11:18:54.176+0000] {processor.py:183} INFO - Processing /home/airflow/.local/lib/python3.8/site-packages/airflow/example_dags/example_complex.py took 0.110 seconds
[2024-01-28T11:19:24.327+0000] {processor.py:161} INFO - Started process (PID=3329) to work on /home/airflow/.local/lib/python3.8/site-packages/airflow/example_dags/example_complex.py
[2024-01-28T11:19:24.330+0000] {processor.py:830} INFO - Processing file /home/airflow/.local/lib/python3.8/site-packages/airflow/example_dags/example_complex.py for tasks to queue
[2024-01-28T11:19:24.344+0000] {logging_mixin.py:188} INFO - [2024-01-28T11:19:24.344+0000] {dagbag.py:538} INFO - Filling up the DagBag from /home/airflow/.local/lib/python3.8/site-packages/airflow/example_dags/example_complex.py
[2024-01-28T11:19:24.367+0000] {processor.py:840} INFO - DAG(s) 'example_complex' retrieved from /home/airflow/.local/lib/python3.8/site-packages/airflow/example_dags/example_complex.py
[2024-01-28T11:19:24.476+0000] {logging_mixin.py:188} INFO - [2024-01-28T11:19:24.476+0000] {dag.py:3036} INFO - Sync 1 DAGs
[2024-01-28T11:19:24.516+0000] {logging_mixin.py:188} INFO - [2024-01-28T11:19:24.516+0000] {dag.py:3823} INFO - Setting next_dagrun for example_complex to None, run_after=None
[2024-01-28T11:19:24.587+0000] {processor.py:183} INFO - Processing /home/airflow/.local/lib/python3.8/site-packages/airflow/example_dags/example_complex.py took 0.265 seconds
[2024-01-28T11:19:55.448+0000] {processor.py:161} INFO - Started process (PID=3387) to work on /home/airflow/.local/lib/python3.8/site-packages/airflow/example_dags/example_complex.py
[2024-01-28T11:19:55.450+0000] {processor.py:830} INFO - Processing file /home/airflow/.local/lib/python3.8/site-packages/airflow/example_dags/example_complex.py for tasks to queue
[2024-01-28T11:19:55.454+0000] {logging_mixin.py:188} INFO - [2024-01-28T11:19:55.453+0000] {dagbag.py:538} INFO - Filling up the DagBag from /home/airflow/.local/lib/python3.8/site-packages/airflow/example_dags/example_complex.py
[2024-01-28T11:19:55.470+0000] {processor.py:840} INFO - DAG(s) 'example_complex' retrieved from /home/airflow/.local/lib/python3.8/site-packages/airflow/example_dags/example_complex.py
[2024-01-28T11:19:55.518+0000] {logging_mixin.py:188} INFO - [2024-01-28T11:19:55.518+0000] {dag.py:3036} INFO - Sync 1 DAGs
[2024-01-28T11:19:55.536+0000] {logging_mixin.py:188} INFO - [2024-01-28T11:19:55.535+0000] {dag.py:3823} INFO - Setting next_dagrun for example_complex to None, run_after=None
[2024-01-28T11:19:55.566+0000] {processor.py:183} INFO - Processing /home/airflow/.local/lib/python3.8/site-packages/airflow/example_dags/example_complex.py took 0.122 seconds
[2024-01-28T11:20:26.124+0000] {processor.py:161} INFO - Started process (PID=3444) to work on /home/airflow/.local/lib/python3.8/site-packages/airflow/example_dags/example_complex.py
[2024-01-28T11:20:26.128+0000] {processor.py:830} INFO - Processing file /home/airflow/.local/lib/python3.8/site-packages/airflow/example_dags/example_complex.py for tasks to queue
[2024-01-28T11:20:26.131+0000] {logging_mixin.py:188} INFO - [2024-01-28T11:20:26.130+0000] {dagbag.py:538} INFO - Filling up the DagBag from /home/airflow/.local/lib/python3.8/site-packages/airflow/example_dags/example_complex.py
[2024-01-28T11:20:26.149+0000] {processor.py:840} INFO - DAG(s) 'example_complex' retrieved from /home/airflow/.local/lib/python3.8/site-packages/airflow/example_dags/example_complex.py
[2024-01-28T11:20:26.201+0000] {logging_mixin.py:188} INFO - [2024-01-28T11:20:26.201+0000] {dag.py:3036} INFO - Sync 1 DAGs
[2024-01-28T11:20:26.218+0000] {logging_mixin.py:188} INFO - [2024-01-28T11:20:26.218+0000] {dag.py:3823} INFO - Setting next_dagrun for example_complex to None, run_after=None
[2024-01-28T11:20:26.248+0000] {processor.py:183} INFO - Processing /home/airflow/.local/lib/python3.8/site-packages/airflow/example_dags/example_complex.py took 0.129 seconds
[2024-01-28T11:20:56.318+0000] {processor.py:161} INFO - Started process (PID=3502) to work on /home/airflow/.local/lib/python3.8/site-packages/airflow/example_dags/example_complex.py
[2024-01-28T11:20:56.321+0000] {processor.py:830} INFO - Processing file /home/airflow/.local/lib/python3.8/site-packages/airflow/example_dags/example_complex.py for tasks to queue
[2024-01-28T11:20:56.328+0000] {logging_mixin.py:188} INFO - [2024-01-28T11:20:56.327+0000] {dagbag.py:538} INFO - Filling up the DagBag from /home/airflow/.local/lib/python3.8/site-packages/airflow/example_dags/example_complex.py
[2024-01-28T11:20:56.343+0000] {processor.py:840} INFO - DAG(s) 'example_complex' retrieved from /home/airflow/.local/lib/python3.8/site-packages/airflow/example_dags/example_complex.py
[2024-01-28T11:20:56.386+0000] {logging_mixin.py:188} INFO - [2024-01-28T11:20:56.385+0000] {dag.py:3036} INFO - Sync 1 DAGs
[2024-01-28T11:20:56.404+0000] {logging_mixin.py:188} INFO - [2024-01-28T11:20:56.403+0000] {dag.py:3823} INFO - Setting next_dagrun for example_complex to None, run_after=None
[2024-01-28T11:20:56.433+0000] {processor.py:183} INFO - Processing /home/airflow/.local/lib/python3.8/site-packages/airflow/example_dags/example_complex.py took 0.123 seconds
[2024-01-28T11:21:26.998+0000] {processor.py:161} INFO - Started process (PID=3560) to work on /home/airflow/.local/lib/python3.8/site-packages/airflow/example_dags/example_complex.py
[2024-01-28T11:21:27.000+0000] {processor.py:830} INFO - Processing file /home/airflow/.local/lib/python3.8/site-packages/airflow/example_dags/example_complex.py for tasks to queue
[2024-01-28T11:21:27.003+0000] {logging_mixin.py:188} INFO - [2024-01-28T11:21:27.003+0000] {dagbag.py:538} INFO - Filling up the DagBag from /home/airflow/.local/lib/python3.8/site-packages/airflow/example_dags/example_complex.py
[2024-01-28T11:21:27.018+0000] {processor.py:840} INFO - DAG(s) 'example_complex' retrieved from /home/airflow/.local/lib/python3.8/site-packages/airflow/example_dags/example_complex.py
[2024-01-28T11:21:27.065+0000] {logging_mixin.py:188} INFO - [2024-01-28T11:21:27.065+0000] {dag.py:3036} INFO - Sync 1 DAGs
[2024-01-28T11:21:27.083+0000] {logging_mixin.py:188} INFO - [2024-01-28T11:21:27.083+0000] {dag.py:3823} INFO - Setting next_dagrun for example_complex to None, run_after=None
[2024-01-28T11:21:27.108+0000] {processor.py:183} INFO - Processing /home/airflow/.local/lib/python3.8/site-packages/airflow/example_dags/example_complex.py took 0.115 seconds
[2024-01-28T11:21:57.517+0000] {processor.py:161} INFO - Started process (PID=3618) to work on /home/airflow/.local/lib/python3.8/site-packages/airflow/example_dags/example_complex.py
[2024-01-28T11:21:57.521+0000] {processor.py:830} INFO - Processing file /home/airflow/.local/lib/python3.8/site-packages/airflow/example_dags/example_complex.py for tasks to queue
[2024-01-28T11:21:57.524+0000] {logging_mixin.py:188} INFO - [2024-01-28T11:21:57.523+0000] {dagbag.py:538} INFO - Filling up the DagBag from /home/airflow/.local/lib/python3.8/site-packages/airflow/example_dags/example_complex.py
[2024-01-28T11:21:57.542+0000] {processor.py:840} INFO - DAG(s) 'example_complex' retrieved from /home/airflow/.local/lib/python3.8/site-packages/airflow/example_dags/example_complex.py
[2024-01-28T11:21:57.597+0000] {logging_mixin.py:188} INFO - [2024-01-28T11:21:57.596+0000] {dag.py:3036} INFO - Sync 1 DAGs
[2024-01-28T11:21:57.614+0000] {logging_mixin.py:188} INFO - [2024-01-28T11:21:57.614+0000] {dag.py:3823} INFO - Setting next_dagrun for example_complex to None, run_after=None
[2024-01-28T11:21:57.640+0000] {processor.py:183} INFO - Processing /home/airflow/.local/lib/python3.8/site-packages/airflow/example_dags/example_complex.py took 0.129 seconds
[2024-01-28T11:22:28.050+0000] {processor.py:161} INFO - Started process (PID=3676) to work on /home/airflow/.local/lib/python3.8/site-packages/airflow/example_dags/example_complex.py
[2024-01-28T11:22:28.053+0000] {processor.py:830} INFO - Processing file /home/airflow/.local/lib/python3.8/site-packages/airflow/example_dags/example_complex.py for tasks to queue
[2024-01-28T11:22:28.060+0000] {logging_mixin.py:188} INFO - [2024-01-28T11:22:28.059+0000] {dagbag.py:538} INFO - Filling up the DagBag from /home/airflow/.local/lib/python3.8/site-packages/airflow/example_dags/example_complex.py
[2024-01-28T11:22:28.079+0000] {processor.py:840} INFO - DAG(s) 'example_complex' retrieved from /home/airflow/.local/lib/python3.8/site-packages/airflow/example_dags/example_complex.py
[2024-01-28T11:22:28.126+0000] {logging_mixin.py:188} INFO - [2024-01-28T11:22:28.126+0000] {dag.py:3036} INFO - Sync 1 DAGs
[2024-01-28T11:22:28.142+0000] {logging_mixin.py:188} INFO - [2024-01-28T11:22:28.142+0000] {dag.py:3823} INFO - Setting next_dagrun for example_complex to None, run_after=None
[2024-01-28T11:22:28.170+0000] {processor.py:183} INFO - Processing /home/airflow/.local/lib/python3.8/site-packages/airflow/example_dags/example_complex.py took 0.126 seconds
[2024-01-28T11:22:58.630+0000] {processor.py:161} INFO - Started process (PID=3734) to work on /home/airflow/.local/lib/python3.8/site-packages/airflow/example_dags/example_complex.py
[2024-01-28T11:22:58.634+0000] {processor.py:830} INFO - Processing file /home/airflow/.local/lib/python3.8/site-packages/airflow/example_dags/example_complex.py for tasks to queue
[2024-01-28T11:22:58.639+0000] {logging_mixin.py:188} INFO - [2024-01-28T11:22:58.639+0000] {dagbag.py:538} INFO - Filling up the DagBag from /home/airflow/.local/lib/python3.8/site-packages/airflow/example_dags/example_complex.py
[2024-01-28T11:22:58.666+0000] {processor.py:840} INFO - DAG(s) 'example_complex' retrieved from /home/airflow/.local/lib/python3.8/site-packages/airflow/example_dags/example_complex.py
[2024-01-28T11:22:58.798+0000] {logging_mixin.py:188} INFO - [2024-01-28T11:22:58.797+0000] {dag.py:3036} INFO - Sync 1 DAGs
[2024-01-28T11:22:58.856+0000] {logging_mixin.py:188} INFO - [2024-01-28T11:22:58.855+0000] {dag.py:3823} INFO - Setting next_dagrun for example_complex to None, run_after=None
[2024-01-28T11:22:58.902+0000] {processor.py:183} INFO - Processing /home/airflow/.local/lib/python3.8/site-packages/airflow/example_dags/example_complex.py took 0.279 seconds
[2024-01-28T11:23:29.079+0000] {processor.py:161} INFO - Started process (PID=3790) to work on /home/airflow/.local/lib/python3.8/site-packages/airflow/example_dags/example_complex.py
[2024-01-28T11:23:29.082+0000] {processor.py:830} INFO - Processing file /home/airflow/.local/lib/python3.8/site-packages/airflow/example_dags/example_complex.py for tasks to queue
[2024-01-28T11:23:29.089+0000] {logging_mixin.py:188} INFO - [2024-01-28T11:23:29.088+0000] {dagbag.py:538} INFO - Filling up the DagBag from /home/airflow/.local/lib/python3.8/site-packages/airflow/example_dags/example_complex.py
[2024-01-28T11:23:29.113+0000] {processor.py:840} INFO - DAG(s) 'example_complex' retrieved from /home/airflow/.local/lib/python3.8/site-packages/airflow/example_dags/example_complex.py
[2024-01-28T11:23:29.165+0000] {logging_mixin.py:188} INFO - [2024-01-28T11:23:29.164+0000] {dag.py:3036} INFO - Sync 1 DAGs
[2024-01-28T11:23:29.182+0000] {logging_mixin.py:188} INFO - [2024-01-28T11:23:29.181+0000] {dag.py:3823} INFO - Setting next_dagrun for example_complex to None, run_after=None
[2024-01-28T11:23:29.213+0000] {processor.py:183} INFO - Processing /home/airflow/.local/lib/python3.8/site-packages/airflow/example_dags/example_complex.py took 0.141 seconds
[2024-01-28T11:23:59.734+0000] {processor.py:161} INFO - Started process (PID=3848) to work on /home/airflow/.local/lib/python3.8/site-packages/airflow/example_dags/example_complex.py
[2024-01-28T11:23:59.736+0000] {processor.py:830} INFO - Processing file /home/airflow/.local/lib/python3.8/site-packages/airflow/example_dags/example_complex.py for tasks to queue
[2024-01-28T11:23:59.740+0000] {logging_mixin.py:188} INFO - [2024-01-28T11:23:59.739+0000] {dagbag.py:538} INFO - Filling up the DagBag from /home/airflow/.local/lib/python3.8/site-packages/airflow/example_dags/example_complex.py
[2024-01-28T11:23:59.757+0000] {processor.py:840} INFO - DAG(s) 'example_complex' retrieved from /home/airflow/.local/lib/python3.8/site-packages/airflow/example_dags/example_complex.py
[2024-01-28T11:23:59.809+0000] {logging_mixin.py:188} INFO - [2024-01-28T11:23:59.809+0000] {dag.py:3036} INFO - Sync 1 DAGs
[2024-01-28T11:23:59.827+0000] {logging_mixin.py:188} INFO - [2024-01-28T11:23:59.827+0000] {dag.py:3823} INFO - Setting next_dagrun for example_complex to None, run_after=None
[2024-01-28T11:23:59.854+0000] {processor.py:183} INFO - Processing /home/airflow/.local/lib/python3.8/site-packages/airflow/example_dags/example_complex.py took 0.125 seconds
[2024-01-28T11:24:30.188+0000] {processor.py:161} INFO - Started process (PID=3904) to work on /home/airflow/.local/lib/python3.8/site-packages/airflow/example_dags/example_complex.py
[2024-01-28T11:24:30.191+0000] {processor.py:830} INFO - Processing file /home/airflow/.local/lib/python3.8/site-packages/airflow/example_dags/example_complex.py for tasks to queue
[2024-01-28T11:24:30.199+0000] {logging_mixin.py:188} INFO - [2024-01-28T11:24:30.199+0000] {dagbag.py:538} INFO - Filling up the DagBag from /home/airflow/.local/lib/python3.8/site-packages/airflow/example_dags/example_complex.py
[2024-01-28T11:24:30.241+0000] {processor.py:840} INFO - DAG(s) 'example_complex' retrieved from /home/airflow/.local/lib/python3.8/site-packages/airflow/example_dags/example_complex.py
[2024-01-28T11:24:30.366+0000] {logging_mixin.py:188} INFO - [2024-01-28T11:24:30.365+0000] {dag.py:3036} INFO - Sync 1 DAGs
[2024-01-28T11:24:30.432+0000] {logging_mixin.py:188} INFO - [2024-01-28T11:24:30.431+0000] {dag.py:3823} INFO - Setting next_dagrun for example_complex to None, run_after=None
[2024-01-28T11:24:30.484+0000] {processor.py:183} INFO - Processing /home/airflow/.local/lib/python3.8/site-packages/airflow/example_dags/example_complex.py took 0.306 seconds
[2024-01-28T11:25:01.450+0000] {processor.py:161} INFO - Started process (PID=3962) to work on /home/airflow/.local/lib/python3.8/site-packages/airflow/example_dags/example_complex.py
[2024-01-28T11:25:01.453+0000] {processor.py:830} INFO - Processing file /home/airflow/.local/lib/python3.8/site-packages/airflow/example_dags/example_complex.py for tasks to queue
[2024-01-28T11:25:01.458+0000] {logging_mixin.py:188} INFO - [2024-01-28T11:25:01.457+0000] {dagbag.py:538} INFO - Filling up the DagBag from /home/airflow/.local/lib/python3.8/site-packages/airflow/example_dags/example_complex.py
[2024-01-28T11:25:01.490+0000] {processor.py:840} INFO - DAG(s) 'example_complex' retrieved from /home/airflow/.local/lib/python3.8/site-packages/airflow/example_dags/example_complex.py
[2024-01-28T11:25:01.581+0000] {logging_mixin.py:188} INFO - [2024-01-28T11:25:01.581+0000] {dag.py:3036} INFO - Sync 1 DAGs
[2024-01-28T11:25:01.618+0000] {logging_mixin.py:188} INFO - [2024-01-28T11:25:01.618+0000] {dag.py:3823} INFO - Setting next_dagrun for example_complex to None, run_after=None
[2024-01-28T11:25:01.652+0000] {processor.py:183} INFO - Processing /home/airflow/.local/lib/python3.8/site-packages/airflow/example_dags/example_complex.py took 0.211 seconds
[2024-01-28T11:25:32.525+0000] {processor.py:161} INFO - Started process (PID=4018) to work on /home/airflow/.local/lib/python3.8/site-packages/airflow/example_dags/example_complex.py
[2024-01-28T11:25:32.527+0000] {processor.py:830} INFO - Processing file /home/airflow/.local/lib/python3.8/site-packages/airflow/example_dags/example_complex.py for tasks to queue
[2024-01-28T11:25:32.530+0000] {logging_mixin.py:188} INFO - [2024-01-28T11:25:32.529+0000] {dagbag.py:538} INFO - Filling up the DagBag from /home/airflow/.local/lib/python3.8/site-packages/airflow/example_dags/example_complex.py
[2024-01-28T11:25:32.545+0000] {processor.py:840} INFO - DAG(s) 'example_complex' retrieved from /home/airflow/.local/lib/python3.8/site-packages/airflow/example_dags/example_complex.py
[2024-01-28T11:25:32.590+0000] {logging_mixin.py:188} INFO - [2024-01-28T11:25:32.589+0000] {dag.py:3036} INFO - Sync 1 DAGs
[2024-01-28T11:25:32.607+0000] {logging_mixin.py:188} INFO - [2024-01-28T11:25:32.607+0000] {dag.py:3823} INFO - Setting next_dagrun for example_complex to None, run_after=None
[2024-01-28T11:25:32.633+0000] {processor.py:183} INFO - Processing /home/airflow/.local/lib/python3.8/site-packages/airflow/example_dags/example_complex.py took 0.119 seconds
[2024-01-28T11:26:03.312+0000] {processor.py:161} INFO - Started process (PID=4076) to work on /home/airflow/.local/lib/python3.8/site-packages/airflow/example_dags/example_complex.py
[2024-01-28T11:26:03.315+0000] {processor.py:830} INFO - Processing file /home/airflow/.local/lib/python3.8/site-packages/airflow/example_dags/example_complex.py for tasks to queue
[2024-01-28T11:26:03.321+0000] {logging_mixin.py:188} INFO - [2024-01-28T11:26:03.320+0000] {dagbag.py:538} INFO - Filling up the DagBag from /home/airflow/.local/lib/python3.8/site-packages/airflow/example_dags/example_complex.py
[2024-01-28T11:26:03.338+0000] {processor.py:840} INFO - DAG(s) 'example_complex' retrieved from /home/airflow/.local/lib/python3.8/site-packages/airflow/example_dags/example_complex.py
[2024-01-28T11:26:03.383+0000] {logging_mixin.py:188} INFO - [2024-01-28T11:26:03.383+0000] {dag.py:3036} INFO - Sync 1 DAGs
[2024-01-28T11:26:03.401+0000] {logging_mixin.py:188} INFO - [2024-01-28T11:26:03.400+0000] {dag.py:3823} INFO - Setting next_dagrun for example_complex to None, run_after=None
[2024-01-28T11:26:03.436+0000] {processor.py:183} INFO - Processing /home/airflow/.local/lib/python3.8/site-packages/airflow/example_dags/example_complex.py took 0.135 seconds
[2024-01-28T11:26:33.847+0000] {processor.py:161} INFO - Started process (PID=4133) to work on /home/airflow/.local/lib/python3.8/site-packages/airflow/example_dags/example_complex.py
[2024-01-28T11:26:33.850+0000] {processor.py:830} INFO - Processing file /home/airflow/.local/lib/python3.8/site-packages/airflow/example_dags/example_complex.py for tasks to queue
[2024-01-28T11:26:33.853+0000] {logging_mixin.py:188} INFO - [2024-01-28T11:26:33.853+0000] {dagbag.py:538} INFO - Filling up the DagBag from /home/airflow/.local/lib/python3.8/site-packages/airflow/example_dags/example_complex.py
[2024-01-28T11:26:33.867+0000] {processor.py:840} INFO - DAG(s) 'example_complex' retrieved from /home/airflow/.local/lib/python3.8/site-packages/airflow/example_dags/example_complex.py
[2024-01-28T11:26:33.913+0000] {logging_mixin.py:188} INFO - [2024-01-28T11:26:33.913+0000] {dag.py:3036} INFO - Sync 1 DAGs
[2024-01-28T11:26:33.930+0000] {logging_mixin.py:188} INFO - [2024-01-28T11:26:33.930+0000] {dag.py:3823} INFO - Setting next_dagrun for example_complex to None, run_after=None
[2024-01-28T11:26:33.960+0000] {processor.py:183} INFO - Processing /home/airflow/.local/lib/python3.8/site-packages/airflow/example_dags/example_complex.py took 0.128 seconds
[2024-01-28T11:27:03.992+0000] {processor.py:161} INFO - Started process (PID=4192) to work on /home/airflow/.local/lib/python3.8/site-packages/airflow/example_dags/example_complex.py
[2024-01-28T11:27:03.994+0000] {processor.py:830} INFO - Processing file /home/airflow/.local/lib/python3.8/site-packages/airflow/example_dags/example_complex.py for tasks to queue
[2024-01-28T11:27:03.999+0000] {logging_mixin.py:188} INFO - [2024-01-28T11:27:03.998+0000] {dagbag.py:538} INFO - Filling up the DagBag from /home/airflow/.local/lib/python3.8/site-packages/airflow/example_dags/example_complex.py
[2024-01-28T11:27:04.014+0000] {processor.py:840} INFO - DAG(s) 'example_complex' retrieved from /home/airflow/.local/lib/python3.8/site-packages/airflow/example_dags/example_complex.py
[2024-01-28T11:27:04.066+0000] {logging_mixin.py:188} INFO - [2024-01-28T11:27:04.065+0000] {dag.py:3036} INFO - Sync 1 DAGs
[2024-01-28T11:27:04.085+0000] {logging_mixin.py:188} INFO - [2024-01-28T11:27:04.084+0000] {dag.py:3823} INFO - Setting next_dagrun for example_complex to None, run_after=None
[2024-01-28T11:27:04.111+0000] {processor.py:183} INFO - Processing /home/airflow/.local/lib/python3.8/site-packages/airflow/example_dags/example_complex.py took 0.123 seconds
[2024-01-28T11:27:34.292+0000] {processor.py:161} INFO - Started process (PID=4249) to work on /home/airflow/.local/lib/python3.8/site-packages/airflow/example_dags/example_complex.py
[2024-01-28T11:27:34.296+0000] {processor.py:830} INFO - Processing file /home/airflow/.local/lib/python3.8/site-packages/airflow/example_dags/example_complex.py for tasks to queue
[2024-01-28T11:27:34.300+0000] {logging_mixin.py:188} INFO - [2024-01-28T11:27:34.299+0000] {dagbag.py:538} INFO - Filling up the DagBag from /home/airflow/.local/lib/python3.8/site-packages/airflow/example_dags/example_complex.py
[2024-01-28T11:27:34.322+0000] {processor.py:840} INFO - DAG(s) 'example_complex' retrieved from /home/airflow/.local/lib/python3.8/site-packages/airflow/example_dags/example_complex.py
[2024-01-28T11:27:34.377+0000] {logging_mixin.py:188} INFO - [2024-01-28T11:27:34.377+0000] {dag.py:3036} INFO - Sync 1 DAGs
[2024-01-28T11:27:34.398+0000] {logging_mixin.py:188} INFO - [2024-01-28T11:27:34.398+0000] {dag.py:3823} INFO - Setting next_dagrun for example_complex to None, run_after=None
[2024-01-28T11:27:34.432+0000] {processor.py:183} INFO - Processing /home/airflow/.local/lib/python3.8/site-packages/airflow/example_dags/example_complex.py took 0.147 seconds
[2024-01-28T11:28:04.573+0000] {processor.py:161} INFO - Started process (PID=4307) to work on /home/airflow/.local/lib/python3.8/site-packages/airflow/example_dags/example_complex.py
[2024-01-28T11:28:04.576+0000] {processor.py:830} INFO - Processing file /home/airflow/.local/lib/python3.8/site-packages/airflow/example_dags/example_complex.py for tasks to queue
[2024-01-28T11:28:04.583+0000] {logging_mixin.py:188} INFO - [2024-01-28T11:28:04.582+0000] {dagbag.py:538} INFO - Filling up the DagBag from /home/airflow/.local/lib/python3.8/site-packages/airflow/example_dags/example_complex.py
[2024-01-28T11:28:04.673+0000] {processor.py:840} INFO - DAG(s) 'example_complex' retrieved from /home/airflow/.local/lib/python3.8/site-packages/airflow/example_dags/example_complex.py
[2024-01-28T11:28:05.186+0000] {logging_mixin.py:188} INFO - [2024-01-28T11:28:05.184+0000] {dag.py:3036} INFO - Sync 1 DAGs
[2024-01-28T11:28:05.303+0000] {logging_mixin.py:188} INFO - [2024-01-28T11:28:05.303+0000] {dag.py:3823} INFO - Setting next_dagrun for example_complex to None, run_after=None
[2024-01-28T11:28:05.365+0000] {processor.py:183} INFO - Processing /home/airflow/.local/lib/python3.8/site-packages/airflow/example_dags/example_complex.py took 0.799 seconds
[2024-01-28T11:28:36.316+0000] {processor.py:161} INFO - Started process (PID=4364) to work on /home/airflow/.local/lib/python3.8/site-packages/airflow/example_dags/example_complex.py
[2024-01-28T11:28:36.319+0000] {processor.py:830} INFO - Processing file /home/airflow/.local/lib/python3.8/site-packages/airflow/example_dags/example_complex.py for tasks to queue
[2024-01-28T11:28:36.322+0000] {logging_mixin.py:188} INFO - [2024-01-28T11:28:36.322+0000] {dagbag.py:538} INFO - Filling up the DagBag from /home/airflow/.local/lib/python3.8/site-packages/airflow/example_dags/example_complex.py
[2024-01-28T11:28:36.340+0000] {processor.py:840} INFO - DAG(s) 'example_complex' retrieved from /home/airflow/.local/lib/python3.8/site-packages/airflow/example_dags/example_complex.py
[2024-01-28T11:28:36.394+0000] {logging_mixin.py:188} INFO - [2024-01-28T11:28:36.393+0000] {dag.py:3036} INFO - Sync 1 DAGs
[2024-01-28T11:28:36.411+0000] {logging_mixin.py:188} INFO - [2024-01-28T11:28:36.411+0000] {dag.py:3823} INFO - Setting next_dagrun for example_complex to None, run_after=None
[2024-01-28T11:28:36.444+0000] {processor.py:183} INFO - Processing /home/airflow/.local/lib/python3.8/site-packages/airflow/example_dags/example_complex.py took 0.132 seconds
