[2024-01-28T10:49:44.984+0000] {processor.py:161} INFO - Started process (PID=77) to work on /home/airflow/.local/lib/python3.8/site-packages/airflow/example_dags/tutorial_objectstorage.py
[2024-01-28T10:49:44.986+0000] {processor.py:830} INFO - Processing file /home/airflow/.local/lib/python3.8/site-packages/airflow/example_dags/tutorial_objectstorage.py for tasks to queue
[2024-01-28T10:49:44.990+0000] {logging_mixin.py:188} INFO - [2024-01-28T10:49:44.989+0000] {dagbag.py:538} INFO - Filling up the DagBag from /home/airflow/.local/lib/python3.8/site-packages/airflow/example_dags/tutorial_objectstorage.py
[2024-01-28T10:49:45.002+0000] {processor.py:840} INFO - DAG(s) 'tutorial_objectstorage' retrieved from /home/airflow/.local/lib/python3.8/site-packages/airflow/example_dags/tutorial_objectstorage.py
[2024-01-28T10:49:45.136+0000] {logging_mixin.py:188} INFO - [2024-01-28T10:49:45.135+0000] {dag.py:3036} INFO - Sync 1 DAGs
[2024-01-28T10:49:45.153+0000] {logging_mixin.py:188} INFO - [2024-01-28T10:49:45.153+0000] {dag.py:3823} INFO - Setting next_dagrun for tutorial_objectstorage to None, run_after=None
[2024-01-28T10:49:45.187+0000] {processor.py:183} INFO - Processing /home/airflow/.local/lib/python3.8/site-packages/airflow/example_dags/tutorial_objectstorage.py took 0.207 seconds
[2024-01-28T10:50:41.095+0000] {processor.py:161} INFO - Started process (PID=150) to work on /home/airflow/.local/lib/python3.8/site-packages/airflow/example_dags/tutorial_objectstorage.py
[2024-01-28T10:50:41.098+0000] {processor.py:830} INFO - Processing file /home/airflow/.local/lib/python3.8/site-packages/airflow/example_dags/tutorial_objectstorage.py for tasks to queue
[2024-01-28T10:50:41.102+0000] {logging_mixin.py:188} INFO - [2024-01-28T10:50:41.101+0000] {dagbag.py:538} INFO - Filling up the DagBag from /home/airflow/.local/lib/python3.8/site-packages/airflow/example_dags/tutorial_objectstorage.py
[2024-01-28T10:50:41.114+0000] {processor.py:840} INFO - DAG(s) 'tutorial_objectstorage' retrieved from /home/airflow/.local/lib/python3.8/site-packages/airflow/example_dags/tutorial_objectstorage.py
[2024-01-28T10:50:41.152+0000] {logging_mixin.py:188} INFO - [2024-01-28T10:50:41.151+0000] {dag.py:3036} INFO - Sync 1 DAGs
[2024-01-28T10:50:41.203+0000] {logging_mixin.py:188} INFO - [2024-01-28T10:50:41.203+0000] {dag.py:3823} INFO - Setting next_dagrun for tutorial_objectstorage to None, run_after=None
[2024-01-28T10:50:41.243+0000] {processor.py:183} INFO - Processing /home/airflow/.local/lib/python3.8/site-packages/airflow/example_dags/tutorial_objectstorage.py took 0.155 seconds
[2024-01-28T10:51:12.178+0000] {processor.py:161} INFO - Started process (PID=207) to work on /home/airflow/.local/lib/python3.8/site-packages/airflow/example_dags/tutorial_objectstorage.py
[2024-01-28T10:51:12.181+0000] {processor.py:830} INFO - Processing file /home/airflow/.local/lib/python3.8/site-packages/airflow/example_dags/tutorial_objectstorage.py for tasks to queue
[2024-01-28T10:51:12.187+0000] {logging_mixin.py:188} INFO - [2024-01-28T10:51:12.186+0000] {dagbag.py:538} INFO - Filling up the DagBag from /home/airflow/.local/lib/python3.8/site-packages/airflow/example_dags/tutorial_objectstorage.py
[2024-01-28T10:51:12.203+0000] {processor.py:840} INFO - DAG(s) 'tutorial_objectstorage' retrieved from /home/airflow/.local/lib/python3.8/site-packages/airflow/example_dags/tutorial_objectstorage.py
[2024-01-28T10:51:12.266+0000] {logging_mixin.py:188} INFO - [2024-01-28T10:51:12.265+0000] {dag.py:3036} INFO - Sync 1 DAGs
[2024-01-28T10:51:12.291+0000] {logging_mixin.py:188} INFO - [2024-01-28T10:51:12.291+0000] {dag.py:3823} INFO - Setting next_dagrun for tutorial_objectstorage to None, run_after=None
[2024-01-28T10:51:12.405+0000] {processor.py:183} INFO - Processing /home/airflow/.local/lib/python3.8/site-packages/airflow/example_dags/tutorial_objectstorage.py took 0.235 seconds
[2024-01-28T10:51:44.125+0000] {processor.py:161} INFO - Started process (PID=262) to work on /home/airflow/.local/lib/python3.8/site-packages/airflow/example_dags/tutorial_objectstorage.py
[2024-01-28T10:51:44.135+0000] {processor.py:830} INFO - Processing file /home/airflow/.local/lib/python3.8/site-packages/airflow/example_dags/tutorial_objectstorage.py for tasks to queue
[2024-01-28T10:51:44.146+0000] {logging_mixin.py:188} INFO - [2024-01-28T10:51:44.145+0000] {dagbag.py:538} INFO - Filling up the DagBag from /home/airflow/.local/lib/python3.8/site-packages/airflow/example_dags/tutorial_objectstorage.py
[2024-01-28T10:51:44.167+0000] {processor.py:840} INFO - DAG(s) 'tutorial_objectstorage' retrieved from /home/airflow/.local/lib/python3.8/site-packages/airflow/example_dags/tutorial_objectstorage.py
[2024-01-28T10:51:44.274+0000] {logging_mixin.py:188} INFO - [2024-01-28T10:51:44.273+0000] {dag.py:3036} INFO - Sync 1 DAGs
[2024-01-28T10:51:44.308+0000] {logging_mixin.py:188} INFO - [2024-01-28T10:51:44.307+0000] {dag.py:3823} INFO - Setting next_dagrun for tutorial_objectstorage to None, run_after=None
[2024-01-28T10:51:44.379+0000] {processor.py:183} INFO - Processing /home/airflow/.local/lib/python3.8/site-packages/airflow/example_dags/tutorial_objectstorage.py took 0.261 seconds
[2024-01-28T10:52:15.290+0000] {processor.py:161} INFO - Started process (PID=318) to work on /home/airflow/.local/lib/python3.8/site-packages/airflow/example_dags/tutorial_objectstorage.py
[2024-01-28T10:52:15.292+0000] {processor.py:830} INFO - Processing file /home/airflow/.local/lib/python3.8/site-packages/airflow/example_dags/tutorial_objectstorage.py for tasks to queue
[2024-01-28T10:52:15.296+0000] {logging_mixin.py:188} INFO - [2024-01-28T10:52:15.295+0000] {dagbag.py:538} INFO - Filling up the DagBag from /home/airflow/.local/lib/python3.8/site-packages/airflow/example_dags/tutorial_objectstorage.py
[2024-01-28T10:52:15.305+0000] {processor.py:840} INFO - DAG(s) 'tutorial_objectstorage' retrieved from /home/airflow/.local/lib/python3.8/site-packages/airflow/example_dags/tutorial_objectstorage.py
[2024-01-28T10:52:15.335+0000] {logging_mixin.py:188} INFO - [2024-01-28T10:52:15.335+0000] {dag.py:3036} INFO - Sync 1 DAGs
[2024-01-28T10:52:15.354+0000] {logging_mixin.py:188} INFO - [2024-01-28T10:52:15.354+0000] {dag.py:3823} INFO - Setting next_dagrun for tutorial_objectstorage to None, run_after=None
[2024-01-28T10:52:15.379+0000] {processor.py:183} INFO - Processing /home/airflow/.local/lib/python3.8/site-packages/airflow/example_dags/tutorial_objectstorage.py took 0.097 seconds
[2024-01-28T10:52:45.911+0000] {processor.py:161} INFO - Started process (PID=374) to work on /home/airflow/.local/lib/python3.8/site-packages/airflow/example_dags/tutorial_objectstorage.py
[2024-01-28T10:52:45.913+0000] {processor.py:830} INFO - Processing file /home/airflow/.local/lib/python3.8/site-packages/airflow/example_dags/tutorial_objectstorage.py for tasks to queue
[2024-01-28T10:52:45.918+0000] {logging_mixin.py:188} INFO - [2024-01-28T10:52:45.917+0000] {dagbag.py:538} INFO - Filling up the DagBag from /home/airflow/.local/lib/python3.8/site-packages/airflow/example_dags/tutorial_objectstorage.py
[2024-01-28T10:52:45.934+0000] {processor.py:840} INFO - DAG(s) 'tutorial_objectstorage' retrieved from /home/airflow/.local/lib/python3.8/site-packages/airflow/example_dags/tutorial_objectstorage.py
[2024-01-28T10:52:45.977+0000] {logging_mixin.py:188} INFO - [2024-01-28T10:52:45.977+0000] {dag.py:3036} INFO - Sync 1 DAGs
[2024-01-28T10:52:45.997+0000] {logging_mixin.py:188} INFO - [2024-01-28T10:52:45.996+0000] {dag.py:3823} INFO - Setting next_dagrun for tutorial_objectstorage to None, run_after=None
[2024-01-28T10:52:46.026+0000] {processor.py:183} INFO - Processing /home/airflow/.local/lib/python3.8/site-packages/airflow/example_dags/tutorial_objectstorage.py took 0.125 seconds
[2024-01-28T10:53:16.334+0000] {processor.py:161} INFO - Started process (PID=429) to work on /home/airflow/.local/lib/python3.8/site-packages/airflow/example_dags/tutorial_objectstorage.py
[2024-01-28T10:53:16.336+0000] {processor.py:830} INFO - Processing file /home/airflow/.local/lib/python3.8/site-packages/airflow/example_dags/tutorial_objectstorage.py for tasks to queue
[2024-01-28T10:53:16.339+0000] {logging_mixin.py:188} INFO - [2024-01-28T10:53:16.339+0000] {dagbag.py:538} INFO - Filling up the DagBag from /home/airflow/.local/lib/python3.8/site-packages/airflow/example_dags/tutorial_objectstorage.py
[2024-01-28T10:53:16.364+0000] {processor.py:840} INFO - DAG(s) 'tutorial_objectstorage' retrieved from /home/airflow/.local/lib/python3.8/site-packages/airflow/example_dags/tutorial_objectstorage.py
[2024-01-28T10:53:16.399+0000] {logging_mixin.py:188} INFO - [2024-01-28T10:53:16.398+0000] {dag.py:3036} INFO - Sync 1 DAGs
[2024-01-28T10:53:16.421+0000] {logging_mixin.py:188} INFO - [2024-01-28T10:53:16.421+0000] {dag.py:3823} INFO - Setting next_dagrun for tutorial_objectstorage to None, run_after=None
[2024-01-28T10:53:16.450+0000] {processor.py:183} INFO - Processing /home/airflow/.local/lib/python3.8/site-packages/airflow/example_dags/tutorial_objectstorage.py took 0.121 seconds
[2024-01-28T10:53:46.941+0000] {processor.py:161} INFO - Started process (PID=484) to work on /home/airflow/.local/lib/python3.8/site-packages/airflow/example_dags/tutorial_objectstorage.py
[2024-01-28T10:53:46.944+0000] {processor.py:830} INFO - Processing file /home/airflow/.local/lib/python3.8/site-packages/airflow/example_dags/tutorial_objectstorage.py for tasks to queue
[2024-01-28T10:53:46.949+0000] {logging_mixin.py:188} INFO - [2024-01-28T10:53:46.948+0000] {dagbag.py:538} INFO - Filling up the DagBag from /home/airflow/.local/lib/python3.8/site-packages/airflow/example_dags/tutorial_objectstorage.py
[2024-01-28T10:53:46.961+0000] {processor.py:840} INFO - DAG(s) 'tutorial_objectstorage' retrieved from /home/airflow/.local/lib/python3.8/site-packages/airflow/example_dags/tutorial_objectstorage.py
[2024-01-28T10:53:46.993+0000] {logging_mixin.py:188} INFO - [2024-01-28T10:53:46.993+0000] {dag.py:3036} INFO - Sync 1 DAGs
[2024-01-28T10:53:47.015+0000] {logging_mixin.py:188} INFO - [2024-01-28T10:53:47.014+0000] {dag.py:3823} INFO - Setting next_dagrun for tutorial_objectstorage to None, run_after=None
[2024-01-28T10:53:47.046+0000] {processor.py:183} INFO - Processing /home/airflow/.local/lib/python3.8/site-packages/airflow/example_dags/tutorial_objectstorage.py took 0.112 seconds
[2024-01-28T10:54:17.403+0000] {processor.py:161} INFO - Started process (PID=541) to work on /home/airflow/.local/lib/python3.8/site-packages/airflow/example_dags/tutorial_objectstorage.py
[2024-01-28T10:54:17.406+0000] {processor.py:830} INFO - Processing file /home/airflow/.local/lib/python3.8/site-packages/airflow/example_dags/tutorial_objectstorage.py for tasks to queue
[2024-01-28T10:54:17.410+0000] {logging_mixin.py:188} INFO - [2024-01-28T10:54:17.409+0000] {dagbag.py:538} INFO - Filling up the DagBag from /home/airflow/.local/lib/python3.8/site-packages/airflow/example_dags/tutorial_objectstorage.py
[2024-01-28T10:54:17.420+0000] {processor.py:840} INFO - DAG(s) 'tutorial_objectstorage' retrieved from /home/airflow/.local/lib/python3.8/site-packages/airflow/example_dags/tutorial_objectstorage.py
[2024-01-28T10:54:17.467+0000] {logging_mixin.py:188} INFO - [2024-01-28T10:54:17.466+0000] {dag.py:3036} INFO - Sync 1 DAGs
[2024-01-28T10:54:17.490+0000] {logging_mixin.py:188} INFO - [2024-01-28T10:54:17.489+0000] {dag.py:3823} INFO - Setting next_dagrun for tutorial_objectstorage to None, run_after=None
[2024-01-28T10:54:17.532+0000] {processor.py:183} INFO - Processing /home/airflow/.local/lib/python3.8/site-packages/airflow/example_dags/tutorial_objectstorage.py took 0.135 seconds
[2024-01-28T10:54:47.923+0000] {processor.py:161} INFO - Started process (PID=598) to work on /home/airflow/.local/lib/python3.8/site-packages/airflow/example_dags/tutorial_objectstorage.py
[2024-01-28T10:54:47.925+0000] {processor.py:830} INFO - Processing file /home/airflow/.local/lib/python3.8/site-packages/airflow/example_dags/tutorial_objectstorage.py for tasks to queue
[2024-01-28T10:54:47.929+0000] {logging_mixin.py:188} INFO - [2024-01-28T10:54:47.928+0000] {dagbag.py:538} INFO - Filling up the DagBag from /home/airflow/.local/lib/python3.8/site-packages/airflow/example_dags/tutorial_objectstorage.py
[2024-01-28T10:54:47.940+0000] {processor.py:840} INFO - DAG(s) 'tutorial_objectstorage' retrieved from /home/airflow/.local/lib/python3.8/site-packages/airflow/example_dags/tutorial_objectstorage.py
[2024-01-28T10:54:47.986+0000] {logging_mixin.py:188} INFO - [2024-01-28T10:54:47.986+0000] {dag.py:3036} INFO - Sync 1 DAGs
[2024-01-28T10:54:48.003+0000] {logging_mixin.py:188} INFO - [2024-01-28T10:54:48.003+0000] {dag.py:3823} INFO - Setting next_dagrun for tutorial_objectstorage to None, run_after=None
[2024-01-28T10:54:48.032+0000] {processor.py:183} INFO - Processing /home/airflow/.local/lib/python3.8/site-packages/airflow/example_dags/tutorial_objectstorage.py took 0.115 seconds
[2024-01-28T10:55:18.765+0000] {processor.py:161} INFO - Started process (PID=655) to work on /home/airflow/.local/lib/python3.8/site-packages/airflow/example_dags/tutorial_objectstorage.py
[2024-01-28T10:55:18.769+0000] {processor.py:830} INFO - Processing file /home/airflow/.local/lib/python3.8/site-packages/airflow/example_dags/tutorial_objectstorage.py for tasks to queue
[2024-01-28T10:55:18.774+0000] {logging_mixin.py:188} INFO - [2024-01-28T10:55:18.773+0000] {dagbag.py:538} INFO - Filling up the DagBag from /home/airflow/.local/lib/python3.8/site-packages/airflow/example_dags/tutorial_objectstorage.py
[2024-01-28T10:55:18.789+0000] {processor.py:840} INFO - DAG(s) 'tutorial_objectstorage' retrieved from /home/airflow/.local/lib/python3.8/site-packages/airflow/example_dags/tutorial_objectstorage.py
[2024-01-28T10:55:18.839+0000] {logging_mixin.py:188} INFO - [2024-01-28T10:55:18.839+0000] {dag.py:3036} INFO - Sync 1 DAGs
[2024-01-28T10:55:18.858+0000] {logging_mixin.py:188} INFO - [2024-01-28T10:55:18.858+0000] {dag.py:3823} INFO - Setting next_dagrun for tutorial_objectstorage to None, run_after=None
[2024-01-28T10:55:18.885+0000] {processor.py:183} INFO - Processing /home/airflow/.local/lib/python3.8/site-packages/airflow/example_dags/tutorial_objectstorage.py took 0.127 seconds
[2024-01-28T10:55:49.038+0000] {processor.py:161} INFO - Started process (PID=710) to work on /home/airflow/.local/lib/python3.8/site-packages/airflow/example_dags/tutorial_objectstorage.py
[2024-01-28T10:55:49.042+0000] {processor.py:830} INFO - Processing file /home/airflow/.local/lib/python3.8/site-packages/airflow/example_dags/tutorial_objectstorage.py for tasks to queue
[2024-01-28T10:55:49.045+0000] {logging_mixin.py:188} INFO - [2024-01-28T10:55:49.044+0000] {dagbag.py:538} INFO - Filling up the DagBag from /home/airflow/.local/lib/python3.8/site-packages/airflow/example_dags/tutorial_objectstorage.py
[2024-01-28T10:55:49.054+0000] {processor.py:840} INFO - DAG(s) 'tutorial_objectstorage' retrieved from /home/airflow/.local/lib/python3.8/site-packages/airflow/example_dags/tutorial_objectstorage.py
[2024-01-28T10:55:49.084+0000] {logging_mixin.py:188} INFO - [2024-01-28T10:55:49.083+0000] {dag.py:3036} INFO - Sync 1 DAGs
[2024-01-28T10:55:49.102+0000] {logging_mixin.py:188} INFO - [2024-01-28T10:55:49.101+0000] {dag.py:3823} INFO - Setting next_dagrun for tutorial_objectstorage to None, run_after=None
[2024-01-28T10:55:49.132+0000] {processor.py:183} INFO - Processing /home/airflow/.local/lib/python3.8/site-packages/airflow/example_dags/tutorial_objectstorage.py took 0.098 seconds
[2024-01-28T10:56:19.566+0000] {processor.py:161} INFO - Started process (PID=766) to work on /home/airflow/.local/lib/python3.8/site-packages/airflow/example_dags/tutorial_objectstorage.py
[2024-01-28T10:56:19.570+0000] {processor.py:830} INFO - Processing file /home/airflow/.local/lib/python3.8/site-packages/airflow/example_dags/tutorial_objectstorage.py for tasks to queue
[2024-01-28T10:56:19.575+0000] {logging_mixin.py:188} INFO - [2024-01-28T10:56:19.574+0000] {dagbag.py:538} INFO - Filling up the DagBag from /home/airflow/.local/lib/python3.8/site-packages/airflow/example_dags/tutorial_objectstorage.py
[2024-01-28T10:56:19.584+0000] {processor.py:840} INFO - DAG(s) 'tutorial_objectstorage' retrieved from /home/airflow/.local/lib/python3.8/site-packages/airflow/example_dags/tutorial_objectstorage.py
[2024-01-28T10:56:19.615+0000] {logging_mixin.py:188} INFO - [2024-01-28T10:56:19.615+0000] {dag.py:3036} INFO - Sync 1 DAGs
[2024-01-28T10:56:19.633+0000] {logging_mixin.py:188} INFO - [2024-01-28T10:56:19.633+0000] {dag.py:3823} INFO - Setting next_dagrun for tutorial_objectstorage to None, run_after=None
[2024-01-28T10:56:19.660+0000] {processor.py:183} INFO - Processing /home/airflow/.local/lib/python3.8/site-packages/airflow/example_dags/tutorial_objectstorage.py took 0.099 seconds
[2024-01-28T10:56:50.168+0000] {processor.py:161} INFO - Started process (PID=823) to work on /home/airflow/.local/lib/python3.8/site-packages/airflow/example_dags/tutorial_objectstorage.py
[2024-01-28T10:56:50.171+0000] {processor.py:830} INFO - Processing file /home/airflow/.local/lib/python3.8/site-packages/airflow/example_dags/tutorial_objectstorage.py for tasks to queue
[2024-01-28T10:56:50.173+0000] {logging_mixin.py:188} INFO - [2024-01-28T10:56:50.173+0000] {dagbag.py:538} INFO - Filling up the DagBag from /home/airflow/.local/lib/python3.8/site-packages/airflow/example_dags/tutorial_objectstorage.py
[2024-01-28T10:56:50.183+0000] {processor.py:840} INFO - DAG(s) 'tutorial_objectstorage' retrieved from /home/airflow/.local/lib/python3.8/site-packages/airflow/example_dags/tutorial_objectstorage.py
[2024-01-28T10:56:50.212+0000] {logging_mixin.py:188} INFO - [2024-01-28T10:56:50.212+0000] {dag.py:3036} INFO - Sync 1 DAGs
[2024-01-28T10:56:50.229+0000] {logging_mixin.py:188} INFO - [2024-01-28T10:56:50.229+0000] {dag.py:3823} INFO - Setting next_dagrun for tutorial_objectstorage to None, run_after=None
[2024-01-28T10:56:50.257+0000] {processor.py:183} INFO - Processing /home/airflow/.local/lib/python3.8/site-packages/airflow/example_dags/tutorial_objectstorage.py took 0.092 seconds
[2024-01-28T10:57:21.086+0000] {processor.py:161} INFO - Started process (PID=879) to work on /home/airflow/.local/lib/python3.8/site-packages/airflow/example_dags/tutorial_objectstorage.py
[2024-01-28T10:57:21.089+0000] {processor.py:830} INFO - Processing file /home/airflow/.local/lib/python3.8/site-packages/airflow/example_dags/tutorial_objectstorage.py for tasks to queue
[2024-01-28T10:57:21.095+0000] {logging_mixin.py:188} INFO - [2024-01-28T10:57:21.095+0000] {dagbag.py:538} INFO - Filling up the DagBag from /home/airflow/.local/lib/python3.8/site-packages/airflow/example_dags/tutorial_objectstorage.py
[2024-01-28T10:57:21.105+0000] {processor.py:840} INFO - DAG(s) 'tutorial_objectstorage' retrieved from /home/airflow/.local/lib/python3.8/site-packages/airflow/example_dags/tutorial_objectstorage.py
[2024-01-28T10:57:21.136+0000] {logging_mixin.py:188} INFO - [2024-01-28T10:57:21.136+0000] {dag.py:3036} INFO - Sync 1 DAGs
[2024-01-28T10:57:21.158+0000] {logging_mixin.py:188} INFO - [2024-01-28T10:57:21.157+0000] {dag.py:3823} INFO - Setting next_dagrun for tutorial_objectstorage to None, run_after=None
[2024-01-28T10:57:21.185+0000] {processor.py:183} INFO - Processing /home/airflow/.local/lib/python3.8/site-packages/airflow/example_dags/tutorial_objectstorage.py took 0.103 seconds
[2024-01-28T10:57:51.884+0000] {processor.py:161} INFO - Started process (PID=934) to work on /home/airflow/.local/lib/python3.8/site-packages/airflow/example_dags/tutorial_objectstorage.py
[2024-01-28T10:57:51.887+0000] {processor.py:830} INFO - Processing file /home/airflow/.local/lib/python3.8/site-packages/airflow/example_dags/tutorial_objectstorage.py for tasks to queue
[2024-01-28T10:57:51.892+0000] {logging_mixin.py:188} INFO - [2024-01-28T10:57:51.891+0000] {dagbag.py:538} INFO - Filling up the DagBag from /home/airflow/.local/lib/python3.8/site-packages/airflow/example_dags/tutorial_objectstorage.py
[2024-01-28T10:57:51.906+0000] {processor.py:840} INFO - DAG(s) 'tutorial_objectstorage' retrieved from /home/airflow/.local/lib/python3.8/site-packages/airflow/example_dags/tutorial_objectstorage.py
[2024-01-28T10:57:51.943+0000] {logging_mixin.py:188} INFO - [2024-01-28T10:57:51.942+0000] {dag.py:3036} INFO - Sync 1 DAGs
[2024-01-28T10:57:51.967+0000] {logging_mixin.py:188} INFO - [2024-01-28T10:57:51.967+0000] {dag.py:3823} INFO - Setting next_dagrun for tutorial_objectstorage to None, run_after=None
[2024-01-28T10:57:51.994+0000] {processor.py:183} INFO - Processing /home/airflow/.local/lib/python3.8/site-packages/airflow/example_dags/tutorial_objectstorage.py took 0.118 seconds
[2024-01-28T10:58:22.215+0000] {processor.py:161} INFO - Started process (PID=991) to work on /home/airflow/.local/lib/python3.8/site-packages/airflow/example_dags/tutorial_objectstorage.py
[2024-01-28T10:58:22.217+0000] {processor.py:830} INFO - Processing file /home/airflow/.local/lib/python3.8/site-packages/airflow/example_dags/tutorial_objectstorage.py for tasks to queue
[2024-01-28T10:58:22.220+0000] {logging_mixin.py:188} INFO - [2024-01-28T10:58:22.220+0000] {dagbag.py:538} INFO - Filling up the DagBag from /home/airflow/.local/lib/python3.8/site-packages/airflow/example_dags/tutorial_objectstorage.py
[2024-01-28T10:58:22.229+0000] {processor.py:840} INFO - DAG(s) 'tutorial_objectstorage' retrieved from /home/airflow/.local/lib/python3.8/site-packages/airflow/example_dags/tutorial_objectstorage.py
[2024-01-28T10:58:22.257+0000] {logging_mixin.py:188} INFO - [2024-01-28T10:58:22.257+0000] {dag.py:3036} INFO - Sync 1 DAGs
[2024-01-28T10:58:22.275+0000] {logging_mixin.py:188} INFO - [2024-01-28T10:58:22.274+0000] {dag.py:3823} INFO - Setting next_dagrun for tutorial_objectstorage to None, run_after=None
[2024-01-28T10:58:22.303+0000] {processor.py:183} INFO - Processing /home/airflow/.local/lib/python3.8/site-packages/airflow/example_dags/tutorial_objectstorage.py took 0.093 seconds
[2024-01-28T10:58:52.853+0000] {processor.py:161} INFO - Started process (PID=1048) to work on /home/airflow/.local/lib/python3.8/site-packages/airflow/example_dags/tutorial_objectstorage.py
[2024-01-28T10:58:52.855+0000] {processor.py:830} INFO - Processing file /home/airflow/.local/lib/python3.8/site-packages/airflow/example_dags/tutorial_objectstorage.py for tasks to queue
[2024-01-28T10:58:52.859+0000] {logging_mixin.py:188} INFO - [2024-01-28T10:58:52.859+0000] {dagbag.py:538} INFO - Filling up the DagBag from /home/airflow/.local/lib/python3.8/site-packages/airflow/example_dags/tutorial_objectstorage.py
[2024-01-28T10:58:52.868+0000] {processor.py:840} INFO - DAG(s) 'tutorial_objectstorage' retrieved from /home/airflow/.local/lib/python3.8/site-packages/airflow/example_dags/tutorial_objectstorage.py
[2024-01-28T10:58:52.898+0000] {logging_mixin.py:188} INFO - [2024-01-28T10:58:52.898+0000] {dag.py:3036} INFO - Sync 1 DAGs
[2024-01-28T10:58:52.923+0000] {logging_mixin.py:188} INFO - [2024-01-28T10:58:52.922+0000] {dag.py:3823} INFO - Setting next_dagrun for tutorial_objectstorage to None, run_after=None
[2024-01-28T10:58:52.966+0000] {processor.py:183} INFO - Processing /home/airflow/.local/lib/python3.8/site-packages/airflow/example_dags/tutorial_objectstorage.py took 0.117 seconds
[2024-01-28T10:59:23.146+0000] {processor.py:161} INFO - Started process (PID=1104) to work on /home/airflow/.local/lib/python3.8/site-packages/airflow/example_dags/tutorial_objectstorage.py
[2024-01-28T10:59:23.149+0000] {processor.py:830} INFO - Processing file /home/airflow/.local/lib/python3.8/site-packages/airflow/example_dags/tutorial_objectstorage.py for tasks to queue
[2024-01-28T10:59:23.152+0000] {logging_mixin.py:188} INFO - [2024-01-28T10:59:23.152+0000] {dagbag.py:538} INFO - Filling up the DagBag from /home/airflow/.local/lib/python3.8/site-packages/airflow/example_dags/tutorial_objectstorage.py
[2024-01-28T10:59:23.161+0000] {processor.py:840} INFO - DAG(s) 'tutorial_objectstorage' retrieved from /home/airflow/.local/lib/python3.8/site-packages/airflow/example_dags/tutorial_objectstorage.py
[2024-01-28T10:59:23.190+0000] {logging_mixin.py:188} INFO - [2024-01-28T10:59:23.190+0000] {dag.py:3036} INFO - Sync 1 DAGs
[2024-01-28T10:59:23.208+0000] {logging_mixin.py:188} INFO - [2024-01-28T10:59:23.207+0000] {dag.py:3823} INFO - Setting next_dagrun for tutorial_objectstorage to None, run_after=None
[2024-01-28T10:59:23.238+0000] {processor.py:183} INFO - Processing /home/airflow/.local/lib/python3.8/site-packages/airflow/example_dags/tutorial_objectstorage.py took 0.096 seconds
[2024-01-28T10:59:53.348+0000] {processor.py:161} INFO - Started process (PID=1159) to work on /home/airflow/.local/lib/python3.8/site-packages/airflow/example_dags/tutorial_objectstorage.py
[2024-01-28T10:59:53.350+0000] {processor.py:830} INFO - Processing file /home/airflow/.local/lib/python3.8/site-packages/airflow/example_dags/tutorial_objectstorage.py for tasks to queue
[2024-01-28T10:59:53.352+0000] {logging_mixin.py:188} INFO - [2024-01-28T10:59:53.352+0000] {dagbag.py:538} INFO - Filling up the DagBag from /home/airflow/.local/lib/python3.8/site-packages/airflow/example_dags/tutorial_objectstorage.py
[2024-01-28T10:59:53.362+0000] {processor.py:840} INFO - DAG(s) 'tutorial_objectstorage' retrieved from /home/airflow/.local/lib/python3.8/site-packages/airflow/example_dags/tutorial_objectstorage.py
[2024-01-28T10:59:53.390+0000] {logging_mixin.py:188} INFO - [2024-01-28T10:59:53.390+0000] {dag.py:3036} INFO - Sync 1 DAGs
[2024-01-28T10:59:53.406+0000] {logging_mixin.py:188} INFO - [2024-01-28T10:59:53.406+0000] {dag.py:3823} INFO - Setting next_dagrun for tutorial_objectstorage to None, run_after=None
[2024-01-28T10:59:53.434+0000] {processor.py:183} INFO - Processing /home/airflow/.local/lib/python3.8/site-packages/airflow/example_dags/tutorial_objectstorage.py took 0.090 seconds
[2024-01-28T11:00:23.880+0000] {processor.py:161} INFO - Started process (PID=1214) to work on /home/airflow/.local/lib/python3.8/site-packages/airflow/example_dags/tutorial_objectstorage.py
[2024-01-28T11:00:23.882+0000] {processor.py:830} INFO - Processing file /home/airflow/.local/lib/python3.8/site-packages/airflow/example_dags/tutorial_objectstorage.py for tasks to queue
[2024-01-28T11:00:23.885+0000] {logging_mixin.py:188} INFO - [2024-01-28T11:00:23.885+0000] {dagbag.py:538} INFO - Filling up the DagBag from /home/airflow/.local/lib/python3.8/site-packages/airflow/example_dags/tutorial_objectstorage.py
[2024-01-28T11:00:23.894+0000] {processor.py:840} INFO - DAG(s) 'tutorial_objectstorage' retrieved from /home/airflow/.local/lib/python3.8/site-packages/airflow/example_dags/tutorial_objectstorage.py
[2024-01-28T11:00:23.925+0000] {logging_mixin.py:188} INFO - [2024-01-28T11:00:23.924+0000] {dag.py:3036} INFO - Sync 1 DAGs
[2024-01-28T11:00:23.944+0000] {logging_mixin.py:188} INFO - [2024-01-28T11:00:23.943+0000] {dag.py:3823} INFO - Setting next_dagrun for tutorial_objectstorage to None, run_after=None
[2024-01-28T11:00:23.972+0000] {processor.py:183} INFO - Processing /home/airflow/.local/lib/python3.8/site-packages/airflow/example_dags/tutorial_objectstorage.py took 0.096 seconds
[2024-01-28T11:00:54.893+0000] {processor.py:161} INFO - Started process (PID=1271) to work on /home/airflow/.local/lib/python3.8/site-packages/airflow/example_dags/tutorial_objectstorage.py
[2024-01-28T11:00:54.898+0000] {processor.py:830} INFO - Processing file /home/airflow/.local/lib/python3.8/site-packages/airflow/example_dags/tutorial_objectstorage.py for tasks to queue
[2024-01-28T11:00:54.904+0000] {logging_mixin.py:188} INFO - [2024-01-28T11:00:54.903+0000] {dagbag.py:538} INFO - Filling up the DagBag from /home/airflow/.local/lib/python3.8/site-packages/airflow/example_dags/tutorial_objectstorage.py
[2024-01-28T11:00:54.930+0000] {processor.py:840} INFO - DAG(s) 'tutorial_objectstorage' retrieved from /home/airflow/.local/lib/python3.8/site-packages/airflow/example_dags/tutorial_objectstorage.py
[2024-01-28T11:00:54.990+0000] {logging_mixin.py:188} INFO - [2024-01-28T11:00:54.989+0000] {dag.py:3036} INFO - Sync 1 DAGs
[2024-01-28T11:00:55.014+0000] {logging_mixin.py:188} INFO - [2024-01-28T11:00:55.013+0000] {dag.py:3823} INFO - Setting next_dagrun for tutorial_objectstorage to None, run_after=None
[2024-01-28T11:00:55.052+0000] {processor.py:183} INFO - Processing /home/airflow/.local/lib/python3.8/site-packages/airflow/example_dags/tutorial_objectstorage.py took 0.175 seconds
[2024-01-28T11:01:25.186+0000] {processor.py:161} INFO - Started process (PID=1329) to work on /home/airflow/.local/lib/python3.8/site-packages/airflow/example_dags/tutorial_objectstorage.py
[2024-01-28T11:01:25.188+0000] {processor.py:830} INFO - Processing file /home/airflow/.local/lib/python3.8/site-packages/airflow/example_dags/tutorial_objectstorage.py for tasks to queue
[2024-01-28T11:01:25.192+0000] {logging_mixin.py:188} INFO - [2024-01-28T11:01:25.191+0000] {dagbag.py:538} INFO - Filling up the DagBag from /home/airflow/.local/lib/python3.8/site-packages/airflow/example_dags/tutorial_objectstorage.py
[2024-01-28T11:01:25.201+0000] {processor.py:840} INFO - DAG(s) 'tutorial_objectstorage' retrieved from /home/airflow/.local/lib/python3.8/site-packages/airflow/example_dags/tutorial_objectstorage.py
[2024-01-28T11:01:25.231+0000] {logging_mixin.py:188} INFO - [2024-01-28T11:01:25.230+0000] {dag.py:3036} INFO - Sync 1 DAGs
[2024-01-28T11:01:25.254+0000] {logging_mixin.py:188} INFO - [2024-01-28T11:01:25.253+0000] {dag.py:3823} INFO - Setting next_dagrun for tutorial_objectstorage to None, run_after=None
[2024-01-28T11:01:25.288+0000] {processor.py:183} INFO - Processing /home/airflow/.local/lib/python3.8/site-packages/airflow/example_dags/tutorial_objectstorage.py took 0.106 seconds
[2024-01-28T11:01:56.082+0000] {processor.py:161} INFO - Started process (PID=1385) to work on /home/airflow/.local/lib/python3.8/site-packages/airflow/example_dags/tutorial_objectstorage.py
[2024-01-28T11:01:56.084+0000] {processor.py:830} INFO - Processing file /home/airflow/.local/lib/python3.8/site-packages/airflow/example_dags/tutorial_objectstorage.py for tasks to queue
[2024-01-28T11:01:56.087+0000] {logging_mixin.py:188} INFO - [2024-01-28T11:01:56.086+0000] {dagbag.py:538} INFO - Filling up the DagBag from /home/airflow/.local/lib/python3.8/site-packages/airflow/example_dags/tutorial_objectstorage.py
[2024-01-28T11:01:56.096+0000] {processor.py:840} INFO - DAG(s) 'tutorial_objectstorage' retrieved from /home/airflow/.local/lib/python3.8/site-packages/airflow/example_dags/tutorial_objectstorage.py
[2024-01-28T11:01:56.128+0000] {logging_mixin.py:188} INFO - [2024-01-28T11:01:56.128+0000] {dag.py:3036} INFO - Sync 1 DAGs
[2024-01-28T11:01:56.144+0000] {logging_mixin.py:188} INFO - [2024-01-28T11:01:56.144+0000] {dag.py:3823} INFO - Setting next_dagrun for tutorial_objectstorage to None, run_after=None
[2024-01-28T11:01:56.172+0000] {processor.py:183} INFO - Processing /home/airflow/.local/lib/python3.8/site-packages/airflow/example_dags/tutorial_objectstorage.py took 0.094 seconds
[2024-01-28T11:02:26.608+0000] {processor.py:161} INFO - Started process (PID=1442) to work on /home/airflow/.local/lib/python3.8/site-packages/airflow/example_dags/tutorial_objectstorage.py
[2024-01-28T11:02:26.610+0000] {processor.py:830} INFO - Processing file /home/airflow/.local/lib/python3.8/site-packages/airflow/example_dags/tutorial_objectstorage.py for tasks to queue
[2024-01-28T11:02:26.615+0000] {logging_mixin.py:188} INFO - [2024-01-28T11:02:26.614+0000] {dagbag.py:538} INFO - Filling up the DagBag from /home/airflow/.local/lib/python3.8/site-packages/airflow/example_dags/tutorial_objectstorage.py
[2024-01-28T11:02:26.626+0000] {processor.py:840} INFO - DAG(s) 'tutorial_objectstorage' retrieved from /home/airflow/.local/lib/python3.8/site-packages/airflow/example_dags/tutorial_objectstorage.py
[2024-01-28T11:02:26.663+0000] {logging_mixin.py:188} INFO - [2024-01-28T11:02:26.663+0000] {dag.py:3036} INFO - Sync 1 DAGs
[2024-01-28T11:02:26.688+0000] {logging_mixin.py:188} INFO - [2024-01-28T11:02:26.688+0000] {dag.py:3823} INFO - Setting next_dagrun for tutorial_objectstorage to None, run_after=None
[2024-01-28T11:02:26.716+0000] {processor.py:183} INFO - Processing /home/airflow/.local/lib/python3.8/site-packages/airflow/example_dags/tutorial_objectstorage.py took 0.114 seconds
[2024-01-28T11:02:57.422+0000] {processor.py:161} INFO - Started process (PID=1498) to work on /home/airflow/.local/lib/python3.8/site-packages/airflow/example_dags/tutorial_objectstorage.py
[2024-01-28T11:02:57.438+0000] {processor.py:830} INFO - Processing file /home/airflow/.local/lib/python3.8/site-packages/airflow/example_dags/tutorial_objectstorage.py for tasks to queue
[2024-01-28T11:02:57.443+0000] {logging_mixin.py:188} INFO - [2024-01-28T11:02:57.443+0000] {dagbag.py:538} INFO - Filling up the DagBag from /home/airflow/.local/lib/python3.8/site-packages/airflow/example_dags/tutorial_objectstorage.py
[2024-01-28T11:02:57.457+0000] {processor.py:840} INFO - DAG(s) 'tutorial_objectstorage' retrieved from /home/airflow/.local/lib/python3.8/site-packages/airflow/example_dags/tutorial_objectstorage.py
[2024-01-28T11:02:57.490+0000] {logging_mixin.py:188} INFO - [2024-01-28T11:02:57.490+0000] {dag.py:3036} INFO - Sync 1 DAGs
[2024-01-28T11:02:57.507+0000] {logging_mixin.py:188} INFO - [2024-01-28T11:02:57.507+0000] {dag.py:3823} INFO - Setting next_dagrun for tutorial_objectstorage to None, run_after=None
[2024-01-28T11:02:57.538+0000] {processor.py:183} INFO - Processing /home/airflow/.local/lib/python3.8/site-packages/airflow/example_dags/tutorial_objectstorage.py took 0.123 seconds
[2024-01-28T11:03:28.044+0000] {processor.py:161} INFO - Started process (PID=1554) to work on /home/airflow/.local/lib/python3.8/site-packages/airflow/example_dags/tutorial_objectstorage.py
[2024-01-28T11:03:28.047+0000] {processor.py:830} INFO - Processing file /home/airflow/.local/lib/python3.8/site-packages/airflow/example_dags/tutorial_objectstorage.py for tasks to queue
[2024-01-28T11:03:28.051+0000] {logging_mixin.py:188} INFO - [2024-01-28T11:03:28.051+0000] {dagbag.py:538} INFO - Filling up the DagBag from /home/airflow/.local/lib/python3.8/site-packages/airflow/example_dags/tutorial_objectstorage.py
[2024-01-28T11:03:28.063+0000] {processor.py:840} INFO - DAG(s) 'tutorial_objectstorage' retrieved from /home/airflow/.local/lib/python3.8/site-packages/airflow/example_dags/tutorial_objectstorage.py
[2024-01-28T11:03:28.097+0000] {logging_mixin.py:188} INFO - [2024-01-28T11:03:28.096+0000] {dag.py:3036} INFO - Sync 1 DAGs
[2024-01-28T11:03:28.119+0000] {logging_mixin.py:188} INFO - [2024-01-28T11:03:28.119+0000] {dag.py:3823} INFO - Setting next_dagrun for tutorial_objectstorage to None, run_after=None
[2024-01-28T11:03:28.148+0000] {processor.py:183} INFO - Processing /home/airflow/.local/lib/python3.8/site-packages/airflow/example_dags/tutorial_objectstorage.py took 0.109 seconds
[2024-01-28T11:03:58.459+0000] {processor.py:161} INFO - Started process (PID=1610) to work on /home/airflow/.local/lib/python3.8/site-packages/airflow/example_dags/tutorial_objectstorage.py
[2024-01-28T11:03:58.470+0000] {processor.py:830} INFO - Processing file /home/airflow/.local/lib/python3.8/site-packages/airflow/example_dags/tutorial_objectstorage.py for tasks to queue
[2024-01-28T11:03:58.476+0000] {logging_mixin.py:188} INFO - [2024-01-28T11:03:58.476+0000] {dagbag.py:538} INFO - Filling up the DagBag from /home/airflow/.local/lib/python3.8/site-packages/airflow/example_dags/tutorial_objectstorage.py
[2024-01-28T11:03:58.486+0000] {processor.py:840} INFO - DAG(s) 'tutorial_objectstorage' retrieved from /home/airflow/.local/lib/python3.8/site-packages/airflow/example_dags/tutorial_objectstorage.py
[2024-01-28T11:03:58.524+0000] {logging_mixin.py:188} INFO - [2024-01-28T11:03:58.524+0000] {dag.py:3036} INFO - Sync 1 DAGs
[2024-01-28T11:03:58.544+0000] {logging_mixin.py:188} INFO - [2024-01-28T11:03:58.544+0000] {dag.py:3823} INFO - Setting next_dagrun for tutorial_objectstorage to None, run_after=None
[2024-01-28T11:03:58.573+0000] {processor.py:183} INFO - Processing /home/airflow/.local/lib/python3.8/site-packages/airflow/example_dags/tutorial_objectstorage.py took 0.119 seconds
[2024-01-28T11:04:29.140+0000] {processor.py:161} INFO - Started process (PID=1666) to work on /home/airflow/.local/lib/python3.8/site-packages/airflow/example_dags/tutorial_objectstorage.py
[2024-01-28T11:04:29.142+0000] {processor.py:830} INFO - Processing file /home/airflow/.local/lib/python3.8/site-packages/airflow/example_dags/tutorial_objectstorage.py for tasks to queue
[2024-01-28T11:04:29.147+0000] {logging_mixin.py:188} INFO - [2024-01-28T11:04:29.147+0000] {dagbag.py:538} INFO - Filling up the DagBag from /home/airflow/.local/lib/python3.8/site-packages/airflow/example_dags/tutorial_objectstorage.py
[2024-01-28T11:04:29.156+0000] {processor.py:840} INFO - DAG(s) 'tutorial_objectstorage' retrieved from /home/airflow/.local/lib/python3.8/site-packages/airflow/example_dags/tutorial_objectstorage.py
[2024-01-28T11:04:29.185+0000] {logging_mixin.py:188} INFO - [2024-01-28T11:04:29.185+0000] {dag.py:3036} INFO - Sync 1 DAGs
[2024-01-28T11:04:29.202+0000] {logging_mixin.py:188} INFO - [2024-01-28T11:04:29.202+0000] {dag.py:3823} INFO - Setting next_dagrun for tutorial_objectstorage to None, run_after=None
[2024-01-28T11:04:29.229+0000] {processor.py:183} INFO - Processing /home/airflow/.local/lib/python3.8/site-packages/airflow/example_dags/tutorial_objectstorage.py took 0.094 seconds
[2024-01-28T11:04:59.552+0000] {processor.py:161} INFO - Started process (PID=1722) to work on /home/airflow/.local/lib/python3.8/site-packages/airflow/example_dags/tutorial_objectstorage.py
[2024-01-28T11:04:59.554+0000] {processor.py:830} INFO - Processing file /home/airflow/.local/lib/python3.8/site-packages/airflow/example_dags/tutorial_objectstorage.py for tasks to queue
[2024-01-28T11:04:59.557+0000] {logging_mixin.py:188} INFO - [2024-01-28T11:04:59.557+0000] {dagbag.py:538} INFO - Filling up the DagBag from /home/airflow/.local/lib/python3.8/site-packages/airflow/example_dags/tutorial_objectstorage.py
[2024-01-28T11:04:59.566+0000] {processor.py:840} INFO - DAG(s) 'tutorial_objectstorage' retrieved from /home/airflow/.local/lib/python3.8/site-packages/airflow/example_dags/tutorial_objectstorage.py
[2024-01-28T11:04:59.598+0000] {logging_mixin.py:188} INFO - [2024-01-28T11:04:59.598+0000] {dag.py:3036} INFO - Sync 1 DAGs
[2024-01-28T11:04:59.616+0000] {logging_mixin.py:188} INFO - [2024-01-28T11:04:59.615+0000] {dag.py:3823} INFO - Setting next_dagrun for tutorial_objectstorage to None, run_after=None
[2024-01-28T11:04:59.648+0000] {processor.py:183} INFO - Processing /home/airflow/.local/lib/python3.8/site-packages/airflow/example_dags/tutorial_objectstorage.py took 0.100 seconds
[2024-01-28T11:05:30.202+0000] {processor.py:161} INFO - Started process (PID=1778) to work on /home/airflow/.local/lib/python3.8/site-packages/airflow/example_dags/tutorial_objectstorage.py
[2024-01-28T11:05:30.204+0000] {processor.py:830} INFO - Processing file /home/airflow/.local/lib/python3.8/site-packages/airflow/example_dags/tutorial_objectstorage.py for tasks to queue
[2024-01-28T11:05:30.207+0000] {logging_mixin.py:188} INFO - [2024-01-28T11:05:30.207+0000] {dagbag.py:538} INFO - Filling up the DagBag from /home/airflow/.local/lib/python3.8/site-packages/airflow/example_dags/tutorial_objectstorage.py
[2024-01-28T11:05:30.217+0000] {processor.py:840} INFO - DAG(s) 'tutorial_objectstorage' retrieved from /home/airflow/.local/lib/python3.8/site-packages/airflow/example_dags/tutorial_objectstorage.py
[2024-01-28T11:05:30.247+0000] {logging_mixin.py:188} INFO - [2024-01-28T11:05:30.247+0000] {dag.py:3036} INFO - Sync 1 DAGs
[2024-01-28T11:05:30.273+0000] {logging_mixin.py:188} INFO - [2024-01-28T11:05:30.273+0000] {dag.py:3823} INFO - Setting next_dagrun for tutorial_objectstorage to None, run_after=None
[2024-01-28T11:05:30.316+0000] {processor.py:183} INFO - Processing /home/airflow/.local/lib/python3.8/site-packages/airflow/example_dags/tutorial_objectstorage.py took 0.118 seconds
[2024-01-28T11:06:00.403+0000] {processor.py:161} INFO - Started process (PID=1832) to work on /home/airflow/.local/lib/python3.8/site-packages/airflow/example_dags/tutorial_objectstorage.py
[2024-01-28T11:06:00.408+0000] {processor.py:830} INFO - Processing file /home/airflow/.local/lib/python3.8/site-packages/airflow/example_dags/tutorial_objectstorage.py for tasks to queue
[2024-01-28T11:06:00.414+0000] {logging_mixin.py:188} INFO - [2024-01-28T11:06:00.413+0000] {dagbag.py:538} INFO - Filling up the DagBag from /home/airflow/.local/lib/python3.8/site-packages/airflow/example_dags/tutorial_objectstorage.py
[2024-01-28T11:06:00.427+0000] {processor.py:840} INFO - DAG(s) 'tutorial_objectstorage' retrieved from /home/airflow/.local/lib/python3.8/site-packages/airflow/example_dags/tutorial_objectstorage.py
[2024-01-28T11:06:00.464+0000] {logging_mixin.py:188} INFO - [2024-01-28T11:06:00.463+0000] {dag.py:3036} INFO - Sync 1 DAGs
[2024-01-28T11:06:00.490+0000] {logging_mixin.py:188} INFO - [2024-01-28T11:06:00.489+0000] {dag.py:3823} INFO - Setting next_dagrun for tutorial_objectstorage to None, run_after=None
[2024-01-28T11:06:00.518+0000] {processor.py:183} INFO - Processing /home/airflow/.local/lib/python3.8/site-packages/airflow/example_dags/tutorial_objectstorage.py took 0.125 seconds
[2024-01-28T11:06:30.896+0000] {processor.py:161} INFO - Started process (PID=1889) to work on /home/airflow/.local/lib/python3.8/site-packages/airflow/example_dags/tutorial_objectstorage.py
[2024-01-28T11:06:30.898+0000] {processor.py:830} INFO - Processing file /home/airflow/.local/lib/python3.8/site-packages/airflow/example_dags/tutorial_objectstorage.py for tasks to queue
[2024-01-28T11:06:30.901+0000] {logging_mixin.py:188} INFO - [2024-01-28T11:06:30.901+0000] {dagbag.py:538} INFO - Filling up the DagBag from /home/airflow/.local/lib/python3.8/site-packages/airflow/example_dags/tutorial_objectstorage.py
[2024-01-28T11:06:30.916+0000] {processor.py:840} INFO - DAG(s) 'tutorial_objectstorage' retrieved from /home/airflow/.local/lib/python3.8/site-packages/airflow/example_dags/tutorial_objectstorage.py
[2024-01-28T11:06:30.967+0000] {logging_mixin.py:188} INFO - [2024-01-28T11:06:30.967+0000] {dag.py:3036} INFO - Sync 1 DAGs
[2024-01-28T11:06:30.995+0000] {logging_mixin.py:188} INFO - [2024-01-28T11:06:30.995+0000] {dag.py:3823} INFO - Setting next_dagrun for tutorial_objectstorage to None, run_after=None
[2024-01-28T11:06:31.026+0000] {processor.py:183} INFO - Processing /home/airflow/.local/lib/python3.8/site-packages/airflow/example_dags/tutorial_objectstorage.py took 0.135 seconds
[2024-01-28T11:07:01.564+0000] {processor.py:161} INFO - Started process (PID=1944) to work on /home/airflow/.local/lib/python3.8/site-packages/airflow/example_dags/tutorial_objectstorage.py
[2024-01-28T11:07:01.568+0000] {processor.py:830} INFO - Processing file /home/airflow/.local/lib/python3.8/site-packages/airflow/example_dags/tutorial_objectstorage.py for tasks to queue
[2024-01-28T11:07:01.572+0000] {logging_mixin.py:188} INFO - [2024-01-28T11:07:01.571+0000] {dagbag.py:538} INFO - Filling up the DagBag from /home/airflow/.local/lib/python3.8/site-packages/airflow/example_dags/tutorial_objectstorage.py
[2024-01-28T11:07:01.583+0000] {processor.py:840} INFO - DAG(s) 'tutorial_objectstorage' retrieved from /home/airflow/.local/lib/python3.8/site-packages/airflow/example_dags/tutorial_objectstorage.py
[2024-01-28T11:07:01.617+0000] {logging_mixin.py:188} INFO - [2024-01-28T11:07:01.617+0000] {dag.py:3036} INFO - Sync 1 DAGs
[2024-01-28T11:07:01.637+0000] {logging_mixin.py:188} INFO - [2024-01-28T11:07:01.637+0000] {dag.py:3823} INFO - Setting next_dagrun for tutorial_objectstorage to None, run_after=None
[2024-01-28T11:07:01.690+0000] {processor.py:183} INFO - Processing /home/airflow/.local/lib/python3.8/site-packages/airflow/example_dags/tutorial_objectstorage.py took 0.134 seconds
[2024-01-28T11:07:31.879+0000] {processor.py:161} INFO - Started process (PID=2001) to work on /home/airflow/.local/lib/python3.8/site-packages/airflow/example_dags/tutorial_objectstorage.py
[2024-01-28T11:07:31.881+0000] {processor.py:830} INFO - Processing file /home/airflow/.local/lib/python3.8/site-packages/airflow/example_dags/tutorial_objectstorage.py for tasks to queue
[2024-01-28T11:07:31.884+0000] {logging_mixin.py:188} INFO - [2024-01-28T11:07:31.883+0000] {dagbag.py:538} INFO - Filling up the DagBag from /home/airflow/.local/lib/python3.8/site-packages/airflow/example_dags/tutorial_objectstorage.py
[2024-01-28T11:07:31.893+0000] {processor.py:840} INFO - DAG(s) 'tutorial_objectstorage' retrieved from /home/airflow/.local/lib/python3.8/site-packages/airflow/example_dags/tutorial_objectstorage.py
[2024-01-28T11:07:31.926+0000] {logging_mixin.py:188} INFO - [2024-01-28T11:07:31.925+0000] {dag.py:3036} INFO - Sync 1 DAGs
[2024-01-28T11:07:31.942+0000] {logging_mixin.py:188} INFO - [2024-01-28T11:07:31.942+0000] {dag.py:3823} INFO - Setting next_dagrun for tutorial_objectstorage to None, run_after=None
[2024-01-28T11:07:31.995+0000] {processor.py:183} INFO - Processing /home/airflow/.local/lib/python3.8/site-packages/airflow/example_dags/tutorial_objectstorage.py took 0.120 seconds
[2024-01-28T11:08:02.455+0000] {processor.py:161} INFO - Started process (PID=2057) to work on /home/airflow/.local/lib/python3.8/site-packages/airflow/example_dags/tutorial_objectstorage.py
[2024-01-28T11:08:02.458+0000] {processor.py:830} INFO - Processing file /home/airflow/.local/lib/python3.8/site-packages/airflow/example_dags/tutorial_objectstorage.py for tasks to queue
[2024-01-28T11:08:02.465+0000] {logging_mixin.py:188} INFO - [2024-01-28T11:08:02.464+0000] {dagbag.py:538} INFO - Filling up the DagBag from /home/airflow/.local/lib/python3.8/site-packages/airflow/example_dags/tutorial_objectstorage.py
[2024-01-28T11:08:02.484+0000] {processor.py:840} INFO - DAG(s) 'tutorial_objectstorage' retrieved from /home/airflow/.local/lib/python3.8/site-packages/airflow/example_dags/tutorial_objectstorage.py
[2024-01-28T11:08:02.586+0000] {logging_mixin.py:188} INFO - [2024-01-28T11:08:02.585+0000] {dag.py:3036} INFO - Sync 1 DAGs
[2024-01-28T11:08:02.621+0000] {logging_mixin.py:188} INFO - [2024-01-28T11:08:02.621+0000] {dag.py:3823} INFO - Setting next_dagrun for tutorial_objectstorage to None, run_after=None
[2024-01-28T11:08:02.660+0000] {processor.py:183} INFO - Processing /home/airflow/.local/lib/python3.8/site-packages/airflow/example_dags/tutorial_objectstorage.py took 0.213 seconds
[2024-01-28T11:08:33.107+0000] {processor.py:161} INFO - Started process (PID=2113) to work on /home/airflow/.local/lib/python3.8/site-packages/airflow/example_dags/tutorial_objectstorage.py
[2024-01-28T11:08:33.110+0000] {processor.py:830} INFO - Processing file /home/airflow/.local/lib/python3.8/site-packages/airflow/example_dags/tutorial_objectstorage.py for tasks to queue
[2024-01-28T11:08:33.114+0000] {logging_mixin.py:188} INFO - [2024-01-28T11:08:33.114+0000] {dagbag.py:538} INFO - Filling up the DagBag from /home/airflow/.local/lib/python3.8/site-packages/airflow/example_dags/tutorial_objectstorage.py
[2024-01-28T11:08:33.131+0000] {processor.py:840} INFO - DAG(s) 'tutorial_objectstorage' retrieved from /home/airflow/.local/lib/python3.8/site-packages/airflow/example_dags/tutorial_objectstorage.py
[2024-01-28T11:08:33.182+0000] {logging_mixin.py:188} INFO - [2024-01-28T11:08:33.181+0000] {dag.py:3036} INFO - Sync 1 DAGs
[2024-01-28T11:08:33.203+0000] {logging_mixin.py:188} INFO - [2024-01-28T11:08:33.202+0000] {dag.py:3823} INFO - Setting next_dagrun for tutorial_objectstorage to None, run_after=None
[2024-01-28T11:08:33.242+0000] {processor.py:183} INFO - Processing /home/airflow/.local/lib/python3.8/site-packages/airflow/example_dags/tutorial_objectstorage.py took 0.143 seconds
[2024-01-28T11:09:03.762+0000] {processor.py:161} INFO - Started process (PID=2169) to work on /home/airflow/.local/lib/python3.8/site-packages/airflow/example_dags/tutorial_objectstorage.py
[2024-01-28T11:09:03.765+0000] {processor.py:830} INFO - Processing file /home/airflow/.local/lib/python3.8/site-packages/airflow/example_dags/tutorial_objectstorage.py for tasks to queue
[2024-01-28T11:09:03.772+0000] {logging_mixin.py:188} INFO - [2024-01-28T11:09:03.769+0000] {dagbag.py:538} INFO - Filling up the DagBag from /home/airflow/.local/lib/python3.8/site-packages/airflow/example_dags/tutorial_objectstorage.py
[2024-01-28T11:09:03.789+0000] {processor.py:840} INFO - DAG(s) 'tutorial_objectstorage' retrieved from /home/airflow/.local/lib/python3.8/site-packages/airflow/example_dags/tutorial_objectstorage.py
[2024-01-28T11:09:03.904+0000] {logging_mixin.py:188} INFO - [2024-01-28T11:09:03.904+0000] {dag.py:3036} INFO - Sync 1 DAGs
[2024-01-28T11:09:03.939+0000] {logging_mixin.py:188} INFO - [2024-01-28T11:09:03.938+0000] {dag.py:3823} INFO - Setting next_dagrun for tutorial_objectstorage to None, run_after=None
[2024-01-28T11:09:03.982+0000] {processor.py:183} INFO - Processing /home/airflow/.local/lib/python3.8/site-packages/airflow/example_dags/tutorial_objectstorage.py took 0.228 seconds
[2024-01-28T11:09:34.407+0000] {processor.py:161} INFO - Started process (PID=2226) to work on /home/airflow/.local/lib/python3.8/site-packages/airflow/example_dags/tutorial_objectstorage.py
[2024-01-28T11:09:34.409+0000] {processor.py:830} INFO - Processing file /home/airflow/.local/lib/python3.8/site-packages/airflow/example_dags/tutorial_objectstorage.py for tasks to queue
[2024-01-28T11:09:34.412+0000] {logging_mixin.py:188} INFO - [2024-01-28T11:09:34.412+0000] {dagbag.py:538} INFO - Filling up the DagBag from /home/airflow/.local/lib/python3.8/site-packages/airflow/example_dags/tutorial_objectstorage.py
[2024-01-28T11:09:34.423+0000] {processor.py:840} INFO - DAG(s) 'tutorial_objectstorage' retrieved from /home/airflow/.local/lib/python3.8/site-packages/airflow/example_dags/tutorial_objectstorage.py
[2024-01-28T11:09:34.455+0000] {logging_mixin.py:188} INFO - [2024-01-28T11:09:34.454+0000] {dag.py:3036} INFO - Sync 1 DAGs
[2024-01-28T11:09:34.472+0000] {logging_mixin.py:188} INFO - [2024-01-28T11:09:34.472+0000] {dag.py:3823} INFO - Setting next_dagrun for tutorial_objectstorage to None, run_after=None
[2024-01-28T11:09:34.499+0000] {processor.py:183} INFO - Processing /home/airflow/.local/lib/python3.8/site-packages/airflow/example_dags/tutorial_objectstorage.py took 0.096 seconds
[2024-01-28T11:10:04.929+0000] {processor.py:161} INFO - Started process (PID=2282) to work on /home/airflow/.local/lib/python3.8/site-packages/airflow/example_dags/tutorial_objectstorage.py
[2024-01-28T11:10:04.931+0000] {processor.py:830} INFO - Processing file /home/airflow/.local/lib/python3.8/site-packages/airflow/example_dags/tutorial_objectstorage.py for tasks to queue
[2024-01-28T11:10:04.936+0000] {logging_mixin.py:188} INFO - [2024-01-28T11:10:04.935+0000] {dagbag.py:538} INFO - Filling up the DagBag from /home/airflow/.local/lib/python3.8/site-packages/airflow/example_dags/tutorial_objectstorage.py
[2024-01-28T11:10:04.948+0000] {processor.py:840} INFO - DAG(s) 'tutorial_objectstorage' retrieved from /home/airflow/.local/lib/python3.8/site-packages/airflow/example_dags/tutorial_objectstorage.py
[2024-01-28T11:10:04.982+0000] {logging_mixin.py:188} INFO - [2024-01-28T11:10:04.981+0000] {dag.py:3036} INFO - Sync 1 DAGs
[2024-01-28T11:10:05.003+0000] {logging_mixin.py:188} INFO - [2024-01-28T11:10:05.003+0000] {dag.py:3823} INFO - Setting next_dagrun for tutorial_objectstorage to None, run_after=None
[2024-01-28T11:10:05.030+0000] {processor.py:183} INFO - Processing /home/airflow/.local/lib/python3.8/site-packages/airflow/example_dags/tutorial_objectstorage.py took 0.105 seconds
[2024-01-28T11:10:35.621+0000] {processor.py:161} INFO - Started process (PID=2339) to work on /home/airflow/.local/lib/python3.8/site-packages/airflow/example_dags/tutorial_objectstorage.py
[2024-01-28T11:10:35.623+0000] {processor.py:830} INFO - Processing file /home/airflow/.local/lib/python3.8/site-packages/airflow/example_dags/tutorial_objectstorage.py for tasks to queue
[2024-01-28T11:10:35.626+0000] {logging_mixin.py:188} INFO - [2024-01-28T11:10:35.626+0000] {dagbag.py:538} INFO - Filling up the DagBag from /home/airflow/.local/lib/python3.8/site-packages/airflow/example_dags/tutorial_objectstorage.py
[2024-01-28T11:10:35.643+0000] {processor.py:840} INFO - DAG(s) 'tutorial_objectstorage' retrieved from /home/airflow/.local/lib/python3.8/site-packages/airflow/example_dags/tutorial_objectstorage.py
[2024-01-28T11:10:35.673+0000] {logging_mixin.py:188} INFO - [2024-01-28T11:10:35.673+0000] {dag.py:3036} INFO - Sync 1 DAGs
[2024-01-28T11:10:35.694+0000] {logging_mixin.py:188} INFO - [2024-01-28T11:10:35.693+0000] {dag.py:3823} INFO - Setting next_dagrun for tutorial_objectstorage to None, run_after=None
[2024-01-28T11:10:35.718+0000] {processor.py:183} INFO - Processing /home/airflow/.local/lib/python3.8/site-packages/airflow/example_dags/tutorial_objectstorage.py took 0.101 seconds
[2024-01-28T11:11:06.081+0000] {processor.py:161} INFO - Started process (PID=2404) to work on /home/airflow/.local/lib/python3.8/site-packages/airflow/example_dags/tutorial_objectstorage.py
[2024-01-28T11:11:06.093+0000] {processor.py:830} INFO - Processing file /home/airflow/.local/lib/python3.8/site-packages/airflow/example_dags/tutorial_objectstorage.py for tasks to queue
[2024-01-28T11:11:06.100+0000] {logging_mixin.py:188} INFO - [2024-01-28T11:11:06.100+0000] {dagbag.py:538} INFO - Filling up the DagBag from /home/airflow/.local/lib/python3.8/site-packages/airflow/example_dags/tutorial_objectstorage.py
[2024-01-28T11:11:06.110+0000] {processor.py:840} INFO - DAG(s) 'tutorial_objectstorage' retrieved from /home/airflow/.local/lib/python3.8/site-packages/airflow/example_dags/tutorial_objectstorage.py
[2024-01-28T11:11:06.140+0000] {logging_mixin.py:188} INFO - [2024-01-28T11:11:06.140+0000] {dag.py:3036} INFO - Sync 1 DAGs
[2024-01-28T11:11:06.158+0000] {logging_mixin.py:188} INFO - [2024-01-28T11:11:06.158+0000] {dag.py:3823} INFO - Setting next_dagrun for tutorial_objectstorage to None, run_after=None
[2024-01-28T11:11:06.190+0000] {processor.py:183} INFO - Processing /home/airflow/.local/lib/python3.8/site-packages/airflow/example_dags/tutorial_objectstorage.py took 0.119 seconds
[2024-01-28T11:11:36.643+0000] {processor.py:161} INFO - Started process (PID=2461) to work on /home/airflow/.local/lib/python3.8/site-packages/airflow/example_dags/tutorial_objectstorage.py
[2024-01-28T11:11:36.645+0000] {processor.py:830} INFO - Processing file /home/airflow/.local/lib/python3.8/site-packages/airflow/example_dags/tutorial_objectstorage.py for tasks to queue
[2024-01-28T11:11:36.648+0000] {logging_mixin.py:188} INFO - [2024-01-28T11:11:36.648+0000] {dagbag.py:538} INFO - Filling up the DagBag from /home/airflow/.local/lib/python3.8/site-packages/airflow/example_dags/tutorial_objectstorage.py
[2024-01-28T11:11:36.658+0000] {processor.py:840} INFO - DAG(s) 'tutorial_objectstorage' retrieved from /home/airflow/.local/lib/python3.8/site-packages/airflow/example_dags/tutorial_objectstorage.py
[2024-01-28T11:11:36.699+0000] {logging_mixin.py:188} INFO - [2024-01-28T11:11:36.699+0000] {dag.py:3036} INFO - Sync 1 DAGs
[2024-01-28T11:11:36.721+0000] {logging_mixin.py:188} INFO - [2024-01-28T11:11:36.721+0000] {dag.py:3823} INFO - Setting next_dagrun for tutorial_objectstorage to None, run_after=None
[2024-01-28T11:11:36.745+0000] {processor.py:183} INFO - Processing /home/airflow/.local/lib/python3.8/site-packages/airflow/example_dags/tutorial_objectstorage.py took 0.110 seconds
[2024-01-28T11:12:07.920+0000] {processor.py:161} INFO - Started process (PID=2518) to work on /home/airflow/.local/lib/python3.8/site-packages/airflow/example_dags/tutorial_objectstorage.py
[2024-01-28T11:12:07.924+0000] {processor.py:830} INFO - Processing file /home/airflow/.local/lib/python3.8/site-packages/airflow/example_dags/tutorial_objectstorage.py for tasks to queue
[2024-01-28T11:12:07.928+0000] {logging_mixin.py:188} INFO - [2024-01-28T11:12:07.928+0000] {dagbag.py:538} INFO - Filling up the DagBag from /home/airflow/.local/lib/python3.8/site-packages/airflow/example_dags/tutorial_objectstorage.py
[2024-01-28T11:12:07.945+0000] {processor.py:840} INFO - DAG(s) 'tutorial_objectstorage' retrieved from /home/airflow/.local/lib/python3.8/site-packages/airflow/example_dags/tutorial_objectstorage.py
[2024-01-28T11:12:07.990+0000] {logging_mixin.py:188} INFO - [2024-01-28T11:12:07.989+0000] {dag.py:3036} INFO - Sync 1 DAGs
[2024-01-28T11:12:08.016+0000] {logging_mixin.py:188} INFO - [2024-01-28T11:12:08.016+0000] {dag.py:3823} INFO - Setting next_dagrun for tutorial_objectstorage to None, run_after=None
[2024-01-28T11:12:08.062+0000] {processor.py:183} INFO - Processing /home/airflow/.local/lib/python3.8/site-packages/airflow/example_dags/tutorial_objectstorage.py took 0.152 seconds
[2024-01-28T11:12:38.570+0000] {processor.py:161} INFO - Started process (PID=2576) to work on /home/airflow/.local/lib/python3.8/site-packages/airflow/example_dags/tutorial_objectstorage.py
[2024-01-28T11:12:38.572+0000] {processor.py:830} INFO - Processing file /home/airflow/.local/lib/python3.8/site-packages/airflow/example_dags/tutorial_objectstorage.py for tasks to queue
[2024-01-28T11:12:38.575+0000] {logging_mixin.py:188} INFO - [2024-01-28T11:12:38.575+0000] {dagbag.py:538} INFO - Filling up the DagBag from /home/airflow/.local/lib/python3.8/site-packages/airflow/example_dags/tutorial_objectstorage.py
[2024-01-28T11:12:38.585+0000] {processor.py:840} INFO - DAG(s) 'tutorial_objectstorage' retrieved from /home/airflow/.local/lib/python3.8/site-packages/airflow/example_dags/tutorial_objectstorage.py
[2024-01-28T11:12:38.615+0000] {logging_mixin.py:188} INFO - [2024-01-28T11:12:38.614+0000] {dag.py:3036} INFO - Sync 1 DAGs
[2024-01-28T11:12:38.638+0000] {logging_mixin.py:188} INFO - [2024-01-28T11:12:38.638+0000] {dag.py:3823} INFO - Setting next_dagrun for tutorial_objectstorage to None, run_after=None
[2024-01-28T11:12:38.666+0000] {processor.py:183} INFO - Processing /home/airflow/.local/lib/python3.8/site-packages/airflow/example_dags/tutorial_objectstorage.py took 0.101 seconds
[2024-01-28T11:13:08.870+0000] {processor.py:161} INFO - Started process (PID=2633) to work on /home/airflow/.local/lib/python3.8/site-packages/airflow/example_dags/tutorial_objectstorage.py
[2024-01-28T11:13:08.872+0000] {processor.py:830} INFO - Processing file /home/airflow/.local/lib/python3.8/site-packages/airflow/example_dags/tutorial_objectstorage.py for tasks to queue
[2024-01-28T11:13:08.875+0000] {logging_mixin.py:188} INFO - [2024-01-28T11:13:08.875+0000] {dagbag.py:538} INFO - Filling up the DagBag from /home/airflow/.local/lib/python3.8/site-packages/airflow/example_dags/tutorial_objectstorage.py
[2024-01-28T11:13:08.885+0000] {processor.py:840} INFO - DAG(s) 'tutorial_objectstorage' retrieved from /home/airflow/.local/lib/python3.8/site-packages/airflow/example_dags/tutorial_objectstorage.py
[2024-01-28T11:13:08.916+0000] {logging_mixin.py:188} INFO - [2024-01-28T11:13:08.915+0000] {dag.py:3036} INFO - Sync 1 DAGs
[2024-01-28T11:13:08.936+0000] {logging_mixin.py:188} INFO - [2024-01-28T11:13:08.936+0000] {dag.py:3823} INFO - Setting next_dagrun for tutorial_objectstorage to None, run_after=None
[2024-01-28T11:13:08.961+0000] {processor.py:183} INFO - Processing /home/airflow/.local/lib/python3.8/site-packages/airflow/example_dags/tutorial_objectstorage.py took 0.095 seconds
[2024-01-28T11:13:39.386+0000] {processor.py:161} INFO - Started process (PID=2690) to work on /home/airflow/.local/lib/python3.8/site-packages/airflow/example_dags/tutorial_objectstorage.py
[2024-01-28T11:13:39.391+0000] {processor.py:830} INFO - Processing file /home/airflow/.local/lib/python3.8/site-packages/airflow/example_dags/tutorial_objectstorage.py for tasks to queue
[2024-01-28T11:13:39.397+0000] {logging_mixin.py:188} INFO - [2024-01-28T11:13:39.397+0000] {dagbag.py:538} INFO - Filling up the DagBag from /home/airflow/.local/lib/python3.8/site-packages/airflow/example_dags/tutorial_objectstorage.py
[2024-01-28T11:13:39.420+0000] {processor.py:840} INFO - DAG(s) 'tutorial_objectstorage' retrieved from /home/airflow/.local/lib/python3.8/site-packages/airflow/example_dags/tutorial_objectstorage.py
[2024-01-28T11:13:39.458+0000] {logging_mixin.py:188} INFO - [2024-01-28T11:13:39.457+0000] {dag.py:3036} INFO - Sync 1 DAGs
[2024-01-28T11:13:39.486+0000] {logging_mixin.py:188} INFO - [2024-01-28T11:13:39.486+0000] {dag.py:3823} INFO - Setting next_dagrun for tutorial_objectstorage to None, run_after=None
[2024-01-28T11:13:39.519+0000] {processor.py:183} INFO - Processing /home/airflow/.local/lib/python3.8/site-packages/airflow/example_dags/tutorial_objectstorage.py took 0.143 seconds
[2024-01-28T11:14:10.137+0000] {processor.py:161} INFO - Started process (PID=2747) to work on /home/airflow/.local/lib/python3.8/site-packages/airflow/example_dags/tutorial_objectstorage.py
[2024-01-28T11:14:10.139+0000] {processor.py:830} INFO - Processing file /home/airflow/.local/lib/python3.8/site-packages/airflow/example_dags/tutorial_objectstorage.py for tasks to queue
[2024-01-28T11:14:10.143+0000] {logging_mixin.py:188} INFO - [2024-01-28T11:14:10.142+0000] {dagbag.py:538} INFO - Filling up the DagBag from /home/airflow/.local/lib/python3.8/site-packages/airflow/example_dags/tutorial_objectstorage.py
[2024-01-28T11:14:10.152+0000] {processor.py:840} INFO - DAG(s) 'tutorial_objectstorage' retrieved from /home/airflow/.local/lib/python3.8/site-packages/airflow/example_dags/tutorial_objectstorage.py
[2024-01-28T11:14:10.180+0000] {logging_mixin.py:188} INFO - [2024-01-28T11:14:10.180+0000] {dag.py:3036} INFO - Sync 1 DAGs
[2024-01-28T11:14:10.199+0000] {logging_mixin.py:188} INFO - [2024-01-28T11:14:10.199+0000] {dag.py:3823} INFO - Setting next_dagrun for tutorial_objectstorage to None, run_after=None
[2024-01-28T11:14:10.225+0000] {processor.py:183} INFO - Processing /home/airflow/.local/lib/python3.8/site-packages/airflow/example_dags/tutorial_objectstorage.py took 0.091 seconds
[2024-01-28T11:14:41.151+0000] {processor.py:161} INFO - Started process (PID=2805) to work on /home/airflow/.local/lib/python3.8/site-packages/airflow/example_dags/tutorial_objectstorage.py
[2024-01-28T11:14:41.154+0000] {processor.py:830} INFO - Processing file /home/airflow/.local/lib/python3.8/site-packages/airflow/example_dags/tutorial_objectstorage.py for tasks to queue
[2024-01-28T11:14:41.159+0000] {logging_mixin.py:188} INFO - [2024-01-28T11:14:41.158+0000] {dagbag.py:538} INFO - Filling up the DagBag from /home/airflow/.local/lib/python3.8/site-packages/airflow/example_dags/tutorial_objectstorage.py
[2024-01-28T11:14:41.174+0000] {processor.py:840} INFO - DAG(s) 'tutorial_objectstorage' retrieved from /home/airflow/.local/lib/python3.8/site-packages/airflow/example_dags/tutorial_objectstorage.py
[2024-01-28T11:14:41.205+0000] {logging_mixin.py:188} INFO - [2024-01-28T11:14:41.205+0000] {dag.py:3036} INFO - Sync 1 DAGs
[2024-01-28T11:14:41.223+0000] {logging_mixin.py:188} INFO - [2024-01-28T11:14:41.223+0000] {dag.py:3823} INFO - Setting next_dagrun for tutorial_objectstorage to None, run_after=None
[2024-01-28T11:14:41.252+0000] {processor.py:183} INFO - Processing /home/airflow/.local/lib/python3.8/site-packages/airflow/example_dags/tutorial_objectstorage.py took 0.106 seconds
[2024-01-28T11:15:12.734+0000] {processor.py:161} INFO - Started process (PID=2862) to work on /home/airflow/.local/lib/python3.8/site-packages/airflow/example_dags/tutorial_objectstorage.py
[2024-01-28T11:15:12.738+0000] {processor.py:830} INFO - Processing file /home/airflow/.local/lib/python3.8/site-packages/airflow/example_dags/tutorial_objectstorage.py for tasks to queue
[2024-01-28T11:15:12.746+0000] {logging_mixin.py:188} INFO - [2024-01-28T11:15:12.745+0000] {dagbag.py:538} INFO - Filling up the DagBag from /home/airflow/.local/lib/python3.8/site-packages/airflow/example_dags/tutorial_objectstorage.py
[2024-01-28T11:15:12.761+0000] {processor.py:840} INFO - DAG(s) 'tutorial_objectstorage' retrieved from /home/airflow/.local/lib/python3.8/site-packages/airflow/example_dags/tutorial_objectstorage.py
[2024-01-28T11:15:12.804+0000] {logging_mixin.py:188} INFO - [2024-01-28T11:15:12.801+0000] {dag.py:3036} INFO - Sync 1 DAGs
[2024-01-28T11:15:12.830+0000] {logging_mixin.py:188} INFO - [2024-01-28T11:15:12.829+0000] {dag.py:3823} INFO - Setting next_dagrun for tutorial_objectstorage to None, run_after=None
[2024-01-28T11:15:13.127+0000] {processor.py:183} INFO - Processing /home/airflow/.local/lib/python3.8/site-packages/airflow/example_dags/tutorial_objectstorage.py took 0.402 seconds
[2024-01-28T11:15:43.394+0000] {processor.py:161} INFO - Started process (PID=2918) to work on /home/airflow/.local/lib/python3.8/site-packages/airflow/example_dags/tutorial_objectstorage.py
[2024-01-28T11:15:43.400+0000] {processor.py:830} INFO - Processing file /home/airflow/.local/lib/python3.8/site-packages/airflow/example_dags/tutorial_objectstorage.py for tasks to queue
[2024-01-28T11:15:43.407+0000] {logging_mixin.py:188} INFO - [2024-01-28T11:15:43.406+0000] {dagbag.py:538} INFO - Filling up the DagBag from /home/airflow/.local/lib/python3.8/site-packages/airflow/example_dags/tutorial_objectstorage.py
[2024-01-28T11:15:43.424+0000] {processor.py:840} INFO - DAG(s) 'tutorial_objectstorage' retrieved from /home/airflow/.local/lib/python3.8/site-packages/airflow/example_dags/tutorial_objectstorage.py
[2024-01-28T11:15:43.475+0000] {logging_mixin.py:188} INFO - [2024-01-28T11:15:43.474+0000] {dag.py:3036} INFO - Sync 1 DAGs
[2024-01-28T11:15:43.500+0000] {logging_mixin.py:188} INFO - [2024-01-28T11:15:43.500+0000] {dag.py:3823} INFO - Setting next_dagrun for tutorial_objectstorage to None, run_after=None
[2024-01-28T11:15:43.538+0000] {processor.py:183} INFO - Processing /home/airflow/.local/lib/python3.8/site-packages/airflow/example_dags/tutorial_objectstorage.py took 0.159 seconds
[2024-01-28T11:16:14.271+0000] {processor.py:161} INFO - Started process (PID=2975) to work on /home/airflow/.local/lib/python3.8/site-packages/airflow/example_dags/tutorial_objectstorage.py
[2024-01-28T11:16:14.276+0000] {processor.py:830} INFO - Processing file /home/airflow/.local/lib/python3.8/site-packages/airflow/example_dags/tutorial_objectstorage.py for tasks to queue
[2024-01-28T11:16:14.287+0000] {logging_mixin.py:188} INFO - [2024-01-28T11:16:14.286+0000] {dagbag.py:538} INFO - Filling up the DagBag from /home/airflow/.local/lib/python3.8/site-packages/airflow/example_dags/tutorial_objectstorage.py
[2024-01-28T11:16:14.307+0000] {processor.py:840} INFO - DAG(s) 'tutorial_objectstorage' retrieved from /home/airflow/.local/lib/python3.8/site-packages/airflow/example_dags/tutorial_objectstorage.py
[2024-01-28T11:16:14.368+0000] {logging_mixin.py:188} INFO - [2024-01-28T11:16:14.367+0000] {dag.py:3036} INFO - Sync 1 DAGs
[2024-01-28T11:16:14.408+0000] {logging_mixin.py:188} INFO - [2024-01-28T11:16:14.408+0000] {dag.py:3823} INFO - Setting next_dagrun for tutorial_objectstorage to None, run_after=None
[2024-01-28T11:16:14.453+0000] {processor.py:183} INFO - Processing /home/airflow/.local/lib/python3.8/site-packages/airflow/example_dags/tutorial_objectstorage.py took 0.195 seconds
[2024-01-28T11:16:44.817+0000] {processor.py:161} INFO - Started process (PID=3032) to work on /home/airflow/.local/lib/python3.8/site-packages/airflow/example_dags/tutorial_objectstorage.py
[2024-01-28T11:16:44.824+0000] {processor.py:830} INFO - Processing file /home/airflow/.local/lib/python3.8/site-packages/airflow/example_dags/tutorial_objectstorage.py for tasks to queue
[2024-01-28T11:16:44.829+0000] {logging_mixin.py:188} INFO - [2024-01-28T11:16:44.829+0000] {dagbag.py:538} INFO - Filling up the DagBag from /home/airflow/.local/lib/python3.8/site-packages/airflow/example_dags/tutorial_objectstorage.py
[2024-01-28T11:16:44.852+0000] {processor.py:840} INFO - DAG(s) 'tutorial_objectstorage' retrieved from /home/airflow/.local/lib/python3.8/site-packages/airflow/example_dags/tutorial_objectstorage.py
[2024-01-28T11:16:44.919+0000] {logging_mixin.py:188} INFO - [2024-01-28T11:16:44.919+0000] {dag.py:3036} INFO - Sync 1 DAGs
[2024-01-28T11:16:44.955+0000] {logging_mixin.py:188} INFO - [2024-01-28T11:16:44.954+0000] {dag.py:3823} INFO - Setting next_dagrun for tutorial_objectstorage to None, run_after=None
[2024-01-28T11:16:45.013+0000] {processor.py:183} INFO - Processing /home/airflow/.local/lib/python3.8/site-packages/airflow/example_dags/tutorial_objectstorage.py took 0.209 seconds
[2024-01-28T11:17:15.437+0000] {processor.py:161} INFO - Started process (PID=3090) to work on /home/airflow/.local/lib/python3.8/site-packages/airflow/example_dags/tutorial_objectstorage.py
[2024-01-28T11:17:15.439+0000] {processor.py:830} INFO - Processing file /home/airflow/.local/lib/python3.8/site-packages/airflow/example_dags/tutorial_objectstorage.py for tasks to queue
[2024-01-28T11:17:15.444+0000] {logging_mixin.py:188} INFO - [2024-01-28T11:17:15.444+0000] {dagbag.py:538} INFO - Filling up the DagBag from /home/airflow/.local/lib/python3.8/site-packages/airflow/example_dags/tutorial_objectstorage.py
[2024-01-28T11:17:15.454+0000] {processor.py:840} INFO - DAG(s) 'tutorial_objectstorage' retrieved from /home/airflow/.local/lib/python3.8/site-packages/airflow/example_dags/tutorial_objectstorage.py
[2024-01-28T11:17:15.482+0000] {logging_mixin.py:188} INFO - [2024-01-28T11:17:15.481+0000] {dag.py:3036} INFO - Sync 1 DAGs
[2024-01-28T11:17:15.674+0000] {logging_mixin.py:188} INFO - [2024-01-28T11:17:15.674+0000] {dag.py:3823} INFO - Setting next_dagrun for tutorial_objectstorage to None, run_after=None
[2024-01-28T11:17:15.704+0000] {processor.py:183} INFO - Processing /home/airflow/.local/lib/python3.8/site-packages/airflow/example_dags/tutorial_objectstorage.py took 0.271 seconds
[2024-01-28T11:17:46.191+0000] {processor.py:161} INFO - Started process (PID=3147) to work on /home/airflow/.local/lib/python3.8/site-packages/airflow/example_dags/tutorial_objectstorage.py
[2024-01-28T11:17:46.193+0000] {processor.py:830} INFO - Processing file /home/airflow/.local/lib/python3.8/site-packages/airflow/example_dags/tutorial_objectstorage.py for tasks to queue
[2024-01-28T11:17:46.202+0000] {logging_mixin.py:188} INFO - [2024-01-28T11:17:46.201+0000] {dagbag.py:538} INFO - Filling up the DagBag from /home/airflow/.local/lib/python3.8/site-packages/airflow/example_dags/tutorial_objectstorage.py
[2024-01-28T11:17:46.219+0000] {processor.py:840} INFO - DAG(s) 'tutorial_objectstorage' retrieved from /home/airflow/.local/lib/python3.8/site-packages/airflow/example_dags/tutorial_objectstorage.py
[2024-01-28T11:17:46.254+0000] {logging_mixin.py:188} INFO - [2024-01-28T11:17:46.254+0000] {dag.py:3036} INFO - Sync 1 DAGs
[2024-01-28T11:17:46.282+0000] {logging_mixin.py:188} INFO - [2024-01-28T11:17:46.281+0000] {dag.py:3823} INFO - Setting next_dagrun for tutorial_objectstorage to None, run_after=None
[2024-01-28T11:17:46.608+0000] {processor.py:183} INFO - Processing /home/airflow/.local/lib/python3.8/site-packages/airflow/example_dags/tutorial_objectstorage.py took 0.421 seconds
[2024-01-28T11:18:17.258+0000] {processor.py:161} INFO - Started process (PID=3205) to work on /home/airflow/.local/lib/python3.8/site-packages/airflow/example_dags/tutorial_objectstorage.py
[2024-01-28T11:18:17.260+0000] {processor.py:830} INFO - Processing file /home/airflow/.local/lib/python3.8/site-packages/airflow/example_dags/tutorial_objectstorage.py for tasks to queue
[2024-01-28T11:18:17.267+0000] {logging_mixin.py:188} INFO - [2024-01-28T11:18:17.266+0000] {dagbag.py:538} INFO - Filling up the DagBag from /home/airflow/.local/lib/python3.8/site-packages/airflow/example_dags/tutorial_objectstorage.py
[2024-01-28T11:18:17.277+0000] {processor.py:840} INFO - DAG(s) 'tutorial_objectstorage' retrieved from /home/airflow/.local/lib/python3.8/site-packages/airflow/example_dags/tutorial_objectstorage.py
[2024-01-28T11:18:17.314+0000] {logging_mixin.py:188} INFO - [2024-01-28T11:18:17.314+0000] {dag.py:3036} INFO - Sync 1 DAGs
[2024-01-28T11:18:17.334+0000] {logging_mixin.py:188} INFO - [2024-01-28T11:18:17.333+0000] {dag.py:3823} INFO - Setting next_dagrun for tutorial_objectstorage to None, run_after=None
[2024-01-28T11:18:17.365+0000] {processor.py:183} INFO - Processing /home/airflow/.local/lib/python3.8/site-packages/airflow/example_dags/tutorial_objectstorage.py took 0.113 seconds
[2024-01-28T11:18:48.103+0000] {processor.py:161} INFO - Started process (PID=3261) to work on /home/airflow/.local/lib/python3.8/site-packages/airflow/example_dags/tutorial_objectstorage.py
[2024-01-28T11:18:48.105+0000] {processor.py:830} INFO - Processing file /home/airflow/.local/lib/python3.8/site-packages/airflow/example_dags/tutorial_objectstorage.py for tasks to queue
[2024-01-28T11:18:48.108+0000] {logging_mixin.py:188} INFO - [2024-01-28T11:18:48.108+0000] {dagbag.py:538} INFO - Filling up the DagBag from /home/airflow/.local/lib/python3.8/site-packages/airflow/example_dags/tutorial_objectstorage.py
[2024-01-28T11:18:48.119+0000] {processor.py:840} INFO - DAG(s) 'tutorial_objectstorage' retrieved from /home/airflow/.local/lib/python3.8/site-packages/airflow/example_dags/tutorial_objectstorage.py
[2024-01-28T11:18:48.152+0000] {logging_mixin.py:188} INFO - [2024-01-28T11:18:48.151+0000] {dag.py:3036} INFO - Sync 1 DAGs
[2024-01-28T11:18:48.176+0000] {logging_mixin.py:188} INFO - [2024-01-28T11:18:48.176+0000] {dag.py:3823} INFO - Setting next_dagrun for tutorial_objectstorage to None, run_after=None
[2024-01-28T11:18:48.203+0000] {processor.py:183} INFO - Processing /home/airflow/.local/lib/python3.8/site-packages/airflow/example_dags/tutorial_objectstorage.py took 0.104 seconds
[2024-01-28T11:19:19.113+0000] {processor.py:161} INFO - Started process (PID=3317) to work on /home/airflow/.local/lib/python3.8/site-packages/airflow/example_dags/tutorial_objectstorage.py
[2024-01-28T11:19:19.115+0000] {processor.py:830} INFO - Processing file /home/airflow/.local/lib/python3.8/site-packages/airflow/example_dags/tutorial_objectstorage.py for tasks to queue
[2024-01-28T11:19:19.119+0000] {logging_mixin.py:188} INFO - [2024-01-28T11:19:19.118+0000] {dagbag.py:538} INFO - Filling up the DagBag from /home/airflow/.local/lib/python3.8/site-packages/airflow/example_dags/tutorial_objectstorage.py
[2024-01-28T11:19:19.134+0000] {processor.py:840} INFO - DAG(s) 'tutorial_objectstorage' retrieved from /home/airflow/.local/lib/python3.8/site-packages/airflow/example_dags/tutorial_objectstorage.py
[2024-01-28T11:19:19.176+0000] {logging_mixin.py:188} INFO - [2024-01-28T11:19:19.175+0000] {dag.py:3036} INFO - Sync 1 DAGs
[2024-01-28T11:19:19.210+0000] {logging_mixin.py:188} INFO - [2024-01-28T11:19:19.210+0000] {dag.py:3823} INFO - Setting next_dagrun for tutorial_objectstorage to None, run_after=None
[2024-01-28T11:19:19.240+0000] {processor.py:183} INFO - Processing /home/airflow/.local/lib/python3.8/site-packages/airflow/example_dags/tutorial_objectstorage.py took 0.136 seconds
[2024-01-28T11:19:49.487+0000] {processor.py:161} INFO - Started process (PID=3375) to work on /home/airflow/.local/lib/python3.8/site-packages/airflow/example_dags/tutorial_objectstorage.py
[2024-01-28T11:19:49.489+0000] {processor.py:830} INFO - Processing file /home/airflow/.local/lib/python3.8/site-packages/airflow/example_dags/tutorial_objectstorage.py for tasks to queue
[2024-01-28T11:19:49.492+0000] {logging_mixin.py:188} INFO - [2024-01-28T11:19:49.492+0000] {dagbag.py:538} INFO - Filling up the DagBag from /home/airflow/.local/lib/python3.8/site-packages/airflow/example_dags/tutorial_objectstorage.py
[2024-01-28T11:19:49.505+0000] {processor.py:840} INFO - DAG(s) 'tutorial_objectstorage' retrieved from /home/airflow/.local/lib/python3.8/site-packages/airflow/example_dags/tutorial_objectstorage.py
[2024-01-28T11:19:49.537+0000] {logging_mixin.py:188} INFO - [2024-01-28T11:19:49.537+0000] {dag.py:3036} INFO - Sync 1 DAGs
[2024-01-28T11:19:49.559+0000] {logging_mixin.py:188} INFO - [2024-01-28T11:19:49.558+0000] {dag.py:3823} INFO - Setting next_dagrun for tutorial_objectstorage to None, run_after=None
[2024-01-28T11:19:49.586+0000] {processor.py:183} INFO - Processing /home/airflow/.local/lib/python3.8/site-packages/airflow/example_dags/tutorial_objectstorage.py took 0.104 seconds
[2024-01-28T11:20:20.146+0000] {processor.py:161} INFO - Started process (PID=3432) to work on /home/airflow/.local/lib/python3.8/site-packages/airflow/example_dags/tutorial_objectstorage.py
[2024-01-28T11:20:20.149+0000] {processor.py:830} INFO - Processing file /home/airflow/.local/lib/python3.8/site-packages/airflow/example_dags/tutorial_objectstorage.py for tasks to queue
[2024-01-28T11:20:20.155+0000] {logging_mixin.py:188} INFO - [2024-01-28T11:20:20.155+0000] {dagbag.py:538} INFO - Filling up the DagBag from /home/airflow/.local/lib/python3.8/site-packages/airflow/example_dags/tutorial_objectstorage.py
[2024-01-28T11:20:20.166+0000] {processor.py:840} INFO - DAG(s) 'tutorial_objectstorage' retrieved from /home/airflow/.local/lib/python3.8/site-packages/airflow/example_dags/tutorial_objectstorage.py
[2024-01-28T11:20:20.202+0000] {logging_mixin.py:188} INFO - [2024-01-28T11:20:20.201+0000] {dag.py:3036} INFO - Sync 1 DAGs
[2024-01-28T11:20:20.227+0000] {logging_mixin.py:188} INFO - [2024-01-28T11:20:20.226+0000] {dag.py:3823} INFO - Setting next_dagrun for tutorial_objectstorage to None, run_after=None
[2024-01-28T11:20:20.257+0000] {processor.py:183} INFO - Processing /home/airflow/.local/lib/python3.8/site-packages/airflow/example_dags/tutorial_objectstorage.py took 0.115 seconds
[2024-01-28T11:20:50.393+0000] {processor.py:161} INFO - Started process (PID=3490) to work on /home/airflow/.local/lib/python3.8/site-packages/airflow/example_dags/tutorial_objectstorage.py
[2024-01-28T11:20:50.395+0000] {processor.py:830} INFO - Processing file /home/airflow/.local/lib/python3.8/site-packages/airflow/example_dags/tutorial_objectstorage.py for tasks to queue
[2024-01-28T11:20:50.399+0000] {logging_mixin.py:188} INFO - [2024-01-28T11:20:50.398+0000] {dagbag.py:538} INFO - Filling up the DagBag from /home/airflow/.local/lib/python3.8/site-packages/airflow/example_dags/tutorial_objectstorage.py
[2024-01-28T11:20:50.408+0000] {processor.py:840} INFO - DAG(s) 'tutorial_objectstorage' retrieved from /home/airflow/.local/lib/python3.8/site-packages/airflow/example_dags/tutorial_objectstorage.py
[2024-01-28T11:20:50.438+0000] {logging_mixin.py:188} INFO - [2024-01-28T11:20:50.437+0000] {dag.py:3036} INFO - Sync 1 DAGs
[2024-01-28T11:20:50.454+0000] {logging_mixin.py:188} INFO - [2024-01-28T11:20:50.454+0000] {dag.py:3823} INFO - Setting next_dagrun for tutorial_objectstorage to None, run_after=None
[2024-01-28T11:20:50.485+0000] {processor.py:183} INFO - Processing /home/airflow/.local/lib/python3.8/site-packages/airflow/example_dags/tutorial_objectstorage.py took 0.096 seconds
[2024-01-28T11:21:21.248+0000] {processor.py:161} INFO - Started process (PID=3548) to work on /home/airflow/.local/lib/python3.8/site-packages/airflow/example_dags/tutorial_objectstorage.py
[2024-01-28T11:21:21.249+0000] {processor.py:830} INFO - Processing file /home/airflow/.local/lib/python3.8/site-packages/airflow/example_dags/tutorial_objectstorage.py for tasks to queue
[2024-01-28T11:21:21.252+0000] {logging_mixin.py:188} INFO - [2024-01-28T11:21:21.252+0000] {dagbag.py:538} INFO - Filling up the DagBag from /home/airflow/.local/lib/python3.8/site-packages/airflow/example_dags/tutorial_objectstorage.py
[2024-01-28T11:21:21.261+0000] {processor.py:840} INFO - DAG(s) 'tutorial_objectstorage' retrieved from /home/airflow/.local/lib/python3.8/site-packages/airflow/example_dags/tutorial_objectstorage.py
[2024-01-28T11:21:21.297+0000] {logging_mixin.py:188} INFO - [2024-01-28T11:21:21.296+0000] {dag.py:3036} INFO - Sync 1 DAGs
[2024-01-28T11:21:21.313+0000] {logging_mixin.py:188} INFO - [2024-01-28T11:21:21.313+0000] {dag.py:3823} INFO - Setting next_dagrun for tutorial_objectstorage to None, run_after=None
[2024-01-28T11:21:21.342+0000] {processor.py:183} INFO - Processing /home/airflow/.local/lib/python3.8/site-packages/airflow/example_dags/tutorial_objectstorage.py took 0.099 seconds
[2024-01-28T11:21:51.664+0000] {processor.py:161} INFO - Started process (PID=3606) to work on /home/airflow/.local/lib/python3.8/site-packages/airflow/example_dags/tutorial_objectstorage.py
[2024-01-28T11:21:51.667+0000] {processor.py:830} INFO - Processing file /home/airflow/.local/lib/python3.8/site-packages/airflow/example_dags/tutorial_objectstorage.py for tasks to queue
[2024-01-28T11:21:51.670+0000] {logging_mixin.py:188} INFO - [2024-01-28T11:21:51.669+0000] {dagbag.py:538} INFO - Filling up the DagBag from /home/airflow/.local/lib/python3.8/site-packages/airflow/example_dags/tutorial_objectstorage.py
[2024-01-28T11:21:51.680+0000] {processor.py:840} INFO - DAG(s) 'tutorial_objectstorage' retrieved from /home/airflow/.local/lib/python3.8/site-packages/airflow/example_dags/tutorial_objectstorage.py
[2024-01-28T11:21:51.734+0000] {logging_mixin.py:188} INFO - [2024-01-28T11:21:51.734+0000] {dag.py:3036} INFO - Sync 1 DAGs
[2024-01-28T11:21:51.750+0000] {logging_mixin.py:188} INFO - [2024-01-28T11:21:51.750+0000] {dag.py:3823} INFO - Setting next_dagrun for tutorial_objectstorage to None, run_after=None
[2024-01-28T11:21:51.776+0000] {processor.py:183} INFO - Processing /home/airflow/.local/lib/python3.8/site-packages/airflow/example_dags/tutorial_objectstorage.py took 0.122 seconds
[2024-01-28T11:22:22.395+0000] {processor.py:161} INFO - Started process (PID=3664) to work on /home/airflow/.local/lib/python3.8/site-packages/airflow/example_dags/tutorial_objectstorage.py
[2024-01-28T11:22:22.397+0000] {processor.py:830} INFO - Processing file /home/airflow/.local/lib/python3.8/site-packages/airflow/example_dags/tutorial_objectstorage.py for tasks to queue
[2024-01-28T11:22:22.400+0000] {logging_mixin.py:188} INFO - [2024-01-28T11:22:22.399+0000] {dagbag.py:538} INFO - Filling up the DagBag from /home/airflow/.local/lib/python3.8/site-packages/airflow/example_dags/tutorial_objectstorage.py
[2024-01-28T11:22:22.409+0000] {processor.py:840} INFO - DAG(s) 'tutorial_objectstorage' retrieved from /home/airflow/.local/lib/python3.8/site-packages/airflow/example_dags/tutorial_objectstorage.py
[2024-01-28T11:22:22.438+0000] {logging_mixin.py:188} INFO - [2024-01-28T11:22:22.438+0000] {dag.py:3036} INFO - Sync 1 DAGs
[2024-01-28T11:22:22.455+0000] {logging_mixin.py:188} INFO - [2024-01-28T11:22:22.455+0000] {dag.py:3823} INFO - Setting next_dagrun for tutorial_objectstorage to None, run_after=None
[2024-01-28T11:22:22.483+0000] {processor.py:183} INFO - Processing /home/airflow/.local/lib/python3.8/site-packages/airflow/example_dags/tutorial_objectstorage.py took 0.093 seconds
[2024-01-28T11:22:52.689+0000] {processor.py:161} INFO - Started process (PID=3722) to work on /home/airflow/.local/lib/python3.8/site-packages/airflow/example_dags/tutorial_objectstorage.py
[2024-01-28T11:22:52.691+0000] {processor.py:830} INFO - Processing file /home/airflow/.local/lib/python3.8/site-packages/airflow/example_dags/tutorial_objectstorage.py for tasks to queue
[2024-01-28T11:22:52.696+0000] {logging_mixin.py:188} INFO - [2024-01-28T11:22:52.696+0000] {dagbag.py:538} INFO - Filling up the DagBag from /home/airflow/.local/lib/python3.8/site-packages/airflow/example_dags/tutorial_objectstorage.py
[2024-01-28T11:22:52.705+0000] {processor.py:840} INFO - DAG(s) 'tutorial_objectstorage' retrieved from /home/airflow/.local/lib/python3.8/site-packages/airflow/example_dags/tutorial_objectstorage.py
[2024-01-28T11:22:52.734+0000] {logging_mixin.py:188} INFO - [2024-01-28T11:22:52.733+0000] {dag.py:3036} INFO - Sync 1 DAGs
[2024-01-28T11:22:52.751+0000] {logging_mixin.py:188} INFO - [2024-01-28T11:22:52.751+0000] {dag.py:3823} INFO - Setting next_dagrun for tutorial_objectstorage to None, run_after=None
[2024-01-28T11:22:52.778+0000] {processor.py:183} INFO - Processing /home/airflow/.local/lib/python3.8/site-packages/airflow/example_dags/tutorial_objectstorage.py took 0.098 seconds
[2024-01-28T11:23:23.192+0000] {processor.py:161} INFO - Started process (PID=3778) to work on /home/airflow/.local/lib/python3.8/site-packages/airflow/example_dags/tutorial_objectstorage.py
[2024-01-28T11:23:23.193+0000] {processor.py:830} INFO - Processing file /home/airflow/.local/lib/python3.8/site-packages/airflow/example_dags/tutorial_objectstorage.py for tasks to queue
[2024-01-28T11:23:23.197+0000] {logging_mixin.py:188} INFO - [2024-01-28T11:23:23.197+0000] {dagbag.py:538} INFO - Filling up the DagBag from /home/airflow/.local/lib/python3.8/site-packages/airflow/example_dags/tutorial_objectstorage.py
[2024-01-28T11:23:23.215+0000] {processor.py:840} INFO - DAG(s) 'tutorial_objectstorage' retrieved from /home/airflow/.local/lib/python3.8/site-packages/airflow/example_dags/tutorial_objectstorage.py
[2024-01-28T11:23:23.254+0000] {logging_mixin.py:188} INFO - [2024-01-28T11:23:23.254+0000] {dag.py:3036} INFO - Sync 1 DAGs
[2024-01-28T11:23:23.274+0000] {logging_mixin.py:188} INFO - [2024-01-28T11:23:23.274+0000] {dag.py:3823} INFO - Setting next_dagrun for tutorial_objectstorage to None, run_after=None
[2024-01-28T11:23:23.299+0000] {processor.py:183} INFO - Processing /home/airflow/.local/lib/python3.8/site-packages/airflow/example_dags/tutorial_objectstorage.py took 0.113 seconds
[2024-01-28T11:23:53.933+0000] {processor.py:161} INFO - Started process (PID=3836) to work on /home/airflow/.local/lib/python3.8/site-packages/airflow/example_dags/tutorial_objectstorage.py
[2024-01-28T11:23:53.938+0000] {processor.py:830} INFO - Processing file /home/airflow/.local/lib/python3.8/site-packages/airflow/example_dags/tutorial_objectstorage.py for tasks to queue
[2024-01-28T11:23:53.945+0000] {logging_mixin.py:188} INFO - [2024-01-28T11:23:53.943+0000] {dagbag.py:538} INFO - Filling up the DagBag from /home/airflow/.local/lib/python3.8/site-packages/airflow/example_dags/tutorial_objectstorage.py
[2024-01-28T11:23:53.956+0000] {processor.py:840} INFO - DAG(s) 'tutorial_objectstorage' retrieved from /home/airflow/.local/lib/python3.8/site-packages/airflow/example_dags/tutorial_objectstorage.py
[2024-01-28T11:23:53.990+0000] {logging_mixin.py:188} INFO - [2024-01-28T11:23:53.989+0000] {dag.py:3036} INFO - Sync 1 DAGs
[2024-01-28T11:23:54.006+0000] {logging_mixin.py:188} INFO - [2024-01-28T11:23:54.006+0000] {dag.py:3823} INFO - Setting next_dagrun for tutorial_objectstorage to None, run_after=None
[2024-01-28T11:23:54.049+0000] {processor.py:183} INFO - Processing /home/airflow/.local/lib/python3.8/site-packages/airflow/example_dags/tutorial_objectstorage.py took 0.121 seconds
[2024-01-28T11:24:25.173+0000] {processor.py:161} INFO - Started process (PID=3892) to work on /home/airflow/.local/lib/python3.8/site-packages/airflow/example_dags/tutorial_objectstorage.py
[2024-01-28T11:24:25.190+0000] {processor.py:830} INFO - Processing file /home/airflow/.local/lib/python3.8/site-packages/airflow/example_dags/tutorial_objectstorage.py for tasks to queue
[2024-01-28T11:24:25.206+0000] {logging_mixin.py:188} INFO - [2024-01-28T11:24:25.205+0000] {dagbag.py:538} INFO - Filling up the DagBag from /home/airflow/.local/lib/python3.8/site-packages/airflow/example_dags/tutorial_objectstorage.py
[2024-01-28T11:24:25.229+0000] {processor.py:840} INFO - DAG(s) 'tutorial_objectstorage' retrieved from /home/airflow/.local/lib/python3.8/site-packages/airflow/example_dags/tutorial_objectstorage.py
[2024-01-28T11:24:25.336+0000] {logging_mixin.py:188} INFO - [2024-01-28T11:24:25.336+0000] {dag.py:3036} INFO - Sync 1 DAGs
[2024-01-28T11:24:25.367+0000] {logging_mixin.py:188} INFO - [2024-01-28T11:24:25.366+0000] {dag.py:3823} INFO - Setting next_dagrun for tutorial_objectstorage to None, run_after=None
[2024-01-28T11:24:25.451+0000] {processor.py:183} INFO - Processing /home/airflow/.local/lib/python3.8/site-packages/airflow/example_dags/tutorial_objectstorage.py took 0.287 seconds
[2024-01-28T11:24:55.595+0000] {processor.py:161} INFO - Started process (PID=3950) to work on /home/airflow/.local/lib/python3.8/site-packages/airflow/example_dags/tutorial_objectstorage.py
[2024-01-28T11:24:55.597+0000] {processor.py:830} INFO - Processing file /home/airflow/.local/lib/python3.8/site-packages/airflow/example_dags/tutorial_objectstorage.py for tasks to queue
[2024-01-28T11:24:55.600+0000] {logging_mixin.py:188} INFO - [2024-01-28T11:24:55.600+0000] {dagbag.py:538} INFO - Filling up the DagBag from /home/airflow/.local/lib/python3.8/site-packages/airflow/example_dags/tutorial_objectstorage.py
[2024-01-28T11:24:55.612+0000] {processor.py:840} INFO - DAG(s) 'tutorial_objectstorage' retrieved from /home/airflow/.local/lib/python3.8/site-packages/airflow/example_dags/tutorial_objectstorage.py
[2024-01-28T11:24:55.648+0000] {logging_mixin.py:188} INFO - [2024-01-28T11:24:55.648+0000] {dag.py:3036} INFO - Sync 1 DAGs
[2024-01-28T11:24:55.671+0000] {logging_mixin.py:188} INFO - [2024-01-28T11:24:55.671+0000] {dag.py:3823} INFO - Setting next_dagrun for tutorial_objectstorage to None, run_after=None
[2024-01-28T11:24:55.703+0000] {processor.py:183} INFO - Processing /home/airflow/.local/lib/python3.8/site-packages/airflow/example_dags/tutorial_objectstorage.py took 0.115 seconds
[2024-01-28T11:25:25.850+0000] {processor.py:161} INFO - Started process (PID=4006) to work on /home/airflow/.local/lib/python3.8/site-packages/airflow/example_dags/tutorial_objectstorage.py
[2024-01-28T11:25:25.852+0000] {processor.py:830} INFO - Processing file /home/airflow/.local/lib/python3.8/site-packages/airflow/example_dags/tutorial_objectstorage.py for tasks to queue
[2024-01-28T11:25:25.855+0000] {logging_mixin.py:188} INFO - [2024-01-28T11:25:25.855+0000] {dagbag.py:538} INFO - Filling up the DagBag from /home/airflow/.local/lib/python3.8/site-packages/airflow/example_dags/tutorial_objectstorage.py
[2024-01-28T11:25:25.868+0000] {processor.py:840} INFO - DAG(s) 'tutorial_objectstorage' retrieved from /home/airflow/.local/lib/python3.8/site-packages/airflow/example_dags/tutorial_objectstorage.py
[2024-01-28T11:25:25.903+0000] {logging_mixin.py:188} INFO - [2024-01-28T11:25:25.903+0000] {dag.py:3036} INFO - Sync 1 DAGs
[2024-01-28T11:25:25.921+0000] {logging_mixin.py:188} INFO - [2024-01-28T11:25:25.921+0000] {dag.py:3823} INFO - Setting next_dagrun for tutorial_objectstorage to None, run_after=None
[2024-01-28T11:25:25.953+0000] {processor.py:183} INFO - Processing /home/airflow/.local/lib/python3.8/site-packages/airflow/example_dags/tutorial_objectstorage.py took 0.108 seconds
[2024-01-28T11:25:56.030+0000] {processor.py:161} INFO - Started process (PID=4064) to work on /home/airflow/.local/lib/python3.8/site-packages/airflow/example_dags/tutorial_objectstorage.py
[2024-01-28T11:25:56.033+0000] {processor.py:830} INFO - Processing file /home/airflow/.local/lib/python3.8/site-packages/airflow/example_dags/tutorial_objectstorage.py for tasks to queue
[2024-01-28T11:25:56.038+0000] {logging_mixin.py:188} INFO - [2024-01-28T11:25:56.037+0000] {dagbag.py:538} INFO - Filling up the DagBag from /home/airflow/.local/lib/python3.8/site-packages/airflow/example_dags/tutorial_objectstorage.py
[2024-01-28T11:25:56.048+0000] {processor.py:840} INFO - DAG(s) 'tutorial_objectstorage' retrieved from /home/airflow/.local/lib/python3.8/site-packages/airflow/example_dags/tutorial_objectstorage.py
[2024-01-28T11:25:56.081+0000] {logging_mixin.py:188} INFO - [2024-01-28T11:25:56.081+0000] {dag.py:3036} INFO - Sync 1 DAGs
[2024-01-28T11:25:56.099+0000] {logging_mixin.py:188} INFO - [2024-01-28T11:25:56.099+0000] {dag.py:3823} INFO - Setting next_dagrun for tutorial_objectstorage to None, run_after=None
[2024-01-28T11:25:56.120+0000] {processor.py:183} INFO - Processing /home/airflow/.local/lib/python3.8/site-packages/airflow/example_dags/tutorial_objectstorage.py took 0.097 seconds
[2024-01-28T11:26:26.824+0000] {processor.py:161} INFO - Started process (PID=4121) to work on /home/airflow/.local/lib/python3.8/site-packages/airflow/example_dags/tutorial_objectstorage.py
[2024-01-28T11:26:26.826+0000] {processor.py:830} INFO - Processing file /home/airflow/.local/lib/python3.8/site-packages/airflow/example_dags/tutorial_objectstorage.py for tasks to queue
[2024-01-28T11:26:26.829+0000] {logging_mixin.py:188} INFO - [2024-01-28T11:26:26.829+0000] {dagbag.py:538} INFO - Filling up the DagBag from /home/airflow/.local/lib/python3.8/site-packages/airflow/example_dags/tutorial_objectstorage.py
[2024-01-28T11:26:26.839+0000] {processor.py:840} INFO - DAG(s) 'tutorial_objectstorage' retrieved from /home/airflow/.local/lib/python3.8/site-packages/airflow/example_dags/tutorial_objectstorage.py
[2024-01-28T11:26:26.872+0000] {logging_mixin.py:188} INFO - [2024-01-28T11:26:26.871+0000] {dag.py:3036} INFO - Sync 1 DAGs
[2024-01-28T11:26:26.888+0000] {logging_mixin.py:188} INFO - [2024-01-28T11:26:26.888+0000] {dag.py:3823} INFO - Setting next_dagrun for tutorial_objectstorage to None, run_after=None
[2024-01-28T11:26:26.914+0000] {processor.py:183} INFO - Processing /home/airflow/.local/lib/python3.8/site-packages/airflow/example_dags/tutorial_objectstorage.py took 0.094 seconds
[2024-01-28T11:26:57.157+0000] {processor.py:161} INFO - Started process (PID=4180) to work on /home/airflow/.local/lib/python3.8/site-packages/airflow/example_dags/tutorial_objectstorage.py
[2024-01-28T11:26:57.159+0000] {processor.py:830} INFO - Processing file /home/airflow/.local/lib/python3.8/site-packages/airflow/example_dags/tutorial_objectstorage.py for tasks to queue
[2024-01-28T11:26:57.163+0000] {logging_mixin.py:188} INFO - [2024-01-28T11:26:57.162+0000] {dagbag.py:538} INFO - Filling up the DagBag from /home/airflow/.local/lib/python3.8/site-packages/airflow/example_dags/tutorial_objectstorage.py
[2024-01-28T11:26:57.172+0000] {processor.py:840} INFO - DAG(s) 'tutorial_objectstorage' retrieved from /home/airflow/.local/lib/python3.8/site-packages/airflow/example_dags/tutorial_objectstorage.py
[2024-01-28T11:26:57.203+0000] {logging_mixin.py:188} INFO - [2024-01-28T11:26:57.203+0000] {dag.py:3036} INFO - Sync 1 DAGs
[2024-01-28T11:26:57.226+0000] {logging_mixin.py:188} INFO - [2024-01-28T11:26:57.226+0000] {dag.py:3823} INFO - Setting next_dagrun for tutorial_objectstorage to None, run_after=None
[2024-01-28T11:26:57.254+0000] {processor.py:183} INFO - Processing /home/airflow/.local/lib/python3.8/site-packages/airflow/example_dags/tutorial_objectstorage.py took 0.101 seconds
[2024-01-28T11:27:27.422+0000] {processor.py:161} INFO - Started process (PID=4237) to work on /home/airflow/.local/lib/python3.8/site-packages/airflow/example_dags/tutorial_objectstorage.py
[2024-01-28T11:27:27.424+0000] {processor.py:830} INFO - Processing file /home/airflow/.local/lib/python3.8/site-packages/airflow/example_dags/tutorial_objectstorage.py for tasks to queue
[2024-01-28T11:27:27.427+0000] {logging_mixin.py:188} INFO - [2024-01-28T11:27:27.426+0000] {dagbag.py:538} INFO - Filling up the DagBag from /home/airflow/.local/lib/python3.8/site-packages/airflow/example_dags/tutorial_objectstorage.py
[2024-01-28T11:27:27.441+0000] {processor.py:840} INFO - DAG(s) 'tutorial_objectstorage' retrieved from /home/airflow/.local/lib/python3.8/site-packages/airflow/example_dags/tutorial_objectstorage.py
[2024-01-28T11:27:27.473+0000] {logging_mixin.py:188} INFO - [2024-01-28T11:27:27.473+0000] {dag.py:3036} INFO - Sync 1 DAGs
[2024-01-28T11:27:27.496+0000] {logging_mixin.py:188} INFO - [2024-01-28T11:27:27.496+0000] {dag.py:3823} INFO - Setting next_dagrun for tutorial_objectstorage to None, run_after=None
[2024-01-28T11:27:27.523+0000] {processor.py:183} INFO - Processing /home/airflow/.local/lib/python3.8/site-packages/airflow/example_dags/tutorial_objectstorage.py took 0.105 seconds
[2024-01-28T11:27:57.752+0000] {processor.py:161} INFO - Started process (PID=4295) to work on /home/airflow/.local/lib/python3.8/site-packages/airflow/example_dags/tutorial_objectstorage.py
[2024-01-28T11:27:57.753+0000] {processor.py:830} INFO - Processing file /home/airflow/.local/lib/python3.8/site-packages/airflow/example_dags/tutorial_objectstorage.py for tasks to queue
[2024-01-28T11:27:57.757+0000] {logging_mixin.py:188} INFO - [2024-01-28T11:27:57.756+0000] {dagbag.py:538} INFO - Filling up the DagBag from /home/airflow/.local/lib/python3.8/site-packages/airflow/example_dags/tutorial_objectstorage.py
[2024-01-28T11:27:57.771+0000] {processor.py:840} INFO - DAG(s) 'tutorial_objectstorage' retrieved from /home/airflow/.local/lib/python3.8/site-packages/airflow/example_dags/tutorial_objectstorage.py
[2024-01-28T11:27:57.808+0000] {logging_mixin.py:188} INFO - [2024-01-28T11:27:57.808+0000] {dag.py:3036} INFO - Sync 1 DAGs
[2024-01-28T11:27:57.828+0000] {logging_mixin.py:188} INFO - [2024-01-28T11:27:57.827+0000] {dag.py:3823} INFO - Setting next_dagrun for tutorial_objectstorage to None, run_after=None
[2024-01-28T11:27:57.856+0000] {processor.py:183} INFO - Processing /home/airflow/.local/lib/python3.8/site-packages/airflow/example_dags/tutorial_objectstorage.py took 0.109 seconds
[2024-01-28T11:28:28.453+0000] {processor.py:161} INFO - Started process (PID=4351) to work on /home/airflow/.local/lib/python3.8/site-packages/airflow/example_dags/tutorial_objectstorage.py
[2024-01-28T11:28:28.456+0000] {processor.py:830} INFO - Processing file /home/airflow/.local/lib/python3.8/site-packages/airflow/example_dags/tutorial_objectstorage.py for tasks to queue
[2024-01-28T11:28:28.463+0000] {logging_mixin.py:188} INFO - [2024-01-28T11:28:28.462+0000] {dagbag.py:538} INFO - Filling up the DagBag from /home/airflow/.local/lib/python3.8/site-packages/airflow/example_dags/tutorial_objectstorage.py
[2024-01-28T11:28:28.487+0000] {processor.py:840} INFO - DAG(s) 'tutorial_objectstorage' retrieved from /home/airflow/.local/lib/python3.8/site-packages/airflow/example_dags/tutorial_objectstorage.py
[2024-01-28T11:28:28.586+0000] {logging_mixin.py:188} INFO - [2024-01-28T11:28:28.585+0000] {dag.py:3036} INFO - Sync 1 DAGs
[2024-01-28T11:28:28.632+0000] {logging_mixin.py:188} INFO - [2024-01-28T11:28:28.631+0000] {dag.py:3823} INFO - Setting next_dagrun for tutorial_objectstorage to None, run_after=None
[2024-01-28T11:28:28.738+0000] {processor.py:183} INFO - Processing /home/airflow/.local/lib/python3.8/site-packages/airflow/example_dags/tutorial_objectstorage.py took 0.289 seconds
